==============================================================
File generated by Vivado(TM) HLS - High-Level Synthesis from C, C++ and SystemC
Version: 2017.2
Copyright (C) 1986-2017 Xilinx, Inc. All Rights Reserved.

==============================================================

INFO: [SYN 201-201] Setting up clock 'default' with a period of 5ns.
INFO: [HLS 200-10] Setting target device to 'xc7k160tfbg484-1'
INFO: [SYN 201-201] Setting up clock 'default' with a period of 5ns.
INFO: [HLS 200-10] Analyzing design file 'CorrelatorSynch/correlatorSynch.cpp' ... 
INFO: [HLS 200-10] Validating synthesis directives ...
INFO: [HLS 200-111] Finished Checking Pragmas Time (s): cpu = 00:00:18 ; elapsed = 00:00:11 . Memory (MB): peak = 348.156 ; gain = 12.586 ; free physical = 7212 ; free virtual = 11794
INFO: [HLS 200-111] Finished Linking Time (s): cpu = 00:00:18 ; elapsed = 00:00:11 . Memory (MB): peak = 348.156 ; gain = 12.586 ; free physical = 7203 ; free virtual = 11794
INFO: [HLS 200-10] Starting code transformations ...
INFO: [HLS 200-111] Finished Standard Transforms Time (s): cpu = 00:00:19 ; elapsed = 00:00:12 . Memory (MB): peak = 348.559 ; gain = 12.988 ; free physical = 7183 ; free virtual = 11780
INFO: [HLS 200-10] Checking synthesizability ...
INFO: [HLS 200-111] Finished Checking Synthesizability Time (s): cpu = 00:00:19 ; elapsed = 00:00:12 . Memory (MB): peak = 476.152 ; gain = 140.582 ; free physical = 7177 ; free virtual = 11776
INFO: [XFORM 203-501] Unrolling loop 'SHIFT_DATA0' (CorrelatorSynch/correlatorSynch.cpp:134) in function 'correlate::shiftPhaseClassSynch' completely.
INFO: [XFORM 203-501] Unrolling loop 'SHIFT_DATA1' (CorrelatorSynch/correlatorSynch.cpp:143) in function 'correlate::shiftPhaseClassSynch' completely.
INFO: [XFORM 203-501] Unrolling loop 'SHIFT_DATA2' (CorrelatorSynch/correlatorSynch.cpp:152) in function 'correlate::shiftPhaseClassSynch' completely.
INFO: [XFORM 203-501] Unrolling loop 'SHIFT_DATA3' (CorrelatorSynch/correlatorSynch.cpp:163) in function 'correlate::shiftPhaseClassSynch' completely.
INFO: [XFORM 203-501] Unrolling loop 'SHIFT_DATA4' (CorrelatorSynch/correlatorSynch.cpp:172) in function 'correlate::shiftPhaseClassSynch' completely.
INFO: [XFORM 203-501] Unrolling loop 'SHIFT_DATA5' (CorrelatorSynch/correlatorSynch.cpp:182) in function 'correlate::shiftPhaseClassSynch' completely.
INFO: [XFORM 203-501] Unrolling loop 'SHIFT_DATA6' (CorrelatorSynch/correlatorSynch.cpp:191) in function 'correlate::shiftPhaseClassSynch' completely.
INFO: [XFORM 203-501] Unrolling loop 'SHIFT_DATA7' (CorrelatorSynch/correlatorSynch.cpp:200) in function 'correlate::shiftPhaseClassSynch' completely.
INFO: [XFORM 203-501] Unrolling loop 'SHIFT_DATA8' (CorrelatorSynch/correlatorSynch.cpp:209) in function 'correlate::shiftPhaseClassSynch' completely.
INFO: [XFORM 203-501] Unrolling loop 'SHIFT_DATA9' (CorrelatorSynch/correlatorSynch.cpp:218) in function 'correlate::shiftPhaseClassSynch' completely.
INFO: [XFORM 203-501] Unrolling loop 'SHIFT_DATA10' (CorrelatorSynch/correlatorSynch.cpp:227) in function 'correlate::shiftPhaseClassSynch' completely.
INFO: [XFORM 203-501] Unrolling loop 'SHIFT_DATA11' (CorrelatorSynch/correlatorSynch.cpp:236) in function 'correlate::shiftPhaseClassSynch' completely.
INFO: [XFORM 203-501] Unrolling loop 'SHIFT_DATA12' (CorrelatorSynch/correlatorSynch.cpp:245) in function 'correlate::shiftPhaseClassSynch' completely.
INFO: [XFORM 203-501] Unrolling loop 'SHIFT_DATA13' (CorrelatorSynch/correlatorSynch.cpp:254) in function 'correlate::shiftPhaseClassSynch' completely.
INFO: [XFORM 203-501] Unrolling loop 'SHIFT_DATA14' (CorrelatorSynch/correlatorSynch.cpp:263) in function 'correlate::shiftPhaseClassSynch' completely.
INFO: [XFORM 203-501] Unrolling loop 'SHIFT_DATA15' (CorrelatorSynch/correlatorSynch.cpp:272) in function 'correlate::shiftPhaseClassSynch' completely.
INFO: [XFORM 203-501] Unrolling loop 'correlateData0' (CorrelatorSynch/correlatorSynch.cpp:307) in function 'correlate::correlatorSynch' completely.
INFO: [XFORM 203-501] Unrolling loop 'correlateData1' (CorrelatorSynch/correlatorSynch.cpp:320) in function 'correlate::correlatorSynch' completely.
INFO: [XFORM 203-501] Unrolling loop 'correlateData2' (CorrelatorSynch/correlatorSynch.cpp:332) in function 'correlate::correlatorSynch' completely.
INFO: [XFORM 203-501] Unrolling loop 'correlateData3' (CorrelatorSynch/correlatorSynch.cpp:344) in function 'correlate::correlatorSynch' completely.
INFO: [XFORM 203-501] Unrolling loop 'correlateData4' (CorrelatorSynch/correlatorSynch.cpp:356) in function 'correlate::correlatorSynch' completely.
INFO: [XFORM 203-501] Unrolling loop 'correlateData5' (CorrelatorSynch/correlatorSynch.cpp:369) in function 'correlate::correlatorSynch' completely.
INFO: [XFORM 203-501] Unrolling loop 'correlateData6' (CorrelatorSynch/correlatorSynch.cpp:381) in function 'correlate::correlatorSynch' completely.
INFO: [XFORM 203-501] Unrolling loop 'correlateData7' (CorrelatorSynch/correlatorSynch.cpp:393) in function 'correlate::correlatorSynch' completely.
INFO: [XFORM 203-501] Unrolling loop 'correlateData8' (CorrelatorSynch/correlatorSynch.cpp:405) in function 'correlate::correlatorSynch' completely.
INFO: [XFORM 203-501] Unrolling loop 'correlateData9' (CorrelatorSynch/correlatorSynch.cpp:417) in function 'correlate::correlatorSynch' completely.
INFO: [XFORM 203-501] Unrolling loop 'correlateData10' (CorrelatorSynch/correlatorSynch.cpp:429) in function 'correlate::correlatorSynch' completely.
INFO: [XFORM 203-501] Unrolling loop 'correlateData11' (CorrelatorSynch/correlatorSynch.cpp:441) in function 'correlate::correlatorSynch' completely.
INFO: [XFORM 203-501] Unrolling loop 'correlateData12' (CorrelatorSynch/correlatorSynch.cpp:453) in function 'correlate::correlatorSynch' completely.
INFO: [XFORM 203-501] Unrolling loop 'correlateData13' (CorrelatorSynch/correlatorSynch.cpp:465) in function 'correlate::correlatorSynch' completely.
INFO: [XFORM 203-501] Unrolling loop 'correlateData14' (CorrelatorSynch/correlatorSynch.cpp:477) in function 'correlate::correlatorSynch' completely.
INFO: [XFORM 203-501] Unrolling loop 'correlateData15' (CorrelatorSynch/correlatorSynch.cpp:489) in function 'correlate::correlatorSynch' completely.
INFO: [XFORM 203-101] Partitioning array 'cor.phaseClass0i.V'  in dimension 1 completely.
INFO: [XFORM 203-101] Partitioning array 'cor.phaseClass0q.V'  in dimension 1 completely.
INFO: [XFORM 203-101] Partitioning array 'cor.phaseClass1i.V'  in dimension 1 completely.
INFO: [XFORM 203-101] Partitioning array 'cor.phaseClass1q.V'  in dimension 1 completely.
INFO: [XFORM 203-101] Partitioning array 'cor.phaseClass2i.V'  in dimension 1 completely.
INFO: [XFORM 203-101] Partitioning array 'cor.phaseClass2q.V'  in dimension 1 completely.
INFO: [XFORM 203-101] Partitioning array 'cor.phaseClass3i.V'  in dimension 1 completely.
INFO: [XFORM 203-101] Partitioning array 'cor.phaseClass3q.V'  in dimension 1 completely.
INFO: [XFORM 203-101] Partitioning array 'cor.phaseClass4i.V'  in dimension 1 completely.
INFO: [XFORM 203-101] Partitioning array 'cor.phaseClass4q.V'  in dimension 1 completely.
INFO: [XFORM 203-101] Partitioning array 'cor.phaseClass5i.V'  in dimension 1 completely.
INFO: [XFORM 203-101] Partitioning array 'cor.phaseClass5q.V'  in dimension 1 completely.
INFO: [XFORM 203-101] Partitioning array 'cor.phaseClass6i.V'  in dimension 1 completely.
INFO: [XFORM 203-101] Partitioning array 'cor.phaseClass6q.V'  in dimension 1 completely.
INFO: [XFORM 203-101] Partitioning array 'cor.phaseClass7i.V'  in dimension 1 completely.
INFO: [XFORM 203-101] Partitioning array 'cor.phaseClass7q.V'  in dimension 1 completely.
INFO: [XFORM 203-101] Partitioning array 'cor.phaseClass8i.V'  in dimension 1 completely.
INFO: [XFORM 203-101] Partitioning array 'cor.phaseClass8q.V'  in dimension 1 completely.
INFO: [XFORM 203-101] Partitioning array 'cor.phaseClass9i.V'  in dimension 1 completely.
INFO: [XFORM 203-101] Partitioning array 'cor.phaseClass9q.V'  in dimension 1 completely.
INFO: [XFORM 203-101] Partitioning array 'cor.phaseClass10i.V'  in dimension 1 completely.
INFO: [XFORM 203-101] Partitioning array 'cor.phaseClass10q.V'  in dimension 1 completely.
INFO: [XFORM 203-101] Partitioning array 'cor.phaseClass11i.V'  in dimension 1 completely.
INFO: [XFORM 203-101] Partitioning array 'cor.phaseClass11q.V'  in dimension 1 completely.
INFO: [XFORM 203-101] Partitioning array 'cor.phaseClass12i.V'  in dimension 1 completely.
INFO: [XFORM 203-101] Partitioning array 'cor.phaseClass12q.V'  in dimension 1 completely.
INFO: [XFORM 203-101] Partitioning array 'cor.phaseClass13i.V'  in dimension 1 completely.
INFO: [XFORM 203-101] Partitioning array 'cor.phaseClass13q.V'  in dimension 1 completely.
INFO: [XFORM 203-101] Partitioning array 'cor.phaseClass14i.V'  in dimension 1 completely.
INFO: [XFORM 203-101] Partitioning array 'cor.phaseClass14q.V'  in dimension 1 completely.
INFO: [XFORM 203-101] Partitioning array 'cor.phaseClass15i.V'  in dimension 1 completely.
INFO: [XFORM 203-101] Partitioning array 'cor.phaseClass15q.V'  in dimension 1 completely.
INFO: [XFORM 203-101] Partitioning array 'corrSeq.V'  in dimension 1 completely.
INFO: [XFORM 203-11] Balancing expressions in function 'correlate::correlatorSynch' (CorrelatorSynch/correlatorSynch.cpp:22:21)...448 expression(s) balanced.
INFO: [HLS 200-111] Finished Pre-synthesis Time (s): cpu = 00:00:20 ; elapsed = 00:00:13 . Memory (MB): peak = 476.535 ; gain = 140.965 ; free physical = 7140 ; free virtual = 11746
WARNING: [XFORM 203-631] Renaming function 'correlate::shiftPhaseClassSynch' (CorrelatorSynch/correlatorSynch.cpp:22:3) into shiftPhaseClassSynch.
WARNING: [XFORM 203-631] Renaming function 'correlate::correlatorSynch' (CorrelatorSynch/correlatorSynch.cpp:22:21) into correlatorSynch.
INFO: [HLS 200-111] Finished Architecture Synthesis Time (s): cpu = 00:00:21 ; elapsed = 00:00:14 . Memory (MB): peak = 540.152 ; gain = 204.582 ; free physical = 7012 ; free virtual = 11621
INFO: [HLS 200-10] Starting hardware synthesis ...
INFO: [HLS 200-10] Synthesizing 'correlateTopSynch' ...
INFO: [HLS 200-10] ----------------------------------------------------------------
INFO: [HLS 200-10] -- Implementing module 'shiftPhaseClassSynch' 
INFO: [HLS 200-10] ----------------------------------------------------------------
INFO: [SCHED 204-11] Starting scheduling ...
INFO: [SCHED 204-11] Finished scheduling.
INFO: [HLS 200-111]  Elapsed time: 13.97 seconds; current allocated memory: 213.913 MB.
INFO: [BIND 205-100] Starting micro-architecture generation ...
INFO: [BIND 205-101] Performing variable lifetime analysis.
INFO: [BIND 205-101] Exploring resource sharing.
INFO: [BIND 205-101] Binding ...
INFO: [BIND 205-100] Finished micro-architecture generation.
INFO: [HLS 200-111]  Elapsed time: 0.36 seconds; current allocated memory: 217.014 MB.
INFO: [HLS 200-10] ----------------------------------------------------------------
INFO: [HLS 200-10] -- Implementing module 'correlatorSynch' 
INFO: [HLS 200-10] ----------------------------------------------------------------
INFO: [SCHED 204-11] Starting scheduling ...
INFO: [SCHED 204-11] Finished scheduling.
INFO: [HLS 200-111]  Elapsed time: 0.73 seconds; current allocated memory: 219.990 MB.
INFO: [BIND 205-100] Starting micro-architecture generation ...
INFO: [BIND 205-101] Performing variable lifetime analysis.
INFO: [BIND 205-101] Exploring resource sharing.
INFO: [BIND 205-101] Binding ...
INFO: [BIND 205-100] Finished micro-architecture generation.
INFO: [HLS 200-111]  Elapsed time: 0.64 seconds; current allocated memory: 223.353 MB.
INFO: [HLS 200-10] ----------------------------------------------------------------
INFO: [HLS 200-10] -- Implementing module 'correlateTopSynch' 
INFO: [HLS 200-10] ----------------------------------------------------------------
INFO: [SCHED 204-11] Starting scheduling ...
INFO: [SCHED 204-11] Finished scheduling.
INFO: [HLS 200-111]  Elapsed time: 0.6 seconds; current allocated memory: 223.735 MB.
INFO: [BIND 205-100] Starting micro-architecture generation ...
INFO: [BIND 205-101] Performing variable lifetime analysis.
INFO: [BIND 205-101] Exploring resource sharing.
INFO: [BIND 205-101] Binding ...
INFO: [BIND 205-100] Finished micro-architecture generation.
INFO: [HLS 200-111]  Elapsed time: 0.3 seconds; current allocated memory: 225.508 MB.
INFO: [HLS 200-10] ----------------------------------------------------------------
INFO: [HLS 200-10] -- Generating RTL for module 'shiftPhaseClassSynch' 
INFO: [HLS 200-10] ----------------------------------------------------------------
INFO: [RTGEN 206-100] Finished creating RTL model for 'shiftPhaseClassSynch'.
INFO: [HLS 200-111]  Elapsed time: 0.56 seconds; current allocated memory: 229.355 MB.
INFO: [HLS 200-10] ----------------------------------------------------------------
INFO: [HLS 200-10] -- Generating RTL for module 'correlatorSynch' 
INFO: [HLS 200-10] ----------------------------------------------------------------
INFO: [SYN 201-210] Renamed object name 'correlateTopSynch_mul_mul_16s_16s_16_3' to 'correlateTopSynchbkb' due to the length limit 20
INFO: [RTGEN 206-100] Generating core module 'correlateTopSynchbkb': 2 instance(s).
INFO: [RTGEN 206-100] Finished creating RTL model for 'correlatorSynch'.
INFO: [HLS 200-111]  Elapsed time: 0.79 seconds; current allocated memory: 249.094 MB.
INFO: [HLS 200-10] ----------------------------------------------------------------
INFO: [HLS 200-10] -- Generating RTL for module 'correlateTopSynch' 
INFO: [HLS 200-10] ----------------------------------------------------------------
INFO: [RTGEN 206-500] Setting interface mode on port 'correlateTopSynch/i_data_V_data_V' to 'axis' (register, both mode).
INFO: [RTGEN 206-500] Setting interface mode on port 'correlateTopSynch/i_data_V_last_V' to 'axis' (register, both mode).
INFO: [RTGEN 206-500] Setting interface mode on port 'correlateTopSynch/o_data_V_data_V' to 'axis' (register, both mode).
INFO: [RTGEN 206-500] Setting interface mode on port 'correlateTopSynch/o_data_V_last_V' to 'axis' (register, both mode).
INFO: [RTGEN 206-500] Setting interface mode on function 'correlateTopSynch' to 'ap_ctrl_none'.
WARNING: [RTGEN 206-101] Register 'currentState' is power-on initialization.
WARNING: [RTGEN 206-101] Register 'phaseClass_V' is power-on initialization.
WARNING: [RTGEN 206-101] Register 'loadCount_V' is power-on initialization.
WARNING: [RTGEN 206-101] Register 'cor_phaseClass0i_V_14' is power-on initialization.
WARNING: [RTGEN 206-101] Register 'cor_phaseClass0i_V_15' is power-on initialization.
WARNING: [RTGEN 206-101] Register 'cor_phaseClass0q_V_14' is power-on initialization.
WARNING: [RTGEN 206-101] Register 'cor_phaseClass0q_V_15' is power-on initialization.
WARNING: [RTGEN 206-101] Register 'cor_phaseClass0i_V_13' is power-on initialization.
WARNING: [RTGEN 206-101] Register 'cor_phaseClass0q_V_13' is power-on initialization.
WARNING: [RTGEN 206-101] Register 'cor_phaseClass0i_V_12' is power-on initialization.
WARNING: [RTGEN 206-101] Register 'cor_phaseClass0q_V_12' is power-on initialization.
WARNING: [RTGEN 206-101] Register 'cor_phaseClass0i_V_11' is power-on initialization.
WARNING: [RTGEN 206-101] Register 'cor_phaseClass0q_V_11' is power-on initialization.
WARNING: [RTGEN 206-101] Register 'cor_phaseClass0i_V_10' is power-on initialization.
WARNING: [RTGEN 206-101] Register 'cor_phaseClass0q_V_10' is power-on initialization.
WARNING: [RTGEN 206-101] Register 'cor_phaseClass0i_V_9' is power-on initialization.
WARNING: [RTGEN 206-101] Register 'cor_phaseClass0q_V_9' is power-on initialization.
WARNING: [RTGEN 206-101] Register 'cor_phaseClass0i_V_8' is power-on initialization.
WARNING: [RTGEN 206-101] Register 'cor_phaseClass0q_V_8' is power-on initialization.
WARNING: [RTGEN 206-101] Register 'cor_phaseClass0i_V_7' is power-on initialization.
WARNING: [RTGEN 206-101] Register 'cor_phaseClass0q_V_7' is power-on initialization.
WARNING: [RTGEN 206-101] Register 'cor_phaseClass0i_V_6' is power-on initialization.
WARNING: [RTGEN 206-101] Register 'cor_phaseClass0q_V_6' is power-on initialization.
WARNING: [RTGEN 206-101] Register 'cor_phaseClass0i_V_5' is power-on initialization.
WARNING: [RTGEN 206-101] Register 'cor_phaseClass0q_V_5' is power-on initialization.
WARNING: [RTGEN 206-101] Register 'cor_phaseClass0i_V_4' is power-on initialization.
WARNING: [RTGEN 206-101] Register 'cor_phaseClass0q_V_4' is power-on initialization.
WARNING: [RTGEN 206-101] Register 'cor_phaseClass0i_V_3' is power-on initialization.
WARNING: [RTGEN 206-101] Register 'cor_phaseClass0q_V_3' is power-on initialization.
WARNING: [RTGEN 206-101] Register 'cor_phaseClass0i_V_2' is power-on initialization.
WARNING: [RTGEN 206-101] Register 'cor_phaseClass0q_V_2' is power-on initialization.
WARNING: [RTGEN 206-101] Register 'cor_phaseClass0i_V_1' is power-on initialization.
WARNING: [RTGEN 206-101] Register 'cor_phaseClass0q_V_1' is power-on initialization.
WARNING: [RTGEN 206-101] Register 'cor_phaseClass0i_V_0' is power-on initialization.
WARNING: [RTGEN 206-101] Register 'cor_phaseClass0q_V_0' is power-on initialization.
WARNING: [RTGEN 206-101] Register 'cor_phaseClass1i_V_14' is power-on initialization.
WARNING: [RTGEN 206-101] Register 'cor_phaseClass1i_V_15' is power-on initialization.
WARNING: [RTGEN 206-101] Register 'cor_phaseClass1q_V_14' is power-on initialization.
WARNING: [RTGEN 206-101] Register 'cor_phaseClass1q_V_15' is power-on initialization.
WARNING: [RTGEN 206-101] Register 'cor_phaseClass1i_V_13' is power-on initialization.
WARNING: [RTGEN 206-101] Register 'cor_phaseClass1q_V_13' is power-on initialization.
WARNING: [RTGEN 206-101] Register 'cor_phaseClass1i_V_12' is power-on initialization.
WARNING: [RTGEN 206-101] Register 'cor_phaseClass1q_V_12' is power-on initialization.
WARNING: [RTGEN 206-101] Register 'cor_phaseClass1i_V_11' is power-on initialization.
WARNING: [RTGEN 206-101] Register 'cor_phaseClass1q_V_11' is power-on initialization.
WARNING: [RTGEN 206-101] Register 'cor_phaseClass1i_V_10' is power-on initialization.
WARNING: [RTGEN 206-101] Register 'cor_phaseClass1q_V_10' is power-on initialization.
WARNING: [RTGEN 206-101] Register 'cor_phaseClass1i_V_9' is power-on initialization.
WARNING: [RTGEN 206-101] Register 'cor_phaseClass1q_V_9' is power-on initialization.
WARNING: [RTGEN 206-101] Register 'cor_phaseClass1i_V_8' is power-on initialization.
WARNING: [RTGEN 206-101] Register 'cor_phaseClass1q_V_8' is power-on initialization.
WARNING: [RTGEN 206-101] Register 'cor_phaseClass1i_V_7' is power-on initialization.
WARNING: [RTGEN 206-101] Register 'cor_phaseClass1q_V_7' is power-on initialization.
WARNING: [RTGEN 206-101] Register 'cor_phaseClass1i_V_6' is power-on initialization.
WARNING: [RTGEN 206-101] Register 'cor_phaseClass1q_V_6' is power-on initialization.
WARNING: [RTGEN 206-101] Register 'cor_phaseClass1i_V_5' is power-on initialization.
WARNING: [RTGEN 206-101] Register 'cor_phaseClass1q_V_5' is power-on initialization.
WARNING: [RTGEN 206-101] Register 'cor_phaseClass1i_V_4' is power-on initialization.
WARNING: [RTGEN 206-101] Register 'cor_phaseClass1q_V_4' is power-on initialization.
WARNING: [RTGEN 206-101] Register 'cor_phaseClass1i_V_3' is power-on initialization.
WARNING: [RTGEN 206-101] Register 'cor_phaseClass1q_V_3' is power-on initialization.
WARNING: [RTGEN 206-101] Register 'cor_phaseClass1i_V_2' is power-on initialization.
WARNING: [RTGEN 206-101] Register 'cor_phaseClass1q_V_2' is power-on initialization.
WARNING: [RTGEN 206-101] Register 'cor_phaseClass1i_V_1' is power-on initialization.
WARNING: [RTGEN 206-101] Register 'cor_phaseClass1q_V_1' is power-on initialization.
WARNING: [RTGEN 206-101] Register 'cor_phaseClass1i_V_0' is power-on initialization.
WARNING: [RTGEN 206-101] Register 'cor_phaseClass1q_V_0' is power-on initialization.
WARNING: [RTGEN 206-101] Register 'cor_phaseClass2i_V_14' is power-on initialization.
WARNING: [RTGEN 206-101] Register 'cor_phaseClass2i_V_15' is power-on initialization.
WARNING: [RTGEN 206-101] Register 'cor_phaseClass2q_V_14' is power-on initialization.
WARNING: [RTGEN 206-101] Register 'cor_phaseClass2q_V_15' is power-on initialization.
WARNING: [RTGEN 206-101] Register 'cor_phaseClass2i_V_13' is power-on initialization.
WARNING: [RTGEN 206-101] Register 'cor_phaseClass2q_V_13' is power-on initialization.
WARNING: [RTGEN 206-101] Register 'cor_phaseClass2i_V_12' is power-on initialization.
WARNING: [RTGEN 206-101] Register 'cor_phaseClass2q_V_12' is power-on initialization.
WARNING: [RTGEN 206-101] Register 'cor_phaseClass2i_V_11' is power-on initialization.
WARNING: [RTGEN 206-101] Register 'cor_phaseClass2q_V_11' is power-on initialization.
WARNING: [RTGEN 206-101] Register 'cor_phaseClass2i_V_10' is power-on initialization.
WARNING: [RTGEN 206-101] Register 'cor_phaseClass2q_V_10' is power-on initialization.
WARNING: [RTGEN 206-101] Register 'cor_phaseClass2i_V_9' is power-on initialization.
WARNING: [RTGEN 206-101] Register 'cor_phaseClass2q_V_9' is power-on initialization.
WARNING: [RTGEN 206-101] Register 'cor_phaseClass2i_V_8' is power-on initialization.
WARNING: [RTGEN 206-101] Register 'cor_phaseClass2q_V_8' is power-on initialization.
WARNING: [RTGEN 206-101] Register 'cor_phaseClass2i_V_7' is power-on initialization.
WARNING: [RTGEN 206-101] Register 'cor_phaseClass2q_V_7' is power-on initialization.
WARNING: [RTGEN 206-101] Register 'cor_phaseClass2i_V_6' is power-on initialization.
WARNING: [RTGEN 206-101] Register 'cor_phaseClass2q_V_6' is power-on initialization.
WARNING: [RTGEN 206-101] Register 'cor_phaseClass2i_V_5' is power-on initialization.
WARNING: [RTGEN 206-101] Register 'cor_phaseClass2q_V_5' is power-on initialization.
WARNING: [RTGEN 206-101] Register 'cor_phaseClass2i_V_4' is power-on initialization.
WARNING: [RTGEN 206-101] Register 'cor_phaseClass2q_V_4' is power-on initialization.
WARNING: [RTGEN 206-101] Register 'cor_phaseClass2i_V_3' is power-on initialization.
WARNING: [RTGEN 206-101] Register 'cor_phaseClass2q_V_3' is power-on initialization.
WARNING: [RTGEN 206-101] Register 'cor_phaseClass2i_V_2' is power-on initialization.
WARNING: [RTGEN 206-101] Register 'cor_phaseClass2q_V_2' is power-on initialization.
WARNING: [RTGEN 206-101] Register 'cor_phaseClass2i_V_1' is power-on initialization.
WARNING: [RTGEN 206-101] Register 'cor_phaseClass2q_V_1' is power-on initialization.
WARNING: [RTGEN 206-101] Register 'cor_phaseClass2i_V_0' is power-on initialization.
WARNING: [RTGEN 206-101] Register 'cor_phaseClass2q_V_0' is power-on initialization.
WARNING: [RTGEN 206-101] Register 'cor_phaseClass3i_V_14' is power-on initialization.
WARNING: [RTGEN 206-101] Register 'cor_phaseClass3i_V_15' is power-on initialization.
WARNING: [RTGEN 206-101] Register 'cor_phaseClass3q_V_14' is power-on initialization.
WARNING: [RTGEN 206-101] Register 'cor_phaseClass3q_V_15' is power-on initialization.
WARNING: [RTGEN 206-101] Register 'cor_phaseClass3i_V_13' is power-on initialization.
WARNING: [RTGEN 206-101] Register 'cor_phaseClass3q_V_13' is power-on initialization.
WARNING: [RTGEN 206-101] Register 'cor_phaseClass3i_V_12' is power-on initialization.
WARNING: [RTGEN 206-101] Register 'cor_phaseClass3q_V_12' is power-on initialization.
WARNING: [RTGEN 206-101] Register 'cor_phaseClass3i_V_11' is power-on initialization.
WARNING: [RTGEN 206-101] Register 'cor_phaseClass3q_V_11' is power-on initialization.
WARNING: [RTGEN 206-101] Register 'cor_phaseClass3i_V_10' is power-on initialization.
WARNING: [RTGEN 206-101] Register 'cor_phaseClass3q_V_10' is power-on initialization.
WARNING: [RTGEN 206-101] Register 'cor_phaseClass3i_V_9' is power-on initialization.
WARNING: [RTGEN 206-101] Register 'cor_phaseClass3q_V_9' is power-on initialization.
WARNING: [RTGEN 206-101] Register 'cor_phaseClass3i_V_8' is power-on initialization.
WARNING: [RTGEN 206-101] Register 'cor_phaseClass3q_V_8' is power-on initialization.
WARNING: [RTGEN 206-101] Register 'cor_phaseClass3i_V_7' is power-on initialization.
WARNING: [RTGEN 206-101] Register 'cor_phaseClass3q_V_7' is power-on initialization.
WARNING: [RTGEN 206-101] Register 'cor_phaseClass3i_V_6' is power-on initialization.
WARNING: [RTGEN 206-101] Register 'cor_phaseClass3q_V_6' is power-on initialization.
WARNING: [RTGEN 206-101] Register 'cor_phaseClass3i_V_5' is power-on initialization.
WARNING: [RTGEN 206-101] Register 'cor_phaseClass3q_V_5' is power-on initialization.
WARNING: [RTGEN 206-101] Register 'cor_phaseClass3i_V_4' is power-on initialization.
WARNING: [RTGEN 206-101] Register 'cor_phaseClass3q_V_4' is power-on initialization.
WARNING: [RTGEN 206-101] Register 'cor_phaseClass3i_V_3' is power-on initialization.
WARNING: [RTGEN 206-101] Register 'cor_phaseClass3q_V_3' is power-on initialization.
WARNING: [RTGEN 206-101] Register 'cor_phaseClass3i_V_2' is power-on initialization.
WARNING: [RTGEN 206-101] Register 'cor_phaseClass3q_V_2' is power-on initialization.
WARNING: [RTGEN 206-101] Register 'cor_phaseClass3i_V_1' is power-on initialization.
WARNING: [RTGEN 206-101] Register 'cor_phaseClass3q_V_1' is power-on initialization.
WARNING: [RTGEN 206-101] Register 'cor_phaseClass3i_V_0' is power-on initialization.
WARNING: [RTGEN 206-101] Register 'cor_phaseClass3q_V_0' is power-on initialization.
WARNING: [RTGEN 206-101] Register 'cor_phaseClass4i_V_14' is power-on initialization.
WARNING: [RTGEN 206-101] Register 'cor_phaseClass4i_V_15' is power-on initialization.
WARNING: [RTGEN 206-101] Register 'cor_phaseClass4q_V_14' is power-on initialization.
WARNING: [RTGEN 206-101] Register 'cor_phaseClass4q_V_15' is power-on initialization.
WARNING: [RTGEN 206-101] Register 'cor_phaseClass4i_V_13' is power-on initialization.
WARNING: [RTGEN 206-101] Register 'cor_phaseClass4q_V_13' is power-on initialization.
WARNING: [RTGEN 206-101] Register 'cor_phaseClass4i_V_12' is power-on initialization.
WARNING: [RTGEN 206-101] Register 'cor_phaseClass4q_V_12' is power-on initialization.
WARNING: [RTGEN 206-101] Register 'cor_phaseClass4i_V_11' is power-on initialization.
WARNING: [RTGEN 206-101] Register 'cor_phaseClass4q_V_11' is power-on initialization.
WARNING: [RTGEN 206-101] Register 'cor_phaseClass4i_V_10' is power-on initialization.
WARNING: [RTGEN 206-101] Register 'cor_phaseClass4q_V_10' is power-on initialization.
WARNING: [RTGEN 206-101] Register 'cor_phaseClass4i_V_9' is power-on initialization.
WARNING: [RTGEN 206-101] Register 'cor_phaseClass4q_V_9' is power-on initialization.
WARNING: [RTGEN 206-101] Register 'cor_phaseClass4i_V_8' is power-on initialization.
WARNING: [RTGEN 206-101] Register 'cor_phaseClass4q_V_8' is power-on initialization.
WARNING: [RTGEN 206-101] Register 'cor_phaseClass4i_V_7' is power-on initialization.
WARNING: [RTGEN 206-101] Register 'cor_phaseClass4q_V_7' is power-on initialization.
WARNING: [RTGEN 206-101] Register 'cor_phaseClass4i_V_6' is power-on initialization.
WARNING: [RTGEN 206-101] Register 'cor_phaseClass4q_V_6' is power-on initialization.
WARNING: [RTGEN 206-101] Register 'cor_phaseClass4i_V_5' is power-on initialization.
WARNING: [RTGEN 206-101] Register 'cor_phaseClass4q_V_5' is power-on initialization.
WARNING: [RTGEN 206-101] Register 'cor_phaseClass4i_V_4' is power-on initialization.
WARNING: [RTGEN 206-101] Register 'cor_phaseClass4q_V_4' is power-on initialization.
WARNING: [RTGEN 206-101] Register 'cor_phaseClass4i_V_3' is power-on initialization.
WARNING: [RTGEN 206-101] Register 'cor_phaseClass4q_V_3' is power-on initialization.
WARNING: [RTGEN 206-101] Register 'cor_phaseClass4i_V_2' is power-on initialization.
WARNING: [RTGEN 206-101] Register 'cor_phaseClass4q_V_2' is power-on initialization.
WARNING: [RTGEN 206-101] Register 'cor_phaseClass4i_V_1' is power-on initialization.
WARNING: [RTGEN 206-101] Register 'cor_phaseClass4q_V_1' is power-on initialization.
WARNING: [RTGEN 206-101] Register 'cor_phaseClass4i_V_0' is power-on initialization.
WARNING: [RTGEN 206-101] Register 'cor_phaseClass4q_V_0' is power-on initialization.
WARNING: [RTGEN 206-101] Register 'cor_phaseClass5i_V_14' is power-on initialization.
WARNING: [RTGEN 206-101] Register 'cor_phaseClass5i_V_15' is power-on initialization.
WARNING: [RTGEN 206-101] Register 'cor_phaseClass5q_V_14' is power-on initialization.
WARNING: [RTGEN 206-101] Register 'cor_phaseClass5q_V_15' is power-on initialization.
WARNING: [RTGEN 206-101] Register 'cor_phaseClass5i_V_13' is power-on initialization.
WARNING: [RTGEN 206-101] Register 'cor_phaseClass5q_V_13' is power-on initialization.
WARNING: [RTGEN 206-101] Register 'cor_phaseClass5i_V_12' is power-on initialization.
WARNING: [RTGEN 206-101] Register 'cor_phaseClass5q_V_12' is power-on initialization.
WARNING: [RTGEN 206-101] Register 'cor_phaseClass5i_V_11' is power-on initialization.
WARNING: [RTGEN 206-101] Register 'cor_phaseClass5q_V_11' is power-on initialization.
WARNING: [RTGEN 206-101] Register 'cor_phaseClass5i_V_10' is power-on initialization.
WARNING: [RTGEN 206-101] Register 'cor_phaseClass5q_V_10' is power-on initialization.
WARNING: [RTGEN 206-101] Register 'cor_phaseClass5i_V_9' is power-on initialization.
WARNING: [RTGEN 206-101] Register 'cor_phaseClass5q_V_9' is power-on initialization.
WARNING: [RTGEN 206-101] Register 'cor_phaseClass5i_V_8' is power-on initialization.
WARNING: [RTGEN 206-101] Register 'cor_phaseClass5q_V_8' is power-on initialization.
WARNING: [RTGEN 206-101] Register 'cor_phaseClass5i_V_7' is power-on initialization.
WARNING: [RTGEN 206-101] Register 'cor_phaseClass5q_V_7' is power-on initialization.
WARNING: [RTGEN 206-101] Register 'cor_phaseClass5i_V_6' is power-on initialization.
WARNING: [RTGEN 206-101] Register 'cor_phaseClass5q_V_6' is power-on initialization.
WARNING: [RTGEN 206-101] Register 'cor_phaseClass5i_V_5' is power-on initialization.
WARNING: [RTGEN 206-101] Register 'cor_phaseClass5q_V_5' is power-on initialization.
WARNING: [RTGEN 206-101] Register 'cor_phaseClass5i_V_4' is power-on initialization.
WARNING: [RTGEN 206-101] Register 'cor_phaseClass5q_V_4' is power-on initialization.
WARNING: [RTGEN 206-101] Register 'cor_phaseClass5i_V_3' is power-on initialization.
WARNING: [RTGEN 206-101] Register 'cor_phaseClass5q_V_3' is power-on initialization.
WARNING: [RTGEN 206-101] Register 'cor_phaseClass5i_V_2' is power-on initialization.
WARNING: [RTGEN 206-101] Register 'cor_phaseClass5q_V_2' is power-on initialization.
WARNING: [RTGEN 206-101] Register 'cor_phaseClass5i_V_1' is power-on initialization.
WARNING: [RTGEN 206-101] Register 'cor_phaseClass5q_V_1' is power-on initialization.
WARNING: [RTGEN 206-101] Register 'cor_phaseClass5i_V_0' is power-on initialization.
WARNING: [RTGEN 206-101] Register 'cor_phaseClass5q_V_0' is power-on initialization.
WARNING: [RTGEN 206-101] Register 'cor_phaseClass6i_V_14' is power-on initialization.
WARNING: [RTGEN 206-101] Register 'cor_phaseClass6i_V_15' is power-on initialization.
WARNING: [RTGEN 206-101] Register 'cor_phaseClass6q_V_14' is power-on initialization.
WARNING: [RTGEN 206-101] Register 'cor_phaseClass6q_V_15' is power-on initialization.
WARNING: [RTGEN 206-101] Register 'cor_phaseClass6i_V_13' is power-on initialization.
WARNING: [RTGEN 206-101] Register 'cor_phaseClass6q_V_13' is power-on initialization.
WARNING: [RTGEN 206-101] Register 'cor_phaseClass6i_V_12' is power-on initialization.
WARNING: [RTGEN 206-101] Register 'cor_phaseClass6q_V_12' is power-on initialization.
WARNING: [RTGEN 206-101] Register 'cor_phaseClass6i_V_11' is power-on initialization.
WARNING: [RTGEN 206-101] Register 'cor_phaseClass6q_V_11' is power-on initialization.
WARNING: [RTGEN 206-101] Register 'cor_phaseClass6i_V_10' is power-on initialization.
WARNING: [RTGEN 206-101] Register 'cor_phaseClass6q_V_10' is power-on initialization.
WARNING: [RTGEN 206-101] Register 'cor_phaseClass6i_V_9' is power-on initialization.
WARNING: [RTGEN 206-101] Register 'cor_phaseClass6q_V_9' is power-on initialization.
WARNING: [RTGEN 206-101] Register 'cor_phaseClass6i_V_8' is power-on initialization.
WARNING: [RTGEN 206-101] Register 'cor_phaseClass6q_V_8' is power-on initialization.
WARNING: [RTGEN 206-101] Register 'cor_phaseClass6i_V_7' is power-on initialization.
WARNING: [RTGEN 206-101] Register 'cor_phaseClass6q_V_7' is power-on initialization.
WARNING: [RTGEN 206-101] Register 'cor_phaseClass6i_V_6' is power-on initialization.
WARNING: [RTGEN 206-101] Register 'cor_phaseClass6q_V_6' is power-on initialization.
WARNING: [RTGEN 206-101] Register 'cor_phaseClass6i_V_5' is power-on initialization.
WARNING: [RTGEN 206-101] Register 'cor_phaseClass6q_V_5' is power-on initialization.
WARNING: [RTGEN 206-101] Register 'cor_phaseClass6i_V_4' is power-on initialization.
WARNING: [RTGEN 206-101] Register 'cor_phaseClass6q_V_4' is power-on initialization.
WARNING: [RTGEN 206-101] Register 'cor_phaseClass6i_V_3' is power-on initialization.
WARNING: [RTGEN 206-101] Register 'cor_phaseClass6q_V_3' is power-on initialization.
WARNING: [RTGEN 206-101] Register 'cor_phaseClass6i_V_2' is power-on initialization.
WARNING: [RTGEN 206-101] Register 'cor_phaseClass6q_V_2' is power-on initialization.
WARNING: [RTGEN 206-101] Register 'cor_phaseClass6i_V_1' is power-on initialization.
WARNING: [RTGEN 206-101] Register 'cor_phaseClass6q_V_1' is power-on initialization.
WARNING: [RTGEN 206-101] Register 'cor_phaseClass6i_V_0' is power-on initialization.
WARNING: [RTGEN 206-101] Register 'cor_phaseClass6q_V_0' is power-on initialization.
WARNING: [RTGEN 206-101] Register 'cor_phaseClass7i_V_14' is power-on initialization.
WARNING: [RTGEN 206-101] Register 'cor_phaseClass7i_V_15' is power-on initialization.
WARNING: [RTGEN 206-101] Register 'cor_phaseClass7q_V_14' is power-on initialization.
WARNING: [RTGEN 206-101] Register 'cor_phaseClass7q_V_15' is power-on initialization.
WARNING: [RTGEN 206-101] Register 'cor_phaseClass7i_V_13' is power-on initialization.
WARNING: [RTGEN 206-101] Register 'cor_phaseClass7q_V_13' is power-on initialization.
WARNING: [RTGEN 206-101] Register 'cor_phaseClass7i_V_12' is power-on initialization.
WARNING: [RTGEN 206-101] Register 'cor_phaseClass7q_V_12' is power-on initialization.
WARNING: [RTGEN 206-101] Register 'cor_phaseClass7i_V_11' is power-on initialization.
WARNING: [RTGEN 206-101] Register 'cor_phaseClass7q_V_11' is power-on initialization.
WARNING: [RTGEN 206-101] Register 'cor_phaseClass7i_V_10' is power-on initialization.
WARNING: [RTGEN 206-101] Register 'cor_phaseClass7q_V_10' is power-on initialization.
WARNING: [RTGEN 206-101] Register 'cor_phaseClass7i_V_9' is power-on initialization.
WARNING: [RTGEN 206-101] Register 'cor_phaseClass7q_V_9' is power-on initialization.
WARNING: [RTGEN 206-101] Register 'cor_phaseClass7i_V_8' is power-on initialization.
WARNING: [RTGEN 206-101] Register 'cor_phaseClass7q_V_8' is power-on initialization.
WARNING: [RTGEN 206-101] Register 'cor_phaseClass7i_V_7' is power-on initialization.
WARNING: [RTGEN 206-101] Register 'cor_phaseClass7q_V_7' is power-on initialization.
WARNING: [RTGEN 206-101] Register 'cor_phaseClass7i_V_6' is power-on initialization.
WARNING: [RTGEN 206-101] Register 'cor_phaseClass7q_V_6' is power-on initialization.
WARNING: [RTGEN 206-101] Register 'cor_phaseClass7i_V_5' is power-on initialization.
WARNING: [RTGEN 206-101] Register 'cor_phaseClass7q_V_5' is power-on initialization.
WARNING: [RTGEN 206-101] Register 'cor_phaseClass7i_V_4' is power-on initialization.
WARNING: [RTGEN 206-101] Register 'cor_phaseClass7q_V_4' is power-on initialization.
WARNING: [RTGEN 206-101] Register 'cor_phaseClass7i_V_3' is power-on initialization.
WARNING: [RTGEN 206-101] Register 'cor_phaseClass7q_V_3' is power-on initialization.
WARNING: [RTGEN 206-101] Register 'cor_phaseClass7i_V_2' is power-on initialization.
WARNING: [RTGEN 206-101] Register 'cor_phaseClass7q_V_2' is power-on initialization.
WARNING: [RTGEN 206-101] Register 'cor_phaseClass7i_V_1' is power-on initialization.
WARNING: [RTGEN 206-101] Register 'cor_phaseClass7q_V_1' is power-on initialization.
WARNING: [RTGEN 206-101] Register 'cor_phaseClass7i_V_0' is power-on initialization.
WARNING: [RTGEN 206-101] Register 'cor_phaseClass7q_V_0' is power-on initialization.
WARNING: [RTGEN 206-101] Register 'cor_phaseClass8i_V_14' is power-on initialization.
WARNING: [RTGEN 206-101] Register 'cor_phaseClass8i_V_15' is power-on initialization.
WARNING: [RTGEN 206-101] Register 'cor_phaseClass8q_V_14' is power-on initialization.
WARNING: [RTGEN 206-101] Register 'cor_phaseClass8q_V_15' is power-on initialization.
WARNING: [RTGEN 206-101] Register 'cor_phaseClass8i_V_13' is power-on initialization.
WARNING: [RTGEN 206-101] Register 'cor_phaseClass8q_V_13' is power-on initialization.
WARNING: [RTGEN 206-101] Register 'cor_phaseClass8i_V_12' is power-on initialization.
WARNING: [RTGEN 206-101] Register 'cor_phaseClass8q_V_12' is power-on initialization.
WARNING: [RTGEN 206-101] Register 'cor_phaseClass8i_V_11' is power-on initialization.
WARNING: [RTGEN 206-101] Register 'cor_phaseClass8q_V_11' is power-on initialization.
WARNING: [RTGEN 206-101] Register 'cor_phaseClass8i_V_10' is power-on initialization.
WARNING: [RTGEN 206-101] Register 'cor_phaseClass8q_V_10' is power-on initialization.
WARNING: [RTGEN 206-101] Register 'cor_phaseClass8i_V_9' is power-on initialization.
WARNING: [RTGEN 206-101] Register 'cor_phaseClass8q_V_9' is power-on initialization.
WARNING: [RTGEN 206-101] Register 'cor_phaseClass8i_V_8' is power-on initialization.
WARNING: [RTGEN 206-101] Register 'cor_phaseClass8q_V_8' is power-on initialization.
WARNING: [RTGEN 206-101] Register 'cor_phaseClass8i_V_7' is power-on initialization.
WARNING: [RTGEN 206-101] Register 'cor_phaseClass8q_V_7' is power-on initialization.
WARNING: [RTGEN 206-101] Register 'cor_phaseClass8i_V_6' is power-on initialization.
WARNING: [RTGEN 206-101] Register 'cor_phaseClass8q_V_6' is power-on initialization.
WARNING: [RTGEN 206-101] Register 'cor_phaseClass8i_V_5' is power-on initialization.
WARNING: [RTGEN 206-101] Register 'cor_phaseClass8q_V_5' is power-on initialization.
WARNING: [RTGEN 206-101] Register 'cor_phaseClass8i_V_4' is power-on initialization.
WARNING: [RTGEN 206-101] Register 'cor_phaseClass8q_V_4' is power-on initialization.
WARNING: [RTGEN 206-101] Register 'cor_phaseClass8i_V_3' is power-on initialization.
WARNING: [RTGEN 206-101] Register 'cor_phaseClass8q_V_3' is power-on initialization.
WARNING: [RTGEN 206-101] Register 'cor_phaseClass8i_V_2' is power-on initialization.
WARNING: [RTGEN 206-101] Register 'cor_phaseClass8q_V_2' is power-on initialization.
WARNING: [RTGEN 206-101] Register 'cor_phaseClass8i_V_1' is power-on initialization.
WARNING: [RTGEN 206-101] Register 'cor_phaseClass8q_V_1' is power-on initialization.
WARNING: [RTGEN 206-101] Register 'cor_phaseClass8i_V_0' is power-on initialization.
WARNING: [RTGEN 206-101] Register 'cor_phaseClass8q_V_0' is power-on initialization.
WARNING: [RTGEN 206-101] Register 'cor_phaseClass9i_V_14' is power-on initialization.
WARNING: [RTGEN 206-101] Register 'cor_phaseClass9i_V_15' is power-on initialization.
WARNING: [RTGEN 206-101] Register 'cor_phaseClass9q_V_14' is power-on initialization.
WARNING: [RTGEN 206-101] Register 'cor_phaseClass9q_V_15' is power-on initialization.
WARNING: [RTGEN 206-101] Register 'cor_phaseClass9i_V_13' is power-on initialization.
WARNING: [RTGEN 206-101] Register 'cor_phaseClass9q_V_13' is power-on initialization.
WARNING: [RTGEN 206-101] Register 'cor_phaseClass9i_V_12' is power-on initialization.
WARNING: [RTGEN 206-101] Register 'cor_phaseClass9q_V_12' is power-on initialization.
WARNING: [RTGEN 206-101] Register 'cor_phaseClass9i_V_11' is power-on initialization.
WARNING: [RTGEN 206-101] Register 'cor_phaseClass9q_V_11' is power-on initialization.
WARNING: [RTGEN 206-101] Register 'cor_phaseClass9i_V_10' is power-on initialization.
WARNING: [RTGEN 206-101] Register 'cor_phaseClass9q_V_10' is power-on initialization.
WARNING: [RTGEN 206-101] Register 'cor_phaseClass9i_V_9' is power-on initialization.
WARNING: [RTGEN 206-101] Register 'cor_phaseClass9q_V_9' is power-on initialization.
WARNING: [RTGEN 206-101] Register 'cor_phaseClass9i_V_8' is power-on initialization.
WARNING: [RTGEN 206-101] Register 'cor_phaseClass9q_V_8' is power-on initialization.
WARNING: [RTGEN 206-101] Register 'cor_phaseClass9i_V_7' is power-on initialization.
WARNING: [RTGEN 206-101] Register 'cor_phaseClass9q_V_7' is power-on initialization.
WARNING: [RTGEN 206-101] Register 'cor_phaseClass9i_V_6' is power-on initialization.
WARNING: [RTGEN 206-101] Register 'cor_phaseClass9q_V_6' is power-on initialization.
WARNING: [RTGEN 206-101] Register 'cor_phaseClass9i_V_5' is power-on initialization.
WARNING: [RTGEN 206-101] Register 'cor_phaseClass9q_V_5' is power-on initialization.
WARNING: [RTGEN 206-101] Register 'cor_phaseClass9i_V_4' is power-on initialization.
WARNING: [RTGEN 206-101] Register 'cor_phaseClass9q_V_4' is power-on initialization.
WARNING: [RTGEN 206-101] Register 'cor_phaseClass9i_V_3' is power-on initialization.
WARNING: [RTGEN 206-101] Register 'cor_phaseClass9q_V_3' is power-on initialization.
WARNING: [RTGEN 206-101] Register 'cor_phaseClass9i_V_2' is power-on initialization.
WARNING: [RTGEN 206-101] Register 'cor_phaseClass9q_V_2' is power-on initialization.
WARNING: [RTGEN 206-101] Register 'cor_phaseClass9i_V_1' is power-on initialization.
WARNING: [RTGEN 206-101] Register 'cor_phaseClass9q_V_1' is power-on initialization.
WARNING: [RTGEN 206-101] Register 'cor_phaseClass9i_V_0' is power-on initialization.
WARNING: [RTGEN 206-101] Register 'cor_phaseClass9q_V_0' is power-on initialization.
WARNING: [RTGEN 206-101] Register 'cor_phaseClass10i_V_14' is power-on initialization.
WARNING: [RTGEN 206-101] Register 'cor_phaseClass10i_V_15' is power-on initialization.
WARNING: [RTGEN 206-101] Register 'cor_phaseClass10q_V_14' is power-on initialization.
WARNING: [RTGEN 206-101] Register 'cor_phaseClass10q_V_15' is power-on initialization.
WARNING: [RTGEN 206-101] Register 'cor_phaseClass10i_V_13' is power-on initialization.
WARNING: [RTGEN 206-101] Register 'cor_phaseClass10q_V_13' is power-on initialization.
WARNING: [RTGEN 206-101] Register 'cor_phaseClass10i_V_12' is power-on initialization.
WARNING: [RTGEN 206-101] Register 'cor_phaseClass10q_V_12' is power-on initialization.
WARNING: [RTGEN 206-101] Register 'cor_phaseClass10i_V_11' is power-on initialization.
WARNING: [RTGEN 206-101] Register 'cor_phaseClass10q_V_11' is power-on initialization.
WARNING: [RTGEN 206-101] Register 'cor_phaseClass10i_V_10' is power-on initialization.
WARNING: [RTGEN 206-101] Register 'cor_phaseClass10q_V_10' is power-on initialization.
WARNING: [RTGEN 206-101] Register 'cor_phaseClass10i_V_9' is power-on initialization.
WARNING: [RTGEN 206-101] Register 'cor_phaseClass10q_V_9' is power-on initialization.
WARNING: [RTGEN 206-101] Register 'cor_phaseClass10i_V_8' is power-on initialization.
WARNING: [RTGEN 206-101] Register 'cor_phaseClass10q_V_8' is power-on initialization.
WARNING: [RTGEN 206-101] Register 'cor_phaseClass10i_V_7' is power-on initialization.
WARNING: [RTGEN 206-101] Register 'cor_phaseClass10q_V_7' is power-on initialization.
WARNING: [RTGEN 206-101] Register 'cor_phaseClass10i_V_6' is power-on initialization.
WARNING: [RTGEN 206-101] Register 'cor_phaseClass10q_V_6' is power-on initialization.
WARNING: [RTGEN 206-101] Register 'cor_phaseClass10i_V_5' is power-on initialization.
WARNING: [RTGEN 206-101] Register 'cor_phaseClass10q_V_5' is power-on initialization.
WARNING: [RTGEN 206-101] Register 'cor_phaseClass10i_V_4' is power-on initialization.
WARNING: [RTGEN 206-101] Register 'cor_phaseClass10q_V_4' is power-on initialization.
WARNING: [RTGEN 206-101] Register 'cor_phaseClass10i_V_3' is power-on initialization.
WARNING: [RTGEN 206-101] Register 'cor_phaseClass10q_V_3' is power-on initialization.
WARNING: [RTGEN 206-101] Register 'cor_phaseClass10i_V_2' is power-on initialization.
WARNING: [RTGEN 206-101] Register 'cor_phaseClass10q_V_2' is power-on initialization.
WARNING: [RTGEN 206-101] Register 'cor_phaseClass10i_V_1' is power-on initialization.
WARNING: [RTGEN 206-101] Register 'cor_phaseClass10q_V_1' is power-on initialization.
WARNING: [RTGEN 206-101] Register 'cor_phaseClass10i_V_s' is power-on initialization.
WARNING: [RTGEN 206-101] Register 'cor_phaseClass10q_V_s' is power-on initialization.
WARNING: [RTGEN 206-101] Register 'cor_phaseClass11i_V_14' is power-on initialization.
WARNING: [RTGEN 206-101] Register 'cor_phaseClass11i_V_15' is power-on initialization.
WARNING: [RTGEN 206-101] Register 'cor_phaseClass11q_V_14' is power-on initialization.
WARNING: [RTGEN 206-101] Register 'cor_phaseClass11q_V_15' is power-on initialization.
WARNING: [RTGEN 206-101] Register 'cor_phaseClass11i_V_13' is power-on initialization.
WARNING: [RTGEN 206-101] Register 'cor_phaseClass11q_V_13' is power-on initialization.
WARNING: [RTGEN 206-101] Register 'cor_phaseClass11i_V_12' is power-on initialization.
WARNING: [RTGEN 206-101] Register 'cor_phaseClass11q_V_12' is power-on initialization.
WARNING: [RTGEN 206-101] Register 'cor_phaseClass11i_V_11' is power-on initialization.
WARNING: [RTGEN 206-101] Register 'cor_phaseClass11q_V_11' is power-on initialization.
WARNING: [RTGEN 206-101] Register 'cor_phaseClass11i_V_10' is power-on initialization.
WARNING: [RTGEN 206-101] Register 'cor_phaseClass11q_V_10' is power-on initialization.
WARNING: [RTGEN 206-101] Register 'cor_phaseClass11i_V_9' is power-on initialization.
WARNING: [RTGEN 206-101] Register 'cor_phaseClass11q_V_9' is power-on initialization.
WARNING: [RTGEN 206-101] Register 'cor_phaseClass11i_V_8' is power-on initialization.
WARNING: [RTGEN 206-101] Register 'cor_phaseClass11q_V_8' is power-on initialization.
WARNING: [RTGEN 206-101] Register 'cor_phaseClass11i_V_7' is power-on initialization.
WARNING: [RTGEN 206-101] Register 'cor_phaseClass11q_V_7' is power-on initialization.
WARNING: [RTGEN 206-101] Register 'cor_phaseClass11i_V_6' is power-on initialization.
WARNING: [RTGEN 206-101] Register 'cor_phaseClass11q_V_6' is power-on initialization.
WARNING: [RTGEN 206-101] Register 'cor_phaseClass11i_V_5' is power-on initialization.
WARNING: [RTGEN 206-101] Register 'cor_phaseClass11q_V_5' is power-on initialization.
WARNING: [RTGEN 206-101] Register 'cor_phaseClass11i_V_4' is power-on initialization.
WARNING: [RTGEN 206-101] Register 'cor_phaseClass11q_V_4' is power-on initialization.
WARNING: [RTGEN 206-101] Register 'cor_phaseClass11i_V_3' is power-on initialization.
WARNING: [RTGEN 206-101] Register 'cor_phaseClass11q_V_3' is power-on initialization.
WARNING: [RTGEN 206-101] Register 'cor_phaseClass11i_V_2' is power-on initialization.
WARNING: [RTGEN 206-101] Register 'cor_phaseClass11q_V_2' is power-on initialization.
WARNING: [RTGEN 206-101] Register 'cor_phaseClass11i_V_1' is power-on initialization.
WARNING: [RTGEN 206-101] Register 'cor_phaseClass11q_V_1' is power-on initialization.
WARNING: [RTGEN 206-101] Register 'cor_phaseClass11i_V_s' is power-on initialization.
WARNING: [RTGEN 206-101] Register 'cor_phaseClass11q_V_s' is power-on initialization.
WARNING: [RTGEN 206-101] Register 'cor_phaseClass12i_V_14' is power-on initialization.
WARNING: [RTGEN 206-101] Register 'cor_phaseClass12i_V_15' is power-on initialization.
WARNING: [RTGEN 206-101] Register 'cor_phaseClass12q_V_14' is power-on initialization.
WARNING: [RTGEN 206-101] Register 'cor_phaseClass12q_V_15' is power-on initialization.
WARNING: [RTGEN 206-101] Register 'cor_phaseClass12i_V_13' is power-on initialization.
WARNING: [RTGEN 206-101] Register 'cor_phaseClass12q_V_13' is power-on initialization.
WARNING: [RTGEN 206-101] Register 'cor_phaseClass12i_V_12' is power-on initialization.
WARNING: [RTGEN 206-101] Register 'cor_phaseClass12q_V_12' is power-on initialization.
WARNING: [RTGEN 206-101] Register 'cor_phaseClass12i_V_11' is power-on initialization.
WARNING: [RTGEN 206-101] Register 'cor_phaseClass12q_V_11' is power-on initialization.
WARNING: [RTGEN 206-101] Register 'cor_phaseClass12i_V_10' is power-on initialization.
WARNING: [RTGEN 206-101] Register 'cor_phaseClass12q_V_10' is power-on initialization.
WARNING: [RTGEN 206-101] Register 'cor_phaseClass12i_V_9' is power-on initialization.
WARNING: [RTGEN 206-101] Register 'cor_phaseClass12q_V_9' is power-on initialization.
WARNING: [RTGEN 206-101] Register 'cor_phaseClass12i_V_8' is power-on initialization.
WARNING: [RTGEN 206-101] Register 'cor_phaseClass12q_V_8' is power-on initialization.
WARNING: [RTGEN 206-101] Register 'cor_phaseClass12i_V_7' is power-on initialization.
WARNING: [RTGEN 206-101] Register 'cor_phaseClass12q_V_7' is power-on initialization.
WARNING: [RTGEN 206-101] Register 'cor_phaseClass12i_V_6' is power-on initialization.
WARNING: [RTGEN 206-101] Register 'cor_phaseClass12q_V_6' is power-on initialization.
WARNING: [RTGEN 206-101] Register 'cor_phaseClass12i_V_5' is power-on initialization.
WARNING: [RTGEN 206-101] Register 'cor_phaseClass12q_V_5' is power-on initialization.
WARNING: [RTGEN 206-101] Register 'cor_phaseClass12i_V_4' is power-on initialization.
WARNING: [RTGEN 206-101] Register 'cor_phaseClass12q_V_4' is power-on initialization.
WARNING: [RTGEN 206-101] Register 'cor_phaseClass12i_V_3' is power-on initialization.
WARNING: [RTGEN 206-101] Register 'cor_phaseClass12q_V_3' is power-on initialization.
WARNING: [RTGEN 206-101] Register 'cor_phaseClass12i_V_2' is power-on initialization.
WARNING: [RTGEN 206-101] Register 'cor_phaseClass12q_V_2' is power-on initialization.
WARNING: [RTGEN 206-101] Register 'cor_phaseClass12i_V_1' is power-on initialization.
WARNING: [RTGEN 206-101] Register 'cor_phaseClass12q_V_1' is power-on initialization.
WARNING: [RTGEN 206-101] Register 'cor_phaseClass12i_V_s' is power-on initialization.
WARNING: [RTGEN 206-101] Register 'cor_phaseClass12q_V_s' is power-on initialization.
WARNING: [RTGEN 206-101] Register 'cor_phaseClass13i_V_14' is power-on initialization.
WARNING: [RTGEN 206-101] Register 'cor_phaseClass13i_V_15' is power-on initialization.
WARNING: [RTGEN 206-101] Register 'cor_phaseClass13q_V_14' is power-on initialization.
WARNING: [RTGEN 206-101] Register 'cor_phaseClass13q_V_15' is power-on initialization.
WARNING: [RTGEN 206-101] Register 'cor_phaseClass13i_V_13' is power-on initialization.
WARNING: [RTGEN 206-101] Register 'cor_phaseClass13q_V_13' is power-on initialization.
WARNING: [RTGEN 206-101] Register 'cor_phaseClass13i_V_12' is power-on initialization.
WARNING: [RTGEN 206-101] Register 'cor_phaseClass13q_V_12' is power-on initialization.
WARNING: [RTGEN 206-101] Register 'cor_phaseClass13i_V_11' is power-on initialization.
WARNING: [RTGEN 206-101] Register 'cor_phaseClass13q_V_11' is power-on initialization.
WARNING: [RTGEN 206-101] Register 'cor_phaseClass13i_V_10' is power-on initialization.
WARNING: [RTGEN 206-101] Register 'cor_phaseClass13q_V_10' is power-on initialization.
WARNING: [RTGEN 206-101] Register 'cor_phaseClass13i_V_9' is power-on initialization.
WARNING: [RTGEN 206-101] Register 'cor_phaseClass13q_V_9' is power-on initialization.
WARNING: [RTGEN 206-101] Register 'cor_phaseClass13i_V_8' is power-on initialization.
WARNING: [RTGEN 206-101] Register 'cor_phaseClass13q_V_8' is power-on initialization.
WARNING: [RTGEN 206-101] Register 'cor_phaseClass13i_V_7' is power-on initialization.
WARNING: [RTGEN 206-101] Register 'cor_phaseClass13q_V_7' is power-on initialization.
WARNING: [RTGEN 206-101] Register 'cor_phaseClass13i_V_6' is power-on initialization.
WARNING: [RTGEN 206-101] Register 'cor_phaseClass13q_V_6' is power-on initialization.
WARNING: [RTGEN 206-101] Register 'cor_phaseClass13i_V_5' is power-on initialization.
WARNING: [RTGEN 206-101] Register 'cor_phaseClass13q_V_5' is power-on initialization.
WARNING: [RTGEN 206-101] Register 'cor_phaseClass13i_V_4' is power-on initialization.
WARNING: [RTGEN 206-101] Register 'cor_phaseClass13q_V_4' is power-on initialization.
WARNING: [RTGEN 206-101] Register 'cor_phaseClass13i_V_3' is power-on initialization.
WARNING: [RTGEN 206-101] Register 'cor_phaseClass13q_V_3' is power-on initialization.
WARNING: [RTGEN 206-101] Register 'cor_phaseClass13i_V_2' is power-on initialization.
WARNING: [RTGEN 206-101] Register 'cor_phaseClass13q_V_2' is power-on initialization.
WARNING: [RTGEN 206-101] Register 'cor_phaseClass13i_V_1' is power-on initialization.
WARNING: [RTGEN 206-101] Register 'cor_phaseClass13q_V_1' is power-on initialization.
WARNING: [RTGEN 206-101] Register 'cor_phaseClass13i_V_s' is power-on initialization.
WARNING: [RTGEN 206-101] Register 'cor_phaseClass13q_V_s' is power-on initialization.
WARNING: [RTGEN 206-101] Register 'cor_phaseClass14i_V_14' is power-on initialization.
WARNING: [RTGEN 206-101] Register 'cor_phaseClass14i_V_15' is power-on initialization.
WARNING: [RTGEN 206-101] Register 'cor_phaseClass14q_V_14' is power-on initialization.
WARNING: [RTGEN 206-101] Register 'cor_phaseClass14q_V_15' is power-on initialization.
WARNING: [RTGEN 206-101] Register 'cor_phaseClass14i_V_13' is power-on initialization.
WARNING: [RTGEN 206-101] Register 'cor_phaseClass14q_V_13' is power-on initialization.
WARNING: [RTGEN 206-101] Register 'cor_phaseClass14i_V_12' is power-on initialization.
WARNING: [RTGEN 206-101] Register 'cor_phaseClass14q_V_12' is power-on initialization.
WARNING: [RTGEN 206-101] Register 'cor_phaseClass14i_V_11' is power-on initialization.
WARNING: [RTGEN 206-101] Register 'cor_phaseClass14q_V_11' is power-on initialization.
WARNING: [RTGEN 206-101] Register 'cor_phaseClass14i_V_10' is power-on initialization.
WARNING: [RTGEN 206-101] Register 'cor_phaseClass14q_V_10' is power-on initialization.
WARNING: [RTGEN 206-101] Register 'cor_phaseClass14i_V_9' is power-on initialization.
WARNING: [RTGEN 206-101] Register 'cor_phaseClass14q_V_9' is power-on initialization.
WARNING: [RTGEN 206-101] Register 'cor_phaseClass14i_V_8' is power-on initialization.
WARNING: [RTGEN 206-101] Register 'cor_phaseClass14q_V_8' is power-on initialization.
WARNING: [RTGEN 206-101] Register 'cor_phaseClass14i_V_7' is power-on initialization.
WARNING: [RTGEN 206-101] Register 'cor_phaseClass14q_V_7' is power-on initialization.
WARNING: [RTGEN 206-101] Register 'cor_phaseClass14i_V_6' is power-on initialization.
WARNING: [RTGEN 206-101] Register 'cor_phaseClass14q_V_6' is power-on initialization.
WARNING: [RTGEN 206-101] Register 'cor_phaseClass14i_V_5' is power-on initialization.
WARNING: [RTGEN 206-101] Register 'cor_phaseClass14q_V_5' is power-on initialization.
WARNING: [RTGEN 206-101] Register 'cor_phaseClass14i_V_4' is power-on initialization.
WARNING: [RTGEN 206-101] Register 'cor_phaseClass14q_V_4' is power-on initialization.
WARNING: [RTGEN 206-101] Register 'cor_phaseClass14i_V_3' is power-on initialization.
WARNING: [RTGEN 206-101] Register 'cor_phaseClass14q_V_3' is power-on initialization.
WARNING: [RTGEN 206-101] Register 'cor_phaseClass14i_V_2' is power-on initialization.
WARNING: [RTGEN 206-101] Register 'cor_phaseClass14q_V_2' is power-on initialization.
WARNING: [RTGEN 206-101] Register 'cor_phaseClass14i_V_1' is power-on initialization.
WARNING: [RTGEN 206-101] Register 'cor_phaseClass14q_V_1' is power-on initialization.
WARNING: [RTGEN 206-101] Register 'cor_phaseClass14i_V_s' is power-on initialization.
WARNING: [RTGEN 206-101] Register 'cor_phaseClass14q_V_s' is power-on initialization.
WARNING: [RTGEN 206-101] Register 'cor_phaseClass15i_V_14' is power-on initialization.
WARNING: [RTGEN 206-101] Register 'cor_phaseClass15i_V_15' is power-on initialization.
WARNING: [RTGEN 206-101] Register 'cor_phaseClass15q_V_14' is power-on initialization.
WARNING: [RTGEN 206-101] Register 'cor_phaseClass15q_V_15' is power-on initialization.
WARNING: [RTGEN 206-101] Register 'cor_phaseClass15i_V_13' is power-on initialization.
WARNING: [RTGEN 206-101] Register 'cor_phaseClass15q_V_13' is power-on initialization.
WARNING: [RTGEN 206-101] Register 'cor_phaseClass15i_V_12' is power-on initialization.
WARNING: [RTGEN 206-101] Register 'cor_phaseClass15q_V_12' is power-on initialization.
WARNING: [RTGEN 206-101] Register 'cor_phaseClass15i_V_11' is power-on initialization.
WARNING: [RTGEN 206-101] Register 'cor_phaseClass15q_V_11' is power-on initialization.
WARNING: [RTGEN 206-101] Register 'cor_phaseClass15i_V_10' is power-on initialization.
WARNING: [RTGEN 206-101] Register 'cor_phaseClass15q_V_10' is power-on initialization.
WARNING: [RTGEN 206-101] Register 'cor_phaseClass15i_V_9' is power-on initialization.
WARNING: [RTGEN 206-101] Register 'cor_phaseClass15q_V_9' is power-on initialization.
WARNING: [RTGEN 206-101] Register 'cor_phaseClass15i_V_8' is power-on initialization.
WARNING: [RTGEN 206-101] Register 'cor_phaseClass15q_V_8' is power-on initialization.
WARNING: [RTGEN 206-101] Register 'cor_phaseClass15i_V_7' is power-on initialization.
WARNING: [RTGEN 206-101] Register 'cor_phaseClass15q_V_7' is power-on initialization.
WARNING: [RTGEN 206-101] Register 'cor_phaseClass15i_V_6' is power-on initialization.
WARNING: [RTGEN 206-101] Register 'cor_phaseClass15q_V_6' is power-on initialization.
WARNING: [RTGEN 206-101] Register 'cor_phaseClass15i_V_5' is power-on initialization.
WARNING: [RTGEN 206-101] Register 'cor_phaseClass15q_V_5' is power-on initialization.
WARNING: [RTGEN 206-101] Register 'cor_phaseClass15i_V_4' is power-on initialization.
WARNING: [RTGEN 206-101] Register 'cor_phaseClass15q_V_4' is power-on initialization.
WARNING: [RTGEN 206-101] Register 'cor_phaseClass15i_V_3' is power-on initialization.
WARNING: [RTGEN 206-101] Register 'cor_phaseClass15q_V_3' is power-on initialization.
WARNING: [RTGEN 206-101] Register 'cor_phaseClass15i_V_2' is power-on initialization.
WARNING: [RTGEN 206-101] Register 'cor_phaseClass15q_V_2' is power-on initialization.
WARNING: [RTGEN 206-101] Register 'cor_phaseClass15i_V_1' is power-on initialization.
WARNING: [RTGEN 206-101] Register 'cor_phaseClass15q_V_1' is power-on initialization.
WARNING: [RTGEN 206-101] Register 'cor_phaseClass15i_V_s' is power-on initialization.
WARNING: [RTGEN 206-101] Register 'cor_phaseClass15q_V_s' is power-on initialization.
INFO: [RTGEN 206-100] Finished creating RTL model for 'correlateTopSynch'.
INFO: [HLS 200-111]  Elapsed time: 4 seconds; current allocated memory: 274.462 MB.
INFO: [HLS 200-111] Finished generating all RTL models Time (s): cpu = 00:00:29 ; elapsed = 00:00:24 . Memory (MB): peak = 669.797 ; gain = 334.227 ; free physical = 6858 ; free virtual = 11536
INFO: [SYSC 207-301] Generating SystemC RTL for correlateTopSynch.
INFO: [VHDL 208-304] Generating VHDL RTL for correlateTopSynch.
INFO: [VLOG 209-307] Generating Verilog RTL for correlateTopSynch.
INFO: [HLS 200-112] Total elapsed time: 23.7 seconds; peak allocated memory: 274.462 MB.
