INFO: [XSIM 43-3496] Using init file passed via -initfile option "/opt/Xilinx/Vivado/2017.2/data/xsim/ip/xsim_ip.ini".
Vivado Simulator 2017.2
Copyright 1986-1999, 2001-2016 Xilinx, Inc. All Rights Reserved.
Running: /opt/Xilinx/Vivado/2017.2/bin/unwrapped/lnx64.o/xelab xil_defaultlib.apatb_correlateTop_top -prj correlateTop.prj -L axi_protocol_checker_v1_1_12 -L axi_protocol_checker_v1_1_13 -L axis_protocol_checker_v1_1_11 -L axis_protocol_checker_v1_1_12 --initfile /opt/Xilinx/Vivado/2017.2/data/xsim/ip/xsim_ip.ini --lib ieee_proposed=./ieee_proposed -s correlateTop -debug wave 
Multi-threading is on. Using 2 slave threads.
WARNING: [XSIM 43-3431] One or more environment variables have been detected which affect the operation of the C compiler. These are typically not set in standard installations and are not tested by Xilinx, however they may be appropriate for your system, so the flow will attempt to continue.  If errors occur, try running fuse with the "-mt off -v 1" switches to see more information from the C compiler. The following environment variables have been detected:
INFO: [VRFC 10-2263] Analyzing SystemVerilog file "/home/alex/Documents/RFNoCFrameSynchHWAccel/correlatorDev/correlator/solution1/sim/verilog/correlateTop.v" into library xil_defaultlib
INFO: [VRFC 10-311] analyzing module correlateTop
INFO: [VRFC 10-2263] Analyzing SystemVerilog file "/home/alex/Documents/RFNoCFrameSynchHWAccel/correlatorDev/correlator/solution1/sim/verilog/AESL_axi_s_i_data.v" into library xil_defaultlib
INFO: [VRFC 10-311] analyzing module AESL_axi_s_i_data
INFO: [VRFC 10-2263] Analyzing SystemVerilog file "/home/alex/Documents/RFNoCFrameSynchHWAccel/correlatorDev/correlator/solution1/sim/verilog/AESL_fifo.v" into library xil_defaultlib
INFO: [VRFC 10-311] analyzing module fifo
INFO: [VRFC 10-2263] Analyzing SystemVerilog file "/home/alex/Documents/RFNoCFrameSynchHWAccel/correlatorDev/correlator/solution1/sim/verilog/AESL_axi_s_o_data.v" into library xil_defaultlib
INFO: [VRFC 10-311] analyzing module AESL_axi_s_o_data
INFO: [VRFC 10-2263] Analyzing SystemVerilog file "/home/alex/Documents/RFNoCFrameSynchHWAccel/correlatorDev/correlator/solution1/sim/verilog/correlateTop.autotb.v" into library xil_defaultlib
INFO: [VRFC 10-311] analyzing module apatb_correlateTop_top
Starting static elaboration
Completed static elaboration
Starting simulation data flow analysis
Completed simulation data flow analysis
Time Resolution for simulation is 1ps
Compiling module xil_defaultlib.correlateTop
Compiling module xil_defaultlib.fifo(DEPTH=1,WIDTH=32)
Compiling module xil_defaultlib.fifo(DEPTH=1,WIDTH=1)
Compiling module xil_defaultlib.AESL_axi_s_i_data
Compiling module xil_defaultlib.AESL_axi_s_o_data
Compiling module xil_defaultlib.apatb_correlateTop_top
Built simulation snapshot correlateTop
