

================================================================
== Vivado HLS Report for 'averaging'
================================================================
* Date:           Sat Feb  9 16:58:04 2019

* Version:        2017.4 (Build 2086221 on Fri Dec 15 21:13:33 MST 2017)
* Project:        matchedFilter
* Solution:       solution1
* Product family: kintex7
* Target device:  xc7k410tffg900-2


================================================================
== Performance Estimates
================================================================
+ Timing (ns): 
    * Summary: 
    +--------+-------+----------+------------+
    |  Clock | Target| Estimated| Uncertainty|
    +--------+-------+----------+------------+
    |ap_clk  |   5.00|      1.15|        0.62|
    +--------+-------+----------+------------+

+ Latency (clock cycles): 
    * Summary: 
    +-----+-----+-----+-----+----------+
    |  Latency  |  Interval | Pipeline |
    | min | max | min | max |   Type   |
    +-----+-----+-----+-----+----------+
    |   15|   15|   16|   16| function |
    +-----+-----+-----+-----+----------+

    + Detail: 
        * Instance: 
        N/A

        * Loop: 
        N/A



================================================================
== Utilization Estimates
================================================================
* Summary: 
+-----------------+---------+-------+--------+--------+
|       Name      | BRAM_18K| DSP48E|   FF   |   LUT  |
+-----------------+---------+-------+--------+--------+
|DSP              |        -|      -|       -|       -|
|Expression       |        -|      -|       0|      64|
|FIFO             |        -|      -|       -|       -|
|Instance         |        -|      -|       -|       -|
|Memory           |        1|      -|      16|      20|
|Multiplexer      |        -|      -|       -|     326|
|Register         |        -|      -|     630|       -|
+-----------------+---------+-------+--------+--------+
|Total            |        1|      0|     646|     410|
+-----------------+---------+-------+--------+--------+
|Available        |     1590|   1540|  508400|  254200|
+-----------------+---------+-------+--------+--------+
|Utilization (%)  |    ~0   |      0|   ~0   |   ~0   |
+-----------------+---------+-------+--------+--------+

+ Detail: 
    * Instance: 
    N/A

    * DSP48: 
    N/A

    * Memory: 
    +----------------+----------------------+---------+----+----+------+-----+------+-------------+
    |     Memory     |        Module        | BRAM_18K| FF | LUT| Words| Bits| Banks| W*Bits*Banks|
    +----------------+----------------------+---------+----+----+------+-----+------+-------------+
    |data_reg_q_V_U  |averaging_data_rebkb  |        1|  16|  20|    16|   16|     1|          256|
    +----------------+----------------------+---------+----+----+------+-----+------+-------------+
    |Total           |                      |        1|  16|  20|    16|   16|     1|          256|
    +----------------+----------------------+---------+----+----+------+-----+------+-------------+

    * FIFO: 
    N/A

    * Expression: 
    +----------------------------------+----------+-------+---+----+------------+------------+
    |           Variable Name          | Operation| DSP48E| FF| LUT| Bitwidth P0| Bitwidth P1|
    +----------------------------------+----------+-------+---+----+------------+------------+
    |ap_block_state2_io                |    and   |      0|  0|   8|           1|           1|
    |ap_condition_228                  |    and   |      0|  0|   8|           1|           1|
    |ap_predicate_op141_read_state16   |    and   |      0|  0|   8|           1|           1|
    |o_data_V_data_V_1_load_A          |    and   |      0|  0|   8|           1|           1|
    |o_data_V_data_V_1_load_B          |    and   |      0|  0|   8|           1|           1|
    |tmp_nbreadreq_fu_150_p4           |    and   |      0|  0|   8|           1|           0|
    |o_data_V_data_V_1_state_cmp_full  |   icmp   |      0|  0|   8|           2|           1|
    |ap_block_state16                  |    or    |      0|  0|   8|           1|           1|
    +----------------------------------+----------+-------+---+----+------------+------------+
    |Total                             |          |      0|  0|  64|           9|           7|
    +----------------------------------+----------+-------+---+----+------------+------------+

    * Multiplexer: 
    +-------------------------------------------------+----+-----------+-----+-----------+
    |                       Name                      | LUT| Input Size| Bits| Total Bits|
    +-------------------------------------------------+----+-----------+-----+-----------+
    |ap_NS_fsm                                        |  85|         17|    1|         17|
    |ap_phi_mux_data_valid_reg_V_new_1_phi_fu_205_p6  |   9|          2|   24|         48|
    |data_reg_q_V_address0                            |  37|          9|    4|         36|
    |data_reg_q_V_address1                            |  37|          9|    4|         36|
    |data_reg_q_V_d0                                  |  37|          9|   16|        144|
    |data_reg_q_V_d1                                  |  37|          9|   16|        144|
    |data_valid_reg_V_new_1_reg_202                   |  13|          3|   24|         72|
    |i_data_TDATA_blk_n                               |   9|          2|    1|          2|
    |o_data_TDATA_blk_n                               |   9|          2|    1|          2|
    |o_data_V_data_V_1_data_out                       |   9|          2|   32|         64|
    |o_data_V_data_V_1_state                          |  13|          3|    2|          6|
    |o_data_V_last_V_1_state                          |  13|          3|    2|          6|
    |reg_213                                          |   9|          2|   16|         32|
    |reg_220                                          |   9|          2|   16|         32|
    +-------------------------------------------------+----+-----------+-----+-----------+
    |Total                                            | 326|         74|  159|        641|
    +-------------------------------------------------+----+-----------+-----+-----------+

    * Register: 
    +--------------------------------+----+----+-----+-----------+
    |              Name              | FF | LUT| Bits| Const Bits|
    +--------------------------------+----+----+-----+-----------+
    |ap_CS_fsm                       |  16|   0|   16|          0|
    |currentState                    |   1|   0|    1|          0|
    |currentState_load_reg_524       |   1|   0|    1|          0|
    |currentwrState                  |   1|   0|    1|          0|
    |currentwrState_load_reg_496     |   1|   0|    1|          0|
    |data_reg_i_V_0                  |  16|   0|   16|          0|
    |data_reg_i_V_1                  |  16|   0|   16|          0|
    |data_reg_i_V_10                 |  16|   0|   16|          0|
    |data_reg_i_V_11                 |  16|   0|   16|          0|
    |data_reg_i_V_11_load_reg_505    |  16|   0|   16|          0|
    |data_reg_i_V_2                  |  16|   0|   16|          0|
    |data_reg_i_V_3                  |  16|   0|   16|          0|
    |data_reg_i_V_4                  |  16|   0|   16|          0|
    |data_reg_i_V_5                  |  16|   0|   16|          0|
    |data_reg_i_V_6                  |  16|   0|   16|          0|
    |data_reg_i_V_7                  |  16|   0|   16|          0|
    |data_reg_i_V_8                  |  16|   0|   16|          0|
    |data_reg_i_V_9                  |  16|   0|   16|          0|
    |data_reg_q_V_load_10_reg_576    |  16|   0|   16|          0|
    |data_reg_q_V_load_11_reg_581    |  16|   0|   16|          0|
    |data_reg_q_V_load_12_reg_586    |  16|   0|   16|          0|
    |data_reg_q_V_load_13_reg_591    |  16|   0|   16|          0|
    |data_reg_q_V_load_3_reg_541     |  16|   0|   16|          0|
    |data_reg_q_V_load_4_reg_546     |  16|   0|   16|          0|
    |data_reg_q_V_load_5_reg_551     |  16|   0|   16|          0|
    |data_reg_q_V_load_6_reg_556     |  16|   0|   16|          0|
    |data_reg_q_V_load_7_reg_561     |  16|   0|   16|          0|
    |data_reg_q_V_load_8_reg_566     |  16|   0|   16|          0|
    |data_reg_q_V_load_9_reg_571     |  16|   0|   16|          0|
    |data_valid_reg_V                |  24|   0|   24|          0|
    |data_valid_reg_V_new_1_reg_202  |  24|   0|   24|          0|
    |firstLoad_V                     |   1|   0|    1|          0|
    |firstLoad_V_load_reg_528        |   1|   0|    1|          0|
    |o_data_V_data_V_1_payload_A     |  32|   0|   32|          0|
    |o_data_V_data_V_1_payload_B     |  32|   0|   32|          0|
    |o_data_V_data_V_1_sel_rd        |   1|   0|    1|          0|
    |o_data_V_data_V_1_sel_wr        |   1|   0|    1|          0|
    |o_data_V_data_V_1_state         |   2|   0|    2|          0|
    |o_data_V_last_V_1_sel_rd        |   1|   0|    1|          0|
    |o_data_V_last_V_1_state         |   2|   0|    2|          0|
    |p_Result_4_reg_519              |  24|   0|   24|          0|
    |p_Val2_s_reg_500                |  24|   0|   24|          0|
    |reg_213                         |  16|   0|   16|          0|
    |reg_220                         |  16|   0|   16|          0|
    |start_V_read_reg_492            |   1|   0|    1|          0|
    |tmp_2_reg_514                   |  23|   0|   23|          0|
    |tmp_reg_532                     |   1|   0|    1|          0|
    +--------------------------------+----+----+-----+-----------+
    |Total                           | 630|   0|  630|          0|
    +--------------------------------+----+----+-----+-----------+



================================================================
== Interface
================================================================
* Summary: 
+---------------+-----+-----+--------------+-----------------+--------------+
|   RTL Ports   | Dir | Bits|   Protocol   |  Source Object  |    C Type    |
+---------------+-----+-----+--------------+-----------------+--------------+
|ap_clk         |  in |    1| ap_ctrl_none |    averaging    | return value |
|ap_rst_n       |  in |    1| ap_ctrl_none |    averaging    | return value |
|i_data_TDATA   |  in |   32|     axis     | i_data_V_data_V |    pointer   |
|i_data_TVALID  |  in |    1|     axis     | i_data_V_last_V |    pointer   |
|i_data_TREADY  | out |    1|     axis     | i_data_V_last_V |    pointer   |
|i_data_TLAST   |  in |    1|     axis     | i_data_V_last_V |    pointer   |
|o_data_TDATA   | out |   32|     axis     | o_data_V_data_V |    pointer   |
|o_data_TVALID  | out |    1|     axis     | o_data_V_last_V |    pointer   |
|o_data_TREADY  |  in |    1|     axis     | o_data_V_last_V |    pointer   |
|o_data_TLAST   | out |    1|     axis     | o_data_V_last_V |    pointer   |
|start_V        |  in |    1|    ap_none   |     start_V     |    scalar    |
+---------------+-----+-----+--------------+-----------------+--------------+

