In file included from apatb_correlateTop.cpp:20:0:
/opt/Xilinx/Vivado/2017.4/include/ap_stream.h:70:2: warning: #warning AP_STREAM macros are deprecated. Please use hls::stream<> from "hls_stream.h" instead. [-Wcpp]
In file included from /opt/Xilinx/Vivado/2017.4/include/floating_point_v7_0_bitacc_cmodel.h:148:0,
                 from /opt/Xilinx/Vivado/2017.4/include/hls_fpo.h:172,
                 from /opt/Xilinx/Vivado/2017.4/include/hls_half.h:57,
                 from /opt/Xilinx/Vivado/2017.4/include/ap_int.h:74,
                 from /home/alex/Documents/RFNoCFrameSynchHWAccel/correlatorDev/correlator.h:1,
                 from /home/alex/Documents/RFNoCFrameSynchHWAccel/correlatorDev/correlator.cpp:2:
/opt/Xilinx/Vivado/2017.4/include/mpfr.h:181:9: error: ‘__gmp_const’ does not name a type
In file included from /opt/Xilinx/Vivado/2017.4/include/floating_point_v7_0_bitacc_cmodel.h:148:0,
                 from /opt/Xilinx/Vivado/2017.4/include/hls_fpo.h:172,
                 from /opt/Xilinx/Vivado/2017.4/include/hls_half.h:57,
                 from /opt/Xilinx/Vivado/2017.4/include/ap_int.h:74,
                 from /home/alex/Documents/RFNoCFrameSynchHWAccel/correlatorDev/correlator.h:1,
                 from /home/alex/Documents/RFNoCFrameSynchHWAccel/correlatorDev/correlator.cpp:2:
/opt/Xilinx/Vivado/2017.4/include/mpfr.h:244:2: error: ‘__gmp_const’ does not name a type
/opt/Xilinx/Vivado/2017.4/include/mpfr.h:245:2: error: ‘__gmp_const’ does not name a type
/opt/Xilinx/Vivado/2017.4/include/mpfr.h:260:2: error: ‘__gmp_const’ does not name a type
/opt/Xilinx/Vivado/2017.4/include/mpfr.h:299:19: error: ‘mpfr_srcptr’ was not declared in this scope
/opt/Xilinx/Vivado/2017.4/include/mpfr.h:299:42: error: expected primary-expression before ‘,’ token
/opt/Xilinx/Vivado/2017.4/include/mpfr.h:299:54: error: expected primary-expression before ‘,’ token
/opt/Xilinx/Vivado/2017.4/include/mpfr.h:299:66: error: expected primary-expression before ‘,’ token
/opt/Xilinx/Vivado/2017.4/include/mpfr.h:299:79: error: expected primary-expression before ‘)’ token
/opt/Xilinx/Vivado/2017.4/include/mpfr.h:299:79: error: expression list treated as compound expression in initializer [-fpermissive]
/opt/Xilinx/Vivado/2017.4/include/mpfr.h:301:29: error: ‘mpfr_srcptr’ was not declared in this scope
/opt/Xilinx/Vivado/2017.4/include/mpfr.h:303:27: error: ‘mpfr_srcptr’ was not declared in this scope
/opt/Xilinx/Vivado/2017.4/include/mpfr.h:305:29: error: ‘mpfr_srcptr’ was not declared in this scope
/opt/Xilinx/Vivado/2017.4/include/mpfr.h:329:24: error: ‘mpfr_srcptr’ has not been declared
/opt/Xilinx/Vivado/2017.4/include/mpfr.h:340:27: error: ‘__gmp_const’ has not been declared
/opt/Xilinx/Vivado/2017.4/include/mpfr.h:340:44: error: two or more data types in declaration of ‘parameter’
/opt/Xilinx/Vivado/2017.4/include/mpfr.h:340:45: error: expected ‘)’ before ‘,’ token
/opt/Xilinx/Vivado/2017.4/include/mpfr.h:340:47: error: expected unqualified-id before ‘int’
/opt/Xilinx/Vivado/2017.4/include/mpfr.h:342:32: error: ‘__gmp_const’ has not been declared
/opt/Xilinx/Vivado/2017.4/include/mpfr.h:342:49: error: two or more data types in declaration of ‘parameter’
/opt/Xilinx/Vivado/2017.4/include/mpfr.h:342:50: error: expected ‘)’ before ‘,’ token
/opt/Xilinx/Vivado/2017.4/include/mpfr.h:342:52: error: expected unqualified-id before ‘int’
/opt/Xilinx/Vivado/2017.4/include/mpfr.h:345:24: error: ‘mpfr_srcptr’ has not been declared
/opt/Xilinx/Vivado/2017.4/include/mpfr.h:347:23: error: ‘mpfr_srcptr’ has not been declared
/opt/Xilinx/Vivado/2017.4/include/mpfr.h:349:23: error: ‘mpfr_srcptr’ has not been declared
/opt/Xilinx/Vivado/2017.4/include/mpfr.h:350:26: error: ‘mpfr_srcptr’ has not been declared
/opt/Xilinx/Vivado/2017.4/include/mpfr.h:351:20: error: ‘mpfr_srcptr’ was not declared in this scope
/opt/Xilinx/Vivado/2017.4/include/mpfr.h:353:27: error: ‘mpfr_srcptr’ has not been declared
/opt/Xilinx/Vivado/2017.4/include/mpfr.h:355:28: error: ‘mpfr_srcptr’ has not been declared
/opt/Xilinx/Vivado/2017.4/include/mpfr.h:355:41: error: ‘mpfr_srcptr’ has not been declared
In file included from /opt/Xilinx/Vivado/2017.4/include/floating_point_v7_0_bitacc_cmodel.h:148:0,
                 from /opt/Xilinx/Vivado/2017.4/include/hls_fpo.h:172,
                 from /opt/Xilinx/Vivado/2017.4/include/hls_half.h:57,
                 from /opt/Xilinx/Vivado/2017.4/include/ap_int.h:74,
                 from /home/alex/Documents/RFNoCFrameSynchHWAccel/correlatorDev/correlator.h:1,
                 from /home/alex/Documents/RFNoCFrameSynchHWAccel/correlatorDev/correlator.cpp:2:
/opt/Xilinx/Vivado/2017.4/include/mpfr.h:370:32: error: ‘mpfr_srcptr’ was not declared in this scope
/opt/Xilinx/Vivado/2017.4/include/mpfr.h:370:55: error: expected primary-expression before ‘)’ token
/opt/Xilinx/Vivado/2017.4/include/mpfr.h:370:55: error: expression list treated as compound expression in initializer [-fpermissive]
/opt/Xilinx/Vivado/2017.4/include/mpfr.h:371:33: error: ‘mpfr_srcptr’ was not declared in this scope
/opt/Xilinx/Vivado/2017.4/include/mpfr.h:371:56: error: expected primary-expression before ‘)’ token
/opt/Xilinx/Vivado/2017.4/include/mpfr.h:371:56: error: expression list treated as compound expression in initializer [-fpermissive]
/opt/Xilinx/Vivado/2017.4/include/mpfr.h:374:39: error: ‘mpfr_srcptr’ has not been declared
/opt/Xilinx/Vivado/2017.4/include/mpfr.h:375:22: error: ‘mpfr_srcptr’ was not declared in this scope
/opt/Xilinx/Vivado/2017.4/include/mpfr.h:375:45: error: expected primary-expression before ‘)’ token
/opt/Xilinx/Vivado/2017.4/include/mpfr.h:375:45: error: expression list treated as compound expression in initializer [-fpermissive]
/opt/Xilinx/Vivado/2017.4/include/mpfr.h:376:21: error: ‘mpfr_srcptr’ was not declared in this scope
/opt/Xilinx/Vivado/2017.4/include/mpfr.h:376:44: error: expected primary-expression before ‘)’ token
/opt/Xilinx/Vivado/2017.4/include/mpfr.h:376:44: error: expression list treated as compound expression in initializer [-fpermissive]
/opt/Xilinx/Vivado/2017.4/include/mpfr.h:381:27: error: ‘mpfr_srcptr’ was not declared in this scope
/opt/Xilinx/Vivado/2017.4/include/mpfr.h:381:50: error: expected primary-expression before ‘)’ token
/opt/Xilinx/Vivado/2017.4/include/mpfr.h:381:50: error: expression list treated as compound expression in initializer [-fpermissive]
/opt/Xilinx/Vivado/2017.4/include/mpfr.h:383:22: error: ‘mpfr_srcptr’ was not declared in this scope
/opt/Xilinx/Vivado/2017.4/include/mpfr.h:384:33: error: ‘mpfr_srcptr’ has not been declared
/opt/Xilinx/Vivado/2017.4/include/mpfr.h:386:39: error: ‘mpfr_srcptr’ has not been declared
/opt/Xilinx/Vivado/2017.4/include/mpfr.h:388:20: error: ‘mpfr_srcptr’ was not declared in this scope
/opt/Xilinx/Vivado/2017.4/include/mpfr.h:388:43: error: expected primary-expression before ‘)’ token
/opt/Xilinx/Vivado/2017.4/include/mpfr.h:388:43: error: expression list treated as compound expression in initializer [-fpermissive]
/opt/Xilinx/Vivado/2017.4/include/mpfr.h:389:29: error: ‘mpfr_srcptr’ was not declared in this scope
/opt/Xilinx/Vivado/2017.4/include/mpfr.h:389:52: error: expected primary-expression before ‘)’ token
/opt/Xilinx/Vivado/2017.4/include/mpfr.h:389:52: error: expression list treated as compound expression in initializer [-fpermissive]
/opt/Xilinx/Vivado/2017.4/include/mpfr.h:391:54: error: ‘mpfr_srcptr’ has not been declared
/opt/Xilinx/Vivado/2017.4/include/mpfr.h:393:29: error: ‘mpfr_srcptr’ has not been declared
/opt/Xilinx/Vivado/2017.4/include/mpfr.h:404:34: error: ‘mpfr_srcptr’ has not been declared
/opt/Xilinx/Vivado/2017.4/include/mpfr.h:411:46: error: ‘mpfr_srcptr’ has not been declared
/opt/Xilinx/Vivado/2017.4/include/mpfr.h:414:30: error: ‘__gmp_const’ has not been declared
/opt/Xilinx/Vivado/2017.4/include/mpfr.h:414:46: error: two or more data types in declaration of ‘parameter’
/opt/Xilinx/Vivado/2017.4/include/mpfr.h:414:47: error: expected ‘)’ before ‘,’ token
/opt/Xilinx/Vivado/2017.4/include/mpfr.h:414:49: error: expected unqualified-id before ‘...’ token
/opt/Xilinx/Vivado/2017.4/include/mpfr.h:417:19: error: ‘__gmp_const’ was not declared in this scope
/opt/Xilinx/Vivado/2017.4/include/mpfr.h:417:38: error: expected primary-expression before ‘...’ token
/opt/Xilinx/Vivado/2017.4/include/mpfr.h:417:41: error: expression list treated as compound expression in initializer [-fpermissive]
/opt/Xilinx/Vivado/2017.4/include/mpfr.h:418:29: error: ‘__gmp_const’ has not been declared
/opt/Xilinx/Vivado/2017.4/include/mpfr.h:418:45: error: two or more data types in declaration of ‘parameter’
/opt/Xilinx/Vivado/2017.4/include/mpfr.h:418:46: error: expected ‘)’ before ‘,’ token
/opt/Xilinx/Vivado/2017.4/include/mpfr.h:418:48: error: expected unqualified-id before ‘...’ token
/opt/Xilinx/Vivado/2017.4/include/mpfr.h:420:27: error: ‘__gmp_const’ has not been declared
/opt/Xilinx/Vivado/2017.4/include/mpfr.h:420:43: error: two or more data types in declaration of ‘parameter’
/opt/Xilinx/Vivado/2017.4/include/mpfr.h:420:44: error: expected ‘)’ before ‘,’ token
/opt/Xilinx/Vivado/2017.4/include/mpfr.h:420:46: error: expected unqualified-id before ‘...’ token
/opt/Xilinx/Vivado/2017.4/include/mpfr.h:422:36: error: ‘__gmp_const’ has not been declared
/opt/Xilinx/Vivado/2017.4/include/mpfr.h:422:52: error: two or more data types in declaration of ‘parameter’
/opt/Xilinx/Vivado/2017.4/include/mpfr.h:422:53: error: expected ‘)’ before ‘,’ token
/opt/Xilinx/Vivado/2017.4/include/mpfr.h:422:55: error: expected unqualified-id before ‘...’ token
In file included from /opt/Xilinx/Vivado/2017.4/include/floating_point_v7_0_bitacc_cmodel.h:148:0,
                 from /opt/Xilinx/Vivado/2017.4/include/hls_fpo.h:172,
                 from /opt/Xilinx/Vivado/2017.4/include/hls_half.h:57,
                 from /opt/Xilinx/Vivado/2017.4/include/ap_int.h:74,
                 from /home/alex/Documents/RFNoCFrameSynchHWAccel/correlatorDev/correlator.h:1,
                 from /home/alex/Documents/RFNoCFrameSynchHWAccel/correlatorDev/correlator.cpp:2:
/opt/Xilinx/Vivado/2017.4/include/mpfr.h:444:26: error: ‘mpfr_srcptr’ has not been declared
/opt/Xilinx/Vivado/2017.4/include/mpfr.h:444:39: error: ‘mpfr_srcptr’ has not been declared
/opt/Xilinx/Vivado/2017.4/include/mpfr.h:446:29: error: ‘mpfr_srcptr’ has not been declared
/opt/Xilinx/Vivado/2017.4/include/mpfr.h:448:29: error: ‘mpfr_srcptr’ has not been declared
/opt/Xilinx/Vivado/2017.4/include/mpfr.h:452:48: error: ‘mpfr_srcptr’ has not been declared
/opt/Xilinx/Vivado/2017.4/include/mpfr.h:454:28: error: ‘mpfr_srcptr’ has not been declared
/opt/Xilinx/Vivado/2017.4/include/mpfr.h:457:27: error: ‘mpfr_srcptr’ has not been declared
/opt/Xilinx/Vivado/2017.4/include/mpfr.h:461:31: error: ‘mpfr_srcptr’ has not been declared
/opt/Xilinx/Vivado/2017.4/include/mpfr.h:464:26: error: ‘mpfr_srcptr’ has not been declared
/opt/Xilinx/Vivado/2017.4/include/mpfr.h:464:39: error: ‘mpfr_srcptr’ has not been declared
/opt/Xilinx/Vivado/2017.4/include/mpfr.h:466:26: error: ‘mpfr_srcptr’ has not been declared
/opt/Xilinx/Vivado/2017.4/include/mpfr.h:466:39: error: ‘mpfr_srcptr’ has not been declared
/opt/Xilinx/Vivado/2017.4/include/mpfr.h:468:26: error: ‘mpfr_srcptr’ has not been declared
/opt/Xilinx/Vivado/2017.4/include/mpfr.h:468:39: error: ‘mpfr_srcptr’ has not been declared
/opt/Xilinx/Vivado/2017.4/include/mpfr.h:470:26: error: ‘mpfr_srcptr’ has not been declared
/opt/Xilinx/Vivado/2017.4/include/mpfr.h:470:39: error: ‘mpfr_srcptr’ has not been declared
/opt/Xilinx/Vivado/2017.4/include/mpfr.h:473:29: error: ‘mpfr_srcptr’ has not been declared
/opt/Xilinx/Vivado/2017.4/include/mpfr.h:475:29: error: ‘mpfr_srcptr’ has not been declared
/opt/Xilinx/Vivado/2017.4/include/mpfr.h:477:44: error: ‘mpfr_srcptr’ has not been declared
/opt/Xilinx/Vivado/2017.4/include/mpfr.h:479:29: error: ‘mpfr_srcptr’ has not been declared
/opt/Xilinx/Vivado/2017.4/include/mpfr.h:481:29: error: ‘mpfr_srcptr’ has not been declared
/opt/Xilinx/Vivado/2017.4/include/mpfr.h:483:44: error: ‘mpfr_srcptr’ has not been declared
/opt/Xilinx/Vivado/2017.4/include/mpfr.h:486:29: error: ‘mpfr_srcptr’ has not been declared
/opt/Xilinx/Vivado/2017.4/include/mpfr.h:488:29: error: ‘mpfr_srcptr’ has not been declared
/opt/Xilinx/Vivado/2017.4/include/mpfr.h:490:39: error: ‘mpfr_srcptr’ has not been declared
/opt/Xilinx/Vivado/2017.4/include/mpfr.h:492:29: error: ‘mpfr_srcptr’ has not been declared
/opt/Xilinx/Vivado/2017.4/include/mpfr.h:494:29: error: ‘mpfr_srcptr’ has not been declared
/opt/Xilinx/Vivado/2017.4/include/mpfr.h:496:39: error: ‘mpfr_srcptr’ has not been declared
/opt/Xilinx/Vivado/2017.4/include/mpfr.h:499:28: error: ‘mpfr_srcptr’ has not been declared
/opt/Xilinx/Vivado/2017.4/include/mpfr.h:501:28: error: ‘mpfr_srcptr’ has not been declared
/opt/Xilinx/Vivado/2017.4/include/mpfr.h:503:36: error: ‘mpfr_srcptr’ has not been declared
/opt/Xilinx/Vivado/2017.4/include/mpfr.h:505:28: error: ‘mpfr_srcptr’ has not been declared
/opt/Xilinx/Vivado/2017.4/include/mpfr.h:507:28: error: ‘mpfr_srcptr’ has not been declared
/opt/Xilinx/Vivado/2017.4/include/mpfr.h:509:36: error: ‘mpfr_srcptr’ has not been declared
/opt/Xilinx/Vivado/2017.4/include/mpfr.h:512:26: error: ‘mpfr_srcptr’ has not been declared
/opt/Xilinx/Vivado/2017.4/include/mpfr.h:519:26: error: ‘mpfr_srcptr’ has not been declared
/opt/Xilinx/Vivado/2017.4/include/mpfr.h:519:39: error: ‘mpfr_srcptr’ has not been declared
/opt/Xilinx/Vivado/2017.4/include/mpfr.h:522:26: error: ‘mpfr_srcptr’ has not been declared
/opt/Xilinx/Vivado/2017.4/include/mpfr.h:523:26: error: ‘mpfr_srcptr’ has not been declared
/opt/Xilinx/Vivado/2017.4/include/mpfr.h:524:28: error: ‘mpfr_srcptr’ has not been declared
/opt/Xilinx/Vivado/2017.4/include/mpfr.h:526:28: error: ‘mpfr_srcptr’ has not been declared
/opt/Xilinx/Vivado/2017.4/include/mpfr.h:529:26: error: ‘mpfr_srcptr’ has not been declared
/opt/Xilinx/Vivado/2017.4/include/mpfr.h:530:26: error: ‘mpfr_srcptr’ has not been declared
/opt/Xilinx/Vivado/2017.4/include/mpfr.h:531:28: error: ‘mpfr_srcptr’ has not been declared
/opt/Xilinx/Vivado/2017.4/include/mpfr.h:533:28: error: ‘mpfr_srcptr’ has not been declared
/opt/Xilinx/Vivado/2017.4/include/mpfr.h:535:26: error: ‘mpfr_srcptr’ has not been declared
/opt/Xilinx/Vivado/2017.4/include/mpfr.h:536:25: error: ‘mpfr_srcptr’ has not been declared
/opt/Xilinx/Vivado/2017.4/include/mpfr.h:538:16: error: ‘mpfr_srcptr’ was not declared in this scope
/opt/Xilinx/Vivado/2017.4/include/mpfr.h:538:29: error: ‘mpfr_srcptr’ was not declared in this scope
/opt/Xilinx/Vivado/2017.4/include/mpfr.h:538:40: error: expression list treated as compound expression in initializer [-fpermissive]
/opt/Xilinx/Vivado/2017.4/include/mpfr.h:539:17: error: ‘mpfr_srcptr’ was not declared in this scope
/opt/Xilinx/Vivado/2017.4/include/mpfr.h:539:30: error: ‘mpfr_srcptr’ was not declared in this scope
/opt/Xilinx/Vivado/2017.4/include/mpfr.h:539:43: error: expected primary-expression before ‘int’
/opt/Xilinx/Vivado/2017.4/include/mpfr.h:539:46: error: expression list treated as compound expression in initializer [-fpermissive]
/opt/Xilinx/Vivado/2017.4/include/mpfr.h:540:18: error: ‘mpfr_srcptr’ was not declared in this scope
/opt/Xilinx/Vivado/2017.4/include/mpfr.h:540:31: error: expected primary-expression before ‘double’
/opt/Xilinx/Vivado/2017.4/include/mpfr.h:540:37: error: expression list treated as compound expression in initializer [-fpermissive]
/opt/Xilinx/Vivado/2017.4/include/mpfr.h:541:19: error: ‘mpfr_srcptr’ was not declared in this scope
/opt/Xilinx/Vivado/2017.4/include/mpfr.h:541:32: error: expected primary-expression before ‘long’
/opt/Xilinx/Vivado/2017.4/include/mpfr.h:541:43: error: expression list treated as compound expression in initializer [-fpermissive]
/opt/Xilinx/Vivado/2017.4/include/mpfr.h:542:19: error: ‘mpfr_srcptr’ was not declared in this scope
/opt/Xilinx/Vivado/2017.4/include/mpfr.h:542:32: error: ‘mpfr_srcptr’ was not declared in this scope
/opt/Xilinx/Vivado/2017.4/include/mpfr.h:542:43: error: expression list treated as compound expression in initializer [-fpermissive]
/opt/Xilinx/Vivado/2017.4/include/mpfr.h:543:19: error: ‘mpfr_srcptr’ was not declared in this scope
/opt/Xilinx/Vivado/2017.4/include/mpfr.h:543:32: error: expected primary-expression before ‘unsigned’
/opt/Xilinx/Vivado/2017.4/include/mpfr.h:543:45: error: expression list treated as compound expression in initializer [-fpermissive]
/opt/Xilinx/Vivado/2017.4/include/mpfr.h:544:19: error: ‘mpfr_srcptr’ was not declared in this scope
/opt/Xilinx/Vivado/2017.4/include/mpfr.h:544:32: error: expected primary-expression before ‘long’
/opt/Xilinx/Vivado/2017.4/include/mpfr.h:544:36: error: expression list treated as compound expression in initializer [-fpermissive]
/opt/Xilinx/Vivado/2017.4/include/mpfr.h:545:24: error: ‘mpfr_srcptr’ was not declared in this scope
/opt/Xilinx/Vivado/2017.4/include/mpfr.h:545:37: error: expected primary-expression before ‘unsigned’
/opt/Xilinx/Vivado/2017.4/include/mpfr.h:545:62: error: expected primary-expression before ‘)’ token
/opt/Xilinx/Vivado/2017.4/include/mpfr.h:545:62: error: expression list treated as compound expression in initializer [-fpermissive]
/opt/Xilinx/Vivado/2017.4/include/mpfr.h:547:24: error: ‘mpfr_srcptr’ was not declared in this scope
/opt/Xilinx/Vivado/2017.4/include/mpfr.h:547:37: error: expected primary-expression before ‘long’
/opt/Xilinx/Vivado/2017.4/include/mpfr.h:547:53: error: expected primary-expression before ‘)’ token
/opt/Xilinx/Vivado/2017.4/include/mpfr.h:547:53: error: expression list treated as compound expression in initializer [-fpermissive]
/opt/Xilinx/Vivado/2017.4/include/mpfr.h:549:31: error: ‘mpfr_srcptr’ has not been declared
/opt/Xilinx/Vivado/2017.4/include/mpfr.h:549:44: error: ‘mpfr_srcptr’ has not been declared
/opt/Xilinx/Vivado/2017.4/include/mpfr.h:551:15: error: ‘mpfr_srcptr’ was not declared in this scope
/opt/Xilinx/Vivado/2017.4/include/mpfr.h:551:28: error: ‘mpfr_srcptr’ was not declared in this scope
/opt/Xilinx/Vivado/2017.4/include/mpfr.h:551:41: error: expected primary-expression before ‘unsigned’
/opt/Xilinx/Vivado/2017.4/include/mpfr.h:551:54: error: expression list treated as compound expression in initializer [-fpermissive]
/opt/Xilinx/Vivado/2017.4/include/mpfr.h:553:16: error: ‘mpfr_srcptr’ was not declared in this scope
/opt/Xilinx/Vivado/2017.4/include/mpfr.h:555:31: error: ‘mpfr_srcptr’ has not been declared
/opt/Xilinx/Vivado/2017.4/include/mpfr.h:557:31: error: ‘mpfr_srcptr’ has not been declared
/opt/Xilinx/Vivado/2017.4/include/mpfr.h:559:30: error: ‘mpfr_srcptr’ has not been declared
/opt/Xilinx/Vivado/2017.4/include/mpfr.h:561:30: error: ‘mpfr_srcptr’ has not been declared
/opt/Xilinx/Vivado/2017.4/include/mpfr.h:563:30: error: ‘mpfr_srcptr’ has not been declared
/opt/Xilinx/Vivado/2017.4/include/mpfr.h:565:30: error: ‘mpfr_srcptr’ has not been declared
/opt/Xilinx/Vivado/2017.4/include/mpfr.h:568:26: error: ‘mpfr_srcptr’ has not been declared
/opt/Xilinx/Vivado/2017.4/include/mpfr.h:569:28: error: ‘mpfr_srcptr’ has not been declared
/opt/Xilinx/Vivado/2017.4/include/mpfr.h:570:28: error: ‘mpfr_srcptr’ has not been declared
/opt/Xilinx/Vivado/2017.4/include/mpfr.h:571:27: error: ‘mpfr_srcptr’ has not been declared
/opt/Xilinx/Vivado/2017.4/include/mpfr.h:572:28: error: ‘mpfr_srcptr’ has not been declared
/opt/Xilinx/Vivado/2017.4/include/mpfr.h:573:33: error: ‘mpfr_srcptr’ has not been declared
/opt/Xilinx/Vivado/2017.4/include/mpfr.h:575:33: error: ‘mpfr_srcptr’ has not been declared
/opt/Xilinx/Vivado/2017.4/include/mpfr.h:577:32: error: ‘mpfr_srcptr’ has not been declared
/opt/Xilinx/Vivado/2017.4/include/mpfr.h:579:33: error: ‘mpfr_srcptr’ has not been declared
/opt/Xilinx/Vivado/2017.4/include/mpfr.h:581:26: error: ‘mpfr_srcptr’ has not been declared
/opt/Xilinx/Vivado/2017.4/include/mpfr.h:582:37: error: ‘mpfr_srcptr’ has not been declared
/opt/Xilinx/Vivado/2017.4/include/mpfr.h:584:36: error: ‘mpfr_srcptr’ has not been declared
/opt/Xilinx/Vivado/2017.4/include/mpfr.h:584:49: error: ‘mpfr_srcptr’ has not been declared
/opt/Xilinx/Vivado/2017.4/include/mpfr.h:586:32: error: ‘mpfr_srcptr’ has not been declared
/opt/Xilinx/Vivado/2017.4/include/mpfr.h:586:45: error: ‘mpfr_srcptr’ has not been declared
/opt/Xilinx/Vivado/2017.4/include/mpfr.h:588:27: error: ‘mpfr_srcptr’ has not been declared
/opt/Xilinx/Vivado/2017.4/include/mpfr.h:588:40: error: ‘mpfr_srcptr’ has not been declared
/opt/Xilinx/Vivado/2017.4/include/mpfr.h:591:25: error: ‘mpfr_srcptr’ was not declared in this scope
/opt/Xilinx/Vivado/2017.4/include/mpfr.h:591:48: error: expected primary-expression before ‘)’ token
/opt/Xilinx/Vivado/2017.4/include/mpfr.h:591:48: error: expression list treated as compound expression in initializer [-fpermissive]
/opt/Xilinx/Vivado/2017.4/include/mpfr.h:592:25: error: ‘mpfr_srcptr’ was not declared in this scope
/opt/Xilinx/Vivado/2017.4/include/mpfr.h:592:48: error: expected primary-expression before ‘)’ token
/opt/Xilinx/Vivado/2017.4/include/mpfr.h:592:48: error: expression list treated as compound expression in initializer [-fpermissive]
/opt/Xilinx/Vivado/2017.4/include/mpfr.h:593:24: error: ‘mpfr_srcptr’ was not declared in this scope
/opt/Xilinx/Vivado/2017.4/include/mpfr.h:593:47: error: expected primary-expression before ‘)’ token
/opt/Xilinx/Vivado/2017.4/include/mpfr.h:593:47: error: expression list treated as compound expression in initializer [-fpermissive]
/opt/Xilinx/Vivado/2017.4/include/mpfr.h:594:24: error: ‘mpfr_srcptr’ was not declared in this scope
/opt/Xilinx/Vivado/2017.4/include/mpfr.h:594:47: error: expected primary-expression before ‘)’ token
/opt/Xilinx/Vivado/2017.4/include/mpfr.h:594:47: error: expression list treated as compound expression in initializer [-fpermissive]
/opt/Xilinx/Vivado/2017.4/include/mpfr.h:595:26: error: ‘mpfr_srcptr’ was not declared in this scope
/opt/Xilinx/Vivado/2017.4/include/mpfr.h:595:49: error: expected primary-expression before ‘)’ token
/opt/Xilinx/Vivado/2017.4/include/mpfr.h:595:49: error: expression list treated as compound expression in initializer [-fpermissive]
/opt/Xilinx/Vivado/2017.4/include/mpfr.h:596:26: error: ‘mpfr_srcptr’ was not declared in this scope
/opt/Xilinx/Vivado/2017.4/include/mpfr.h:596:49: error: expected primary-expression before ‘)’ token
/opt/Xilinx/Vivado/2017.4/include/mpfr.h:596:49: error: expression list treated as compound expression in initializer [-fpermissive]
/opt/Xilinx/Vivado/2017.4/include/mpfr.h:597:27: error: ‘mpfr_srcptr’ was not declared in this scope
/opt/Xilinx/Vivado/2017.4/include/mpfr.h:597:49: error: expected primary-expression before ‘)’ token
/opt/Xilinx/Vivado/2017.4/include/mpfr.h:597:49: error: expression list treated as compound expression in initializer [-fpermissive]
/opt/Xilinx/Vivado/2017.4/include/mpfr.h:598:26: error: ‘mpfr_srcptr’ was not declared in this scope
/opt/Xilinx/Vivado/2017.4/include/mpfr.h:598:49: error: expected primary-expression before ‘)’ token
/opt/Xilinx/Vivado/2017.4/include/mpfr.h:598:49: error: expression list treated as compound expression in initializer [-fpermissive]
/opt/Xilinx/Vivado/2017.4/include/mpfr.h:600:30: error: ‘mpfr_srcptr’ has not been declared
/opt/Xilinx/Vivado/2017.4/include/mpfr.h:603:29: error: variable or field ‘mpfr_dump’ declared void
/opt/Xilinx/Vivado/2017.4/include/mpfr.h:603:18: error: ‘mpfr_srcptr’ was not declared in this scope
/opt/Xilinx/Vivado/2017.4/include/mpfr.h:605:18: error: ‘mpfr_srcptr’ was not declared in this scope
/opt/Xilinx/Vivado/2017.4/include/mpfr.h:606:18: error: ‘mpfr_srcptr’ was not declared in this scope
/opt/Xilinx/Vivado/2017.4/include/mpfr.h:607:21: error: ‘mpfr_srcptr’ was not declared in this scope
/opt/Xilinx/Vivado/2017.4/include/mpfr.h:608:22: error: ‘mpfr_srcptr’ was not declared in this scope
/opt/Xilinx/Vivado/2017.4/include/mpfr.h:609:19: error: ‘mpfr_srcptr’ was not declared in this scope
/opt/Xilinx/Vivado/2017.4/include/mpfr.h:610:22: error: ‘mpfr_srcptr’ was not declared in this scope
/opt/Xilinx/Vivado/2017.4/include/mpfr.h:612:22: error: ‘mpfr_srcptr’ was not declared in this scope
/opt/Xilinx/Vivado/2017.4/include/mpfr.h:612:35: error: ‘mpfr_srcptr’ was not declared in this scope
/opt/Xilinx/Vivado/2017.4/include/mpfr.h:612:46: error: expression list treated as compound expression in initializer [-fpermissive]
/opt/Xilinx/Vivado/2017.4/include/mpfr.h:613:27: error: ‘mpfr_srcptr’ was not declared in this scope
/opt/Xilinx/Vivado/2017.4/include/mpfr.h:613:40: error: ‘mpfr_srcptr’ was not declared in this scope
/opt/Xilinx/Vivado/2017.4/include/mpfr.h:613:51: error: expression list treated as compound expression in initializer [-fpermissive]
/opt/Xilinx/Vivado/2017.4/include/mpfr.h:615:19: error: ‘mpfr_srcptr’ was not declared in this scope
/opt/Xilinx/Vivado/2017.4/include/mpfr.h:615:32: error: ‘mpfr_srcptr’ was not declared in this scope
/opt/Xilinx/Vivado/2017.4/include/mpfr.h:615:43: error: expression list treated as compound expression in initializer [-fpermissive]
/opt/Xilinx/Vivado/2017.4/include/mpfr.h:616:24: error: ‘mpfr_srcptr’ was not declared in this scope
/opt/Xilinx/Vivado/2017.4/include/mpfr.h:616:37: error: ‘mpfr_srcptr’ was not declared in this scope
/opt/Xilinx/Vivado/2017.4/include/mpfr.h:616:48: error: expression list treated as compound expression in initializer [-fpermissive]
/opt/Xilinx/Vivado/2017.4/include/mpfr.h:617:26: error: ‘mpfr_srcptr’ was not declared in this scope
/opt/Xilinx/Vivado/2017.4/include/mpfr.h:617:38: error: ‘mpfr_srcptr’ was not declared in this scope
/opt/Xilinx/Vivado/2017.4/include/mpfr.h:617:49: error: expression list treated as compound expression in initializer [-fpermissive]
/opt/Xilinx/Vivado/2017.4/include/mpfr.h:618:20: error: ‘mpfr_srcptr’ was not declared in this scope
/opt/Xilinx/Vivado/2017.4/include/mpfr.h:618:33: error: ‘mpfr_srcptr’ was not declared in this scope
/opt/Xilinx/Vivado/2017.4/include/mpfr.h:618:44: error: expression list treated as compound expression in initializer [-fpermissive]
/opt/Xilinx/Vivado/2017.4/include/mpfr.h:619:24: error: ‘mpfr_srcptr’ was not declared in this scope
/opt/Xilinx/Vivado/2017.4/include/mpfr.h:619:37: error: ‘mpfr_srcptr’ was not declared in this scope
/opt/Xilinx/Vivado/2017.4/include/mpfr.h:619:48: error: expression list treated as compound expression in initializer [-fpermissive]
/opt/Xilinx/Vivado/2017.4/include/mpfr.h:621:27: error: ‘mpfr_srcptr’ has not been declared
/opt/Xilinx/Vivado/2017.4/include/mpfr.h:622:27: error: ‘mpfr_srcptr’ has not been declared
/opt/Xilinx/Vivado/2017.4/include/mpfr.h:623:27: error: ‘mpfr_srcptr’ has not been declared
/opt/Xilinx/Vivado/2017.4/include/mpfr.h:624:26: error: ‘mpfr_srcptr’ has not been declared
/opt/Xilinx/Vivado/2017.4/include/mpfr.h:625:26: error: ‘mpfr_srcptr’ has not been declared
/opt/Xilinx/Vivado/2017.4/include/mpfr.h:626:26: error: ‘mpfr_srcptr’ has not been declared
/opt/Xilinx/Vivado/2017.4/include/mpfr.h:627:42: error: ‘mpfr_srcptr’ has not been declared
/opt/Xilinx/Vivado/2017.4/include/mpfr.h:630:27: error: ‘mpfr_srcptr’ has not been declared
/opt/Xilinx/Vivado/2017.4/include/mpfr.h:631:27: error: ‘mpfr_srcptr’ has not been declared
/opt/Xilinx/Vivado/2017.4/include/mpfr.h:632:27: error: ‘mpfr_srcptr’ has not been declared
/opt/Xilinx/Vivado/2017.4/include/mpfr.h:634:26: error: ‘mpfr_srcptr’ has not been declared
/opt/Xilinx/Vivado/2017.4/include/mpfr.h:635:26: error: ‘mpfr_srcptr’ has not been declared
/opt/Xilinx/Vivado/2017.4/include/mpfr.h:636:26: error: ‘mpfr_srcptr’ has not been declared
/opt/Xilinx/Vivado/2017.4/include/mpfr.h:637:26: error: ‘mpfr_srcptr’ has not been declared
/opt/Xilinx/Vivado/2017.4/include/mpfr.h:638:40: error: ‘mpfr_srcptr’ has not been declared
/opt/Xilinx/Vivado/2017.4/include/mpfr.h:640:26: error: ‘mpfr_srcptr’ has not been declared
/opt/Xilinx/Vivado/2017.4/include/mpfr.h:641:26: error: ‘mpfr_srcptr’ has not been declared
/opt/Xilinx/Vivado/2017.4/include/mpfr.h:642:27: error: ‘mpfr_srcptr’ has not been declared
/opt/Xilinx/Vivado/2017.4/include/mpfr.h:642:39: error: ‘mpfr_srcptr’ has not been declared
/opt/Xilinx/Vivado/2017.4/include/mpfr.h:644:26: error: ‘mpfr_srcptr’ has not been declared
/opt/Xilinx/Vivado/2017.4/include/mpfr.h:645:26: error: ‘mpfr_srcptr’ has not been declared
/opt/Xilinx/Vivado/2017.4/include/mpfr.h:646:26: error: ‘mpfr_srcptr’ has not been declared
/opt/Xilinx/Vivado/2017.4/include/mpfr.h:648:28: error: ‘mpfr_srcptr’ has not been declared
/opt/Xilinx/Vivado/2017.4/include/mpfr.h:648:41: error: ‘mpfr_srcptr’ has not been declared
/opt/Xilinx/Vivado/2017.4/include/mpfr.h:650:26: error: ‘mpfr_srcptr’ has not been declared
/opt/Xilinx/Vivado/2017.4/include/mpfr.h:651:27: error: ‘mpfr_srcptr’ has not been declared
/opt/Xilinx/Vivado/2017.4/include/mpfr.h:652:26: error: ‘mpfr_srcptr’ has not been declared
/opt/Xilinx/Vivado/2017.4/include/mpfr.h:653:26: error: ‘mpfr_srcptr’ has not been declared
/opt/Xilinx/Vivado/2017.4/include/mpfr.h:654:27: error: ‘mpfr_srcptr’ has not been declared
/opt/Xilinx/Vivado/2017.4/include/mpfr.h:655:29: error: ‘mpfr_srcptr’ has not been declared
/opt/Xilinx/Vivado/2017.4/include/mpfr.h:656:33: error: ‘mpfr_srcptr’ has not been declared
/opt/Xilinx/Vivado/2017.4/include/mpfr.h:657:29: error: ‘mpfr_srcptr’ has not been declared
/opt/Xilinx/Vivado/2017.4/include/mpfr.h:658:26: error: ‘mpfr_srcptr’ has not been declared
/opt/Xilinx/Vivado/2017.4/include/mpfr.h:662:25: error: ‘mpfr_srcptr’ has not been declared
/opt/Xilinx/Vivado/2017.4/include/mpfr.h:663:25: error: ‘mpfr_srcptr’ has not been declared
/opt/Xilinx/Vivado/2017.4/include/mpfr.h:664:31: error: ‘mpfr_srcptr’ has not been declared
/opt/Xilinx/Vivado/2017.4/include/mpfr.h:666:25: error: ‘mpfr_srcptr’ has not been declared
/opt/Xilinx/Vivado/2017.4/include/mpfr.h:667:25: error: ‘mpfr_srcptr’ has not been declared
/opt/Xilinx/Vivado/2017.4/include/mpfr.h:668:31: error: ‘mpfr_srcptr’ has not been declared
/opt/Xilinx/Vivado/2017.4/include/mpfr.h:671:25: error: ‘mpfr_srcptr’ has not been declared
/opt/Xilinx/Vivado/2017.4/include/mpfr.h:673:26: error: ‘mpfr_srcptr’ has not been declared
/opt/Xilinx/Vivado/2017.4/include/mpfr.h:673:39: error: ‘mpfr_srcptr’ has not been declared
/opt/Xilinx/Vivado/2017.4/include/mpfr.h:675:26: error: ‘mpfr_srcptr’ has not been declared
/opt/Xilinx/Vivado/2017.4/include/mpfr.h:675:39: error: ‘mpfr_srcptr’ has not been declared
/opt/Xilinx/Vivado/2017.4/include/mpfr.h:677:26: error: ‘mpfr_srcptr’ has not been declared
/opt/Xilinx/Vivado/2017.4/include/mpfr.h:677:39: error: ‘mpfr_srcptr’ has not been declared
/opt/Xilinx/Vivado/2017.4/include/mpfr.h:680:28: error: ‘mpfr_srcptr’ has not been declared
/opt/Xilinx/Vivado/2017.4/include/mpfr.h:682:28: error: ‘mpfr_srcptr’ has not been declared
/opt/Xilinx/Vivado/2017.4/include/mpfr.h:684:28: error: ‘mpfr_srcptr’ has not been declared
/opt/Xilinx/Vivado/2017.4/include/mpfr.h:686:28: error: ‘mpfr_srcptr’ has not been declared
/opt/Xilinx/Vivado/2017.4/include/mpfr.h:688:18: error: ‘mpfr_srcptr’ was not declared in this scope
/opt/Xilinx/Vivado/2017.4/include/mpfr.h:688:41: error: expected primary-expression before ‘)’ token
/opt/Xilinx/Vivado/2017.4/include/mpfr.h:688:41: error: expression list treated as compound expression in initializer [-fpermissive]
/opt/Xilinx/Vivado/2017.4/include/mpfr.h:690:28: error: ‘mpfr_srcptr’ has not been declared
/opt/Xilinx/Vivado/2017.4/include/mpfr.h:692:28: error: ‘mpfr_srcptr’ has not been declared
/opt/Xilinx/Vivado/2017.4/include/mpfr.h:694:28: error: ‘mpfr_srcptr’ has not been declared
/opt/Xilinx/Vivado/2017.4/include/mpfr.h:696:28: error: ‘mpfr_srcptr’ has not been declared
/opt/Xilinx/Vivado/2017.4/include/mpfr.h:698:18: error: ‘mpfr_srcptr’ was not declared in this scope
/opt/Xilinx/Vivado/2017.4/include/mpfr.h:698:41: error: expected primary-expression before ‘)’ token
/opt/Xilinx/Vivado/2017.4/include/mpfr.h:698:41: error: expression list treated as compound expression in initializer [-fpermissive]
/opt/Xilinx/Vivado/2017.4/include/mpfr.h:700:18: error: ‘mpfr_srcptr’ was not declared in this scope
/opt/Xilinx/Vivado/2017.4/include/mpfr.h:700:41: error: expected primary-expression before ‘)’ token
/opt/Xilinx/Vivado/2017.4/include/mpfr.h:700:41: error: expression list treated as compound expression in initializer [-fpermissive]
/opt/Xilinx/Vivado/2017.4/include/mpfr.h:702:26: error: ‘mpfr_srcptr’ has not been declared
/opt/Xilinx/Vivado/2017.4/include/mpfr.h:702:39: error: ‘mpfr_srcptr’ has not been declared
/opt/Xilinx/Vivado/2017.4/include/mpfr.h:702:52: error: ‘mpfr_srcptr’ has not been declared
/opt/Xilinx/Vivado/2017.4/include/mpfr.h:704:26: error: ‘mpfr_srcptr’ has not been declared
/opt/Xilinx/Vivado/2017.4/include/mpfr.h:704:39: error: ‘mpfr_srcptr’ has not been declared
/opt/Xilinx/Vivado/2017.4/include/mpfr.h:704:52: error: ‘mpfr_srcptr’ has not been declared
/opt/Xilinx/Vivado/2017.4/include/mpfr.h:714:30: error: ‘__gmp_const’ has not been declared
/opt/Xilinx/Vivado/2017.4/include/mpfr.h:714:47: error: two or more data types in declaration of ‘parameter’
/opt/Xilinx/Vivado/2017.4/include/mpfr.h:714:48: error: expected ‘)’ before ‘,’ token
/opt/Xilinx/Vivado/2017.4/include/mpfr.h:714:50: error: expected unqualified-id before ‘char’
/opt/Xilinx/Vivado/2017.4/include/mpfr.h:719:38: error: ‘mpfr_srcptr’ was not declared in this scope
/opt/Xilinx/Vivado/2017.4/include/mpfr.h:720:34: error: ‘mpfr_srcptr’ was not declared in this scope
/opt/Xilinx/Vivado/2017.4/include/mpfr.h:724:28: error: ‘mpfr_srcptr’ was not declared in this scope
In file included from /opt/Xilinx/Vivado/2017.4/include/hls_fpo.h:172:0,
                 from /opt/Xilinx/Vivado/2017.4/include/hls_half.h:57,
                 from /opt/Xilinx/Vivado/2017.4/include/ap_int.h:74,
                 from /home/alex/Documents/RFNoCFrameSynchHWAccel/correlatorDev/correlator.h:1,
                 from /home/alex/Documents/RFNoCFrameSynchHWAccel/correlatorDev/correlator.cpp:2:
/opt/Xilinx/Vivado/2017.4/include/floating_point_v7_0_bitacc_cmodel.h:245:45: error: ‘mpfr_srcptr’ has not been declared
/opt/Xilinx/Vivado/2017.4/include/floating_point_v7_0_bitacc_cmodel.h:246:53: error: ‘mpfr_srcptr’ has not been declared
make: *** [obj/correlator.cpp_pre.cpp.tb.o] Error 1
