

================================================================
== Vivado HLS Report for 'correlator'
================================================================
* Date:           Wed Mar  6 15:12:07 2019

* Version:        2017.4 (Build 2086221 on Fri Dec 15 21:13:33 MST 2017)
* Project:        correlator
* Solution:       solution1
* Product family: kintex7
* Target device:  xc7k160tfbg484-1


================================================================
== Performance Estimates
================================================================
+ Timing (ns): 
    * Summary: 
    +--------+-------+----------+------------+
    |  Clock | Target| Estimated| Uncertainty|
    +--------+-------+----------+------------+
    |ap_clk  |  10.00|      6.58|        1.25|
    +--------+-------+----------+------------+

+ Latency (clock cycles): 
    * Summary: 
    +-----+-----+-----+-----+----------+
    |  Latency  |  Interval | Pipeline |
    | min | max | min | max |   Type   |
    +-----+-----+-----+-----+----------+
    |    2|    2|    1|    1| function |
    +-----+-----+-----+-----+----------+

    + Detail: 
        * Instance: 
        N/A

        * Loop: 
        N/A

============================================================
+ Verbose Summary: Synthesis Manager
============================================================
InlineROM: 1
ExposeGlobal: 0
============================================================
+ Verbose Summary: CDFG Model
============================================================
IsTopModel: 1
ResetActiveHigh: 1
IsCombinational: 0
IsDatapathOnly: 0
HasWiredReturn: 1
HasMFsm: 2
HasVarLatency: 0
IsPipeline: 1
IsRtlPipelined: 1
IsInstanceOverlapped: 0
IsDontTouch: 0
HasImplIP: 0
IsGatedGlobalClock: 0

+ Individual pipeline summary: 
  * Pipeline-0: initiation interval (II) = 1, depth = 3


============================================================
+ Verbose Summary: Schedule
============================================================
* Number of FSM states : 3
* Pipeline : 1
  Pipeline-0 : II = 1, D = 3, States = { 1 2 3 }
* Dataflow Pipeline: 0

* FSM state transitions: 
1 --> 
	2  / true
2 --> 
	3  / true
3 --> 

* FSM state operations: 

 <State 1> : 0.00ns
ST_1 : Operation 4 [1/1] (0.00ns)   --->   "%start_V_read = call i1 @_ssdm_op_Read.ap_auto.i1(i1 %start_V)"
ST_1 : Operation 5 [1/1] (0.00ns)   --->   "%currentState_load = load i1* @currentState, align 1"
ST_1 : Operation 6 [1/1] (0.00ns)   --->   "br i1 %currentState_load, label %2, label %0" [correlator.cpp:206]
ST_1 : Operation 7 [1/1] (0.00ns)   --->   "br i1 %start_V_read, label %1, label %._crit_edge844" [correlator.cpp:208]
ST_1 : Operation 8 [1/1] (0.00ns)   --->   "store i1 true, i1* @currentState, align 1" [correlator.cpp:209]
ST_1 : Operation 9 [1/1] (0.00ns)   --->   "%tmp = call i1 @_ssdm_op_NbReadReq.axis.i32P.i1P(i32* %i_data_V_data_V, i1* %i_data_V_last_V, i32 1)" [correlator.cpp:213]   --->   Core 5 'AXI4Stream' <Latency = 0> <II = 1> <Delay = 1.00> <Adapter> <Opcode : >
ST_1 : Operation 10 [1/1] (0.00ns)   --->   "br i1 %tmp, label %._crit_edge846.0, label %._crit_edge845" [correlator.cpp:213]
ST_1 : Operation 11 [1/1] (0.00ns)   --->   "%empty = call { i32, i1 } @_ssdm_op_Read.axis.volatile.i32P.i1P(i32* %i_data_V_data_V, i1* %i_data_V_last_V)" [correlator.cpp:214]   --->   Core 5 'AXI4Stream' <Latency = 0> <II = 1> <Delay = 1.00> <Adapter> <Opcode : >
ST_1 : Operation 12 [1/1] (0.00ns)   --->   "%tmp_data_V_1 = extractvalue { i32, i1 } %empty, 0" [correlator.cpp:214]
ST_1 : Operation 13 [1/1] (0.00ns)   --->   "%tmp_last_V = extractvalue { i32, i1 } %empty, 1" [correlator.cpp:214]
ST_1 : Operation 14 [1/1] (0.00ns)   --->   "%tmp_1 = trunc i32 %tmp_data_V_1 to i16" [correlator.cpp:216]
ST_1 : Operation 15 [1/1] (0.00ns)   --->   "store i16 %tmp_1, i16* @newVal_V, align 2" [correlator.cpp:216]
ST_1 : Operation 16 [1/1] (0.00ns)   --->   "store i1 true, i1* @currentState, align 1" [correlator.cpp:244]

 <State 2> : 6.58ns
ST_2 : Operation 17 [1/1] (0.00ns)   --->   "%phaseClass0_V_14_loa = load i16* @phaseClass0_V_14, align 4" [correlator.cpp:220]
ST_2 : Operation 18 [1/1] (0.00ns)   --->   "%phaseClass0_V_13_loa = load i16* @phaseClass0_V_13, align 2" [correlator.cpp:220]
ST_2 : Operation 19 [1/1] (0.00ns)   --->   "store i16 %phaseClass0_V_13_loa, i16* @phaseClass0_V_14, align 4" [correlator.cpp:220]
ST_2 : Operation 20 [1/1] (0.00ns)   --->   "%phaseClass0_V_12_loa = load i16* @phaseClass0_V_12, align 8" [correlator.cpp:220]
ST_2 : Operation 21 [1/1] (0.00ns)   --->   "store i16 %phaseClass0_V_12_loa, i16* @phaseClass0_V_13, align 2" [correlator.cpp:220]
ST_2 : Operation 22 [1/1] (0.00ns)   --->   "%phaseClass0_V_11_loa = load i16* @phaseClass0_V_11, align 2" [correlator.cpp:220]
ST_2 : Operation 23 [1/1] (0.00ns)   --->   "store i16 %phaseClass0_V_11_loa, i16* @phaseClass0_V_12, align 8" [correlator.cpp:220]
ST_2 : Operation 24 [1/1] (0.00ns)   --->   "%phaseClass0_V_10_loa = load i16* @phaseClass0_V_10, align 4" [correlator.cpp:220]
ST_2 : Operation 25 [1/1] (0.00ns)   --->   "store i16 %phaseClass0_V_10_loa, i16* @phaseClass0_V_11, align 2" [correlator.cpp:220]
ST_2 : Operation 26 [1/1] (0.00ns)   --->   "%phaseClass0_V_9_load = load i16* @phaseClass0_V_9, align 2" [correlator.cpp:220]
ST_2 : Operation 27 [1/1] (0.00ns)   --->   "store i16 %phaseClass0_V_9_load, i16* @phaseClass0_V_10, align 4" [correlator.cpp:220]
ST_2 : Operation 28 [1/1] (0.00ns)   --->   "%phaseClass0_V_8_load = load i16* @phaseClass0_V_8, align 16" [correlator.cpp:220]
ST_2 : Operation 29 [1/1] (0.00ns)   --->   "store i16 %phaseClass0_V_8_load, i16* @phaseClass0_V_9, align 2" [correlator.cpp:220]
ST_2 : Operation 30 [1/1] (0.00ns)   --->   "%phaseClass0_V_7_load = load i16* @phaseClass0_V_7, align 2" [correlator.cpp:220]
ST_2 : Operation 31 [1/1] (0.00ns)   --->   "store i16 %phaseClass0_V_7_load, i16* @phaseClass0_V_8, align 16" [correlator.cpp:220]
ST_2 : Operation 32 [1/1] (0.00ns)   --->   "%phaseClass0_V_6_load = load i16* @phaseClass0_V_6, align 4" [correlator.cpp:220]
ST_2 : Operation 33 [1/1] (0.00ns)   --->   "store i16 %phaseClass0_V_6_load, i16* @phaseClass0_V_7, align 2" [correlator.cpp:220]
ST_2 : Operation 34 [1/1] (0.00ns)   --->   "%phaseClass0_V_5_load = load i16* @phaseClass0_V_5, align 2" [correlator.cpp:220]
ST_2 : Operation 35 [1/1] (0.00ns)   --->   "store i16 %phaseClass0_V_5_load, i16* @phaseClass0_V_6, align 4" [correlator.cpp:220]
ST_2 : Operation 36 [1/1] (0.00ns)   --->   "%phaseClass0_V_4_load = load i16* @phaseClass0_V_4, align 8" [correlator.cpp:220]
ST_2 : Operation 37 [1/1] (0.00ns)   --->   "store i16 %phaseClass0_V_4_load, i16* @phaseClass0_V_5, align 2" [correlator.cpp:220]
ST_2 : Operation 38 [1/1] (0.00ns)   --->   "%phaseClass0_V_3_load = load i16* @phaseClass0_V_3, align 2" [correlator.cpp:220]
ST_2 : Operation 39 [1/1] (0.00ns)   --->   "store i16 %phaseClass0_V_3_load, i16* @phaseClass0_V_4, align 8" [correlator.cpp:220]
ST_2 : Operation 40 [1/1] (0.00ns)   --->   "%phaseClass0_V_2_load = load i16* @phaseClass0_V_2, align 4" [correlator.cpp:220]
ST_2 : Operation 41 [1/1] (0.00ns)   --->   "store i16 %phaseClass0_V_2_load, i16* @phaseClass0_V_3, align 2" [correlator.cpp:220]
ST_2 : Operation 42 [1/1] (0.00ns)   --->   "%phaseClass0_V_1_load = load i16* @phaseClass0_V_1, align 2" [correlator.cpp:220]
ST_2 : Operation 43 [1/1] (0.00ns)   --->   "store i16 %phaseClass0_V_1_load, i16* @phaseClass0_V_2, align 4" [correlator.cpp:220]
ST_2 : Operation 44 [1/1] (0.00ns)   --->   "%phaseClass0_V_0_load = load i16* @phaseClass0_V_0, align 16" [correlator.cpp:220]
ST_2 : Operation 45 [1/1] (0.00ns)   --->   "store i16 %phaseClass0_V_0_load, i16* @phaseClass0_V_1, align 2" [correlator.cpp:220]
ST_2 : Operation 46 [1/1] (0.00ns)   --->   "store i16 %tmp_1, i16* @phaseClass0_V_0, align 16" [correlator.cpp:222]
ST_2 : Operation 47 [1/1] (0.00ns)   --->   "%Phase0_V_6_load = load i16* @Phase0_V_6, align 4" [correlator.cpp:233]
ST_2 : Operation 48 [1/1] (0.00ns)   --->   "store i16 %Phase0_V_6_load, i16* @Phase0_V_7, align 2" [correlator.cpp:233]
ST_2 : Operation 49 [1/1] (0.00ns)   --->   "%Phase0_V_5_load = load i16* @Phase0_V_5, align 2" [correlator.cpp:233]
ST_2 : Operation 50 [1/1] (0.00ns)   --->   "store i16 %Phase0_V_5_load, i16* @Phase0_V_6, align 4" [correlator.cpp:233]
ST_2 : Operation 51 [1/1] (0.00ns)   --->   "%Phase0_V_4_load = load i16* @Phase0_V_4, align 8" [correlator.cpp:233]
ST_2 : Operation 52 [1/1] (0.00ns)   --->   "store i16 %Phase0_V_4_load, i16* @Phase0_V_5, align 2" [correlator.cpp:233]
ST_2 : Operation 53 [1/1] (0.00ns)   --->   "%Phase0_V_3_load = load i16* @Phase0_V_3, align 2" [correlator.cpp:233]
ST_2 : Operation 54 [1/1] (0.00ns)   --->   "store i16 %Phase0_V_3_load, i16* @Phase0_V_4, align 8" [correlator.cpp:233]
ST_2 : Operation 55 [1/1] (0.00ns)   --->   "%Phase0_V_2_load = load i16* @Phase0_V_2, align 4" [correlator.cpp:233]
ST_2 : Operation 56 [1/1] (0.00ns)   --->   "store i16 %Phase0_V_2_load, i16* @Phase0_V_3, align 2" [correlator.cpp:233]
ST_2 : Operation 57 [1/1] (0.00ns)   --->   "%Phase0_V_1_load = load i16* @Phase0_V_1, align 2" [correlator.cpp:233]
ST_2 : Operation 58 [1/1] (0.00ns)   --->   "store i16 %Phase0_V_1_load, i16* @Phase0_V_2, align 4" [correlator.cpp:233]
ST_2 : Operation 59 [1/1] (0.00ns)   --->   "%Phase0_V_0_load = load i16* @Phase0_V_0, align 16" [correlator.cpp:233]
ST_2 : Operation 60 [1/1] (0.00ns)   --->   "store i16 %Phase0_V_0_load, i16* @Phase0_V_1, align 2" [correlator.cpp:233]
ST_2 : Operation 61 [1/1] (1.48ns)   --->   "%tmp7 = add i16 %phaseClass0_V_0_load, %phaseClass0_V_1_load" [correlator.cpp:230]   --->   Core 14 'AddSub' <Latency = 0> <II = 1> <Delay = 1.48> <FuncUnit> <Opcode : 'add' 'sub'> <InPorts = 2> <OutPorts = 1>
ST_2 : Operation 62 [1/1] (0.00ns) (grouped into TernaryAdder)   --->   "%tmp8 = add i16 %phaseClass0_V_7_load, %phaseClass0_V_2_load" [correlator.cpp:230]   --->   Core 80 'TAddSub' <Latency = 0> <II = 1> <Delay = 1.27> <IPBlock> <Opcode : 'add' 'sub'> <InPorts = 3> <OutPorts = 1> <Sync> <CReg>
ST_2 : Operation 63 [1/1] (2.54ns) (root node of TernaryAdder)   --->   "%tmp6 = add i16 %tmp7, %tmp8" [correlator.cpp:230]   --->   Core 80 'TAddSub' <Latency = 0> <II = 1> <Delay = 1.27> <IPBlock> <Opcode : 'add' 'sub'> <InPorts = 3> <OutPorts = 1> <Sync> <CReg>
ST_2 : Operation 64 [1/1] (1.48ns)   --->   "%tmp1 = add i16 %phaseClass0_V_9_load, %phaseClass0_V_12_loa" [correlator.cpp:230]   --->   Core 14 'AddSub' <Latency = 0> <II = 1> <Delay = 1.48> <FuncUnit> <Opcode : 'add' 'sub'> <InPorts = 2> <OutPorts = 1>
ST_2 : Operation 65 [1/1] (1.48ns)   --->   "%tmp2 = add i16 %tmp_1, %phaseClass0_V_14_loa" [correlator.cpp:230]   --->   Core 14 'AddSub' <Latency = 0> <II = 1> <Delay = 1.48> <FuncUnit> <Opcode : 'add' 'sub'> <InPorts = 2> <OutPorts = 1>
ST_2 : Operation 66 [1/1] (0.00ns) (grouped into TernaryAdder)   --->   "%tmp9 = add i16 %tmp1, %tmp2" [correlator.cpp:230]   --->   Core 80 'TAddSub' <Latency = 0> <II = 1> <Delay = 1.27> <IPBlock> <Opcode : 'add' 'sub'> <InPorts = 3> <OutPorts = 1> <Sync> <CReg>
ST_2 : Operation 67 [1/1] (2.54ns) (root node of TernaryAdder)   --->   "%p_Val2_3_4 = add i16 %tmp6, %tmp9" [correlator.cpp:230]   --->   Core 80 'TAddSub' <Latency = 0> <II = 1> <Delay = 1.27> <IPBlock> <Opcode : 'add' 'sub'> <InPorts = 3> <OutPorts = 1> <Sync> <CReg>
ST_2 : Operation 68 [1/1] (0.00ns)   --->   "store i16 %p_Val2_3_4, i16* @corHelperI_V, align 2" [correlator.cpp:230]
ST_2 : Operation 69 [1/1] (0.00ns)   --->   "store i16 %p_Val2_3_4, i16* @Phase0_V_0, align 16" [correlator.cpp:235]
ST_2 : Operation 70 [1/1] (0.00ns)   --->   "%p_Result_s = call i32 @llvm.part.set.i32.i16(i32 undef, i16 %p_Val2_3_4, i32 0, i32 15)" [correlator.cpp:238]
ST_2 : Operation 71 [2/2] (0.00ns)   --->   "call void @_ssdm_op_Write.axis.volatile.i32P.i1P(i32* %o_data_V_data_V, i1* %o_data_V_last_V, i32 %p_Result_s, i1 %tmp_last_V)" [correlator.cpp:240]   --->   Core 5 'AXI4Stream' <Latency = 0> <II = 1> <Delay = 1.00> <Adapter> <Opcode : >

 <State 3> : 0.00ns
ST_3 : Operation 72 [1/1] (0.00ns)   --->   "call void (...)* @_ssdm_op_SpecBitsMap(i32* %i_data_V_data_V), !map !77"
ST_3 : Operation 73 [1/1] (0.00ns)   --->   "call void (...)* @_ssdm_op_SpecBitsMap(i1* %i_data_V_last_V), !map !81"
ST_3 : Operation 74 [1/1] (0.00ns)   --->   "call void (...)* @_ssdm_op_SpecBitsMap(i32* %o_data_V_data_V), !map !85"
ST_3 : Operation 75 [1/1] (0.00ns)   --->   "call void (...)* @_ssdm_op_SpecBitsMap(i1* %o_data_V_last_V), !map !89"
ST_3 : Operation 76 [1/1] (0.00ns)   --->   "call void (...)* @_ssdm_op_SpecBitsMap(i1 %start_V), !map !93"
ST_3 : Operation 77 [1/1] (0.00ns)   --->   "call void (...)* @_ssdm_op_SpecBitsMap(i4 %phaseClass_V), !map !99"
ST_3 : Operation 78 [1/1] (0.00ns)   --->   "call void (...)* @_ssdm_op_SpecTopModule([11 x i8]* @correlator_str) nounwind"
ST_3 : Operation 79 [1/1] (0.00ns)   --->   "call void (...)* @_ssdm_op_SpecResource(i32* %o_data_V_data_V, i1* %o_data_V_last_V, [1 x i8]* @p_str, [1 x i8]* @p_str, [1 x i8]* @p_str, i32 1, [1 x i8]* @p_str, [1 x i8]* @p_str, [1 x i8]* @p_str, [1 x i8]* @p_str, [1 x i8]* @p_str)" [correlator.cpp:12]
ST_3 : Operation 80 [1/1] (0.00ns)   --->   "call void (...)* @_ssdm_op_SpecInterface(i32 0, [13 x i8]* @p_str1, i32 0, i32 0, [1 x i8]* @p_str, i32 0, i32 0, [1 x i8]* @p_str, [1 x i8]* @p_str, [1 x i8]* @p_str, i32 0, i32 0, i32 0, i32 0, [1 x i8]* @p_str, [1 x i8]* @p_str) nounwind" [correlator.cpp:14]
ST_3 : Operation 81 [1/1] (0.00ns)   --->   "call void (...)* @_ssdm_op_SpecInterface(i32* %o_data_V_data_V, i1* %o_data_V_last_V, [5 x i8]* @p_str2, i32 1, i32 1, [5 x i8]* @p_str3, i32 0, i32 0, [1 x i8]* @p_str, [1 x i8]* @p_str, [1 x i8]* @p_str, i32 0, i32 0, i32 0, i32 0, [1 x i8]* @p_str, [1 x i8]* @p_str) nounwind" [correlator.cpp:15]
ST_3 : Operation 82 [1/1] (0.00ns)   --->   "call void (...)* @_ssdm_op_SpecInterface(i32* %i_data_V_data_V, i1* %i_data_V_last_V, [5 x i8]* @p_str2, i32 1, i32 1, [5 x i8]* @p_str3, i32 0, i32 0, [1 x i8]* @p_str, [1 x i8]* @p_str, [1 x i8]* @p_str, i32 0, i32 0, i32 0, i32 0, [1 x i8]* @p_str, [1 x i8]* @p_str) nounwind" [correlator.cpp:16]
ST_3 : Operation 83 [1/1] (0.00ns)   --->   "call void (...)* @_ssdm_op_SpecPipeline(i32 1, i32 1, i32 1, i32 0, [1 x i8]* @p_str) nounwind" [correlator.cpp:18]
ST_3 : Operation 84 [1/1] (0.00ns)   --->   "call void (...)* @_ssdm_op_SpecReset(i16* @newVal_V, i32 1, [1 x i8]* @p_str) nounwind" [correlator.cpp:165]
ST_3 : Operation 85 [1/1] (0.00ns)   --->   "call void (...)* @_ssdm_op_SpecReset(i32 1, [1 x i8]* @p_str)" [correlator.cpp:172]
ST_3 : Operation 86 [1/1] (0.00ns)   --->   "call void (...)* @_ssdm_op_SpecReset(i32 1, [1 x i8]* @p_str) nounwind" [correlator.cpp:182]
ST_3 : Operation 87 [1/1] (0.00ns)   --->   "call void (...)* @_ssdm_op_SpecReset(i32 1, [1 x i8]* @p_str) nounwind" [correlator.cpp:185]
ST_3 : Operation 88 [1/1] (0.00ns)   --->   "call void (...)* @_ssdm_op_SpecReset(i32 1, [1 x i8]* @p_str) nounwind" [correlator.cpp:190]
ST_3 : Operation 89 [1/1] (0.00ns)   --->   "call void (...)* @_ssdm_op_SpecReset(i16* @corHelperI_V, i32 1, [1 x i8]* @p_str) nounwind" [correlator.cpp:193]
ST_3 : Operation 90 [1/1] (0.00ns)   --->   "call void (...)* @_ssdm_op_SpecReset(i32 1, [1 x i8]* @p_str) nounwind" [correlator.cpp:196]
ST_3 : Operation 91 [1/1] (0.00ns)   --->   "call void (...)* @_ssdm_op_SpecReset(i1* @currentState, i32 1, [1 x i8]* @p_str) nounwind" [correlator.cpp:201]
ST_3 : Operation 92 [1/1] (0.00ns)   --->   "br label %._crit_edge844" [correlator.cpp:210]
ST_3 : Operation 93 [1/1] (0.00ns)   --->   "br label %._crit_edge843" [correlator.cpp:211]
ST_3 : Operation 94 [1/2] (0.00ns)   --->   "call void @_ssdm_op_Write.axis.volatile.i32P.i1P(i32* %o_data_V_data_V, i1* %o_data_V_last_V, i32 %p_Result_s, i1 %tmp_last_V)" [correlator.cpp:240]   --->   Core 5 'AXI4Stream' <Latency = 0> <II = 1> <Delay = 1.00> <Adapter> <Opcode : >
ST_3 : Operation 95 [1/1] (0.00ns)   --->   "br label %._crit_edge845" [correlator.cpp:247]
ST_3 : Operation 96 [1/1] (0.00ns)   --->   "br label %._crit_edge843" [correlator.cpp:248]
ST_3 : Operation 97 [1/1] (0.00ns)   --->   "ret void" [correlator.cpp:593]


============================================================
+ Verbose Summary: Binding
============================================================
STG Binding: 
---------------- STG Properties BEGIN ----------------
- Is combinational: 0
- Is one-state seq: 0
- Is datapath-only: 0
- Is pipelined: 1
- Is top level: 1
Port [ Return ] is wired: 1; IO mode=ap_ctrl_none:ce=0
Port [ i_data_V_data_V]:  wired=1; compound=1; hidden=0; nouse=0; global=0; static=0; extern=0; dir=0; type=0; pingpong=0; private_global=0; IO mode=axis:ce=0
Port [ i_data_V_last_V]:  wired=1; compound=1; hidden=0; nouse=0; global=0; static=0; extern=0; dir=0; type=0; pingpong=0; private_global=0; IO mode=axis:ce=0
Port [ o_data_V_data_V]:  wired=1; compound=1; hidden=0; nouse=0; global=0; static=0; extern=0; dir=1; type=0; pingpong=0; private_global=0; IO mode=axis:ce=0
Port [ o_data_V_last_V]:  wired=1; compound=1; hidden=0; nouse=0; global=0; static=0; extern=0; dir=1; type=0; pingpong=0; private_global=0; IO mode=axis:ce=0
Port [ start_V]:  wired=1; compound=0; hidden=0; nouse=0; global=0; static=0; extern=0; dir=0; type=0; pingpong=0; private_global=0; IO mode=ap_none:ce=0
Port [ phaseClass_V]:  wired=1; compound=0; hidden=0; nouse=1; global=0; static=0; extern=0; dir=0; type=0; pingpong=0; private_global=0; IO mode=ap_none:ce=0
Port [ currentState]:  wired=0; compound=0; hidden=1; nouse=0; global=1; static=1; extern=0; dir=2; type=0; pingpong=0; private_global=1; linkage=7; visibility=0; IO mode=ap_ovld:ce=0
Port [ newVal_V]:  wired=0; compound=0; hidden=1; nouse=0; global=1; static=1; extern=0; dir=1; type=0; pingpong=0; private_global=1; linkage=7; visibility=0; IO mode=ap_vld:ce=0
Port [ phaseClass0_V_14]:  wired=0; compound=0; hidden=1; nouse=0; global=1; static=1; extern=0; dir=2; type=0; pingpong=0; private_global=1; linkage=7; visibility=0; IO mode=ap_ovld:ce=0
Port [ phaseClass0_V_13]:  wired=0; compound=0; hidden=1; nouse=0; global=1; static=1; extern=0; dir=2; type=0; pingpong=0; private_global=1; linkage=7; visibility=0; IO mode=ap_ovld:ce=0
Port [ phaseClass0_V_12]:  wired=0; compound=0; hidden=1; nouse=0; global=1; static=1; extern=0; dir=2; type=0; pingpong=0; private_global=1; linkage=7; visibility=0; IO mode=ap_ovld:ce=0
Port [ phaseClass0_V_11]:  wired=0; compound=0; hidden=1; nouse=0; global=1; static=1; extern=0; dir=2; type=0; pingpong=0; private_global=1; linkage=7; visibility=0; IO mode=ap_ovld:ce=0
Port [ phaseClass0_V_10]:  wired=0; compound=0; hidden=1; nouse=0; global=1; static=1; extern=0; dir=2; type=0; pingpong=0; private_global=1; linkage=7; visibility=0; IO mode=ap_ovld:ce=0
Port [ phaseClass0_V_9]:  wired=0; compound=0; hidden=1; nouse=0; global=1; static=1; extern=0; dir=2; type=0; pingpong=0; private_global=1; linkage=7; visibility=0; IO mode=ap_ovld:ce=0
Port [ phaseClass0_V_8]:  wired=0; compound=0; hidden=1; nouse=0; global=1; static=1; extern=0; dir=2; type=0; pingpong=0; private_global=1; linkage=7; visibility=0; IO mode=ap_ovld:ce=0
Port [ phaseClass0_V_7]:  wired=0; compound=0; hidden=1; nouse=0; global=1; static=1; extern=0; dir=2; type=0; pingpong=0; private_global=1; linkage=7; visibility=0; IO mode=ap_ovld:ce=0
Port [ phaseClass0_V_6]:  wired=0; compound=0; hidden=1; nouse=0; global=1; static=1; extern=0; dir=2; type=0; pingpong=0; private_global=1; linkage=7; visibility=0; IO mode=ap_ovld:ce=0
Port [ phaseClass0_V_5]:  wired=0; compound=0; hidden=1; nouse=0; global=1; static=1; extern=0; dir=2; type=0; pingpong=0; private_global=1; linkage=7; visibility=0; IO mode=ap_ovld:ce=0
Port [ phaseClass0_V_4]:  wired=0; compound=0; hidden=1; nouse=0; global=1; static=1; extern=0; dir=2; type=0; pingpong=0; private_global=1; linkage=7; visibility=0; IO mode=ap_ovld:ce=0
Port [ phaseClass0_V_3]:  wired=0; compound=0; hidden=1; nouse=0; global=1; static=1; extern=0; dir=2; type=0; pingpong=0; private_global=1; linkage=7; visibility=0; IO mode=ap_ovld:ce=0
Port [ phaseClass0_V_2]:  wired=0; compound=0; hidden=1; nouse=0; global=1; static=1; extern=0; dir=2; type=0; pingpong=0; private_global=1; linkage=7; visibility=0; IO mode=ap_ovld:ce=0
Port [ phaseClass0_V_1]:  wired=0; compound=0; hidden=1; nouse=0; global=1; static=1; extern=0; dir=2; type=0; pingpong=0; private_global=1; linkage=7; visibility=0; IO mode=ap_ovld:ce=0
Port [ phaseClass0_V_0]:  wired=0; compound=0; hidden=1; nouse=0; global=1; static=1; extern=0; dir=2; type=0; pingpong=0; private_global=1; linkage=7; visibility=0; IO mode=ap_ovld:ce=0
Port [ Phase0_V_6]:  wired=0; compound=0; hidden=1; nouse=0; global=1; static=1; extern=0; dir=2; type=0; pingpong=0; private_global=1; linkage=7; visibility=0; IO mode=ap_ovld:ce=0
Port [ Phase0_V_7]:  wired=0; compound=0; hidden=1; nouse=0; global=1; static=1; extern=0; dir=1; type=0; pingpong=0; private_global=1; linkage=7; visibility=0; IO mode=ap_vld:ce=0
Port [ Phase0_V_5]:  wired=0; compound=0; hidden=1; nouse=0; global=1; static=1; extern=0; dir=2; type=0; pingpong=0; private_global=1; linkage=7; visibility=0; IO mode=ap_ovld:ce=0
Port [ Phase0_V_4]:  wired=0; compound=0; hidden=1; nouse=0; global=1; static=1; extern=0; dir=2; type=0; pingpong=0; private_global=1; linkage=7; visibility=0; IO mode=ap_ovld:ce=0
Port [ Phase0_V_3]:  wired=0; compound=0; hidden=1; nouse=0; global=1; static=1; extern=0; dir=2; type=0; pingpong=0; private_global=1; linkage=7; visibility=0; IO mode=ap_ovld:ce=0
Port [ Phase0_V_2]:  wired=0; compound=0; hidden=1; nouse=0; global=1; static=1; extern=0; dir=2; type=0; pingpong=0; private_global=1; linkage=7; visibility=0; IO mode=ap_ovld:ce=0
Port [ Phase0_V_1]:  wired=0; compound=0; hidden=1; nouse=0; global=1; static=1; extern=0; dir=2; type=0; pingpong=0; private_global=1; linkage=7; visibility=0; IO mode=ap_ovld:ce=0
Port [ Phase0_V_0]:  wired=0; compound=0; hidden=1; nouse=0; global=1; static=1; extern=0; dir=2; type=0; pingpong=0; private_global=1; linkage=7; visibility=0; IO mode=ap_ovld:ce=0
Port [ corHelperI_V]:  wired=0; compound=0; hidden=1; nouse=0; global=1; static=1; extern=0; dir=1; type=0; pingpong=0; private_global=1; linkage=7; visibility=0; IO mode=ap_vld:ce=0
---------------- STG Properties END ------------------

---------------- Datapath Model BEGIN ----------------

<LifeTime>
<method=bitvector/>
start_V_read         (read         ) [ 0111]
currentState_load    (load         ) [ 0111]
StgValue_6           (br           ) [ 0000]
StgValue_7           (br           ) [ 0000]
StgValue_8           (store        ) [ 0000]
tmp                  (nbreadreq    ) [ 0111]
StgValue_10          (br           ) [ 0000]
empty                (read         ) [ 0000]
tmp_data_V_1         (extractvalue ) [ 0000]
tmp_last_V           (extractvalue ) [ 0111]
tmp_1                (trunc        ) [ 0110]
StgValue_15          (store        ) [ 0000]
StgValue_16          (store        ) [ 0000]
phaseClass0_V_14_loa (load         ) [ 0000]
phaseClass0_V_13_loa (load         ) [ 0000]
StgValue_19          (store        ) [ 0000]
phaseClass0_V_12_loa (load         ) [ 0000]
StgValue_21          (store        ) [ 0000]
phaseClass0_V_11_loa (load         ) [ 0000]
StgValue_23          (store        ) [ 0000]
phaseClass0_V_10_loa (load         ) [ 0000]
StgValue_25          (store        ) [ 0000]
phaseClass0_V_9_load (load         ) [ 0000]
StgValue_27          (store        ) [ 0000]
phaseClass0_V_8_load (load         ) [ 0000]
StgValue_29          (store        ) [ 0000]
phaseClass0_V_7_load (load         ) [ 0000]
StgValue_31          (store        ) [ 0000]
phaseClass0_V_6_load (load         ) [ 0000]
StgValue_33          (store        ) [ 0000]
phaseClass0_V_5_load (load         ) [ 0000]
StgValue_35          (store        ) [ 0000]
phaseClass0_V_4_load (load         ) [ 0000]
StgValue_37          (store        ) [ 0000]
phaseClass0_V_3_load (load         ) [ 0000]
StgValue_39          (store        ) [ 0000]
phaseClass0_V_2_load (load         ) [ 0000]
StgValue_41          (store        ) [ 0000]
phaseClass0_V_1_load (load         ) [ 0000]
StgValue_43          (store        ) [ 0000]
phaseClass0_V_0_load (load         ) [ 0000]
StgValue_45          (store        ) [ 0000]
StgValue_46          (store        ) [ 0000]
Phase0_V_6_load      (load         ) [ 0000]
StgValue_48          (store        ) [ 0000]
Phase0_V_5_load      (load         ) [ 0000]
StgValue_50          (store        ) [ 0000]
Phase0_V_4_load      (load         ) [ 0000]
StgValue_52          (store        ) [ 0000]
Phase0_V_3_load      (load         ) [ 0000]
StgValue_54          (store        ) [ 0000]
Phase0_V_2_load      (load         ) [ 0000]
StgValue_56          (store        ) [ 0000]
Phase0_V_1_load      (load         ) [ 0000]
StgValue_58          (store        ) [ 0000]
Phase0_V_0_load      (load         ) [ 0000]
StgValue_60          (store        ) [ 0000]
tmp7                 (add          ) [ 0000]
tmp8                 (add          ) [ 0000]
tmp6                 (add          ) [ 0000]
tmp1                 (add          ) [ 0000]
tmp2                 (add          ) [ 0000]
tmp9                 (add          ) [ 0000]
p_Val2_3_4           (add          ) [ 0000]
StgValue_68          (store        ) [ 0000]
StgValue_69          (store        ) [ 0000]
p_Result_s           (partset      ) [ 0101]
StgValue_72          (specbitsmap  ) [ 0000]
StgValue_73          (specbitsmap  ) [ 0000]
StgValue_74          (specbitsmap  ) [ 0000]
StgValue_75          (specbitsmap  ) [ 0000]
StgValue_76          (specbitsmap  ) [ 0000]
StgValue_77          (specbitsmap  ) [ 0000]
StgValue_78          (spectopmodule) [ 0000]
StgValue_79          (specresource ) [ 0000]
StgValue_80          (specinterface) [ 0000]
StgValue_81          (specinterface) [ 0000]
StgValue_82          (specinterface) [ 0000]
StgValue_83          (specpipeline ) [ 0000]
StgValue_84          (specreset    ) [ 0000]
StgValue_85          (specreset    ) [ 0000]
StgValue_86          (specreset    ) [ 0000]
StgValue_87          (specreset    ) [ 0000]
StgValue_88          (specreset    ) [ 0000]
StgValue_89          (specreset    ) [ 0000]
StgValue_90          (specreset    ) [ 0000]
StgValue_91          (specreset    ) [ 0000]
StgValue_92          (br           ) [ 0000]
StgValue_93          (br           ) [ 0000]
StgValue_94          (write        ) [ 0000]
StgValue_95          (br           ) [ 0000]
StgValue_96          (br           ) [ 0000]
StgValue_97          (ret          ) [ 0000]
</LifeTime>

<model>

<comp_list>
<comp id="0" class="1000" name="i_data_V_data_V">
<pin_list>
<pin id="1" dir="1" index="0" bw="1" slack="0"/>
</pin_list>
<bind>
<StgValue><ssdm name="i_data_V_data_V"/></StgValue>
</bind>
</comp>

<comp id="2" class="1000" name="i_data_V_last_V">
<pin_list>
<pin id="3" dir="1" index="0" bw="1" slack="0"/>
</pin_list>
<bind>
<StgValue><ssdm name="i_data_V_last_V"/></StgValue>
</bind>
</comp>

<comp id="4" class="1000" name="o_data_V_data_V">
<pin_list>
<pin id="5" dir="1" index="0" bw="1" slack="0"/>
</pin_list>
<bind>
<StgValue><ssdm name="o_data_V_data_V"/></StgValue>
</bind>
</comp>

<comp id="6" class="1000" name="o_data_V_last_V">
<pin_list>
<pin id="7" dir="1" index="0" bw="1" slack="0"/>
</pin_list>
<bind>
<StgValue><ssdm name="o_data_V_last_V"/></StgValue>
</bind>
</comp>

<comp id="8" class="1000" name="start_V">
<pin_list>
<pin id="9" dir="1" index="0" bw="1" slack="0"/>
</pin_list>
<bind>
<StgValue><ssdm name="start_V"/></StgValue>
</bind>
</comp>

<comp id="10" class="1000" name="phaseClass_V">
<pin_list>
<pin id="11" dir="1" index="0" bw="1" slack="2147483647"/>
</pin_list>
<bind>
<StgValue><ssdm name="phaseClass_V"/></StgValue>
</bind>
</comp>

<comp id="12" class="1000" name="currentState">
<pin_list>
<pin id="13" dir="1" index="0" bw="1" slack="0"/>
</pin_list>
<bind>
<StgValue><ssdm name="currentState"/></StgValue>
</bind>
</comp>

<comp id="14" class="1000" name="newVal_V">
<pin_list>
<pin id="15" dir="1" index="0" bw="1" slack="0"/>
</pin_list>
<bind>
<StgValue><ssdm name="newVal_V"/></StgValue>
</bind>
</comp>

<comp id="16" class="1000" name="phaseClass0_V_14">
<pin_list>
<pin id="17" dir="1" index="0" bw="1" slack="0"/>
</pin_list>
<bind>
<StgValue><ssdm name="phaseClass0_V_14"/></StgValue>
</bind>
</comp>

<comp id="18" class="1000" name="phaseClass0_V_13">
<pin_list>
<pin id="19" dir="1" index="0" bw="1" slack="0"/>
</pin_list>
<bind>
<StgValue><ssdm name="phaseClass0_V_13"/></StgValue>
</bind>
</comp>

<comp id="20" class="1000" name="phaseClass0_V_12">
<pin_list>
<pin id="21" dir="1" index="0" bw="1" slack="0"/>
</pin_list>
<bind>
<StgValue><ssdm name="phaseClass0_V_12"/></StgValue>
</bind>
</comp>

<comp id="22" class="1000" name="phaseClass0_V_11">
<pin_list>
<pin id="23" dir="1" index="0" bw="1" slack="0"/>
</pin_list>
<bind>
<StgValue><ssdm name="phaseClass0_V_11"/></StgValue>
</bind>
</comp>

<comp id="24" class="1000" name="phaseClass0_V_10">
<pin_list>
<pin id="25" dir="1" index="0" bw="1" slack="0"/>
</pin_list>
<bind>
<StgValue><ssdm name="phaseClass0_V_10"/></StgValue>
</bind>
</comp>

<comp id="26" class="1000" name="phaseClass0_V_9">
<pin_list>
<pin id="27" dir="1" index="0" bw="1" slack="0"/>
</pin_list>
<bind>
<StgValue><ssdm name="phaseClass0_V_9"/></StgValue>
</bind>
</comp>

<comp id="28" class="1000" name="phaseClass0_V_8">
<pin_list>
<pin id="29" dir="1" index="0" bw="1" slack="0"/>
</pin_list>
<bind>
<StgValue><ssdm name="phaseClass0_V_8"/></StgValue>
</bind>
</comp>

<comp id="30" class="1000" name="phaseClass0_V_7">
<pin_list>
<pin id="31" dir="1" index="0" bw="1" slack="0"/>
</pin_list>
<bind>
<StgValue><ssdm name="phaseClass0_V_7"/></StgValue>
</bind>
</comp>

<comp id="32" class="1000" name="phaseClass0_V_6">
<pin_list>
<pin id="33" dir="1" index="0" bw="1" slack="0"/>
</pin_list>
<bind>
<StgValue><ssdm name="phaseClass0_V_6"/></StgValue>
</bind>
</comp>

<comp id="34" class="1000" name="phaseClass0_V_5">
<pin_list>
<pin id="35" dir="1" index="0" bw="1" slack="0"/>
</pin_list>
<bind>
<StgValue><ssdm name="phaseClass0_V_5"/></StgValue>
</bind>
</comp>

<comp id="36" class="1000" name="phaseClass0_V_4">
<pin_list>
<pin id="37" dir="1" index="0" bw="1" slack="0"/>
</pin_list>
<bind>
<StgValue><ssdm name="phaseClass0_V_4"/></StgValue>
</bind>
</comp>

<comp id="38" class="1000" name="phaseClass0_V_3">
<pin_list>
<pin id="39" dir="1" index="0" bw="1" slack="0"/>
</pin_list>
<bind>
<StgValue><ssdm name="phaseClass0_V_3"/></StgValue>
</bind>
</comp>

<comp id="40" class="1000" name="phaseClass0_V_2">
<pin_list>
<pin id="41" dir="1" index="0" bw="1" slack="0"/>
</pin_list>
<bind>
<StgValue><ssdm name="phaseClass0_V_2"/></StgValue>
</bind>
</comp>

<comp id="42" class="1000" name="phaseClass0_V_1">
<pin_list>
<pin id="43" dir="1" index="0" bw="1" slack="0"/>
</pin_list>
<bind>
<StgValue><ssdm name="phaseClass0_V_1"/></StgValue>
</bind>
</comp>

<comp id="44" class="1000" name="phaseClass0_V_0">
<pin_list>
<pin id="45" dir="1" index="0" bw="1" slack="0"/>
</pin_list>
<bind>
<StgValue><ssdm name="phaseClass0_V_0"/></StgValue>
</bind>
</comp>

<comp id="46" class="1000" name="Phase0_V_6">
<pin_list>
<pin id="47" dir="1" index="0" bw="1" slack="0"/>
</pin_list>
<bind>
<StgValue><ssdm name="Phase0_V_6"/></StgValue>
</bind>
</comp>

<comp id="48" class="1000" name="Phase0_V_7">
<pin_list>
<pin id="49" dir="1" index="0" bw="1" slack="0"/>
</pin_list>
<bind>
<StgValue><ssdm name="Phase0_V_7"/></StgValue>
</bind>
</comp>

<comp id="50" class="1000" name="Phase0_V_5">
<pin_list>
<pin id="51" dir="1" index="0" bw="1" slack="0"/>
</pin_list>
<bind>
<StgValue><ssdm name="Phase0_V_5"/></StgValue>
</bind>
</comp>

<comp id="52" class="1000" name="Phase0_V_4">
<pin_list>
<pin id="53" dir="1" index="0" bw="1" slack="0"/>
</pin_list>
<bind>
<StgValue><ssdm name="Phase0_V_4"/></StgValue>
</bind>
</comp>

<comp id="54" class="1000" name="Phase0_V_3">
<pin_list>
<pin id="55" dir="1" index="0" bw="1" slack="0"/>
</pin_list>
<bind>
<StgValue><ssdm name="Phase0_V_3"/></StgValue>
</bind>
</comp>

<comp id="56" class="1000" name="Phase0_V_2">
<pin_list>
<pin id="57" dir="1" index="0" bw="1" slack="0"/>
</pin_list>
<bind>
<StgValue><ssdm name="Phase0_V_2"/></StgValue>
</bind>
</comp>

<comp id="58" class="1000" name="Phase0_V_1">
<pin_list>
<pin id="59" dir="1" index="0" bw="1" slack="0"/>
</pin_list>
<bind>
<StgValue><ssdm name="Phase0_V_1"/></StgValue>
</bind>
</comp>

<comp id="60" class="1000" name="Phase0_V_0">
<pin_list>
<pin id="61" dir="1" index="0" bw="1" slack="0"/>
</pin_list>
<bind>
<StgValue><ssdm name="Phase0_V_0"/></StgValue>
</bind>
</comp>

<comp id="62" class="1000" name="corHelperI_V">
<pin_list>
<pin id="63" dir="1" index="0" bw="1" slack="0"/>
</pin_list>
<bind>
<StgValue><ssdm name="corHelperI_V"/></StgValue>
</bind>
</comp>

<comp id="64" class="1001" name="const_64">
<pin_list>
<pin id="65" dir="1" index="0" bw="1" slack="0"/>
</pin_list>
<bind>
<StgValue><ssdm name="_ssdm_op_Read.ap_auto.i1"/></StgValue>
</bind>
</comp>

<comp id="66" class="1001" name="const_66">
<pin_list>
<pin id="67" dir="1" index="0" bw="1" slack="0"/>
</pin_list>
<bind>
<StgValue><ssdm name=""/></StgValue>
</bind>
</comp>

<comp id="68" class="1001" name="const_68">
<pin_list>
<pin id="69" dir="1" index="0" bw="1" slack="0"/>
</pin_list>
<bind>
<StgValue><ssdm name="_ssdm_op_NbReadReq.axis.i32P.i1P"/></StgValue>
</bind>
</comp>

<comp id="70" class="1001" name="const_70">
<pin_list>
<pin id="71" dir="1" index="0" bw="1" slack="0"/>
</pin_list>
<bind>
<StgValue><ssdm name=""/></StgValue>
</bind>
</comp>

<comp id="72" class="1001" name="const_72">
<pin_list>
<pin id="73" dir="1" index="0" bw="1" slack="0"/>
</pin_list>
<bind>
<StgValue><ssdm name="_ssdm_op_Read.axis.volatile.i32P.i1P"/></StgValue>
</bind>
</comp>

<comp id="74" class="1001" name="const_74">
<pin_list>
<pin id="75" dir="1" index="0" bw="1" slack="0"/>
</pin_list>
<bind>
<StgValue><ssdm name="llvm.part.set.i32.i16"/></StgValue>
</bind>
</comp>

<comp id="76" class="1001" name="const_76">
<pin_list>
<pin id="77" dir="1" index="0" bw="1" slack="0"/>
</pin_list>
<bind>
<StgValue><ssdm name=""/></StgValue>
</bind>
</comp>

<comp id="78" class="1001" name="const_78">
<pin_list>
<pin id="79" dir="1" index="0" bw="1" slack="0"/>
</pin_list>
<bind>
<StgValue><ssdm name=""/></StgValue>
</bind>
</comp>

<comp id="80" class="1001" name="const_80">
<pin_list>
<pin id="81" dir="1" index="0" bw="1" slack="0"/>
</pin_list>
<bind>
<StgValue><ssdm name=""/></StgValue>
</bind>
</comp>

<comp id="82" class="1001" name="const_82">
<pin_list>
<pin id="83" dir="1" index="0" bw="1" slack="0"/>
</pin_list>
<bind>
<StgValue><ssdm name="_ssdm_op_Write.axis.volatile.i32P.i1P"/></StgValue>
</bind>
</comp>

<comp id="84" class="1001" name="const_84">
<pin_list>
<pin id="85" dir="1" index="0" bw="1" slack="2147483647"/>
</pin_list>
<bind>
<StgValue><ssdm name="_ssdm_op_SpecBitsMap"/></StgValue>
</bind>
</comp>

<comp id="86" class="1001" name="const_86">
<pin_list>
<pin id="87" dir="1" index="0" bw="1" slack="2147483647"/>
</pin_list>
<bind>
<StgValue><ssdm name="_ssdm_op_SpecTopModule"/></StgValue>
</bind>
</comp>

<comp id="88" class="1001" name="const_88">
<pin_list>
<pin id="89" dir="1" index="0" bw="1" slack="2147483647"/>
</pin_list>
<bind>
<StgValue><ssdm name="correlator_str"/></StgValue>
</bind>
</comp>

<comp id="90" class="1001" name="const_90">
<pin_list>
<pin id="91" dir="1" index="0" bw="1" slack="2147483647"/>
</pin_list>
<bind>
<StgValue><ssdm name="_ssdm_op_SpecResource"/></StgValue>
</bind>
</comp>

<comp id="92" class="1001" name="const_92">
<pin_list>
<pin id="93" dir="1" index="0" bw="1" slack="2147483647"/>
</pin_list>
<bind>
<StgValue><ssdm name="p_str"/></StgValue>
</bind>
</comp>

<comp id="94" class="1001" name="const_94">
<pin_list>
<pin id="95" dir="1" index="0" bw="1" slack="2147483647"/>
</pin_list>
<bind>
<StgValue><ssdm name="_ssdm_op_SpecInterface"/></StgValue>
</bind>
</comp>

<comp id="96" class="1001" name="const_96">
<pin_list>
<pin id="97" dir="1" index="0" bw="1" slack="2147483647"/>
</pin_list>
<bind>
<StgValue><ssdm name="p_str1"/></StgValue>
</bind>
</comp>

<comp id="98" class="1001" name="const_98">
<pin_list>
<pin id="99" dir="1" index="0" bw="1" slack="2147483647"/>
</pin_list>
<bind>
<StgValue><ssdm name="p_str2"/></StgValue>
</bind>
</comp>

<comp id="100" class="1001" name="const_100">
<pin_list>
<pin id="101" dir="1" index="0" bw="1" slack="2147483647"/>
</pin_list>
<bind>
<StgValue><ssdm name="p_str3"/></StgValue>
</bind>
</comp>

<comp id="102" class="1001" name="const_102">
<pin_list>
<pin id="103" dir="1" index="0" bw="1" slack="2147483647"/>
</pin_list>
<bind>
<StgValue><ssdm name="_ssdm_op_SpecPipeline"/></StgValue>
</bind>
</comp>

<comp id="104" class="1001" name="const_104">
<pin_list>
<pin id="105" dir="1" index="0" bw="1" slack="2147483647"/>
</pin_list>
<bind>
<StgValue><ssdm name="_ssdm_op_SpecReset"/></StgValue>
</bind>
</comp>

<comp id="106" class="1004" name="start_V_read_read_fu_106">
<pin_list>
<pin id="107" dir="0" index="0" bw="1" slack="0"/>
<pin id="108" dir="0" index="1" bw="1" slack="0"/>
<pin id="109" dir="1" index="2" bw="1" slack="2"/>
</pin_list>
<bind>
<opcode="read(1150) " fcode="read"/>
<opset="start_V_read/1 "/>
</bind>
</comp>

<comp id="112" class="1004" name="tmp_nbreadreq_fu_112">
<pin_list>
<pin id="113" dir="0" index="0" bw="1" slack="0"/>
<pin id="114" dir="0" index="1" bw="32" slack="0"/>
<pin id="115" dir="0" index="2" bw="1" slack="0"/>
<pin id="116" dir="0" index="3" bw="1" slack="0"/>
<pin id="117" dir="1" index="4" bw="1" slack="1"/>
</pin_list>
<bind>
<opcode="nbreadreq(1156) " fcode="nbreadreq"/>
<opset="tmp/1 "/>
</bind>
</comp>

<comp id="122" class="1004" name="empty_read_fu_122">
<pin_list>
<pin id="123" dir="0" index="0" bw="33" slack="0"/>
<pin id="124" dir="0" index="1" bw="32" slack="0"/>
<pin id="125" dir="0" index="2" bw="1" slack="0"/>
<pin id="126" dir="1" index="3" bw="33" slack="0"/>
</pin_list>
<bind>
<opcode="read(1150) " fcode="read"/>
<opset="empty/1 "/>
</bind>
</comp>

<comp id="130" class="1004" name="grp_write_fu_130">
<pin_list>
<pin id="131" dir="0" index="0" bw="0" slack="0"/>
<pin id="132" dir="0" index="1" bw="32" slack="0"/>
<pin id="133" dir="0" index="2" bw="1" slack="0"/>
<pin id="134" dir="0" index="3" bw="32" slack="0"/>
<pin id="135" dir="0" index="4" bw="1" slack="1"/>
<pin id="136" dir="1" index="5" bw="0" slack="2147483647"/>
</pin_list>
<bind>
<opcode="write(1151) " fcode="write"/>
<opset="StgValue_71/2 "/>
</bind>
</comp>

<comp id="140" class="1004" name="grp_store_fu_140">
<pin_list>
<pin id="141" dir="0" index="0" bw="1" slack="0"/>
<pin id="142" dir="0" index="1" bw="1" slack="0"/>
<pin id="143" dir="1" index="2" bw="0" slack="2147483647"/>
</pin_list>
<bind>
<opcode="store(28) " fcode="store"/>
<opset="StgValue_8/1 StgValue_16/1 "/>
</bind>
</comp>

<comp id="146" class="1004" name="currentState_load_load_fu_146">
<pin_list>
<pin id="147" dir="0" index="0" bw="1" slack="0"/>
<pin id="148" dir="1" index="1" bw="1" slack="1"/>
</pin_list>
<bind>
<opcode="load(27) " fcode="load"/>
<opset="currentState_load/1 "/>
</bind>
</comp>

<comp id="150" class="1004" name="tmp_data_V_1_fu_150">
<pin_list>
<pin id="151" dir="0" index="0" bw="33" slack="0"/>
<pin id="152" dir="1" index="1" bw="32" slack="0"/>
</pin_list>
<bind>
<opcode="extractvalue(56) " fcode="extractvalue"/>
<opset="tmp_data_V_1/1 "/>
</bind>
</comp>

<comp id="154" class="1004" name="tmp_last_V_fu_154">
<pin_list>
<pin id="155" dir="0" index="0" bw="33" slack="0"/>
<pin id="156" dir="1" index="1" bw="1" slack="1"/>
</pin_list>
<bind>
<opcode="extractvalue(56) " fcode="extractvalue"/>
<opset="tmp_last_V/1 "/>
</bind>
</comp>

<comp id="158" class="1004" name="tmp_1_fu_158">
<pin_list>
<pin id="159" dir="0" index="0" bw="32" slack="0"/>
<pin id="160" dir="1" index="1" bw="16" slack="0"/>
</pin_list>
<bind>
<opcode="trunc(33) " fcode="trunc"/>
<opset="tmp_1/1 "/>
</bind>
</comp>

<comp id="162" class="1004" name="StgValue_15_store_fu_162">
<pin_list>
<pin id="163" dir="0" index="0" bw="16" slack="0"/>
<pin id="164" dir="0" index="1" bw="16" slack="0"/>
<pin id="165" dir="1" index="2" bw="0" slack="2147483647"/>
</pin_list>
<bind>
<opcode="store(28) " fcode="store"/>
<opset="StgValue_15/1 "/>
</bind>
</comp>

<comp id="168" class="1004" name="phaseClass0_V_14_loa_load_fu_168">
<pin_list>
<pin id="169" dir="0" index="0" bw="16" slack="0"/>
<pin id="170" dir="1" index="1" bw="16" slack="0"/>
</pin_list>
<bind>
<opcode="load(27) " fcode="load"/>
<opset="phaseClass0_V_14_loa/2 "/>
</bind>
</comp>

<comp id="172" class="1004" name="phaseClass0_V_13_loa_load_fu_172">
<pin_list>
<pin id="173" dir="0" index="0" bw="16" slack="0"/>
<pin id="174" dir="1" index="1" bw="16" slack="0"/>
</pin_list>
<bind>
<opcode="load(27) " fcode="load"/>
<opset="phaseClass0_V_13_loa/2 "/>
</bind>
</comp>

<comp id="176" class="1004" name="StgValue_19_store_fu_176">
<pin_list>
<pin id="177" dir="0" index="0" bw="16" slack="0"/>
<pin id="178" dir="0" index="1" bw="16" slack="0"/>
<pin id="179" dir="1" index="2" bw="0" slack="2147483647"/>
</pin_list>
<bind>
<opcode="store(28) " fcode="store"/>
<opset="StgValue_19/2 "/>
</bind>
</comp>

<comp id="182" class="1004" name="phaseClass0_V_12_loa_load_fu_182">
<pin_list>
<pin id="183" dir="0" index="0" bw="16" slack="0"/>
<pin id="184" dir="1" index="1" bw="16" slack="0"/>
</pin_list>
<bind>
<opcode="load(27) " fcode="load"/>
<opset="phaseClass0_V_12_loa/2 "/>
</bind>
</comp>

<comp id="186" class="1004" name="StgValue_21_store_fu_186">
<pin_list>
<pin id="187" dir="0" index="0" bw="16" slack="0"/>
<pin id="188" dir="0" index="1" bw="16" slack="0"/>
<pin id="189" dir="1" index="2" bw="0" slack="2147483647"/>
</pin_list>
<bind>
<opcode="store(28) " fcode="store"/>
<opset="StgValue_21/2 "/>
</bind>
</comp>

<comp id="192" class="1004" name="phaseClass0_V_11_loa_load_fu_192">
<pin_list>
<pin id="193" dir="0" index="0" bw="16" slack="0"/>
<pin id="194" dir="1" index="1" bw="16" slack="0"/>
</pin_list>
<bind>
<opcode="load(27) " fcode="load"/>
<opset="phaseClass0_V_11_loa/2 "/>
</bind>
</comp>

<comp id="196" class="1004" name="StgValue_23_store_fu_196">
<pin_list>
<pin id="197" dir="0" index="0" bw="16" slack="0"/>
<pin id="198" dir="0" index="1" bw="16" slack="0"/>
<pin id="199" dir="1" index="2" bw="0" slack="2147483647"/>
</pin_list>
<bind>
<opcode="store(28) " fcode="store"/>
<opset="StgValue_23/2 "/>
</bind>
</comp>

<comp id="202" class="1004" name="phaseClass0_V_10_loa_load_fu_202">
<pin_list>
<pin id="203" dir="0" index="0" bw="16" slack="0"/>
<pin id="204" dir="1" index="1" bw="16" slack="0"/>
</pin_list>
<bind>
<opcode="load(27) " fcode="load"/>
<opset="phaseClass0_V_10_loa/2 "/>
</bind>
</comp>

<comp id="206" class="1004" name="StgValue_25_store_fu_206">
<pin_list>
<pin id="207" dir="0" index="0" bw="16" slack="0"/>
<pin id="208" dir="0" index="1" bw="16" slack="0"/>
<pin id="209" dir="1" index="2" bw="0" slack="2147483647"/>
</pin_list>
<bind>
<opcode="store(28) " fcode="store"/>
<opset="StgValue_25/2 "/>
</bind>
</comp>

<comp id="212" class="1004" name="phaseClass0_V_9_load_load_fu_212">
<pin_list>
<pin id="213" dir="0" index="0" bw="16" slack="0"/>
<pin id="214" dir="1" index="1" bw="16" slack="0"/>
</pin_list>
<bind>
<opcode="load(27) " fcode="load"/>
<opset="phaseClass0_V_9_load/2 "/>
</bind>
</comp>

<comp id="216" class="1004" name="StgValue_27_store_fu_216">
<pin_list>
<pin id="217" dir="0" index="0" bw="16" slack="0"/>
<pin id="218" dir="0" index="1" bw="16" slack="0"/>
<pin id="219" dir="1" index="2" bw="0" slack="2147483647"/>
</pin_list>
<bind>
<opcode="store(28) " fcode="store"/>
<opset="StgValue_27/2 "/>
</bind>
</comp>

<comp id="222" class="1004" name="phaseClass0_V_8_load_load_fu_222">
<pin_list>
<pin id="223" dir="0" index="0" bw="16" slack="0"/>
<pin id="224" dir="1" index="1" bw="16" slack="0"/>
</pin_list>
<bind>
<opcode="load(27) " fcode="load"/>
<opset="phaseClass0_V_8_load/2 "/>
</bind>
</comp>

<comp id="226" class="1004" name="StgValue_29_store_fu_226">
<pin_list>
<pin id="227" dir="0" index="0" bw="16" slack="0"/>
<pin id="228" dir="0" index="1" bw="16" slack="0"/>
<pin id="229" dir="1" index="2" bw="0" slack="2147483647"/>
</pin_list>
<bind>
<opcode="store(28) " fcode="store"/>
<opset="StgValue_29/2 "/>
</bind>
</comp>

<comp id="232" class="1004" name="phaseClass0_V_7_load_load_fu_232">
<pin_list>
<pin id="233" dir="0" index="0" bw="16" slack="0"/>
<pin id="234" dir="1" index="1" bw="16" slack="0"/>
</pin_list>
<bind>
<opcode="load(27) " fcode="load"/>
<opset="phaseClass0_V_7_load/2 "/>
</bind>
</comp>

<comp id="236" class="1004" name="StgValue_31_store_fu_236">
<pin_list>
<pin id="237" dir="0" index="0" bw="16" slack="0"/>
<pin id="238" dir="0" index="1" bw="16" slack="0"/>
<pin id="239" dir="1" index="2" bw="0" slack="2147483647"/>
</pin_list>
<bind>
<opcode="store(28) " fcode="store"/>
<opset="StgValue_31/2 "/>
</bind>
</comp>

<comp id="242" class="1004" name="phaseClass0_V_6_load_load_fu_242">
<pin_list>
<pin id="243" dir="0" index="0" bw="16" slack="0"/>
<pin id="244" dir="1" index="1" bw="16" slack="0"/>
</pin_list>
<bind>
<opcode="load(27) " fcode="load"/>
<opset="phaseClass0_V_6_load/2 "/>
</bind>
</comp>

<comp id="246" class="1004" name="StgValue_33_store_fu_246">
<pin_list>
<pin id="247" dir="0" index="0" bw="16" slack="0"/>
<pin id="248" dir="0" index="1" bw="16" slack="0"/>
<pin id="249" dir="1" index="2" bw="0" slack="2147483647"/>
</pin_list>
<bind>
<opcode="store(28) " fcode="store"/>
<opset="StgValue_33/2 "/>
</bind>
</comp>

<comp id="252" class="1004" name="phaseClass0_V_5_load_load_fu_252">
<pin_list>
<pin id="253" dir="0" index="0" bw="16" slack="0"/>
<pin id="254" dir="1" index="1" bw="16" slack="0"/>
</pin_list>
<bind>
<opcode="load(27) " fcode="load"/>
<opset="phaseClass0_V_5_load/2 "/>
</bind>
</comp>

<comp id="256" class="1004" name="StgValue_35_store_fu_256">
<pin_list>
<pin id="257" dir="0" index="0" bw="16" slack="0"/>
<pin id="258" dir="0" index="1" bw="16" slack="0"/>
<pin id="259" dir="1" index="2" bw="0" slack="2147483647"/>
</pin_list>
<bind>
<opcode="store(28) " fcode="store"/>
<opset="StgValue_35/2 "/>
</bind>
</comp>

<comp id="262" class="1004" name="phaseClass0_V_4_load_load_fu_262">
<pin_list>
<pin id="263" dir="0" index="0" bw="16" slack="0"/>
<pin id="264" dir="1" index="1" bw="16" slack="0"/>
</pin_list>
<bind>
<opcode="load(27) " fcode="load"/>
<opset="phaseClass0_V_4_load/2 "/>
</bind>
</comp>

<comp id="266" class="1004" name="StgValue_37_store_fu_266">
<pin_list>
<pin id="267" dir="0" index="0" bw="16" slack="0"/>
<pin id="268" dir="0" index="1" bw="16" slack="0"/>
<pin id="269" dir="1" index="2" bw="0" slack="2147483647"/>
</pin_list>
<bind>
<opcode="store(28) " fcode="store"/>
<opset="StgValue_37/2 "/>
</bind>
</comp>

<comp id="272" class="1004" name="phaseClass0_V_3_load_load_fu_272">
<pin_list>
<pin id="273" dir="0" index="0" bw="16" slack="0"/>
<pin id="274" dir="1" index="1" bw="16" slack="0"/>
</pin_list>
<bind>
<opcode="load(27) " fcode="load"/>
<opset="phaseClass0_V_3_load/2 "/>
</bind>
</comp>

<comp id="276" class="1004" name="StgValue_39_store_fu_276">
<pin_list>
<pin id="277" dir="0" index="0" bw="16" slack="0"/>
<pin id="278" dir="0" index="1" bw="16" slack="0"/>
<pin id="279" dir="1" index="2" bw="0" slack="2147483647"/>
</pin_list>
<bind>
<opcode="store(28) " fcode="store"/>
<opset="StgValue_39/2 "/>
</bind>
</comp>

<comp id="282" class="1004" name="phaseClass0_V_2_load_load_fu_282">
<pin_list>
<pin id="283" dir="0" index="0" bw="16" slack="0"/>
<pin id="284" dir="1" index="1" bw="16" slack="0"/>
</pin_list>
<bind>
<opcode="load(27) " fcode="load"/>
<opset="phaseClass0_V_2_load/2 "/>
</bind>
</comp>

<comp id="286" class="1004" name="StgValue_41_store_fu_286">
<pin_list>
<pin id="287" dir="0" index="0" bw="16" slack="0"/>
<pin id="288" dir="0" index="1" bw="16" slack="0"/>
<pin id="289" dir="1" index="2" bw="0" slack="2147483647"/>
</pin_list>
<bind>
<opcode="store(28) " fcode="store"/>
<opset="StgValue_41/2 "/>
</bind>
</comp>

<comp id="292" class="1004" name="phaseClass0_V_1_load_load_fu_292">
<pin_list>
<pin id="293" dir="0" index="0" bw="16" slack="0"/>
<pin id="294" dir="1" index="1" bw="16" slack="0"/>
</pin_list>
<bind>
<opcode="load(27) " fcode="load"/>
<opset="phaseClass0_V_1_load/2 "/>
</bind>
</comp>

<comp id="296" class="1004" name="StgValue_43_store_fu_296">
<pin_list>
<pin id="297" dir="0" index="0" bw="16" slack="0"/>
<pin id="298" dir="0" index="1" bw="16" slack="0"/>
<pin id="299" dir="1" index="2" bw="0" slack="2147483647"/>
</pin_list>
<bind>
<opcode="store(28) " fcode="store"/>
<opset="StgValue_43/2 "/>
</bind>
</comp>

<comp id="302" class="1004" name="phaseClass0_V_0_load_load_fu_302">
<pin_list>
<pin id="303" dir="0" index="0" bw="16" slack="0"/>
<pin id="304" dir="1" index="1" bw="16" slack="0"/>
</pin_list>
<bind>
<opcode="load(27) " fcode="load"/>
<opset="phaseClass0_V_0_load/2 "/>
</bind>
</comp>

<comp id="306" class="1004" name="StgValue_45_store_fu_306">
<pin_list>
<pin id="307" dir="0" index="0" bw="16" slack="0"/>
<pin id="308" dir="0" index="1" bw="16" slack="0"/>
<pin id="309" dir="1" index="2" bw="0" slack="2147483647"/>
</pin_list>
<bind>
<opcode="store(28) " fcode="store"/>
<opset="StgValue_45/2 "/>
</bind>
</comp>

<comp id="312" class="1004" name="StgValue_46_store_fu_312">
<pin_list>
<pin id="313" dir="0" index="0" bw="16" slack="1"/>
<pin id="314" dir="0" index="1" bw="16" slack="0"/>
<pin id="315" dir="1" index="2" bw="0" slack="2147483647"/>
</pin_list>
<bind>
<opcode="store(28) " fcode="store"/>
<opset="StgValue_46/2 "/>
</bind>
</comp>

<comp id="317" class="1004" name="Phase0_V_6_load_load_fu_317">
<pin_list>
<pin id="318" dir="0" index="0" bw="16" slack="0"/>
<pin id="319" dir="1" index="1" bw="16" slack="0"/>
</pin_list>
<bind>
<opcode="load(27) " fcode="load"/>
<opset="Phase0_V_6_load/2 "/>
</bind>
</comp>

<comp id="321" class="1004" name="StgValue_48_store_fu_321">
<pin_list>
<pin id="322" dir="0" index="0" bw="16" slack="0"/>
<pin id="323" dir="0" index="1" bw="16" slack="0"/>
<pin id="324" dir="1" index="2" bw="0" slack="2147483647"/>
</pin_list>
<bind>
<opcode="store(28) " fcode="store"/>
<opset="StgValue_48/2 "/>
</bind>
</comp>

<comp id="327" class="1004" name="Phase0_V_5_load_load_fu_327">
<pin_list>
<pin id="328" dir="0" index="0" bw="16" slack="0"/>
<pin id="329" dir="1" index="1" bw="16" slack="0"/>
</pin_list>
<bind>
<opcode="load(27) " fcode="load"/>
<opset="Phase0_V_5_load/2 "/>
</bind>
</comp>

<comp id="331" class="1004" name="StgValue_50_store_fu_331">
<pin_list>
<pin id="332" dir="0" index="0" bw="16" slack="0"/>
<pin id="333" dir="0" index="1" bw="16" slack="0"/>
<pin id="334" dir="1" index="2" bw="0" slack="2147483647"/>
</pin_list>
<bind>
<opcode="store(28) " fcode="store"/>
<opset="StgValue_50/2 "/>
</bind>
</comp>

<comp id="337" class="1004" name="Phase0_V_4_load_load_fu_337">
<pin_list>
<pin id="338" dir="0" index="0" bw="16" slack="0"/>
<pin id="339" dir="1" index="1" bw="16" slack="0"/>
</pin_list>
<bind>
<opcode="load(27) " fcode="load"/>
<opset="Phase0_V_4_load/2 "/>
</bind>
</comp>

<comp id="341" class="1004" name="StgValue_52_store_fu_341">
<pin_list>
<pin id="342" dir="0" index="0" bw="16" slack="0"/>
<pin id="343" dir="0" index="1" bw="16" slack="0"/>
<pin id="344" dir="1" index="2" bw="0" slack="2147483647"/>
</pin_list>
<bind>
<opcode="store(28) " fcode="store"/>
<opset="StgValue_52/2 "/>
</bind>
</comp>

<comp id="347" class="1004" name="Phase0_V_3_load_load_fu_347">
<pin_list>
<pin id="348" dir="0" index="0" bw="16" slack="0"/>
<pin id="349" dir="1" index="1" bw="16" slack="0"/>
</pin_list>
<bind>
<opcode="load(27) " fcode="load"/>
<opset="Phase0_V_3_load/2 "/>
</bind>
</comp>

<comp id="351" class="1004" name="StgValue_54_store_fu_351">
<pin_list>
<pin id="352" dir="0" index="0" bw="16" slack="0"/>
<pin id="353" dir="0" index="1" bw="16" slack="0"/>
<pin id="354" dir="1" index="2" bw="0" slack="2147483647"/>
</pin_list>
<bind>
<opcode="store(28) " fcode="store"/>
<opset="StgValue_54/2 "/>
</bind>
</comp>

<comp id="357" class="1004" name="Phase0_V_2_load_load_fu_357">
<pin_list>
<pin id="358" dir="0" index="0" bw="16" slack="0"/>
<pin id="359" dir="1" index="1" bw="16" slack="0"/>
</pin_list>
<bind>
<opcode="load(27) " fcode="load"/>
<opset="Phase0_V_2_load/2 "/>
</bind>
</comp>

<comp id="361" class="1004" name="StgValue_56_store_fu_361">
<pin_list>
<pin id="362" dir="0" index="0" bw="16" slack="0"/>
<pin id="363" dir="0" index="1" bw="16" slack="0"/>
<pin id="364" dir="1" index="2" bw="0" slack="2147483647"/>
</pin_list>
<bind>
<opcode="store(28) " fcode="store"/>
<opset="StgValue_56/2 "/>
</bind>
</comp>

<comp id="367" class="1004" name="Phase0_V_1_load_load_fu_367">
<pin_list>
<pin id="368" dir="0" index="0" bw="16" slack="0"/>
<pin id="369" dir="1" index="1" bw="16" slack="0"/>
</pin_list>
<bind>
<opcode="load(27) " fcode="load"/>
<opset="Phase0_V_1_load/2 "/>
</bind>
</comp>

<comp id="371" class="1004" name="StgValue_58_store_fu_371">
<pin_list>
<pin id="372" dir="0" index="0" bw="16" slack="0"/>
<pin id="373" dir="0" index="1" bw="16" slack="0"/>
<pin id="374" dir="1" index="2" bw="0" slack="2147483647"/>
</pin_list>
<bind>
<opcode="store(28) " fcode="store"/>
<opset="StgValue_58/2 "/>
</bind>
</comp>

<comp id="377" class="1004" name="Phase0_V_0_load_load_fu_377">
<pin_list>
<pin id="378" dir="0" index="0" bw="16" slack="0"/>
<pin id="379" dir="1" index="1" bw="16" slack="0"/>
</pin_list>
<bind>
<opcode="load(27) " fcode="load"/>
<opset="Phase0_V_0_load/2 "/>
</bind>
</comp>

<comp id="381" class="1004" name="StgValue_60_store_fu_381">
<pin_list>
<pin id="382" dir="0" index="0" bw="16" slack="0"/>
<pin id="383" dir="0" index="1" bw="16" slack="0"/>
<pin id="384" dir="1" index="2" bw="0" slack="2147483647"/>
</pin_list>
<bind>
<opcode="store(28) " fcode="store"/>
<opset="StgValue_60/2 "/>
</bind>
</comp>

<comp id="387" class="1004" name="tmp7_fu_387">
<pin_list>
<pin id="388" dir="0" index="0" bw="16" slack="0"/>
<pin id="389" dir="0" index="1" bw="16" slack="0"/>
<pin id="390" dir="1" index="2" bw="16" slack="0"/>
</pin_list>
<bind>
<opcode="add(8) " fcode="add"/>
<opset="tmp7/2 "/>
</bind>
</comp>

<comp id="393" class="1004" name="tmp8_fu_393">
<pin_list>
<pin id="394" dir="0" index="0" bw="16" slack="0"/>
<pin id="395" dir="0" index="1" bw="16" slack="0"/>
<pin id="396" dir="1" index="2" bw="16" slack="0"/>
</pin_list>
<bind>
<opcode="add(8) " fcode="add"/>
<opset="tmp8/2 "/>
</bind>
</comp>

<comp id="399" class="1004" name="tmp6_fu_399">
<pin_list>
<pin id="400" dir="0" index="0" bw="16" slack="0"/>
<pin id="401" dir="0" index="1" bw="16" slack="0"/>
<pin id="402" dir="1" index="2" bw="16" slack="0"/>
</pin_list>
<bind>
<opcode="add(8) " fcode="add"/>
<opset="tmp6/2 "/>
</bind>
</comp>

<comp id="405" class="1004" name="tmp1_fu_405">
<pin_list>
<pin id="406" dir="0" index="0" bw="16" slack="0"/>
<pin id="407" dir="0" index="1" bw="16" slack="0"/>
<pin id="408" dir="1" index="2" bw="16" slack="0"/>
</pin_list>
<bind>
<opcode="add(8) " fcode="add"/>
<opset="tmp1/2 "/>
</bind>
</comp>

<comp id="411" class="1004" name="tmp2_fu_411">
<pin_list>
<pin id="412" dir="0" index="0" bw="16" slack="1"/>
<pin id="413" dir="0" index="1" bw="16" slack="0"/>
<pin id="414" dir="1" index="2" bw="16" slack="0"/>
</pin_list>
<bind>
<opcode="add(8) " fcode="add"/>
<opset="tmp2/2 "/>
</bind>
</comp>

<comp id="416" class="1004" name="tmp9_fu_416">
<pin_list>
<pin id="417" dir="0" index="0" bw="16" slack="0"/>
<pin id="418" dir="0" index="1" bw="16" slack="0"/>
<pin id="419" dir="1" index="2" bw="16" slack="0"/>
</pin_list>
<bind>
<opcode="add(8) " fcode="add"/>
<opset="tmp9/2 "/>
</bind>
</comp>

<comp id="422" class="1004" name="p_Val2_3_4_fu_422">
<pin_list>
<pin id="423" dir="0" index="0" bw="16" slack="0"/>
<pin id="424" dir="0" index="1" bw="16" slack="0"/>
<pin id="425" dir="1" index="2" bw="16" slack="0"/>
</pin_list>
<bind>
<opcode="add(8) " fcode="add"/>
<opset="p_Val2_3_4/2 "/>
</bind>
</comp>

<comp id="428" class="1004" name="StgValue_68_store_fu_428">
<pin_list>
<pin id="429" dir="0" index="0" bw="16" slack="0"/>
<pin id="430" dir="0" index="1" bw="16" slack="0"/>
<pin id="431" dir="1" index="2" bw="0" slack="2147483647"/>
</pin_list>
<bind>
<opcode="store(28) " fcode="store"/>
<opset="StgValue_68/2 "/>
</bind>
</comp>

<comp id="434" class="1004" name="StgValue_69_store_fu_434">
<pin_list>
<pin id="435" dir="0" index="0" bw="16" slack="0"/>
<pin id="436" dir="0" index="1" bw="16" slack="0"/>
<pin id="437" dir="1" index="2" bw="0" slack="2147483647"/>
</pin_list>
<bind>
<opcode="store(28) " fcode="store"/>
<opset="StgValue_69/2 "/>
</bind>
</comp>

<comp id="440" class="1004" name="p_Result_s_fu_440">
<pin_list>
<pin id="441" dir="0" index="0" bw="32" slack="0"/>
<pin id="442" dir="0" index="1" bw="1" slack="0"/>
<pin id="443" dir="0" index="2" bw="16" slack="0"/>
<pin id="444" dir="0" index="3" bw="1" slack="0"/>
<pin id="445" dir="0" index="4" bw="5" slack="0"/>
<pin id="446" dir="1" index="5" bw="32" slack="0"/>
</pin_list>
<bind>
<opcode="partset(1003) " fcode="partset"/>
<opset="p_Result_s/2 "/>
</bind>
</comp>

<comp id="453" class="1005" name="start_V_read_reg_453">
<pin_list>
<pin id="454" dir="0" index="0" bw="1" slack="2"/>
<pin id="455" dir="1" index="1" bw="1" slack="2147483647"/>
</pin_list>
<bind>
<opset="start_V_read "/>
</bind>
</comp>

<comp id="457" class="1005" name="currentState_load_reg_457">
<pin_list>
<pin id="458" dir="0" index="0" bw="1" slack="1"/>
<pin id="459" dir="1" index="1" bw="1" slack="2147483647"/>
</pin_list>
<bind>
<opset="currentState_load "/>
</bind>
</comp>

<comp id="461" class="1005" name="tmp_reg_461">
<pin_list>
<pin id="462" dir="0" index="0" bw="1" slack="1"/>
<pin id="463" dir="1" index="1" bw="1" slack="2147483647"/>
</pin_list>
<bind>
<opset="tmp "/>
</bind>
</comp>

<comp id="465" class="1005" name="tmp_last_V_reg_465">
<pin_list>
<pin id="466" dir="0" index="0" bw="1" slack="1"/>
<pin id="467" dir="1" index="1" bw="1" slack="1"/>
</pin_list>
<bind>
<opset="tmp_last_V "/>
</bind>
</comp>

<comp id="470" class="1005" name="tmp_1_reg_470">
<pin_list>
<pin id="471" dir="0" index="0" bw="16" slack="1"/>
<pin id="472" dir="1" index="1" bw="16" slack="1"/>
</pin_list>
<bind>
<opset="tmp_1 "/>
</bind>
</comp>

<comp id="476" class="1005" name="p_Result_s_reg_476">
<pin_list>
<pin id="477" dir="0" index="0" bw="32" slack="1"/>
<pin id="478" dir="1" index="1" bw="32" slack="1"/>
</pin_list>
<bind>
<opset="p_Result_s "/>
</bind>
</comp>

</comp_list>

<net_list>
<net id="110"><net_src comp="64" pin="0"/><net_sink comp="106" pin=0"/></net>

<net id="111"><net_src comp="8" pin="0"/><net_sink comp="106" pin=1"/></net>

<net id="118"><net_src comp="68" pin="0"/><net_sink comp="112" pin=0"/></net>

<net id="119"><net_src comp="0" pin="0"/><net_sink comp="112" pin=1"/></net>

<net id="120"><net_src comp="2" pin="0"/><net_sink comp="112" pin=2"/></net>

<net id="121"><net_src comp="70" pin="0"/><net_sink comp="112" pin=3"/></net>

<net id="127"><net_src comp="72" pin="0"/><net_sink comp="122" pin=0"/></net>

<net id="128"><net_src comp="0" pin="0"/><net_sink comp="122" pin=1"/></net>

<net id="129"><net_src comp="2" pin="0"/><net_sink comp="122" pin=2"/></net>

<net id="137"><net_src comp="82" pin="0"/><net_sink comp="130" pin=0"/></net>

<net id="138"><net_src comp="4" pin="0"/><net_sink comp="130" pin=1"/></net>

<net id="139"><net_src comp="6" pin="0"/><net_sink comp="130" pin=2"/></net>

<net id="144"><net_src comp="66" pin="0"/><net_sink comp="140" pin=0"/></net>

<net id="145"><net_src comp="12" pin="0"/><net_sink comp="140" pin=1"/></net>

<net id="149"><net_src comp="12" pin="0"/><net_sink comp="146" pin=0"/></net>

<net id="153"><net_src comp="122" pin="3"/><net_sink comp="150" pin=0"/></net>

<net id="157"><net_src comp="122" pin="3"/><net_sink comp="154" pin=0"/></net>

<net id="161"><net_src comp="150" pin="1"/><net_sink comp="158" pin=0"/></net>

<net id="166"><net_src comp="158" pin="1"/><net_sink comp="162" pin=0"/></net>

<net id="167"><net_src comp="14" pin="0"/><net_sink comp="162" pin=1"/></net>

<net id="171"><net_src comp="16" pin="0"/><net_sink comp="168" pin=0"/></net>

<net id="175"><net_src comp="18" pin="0"/><net_sink comp="172" pin=0"/></net>

<net id="180"><net_src comp="172" pin="1"/><net_sink comp="176" pin=0"/></net>

<net id="181"><net_src comp="16" pin="0"/><net_sink comp="176" pin=1"/></net>

<net id="185"><net_src comp="20" pin="0"/><net_sink comp="182" pin=0"/></net>

<net id="190"><net_src comp="182" pin="1"/><net_sink comp="186" pin=0"/></net>

<net id="191"><net_src comp="18" pin="0"/><net_sink comp="186" pin=1"/></net>

<net id="195"><net_src comp="22" pin="0"/><net_sink comp="192" pin=0"/></net>

<net id="200"><net_src comp="192" pin="1"/><net_sink comp="196" pin=0"/></net>

<net id="201"><net_src comp="20" pin="0"/><net_sink comp="196" pin=1"/></net>

<net id="205"><net_src comp="24" pin="0"/><net_sink comp="202" pin=0"/></net>

<net id="210"><net_src comp="202" pin="1"/><net_sink comp="206" pin=0"/></net>

<net id="211"><net_src comp="22" pin="0"/><net_sink comp="206" pin=1"/></net>

<net id="215"><net_src comp="26" pin="0"/><net_sink comp="212" pin=0"/></net>

<net id="220"><net_src comp="212" pin="1"/><net_sink comp="216" pin=0"/></net>

<net id="221"><net_src comp="24" pin="0"/><net_sink comp="216" pin=1"/></net>

<net id="225"><net_src comp="28" pin="0"/><net_sink comp="222" pin=0"/></net>

<net id="230"><net_src comp="222" pin="1"/><net_sink comp="226" pin=0"/></net>

<net id="231"><net_src comp="26" pin="0"/><net_sink comp="226" pin=1"/></net>

<net id="235"><net_src comp="30" pin="0"/><net_sink comp="232" pin=0"/></net>

<net id="240"><net_src comp="232" pin="1"/><net_sink comp="236" pin=0"/></net>

<net id="241"><net_src comp="28" pin="0"/><net_sink comp="236" pin=1"/></net>

<net id="245"><net_src comp="32" pin="0"/><net_sink comp="242" pin=0"/></net>

<net id="250"><net_src comp="242" pin="1"/><net_sink comp="246" pin=0"/></net>

<net id="251"><net_src comp="30" pin="0"/><net_sink comp="246" pin=1"/></net>

<net id="255"><net_src comp="34" pin="0"/><net_sink comp="252" pin=0"/></net>

<net id="260"><net_src comp="252" pin="1"/><net_sink comp="256" pin=0"/></net>

<net id="261"><net_src comp="32" pin="0"/><net_sink comp="256" pin=1"/></net>

<net id="265"><net_src comp="36" pin="0"/><net_sink comp="262" pin=0"/></net>

<net id="270"><net_src comp="262" pin="1"/><net_sink comp="266" pin=0"/></net>

<net id="271"><net_src comp="34" pin="0"/><net_sink comp="266" pin=1"/></net>

<net id="275"><net_src comp="38" pin="0"/><net_sink comp="272" pin=0"/></net>

<net id="280"><net_src comp="272" pin="1"/><net_sink comp="276" pin=0"/></net>

<net id="281"><net_src comp="36" pin="0"/><net_sink comp="276" pin=1"/></net>

<net id="285"><net_src comp="40" pin="0"/><net_sink comp="282" pin=0"/></net>

<net id="290"><net_src comp="282" pin="1"/><net_sink comp="286" pin=0"/></net>

<net id="291"><net_src comp="38" pin="0"/><net_sink comp="286" pin=1"/></net>

<net id="295"><net_src comp="42" pin="0"/><net_sink comp="292" pin=0"/></net>

<net id="300"><net_src comp="292" pin="1"/><net_sink comp="296" pin=0"/></net>

<net id="301"><net_src comp="40" pin="0"/><net_sink comp="296" pin=1"/></net>

<net id="305"><net_src comp="44" pin="0"/><net_sink comp="302" pin=0"/></net>

<net id="310"><net_src comp="302" pin="1"/><net_sink comp="306" pin=0"/></net>

<net id="311"><net_src comp="42" pin="0"/><net_sink comp="306" pin=1"/></net>

<net id="316"><net_src comp="44" pin="0"/><net_sink comp="312" pin=1"/></net>

<net id="320"><net_src comp="46" pin="0"/><net_sink comp="317" pin=0"/></net>

<net id="325"><net_src comp="317" pin="1"/><net_sink comp="321" pin=0"/></net>

<net id="326"><net_src comp="48" pin="0"/><net_sink comp="321" pin=1"/></net>

<net id="330"><net_src comp="50" pin="0"/><net_sink comp="327" pin=0"/></net>

<net id="335"><net_src comp="327" pin="1"/><net_sink comp="331" pin=0"/></net>

<net id="336"><net_src comp="46" pin="0"/><net_sink comp="331" pin=1"/></net>

<net id="340"><net_src comp="52" pin="0"/><net_sink comp="337" pin=0"/></net>

<net id="345"><net_src comp="337" pin="1"/><net_sink comp="341" pin=0"/></net>

<net id="346"><net_src comp="50" pin="0"/><net_sink comp="341" pin=1"/></net>

<net id="350"><net_src comp="54" pin="0"/><net_sink comp="347" pin=0"/></net>

<net id="355"><net_src comp="347" pin="1"/><net_sink comp="351" pin=0"/></net>

<net id="356"><net_src comp="52" pin="0"/><net_sink comp="351" pin=1"/></net>

<net id="360"><net_src comp="56" pin="0"/><net_sink comp="357" pin=0"/></net>

<net id="365"><net_src comp="357" pin="1"/><net_sink comp="361" pin=0"/></net>

<net id="366"><net_src comp="54" pin="0"/><net_sink comp="361" pin=1"/></net>

<net id="370"><net_src comp="58" pin="0"/><net_sink comp="367" pin=0"/></net>

<net id="375"><net_src comp="367" pin="1"/><net_sink comp="371" pin=0"/></net>

<net id="376"><net_src comp="56" pin="0"/><net_sink comp="371" pin=1"/></net>

<net id="380"><net_src comp="60" pin="0"/><net_sink comp="377" pin=0"/></net>

<net id="385"><net_src comp="377" pin="1"/><net_sink comp="381" pin=0"/></net>

<net id="386"><net_src comp="58" pin="0"/><net_sink comp="381" pin=1"/></net>

<net id="391"><net_src comp="302" pin="1"/><net_sink comp="387" pin=0"/></net>

<net id="392"><net_src comp="292" pin="1"/><net_sink comp="387" pin=1"/></net>

<net id="397"><net_src comp="232" pin="1"/><net_sink comp="393" pin=0"/></net>

<net id="398"><net_src comp="282" pin="1"/><net_sink comp="393" pin=1"/></net>

<net id="403"><net_src comp="387" pin="2"/><net_sink comp="399" pin=0"/></net>

<net id="404"><net_src comp="393" pin="2"/><net_sink comp="399" pin=1"/></net>

<net id="409"><net_src comp="212" pin="1"/><net_sink comp="405" pin=0"/></net>

<net id="410"><net_src comp="182" pin="1"/><net_sink comp="405" pin=1"/></net>

<net id="415"><net_src comp="168" pin="1"/><net_sink comp="411" pin=1"/></net>

<net id="420"><net_src comp="405" pin="2"/><net_sink comp="416" pin=0"/></net>

<net id="421"><net_src comp="411" pin="2"/><net_sink comp="416" pin=1"/></net>

<net id="426"><net_src comp="399" pin="2"/><net_sink comp="422" pin=0"/></net>

<net id="427"><net_src comp="416" pin="2"/><net_sink comp="422" pin=1"/></net>

<net id="432"><net_src comp="422" pin="2"/><net_sink comp="428" pin=0"/></net>

<net id="433"><net_src comp="62" pin="0"/><net_sink comp="428" pin=1"/></net>

<net id="438"><net_src comp="422" pin="2"/><net_sink comp="434" pin=0"/></net>

<net id="439"><net_src comp="60" pin="0"/><net_sink comp="434" pin=1"/></net>

<net id="447"><net_src comp="74" pin="0"/><net_sink comp="440" pin=0"/></net>

<net id="448"><net_src comp="76" pin="0"/><net_sink comp="440" pin=1"/></net>

<net id="449"><net_src comp="422" pin="2"/><net_sink comp="440" pin=2"/></net>

<net id="450"><net_src comp="78" pin="0"/><net_sink comp="440" pin=3"/></net>

<net id="451"><net_src comp="80" pin="0"/><net_sink comp="440" pin=4"/></net>

<net id="452"><net_src comp="440" pin="5"/><net_sink comp="130" pin=3"/></net>

<net id="456"><net_src comp="106" pin="2"/><net_sink comp="453" pin=0"/></net>

<net id="460"><net_src comp="146" pin="1"/><net_sink comp="457" pin=0"/></net>

<net id="464"><net_src comp="112" pin="4"/><net_sink comp="461" pin=0"/></net>

<net id="468"><net_src comp="154" pin="1"/><net_sink comp="465" pin=0"/></net>

<net id="469"><net_src comp="465" pin="1"/><net_sink comp="130" pin=4"/></net>

<net id="473"><net_src comp="158" pin="1"/><net_sink comp="470" pin=0"/></net>

<net id="474"><net_src comp="470" pin="1"/><net_sink comp="312" pin=0"/></net>

<net id="475"><net_src comp="470" pin="1"/><net_sink comp="411" pin=0"/></net>

<net id="479"><net_src comp="440" pin="5"/><net_sink comp="476" pin=0"/></net>

<net id="480"><net_src comp="476" pin="1"/><net_sink comp="130" pin=3"/></net>

</net_list>

</model> 
---------------- Datapath Model END ------------------

* FSMD analyzer results:
  - Output states:
	Port: o_data_V_data_V | {3 }
	Port: o_data_V_last_V | {3 }
	Port: currentState | {1 }
	Port: newVal_V | {1 }
	Port: phaseClass0_V_14 | {2 }
	Port: phaseClass0_V_13 | {2 }
	Port: phaseClass0_V_12 | {2 }
	Port: phaseClass0_V_11 | {2 }
	Port: phaseClass0_V_10 | {2 }
	Port: phaseClass0_V_9 | {2 }
	Port: phaseClass0_V_8 | {2 }
	Port: phaseClass0_V_7 | {2 }
	Port: phaseClass0_V_6 | {2 }
	Port: phaseClass0_V_5 | {2 }
	Port: phaseClass0_V_4 | {2 }
	Port: phaseClass0_V_3 | {2 }
	Port: phaseClass0_V_2 | {2 }
	Port: phaseClass0_V_1 | {2 }
	Port: phaseClass0_V_0 | {2 }
	Port: Phase0_V_6 | {2 }
	Port: Phase0_V_7 | {2 }
	Port: Phase0_V_5 | {2 }
	Port: Phase0_V_4 | {2 }
	Port: Phase0_V_3 | {2 }
	Port: Phase0_V_2 | {2 }
	Port: Phase0_V_1 | {2 }
	Port: Phase0_V_0 | {2 }
	Port: corHelperI_V | {2 }
 - Input state : 
	Port: correlator : i_data_V_data_V | {1 }
	Port: correlator : i_data_V_last_V | {1 }
	Port: correlator : start_V | {1 }
	Port: correlator : currentState | {1 }
	Port: correlator : phaseClass0_V_14 | {2 }
	Port: correlator : phaseClass0_V_13 | {2 }
	Port: correlator : phaseClass0_V_12 | {2 }
	Port: correlator : phaseClass0_V_11 | {2 }
	Port: correlator : phaseClass0_V_10 | {2 }
	Port: correlator : phaseClass0_V_9 | {2 }
	Port: correlator : phaseClass0_V_8 | {2 }
	Port: correlator : phaseClass0_V_7 | {2 }
	Port: correlator : phaseClass0_V_6 | {2 }
	Port: correlator : phaseClass0_V_5 | {2 }
	Port: correlator : phaseClass0_V_4 | {2 }
	Port: correlator : phaseClass0_V_3 | {2 }
	Port: correlator : phaseClass0_V_2 | {2 }
	Port: correlator : phaseClass0_V_1 | {2 }
	Port: correlator : phaseClass0_V_0 | {2 }
	Port: correlator : Phase0_V_6 | {2 }
	Port: correlator : Phase0_V_5 | {2 }
	Port: correlator : Phase0_V_4 | {2 }
	Port: correlator : Phase0_V_3 | {2 }
	Port: correlator : Phase0_V_2 | {2 }
	Port: correlator : Phase0_V_1 | {2 }
	Port: correlator : Phase0_V_0 | {2 }
  - Chain level:
	State 1
		StgValue_6 : 1
		tmp_1 : 1
		StgValue_15 : 2
	State 2
		StgValue_19 : 1
		StgValue_21 : 1
		StgValue_23 : 1
		StgValue_25 : 1
		StgValue_27 : 1
		StgValue_29 : 1
		StgValue_31 : 1
		StgValue_33 : 1
		StgValue_35 : 1
		StgValue_37 : 1
		StgValue_39 : 1
		StgValue_41 : 1
		StgValue_43 : 1
		StgValue_45 : 1
		StgValue_48 : 1
		StgValue_50 : 1
		StgValue_52 : 1
		StgValue_54 : 1
		StgValue_56 : 1
		StgValue_58 : 1
		StgValue_60 : 1
		tmp7 : 1
		tmp8 : 1
		tmp6 : 2
		tmp1 : 1
		tmp2 : 1
		tmp9 : 2
		p_Val2_3_4 : 3
		StgValue_68 : 4
		StgValue_69 : 4
		p_Result_s : 4
		StgValue_71 : 5
	State 3


============================================================
+ Verbose Summary: Datapath Resource usage 
============================================================

* Functional unit list:
|----------|--------------------------|---------|---------|
| Operation|      Functional Unit     |    FF   |   LUT   |
|----------|--------------------------|---------|---------|
|          |        tmp7_fu_387       |    0    |    23   |
|          |        tmp8_fu_393       |    0    |    16   |
|          |        tmp6_fu_399       |    0    |    16   |
|    add   |        tmp1_fu_405       |    0    |    23   |
|          |        tmp2_fu_411       |    0    |    23   |
|          |        tmp9_fu_416       |    0    |    16   |
|          |     p_Val2_3_4_fu_422    |    0    |    16   |
|----------|--------------------------|---------|---------|
|   read   | start_V_read_read_fu_106 |    0    |    0    |
|          |     empty_read_fu_122    |    0    |    0    |
|----------|--------------------------|---------|---------|
| nbreadreq|   tmp_nbreadreq_fu_112   |    0    |    0    |
|----------|--------------------------|---------|---------|
|   write  |     grp_write_fu_130     |    0    |    0    |
|----------|--------------------------|---------|---------|
|extractvalue|    tmp_data_V_1_fu_150   |    0    |    0    |
|          |     tmp_last_V_fu_154    |    0    |    0    |
|----------|--------------------------|---------|---------|
|   trunc  |       tmp_1_fu_158       |    0    |    0    |
|----------|--------------------------|---------|---------|
|  partset |     p_Result_s_fu_440    |    0    |    0    |
|----------|--------------------------|---------|---------|
|   Total  |                          |    0    |   133   |
|----------|--------------------------|---------|---------|

Memories:
N/A

* Register list:
+-------------------------+--------+
|                         |   FF   |
+-------------------------+--------+
|currentState_load_reg_457|    1   |
|    p_Result_s_reg_476   |   32   |
|   start_V_read_reg_453  |    1   |
|      tmp_1_reg_470      |   16   |
|    tmp_last_V_reg_465   |    1   |
|       tmp_reg_461       |    1   |
+-------------------------+--------+
|          Total          |   52   |
+-------------------------+--------+

* Multiplexer (MUX) list: 
|------------------|------|------|------|--------||---------||---------|
|       Comp       |  Pin | Size |  BW  | S x BW ||  Delay  ||   LUT   |
|------------------|------|------|------|--------||---------||---------|
| grp_write_fu_130 |  p3  |   2  |  32  |   64   ||    9    |
|------------------|------|------|------|--------||---------||---------|
|       Total      |      |      |      |   64   ||  1.061  ||    9    |
|------------------|------|------|------|--------||---------||---------|



* Summary:
+-----------+--------+--------+--------+
|           |  Delay |   FF   |   LUT  |
+-----------+--------+--------+--------+
|  Function |    -   |    0   |   133  |
|   Memory  |    -   |    -   |    -   |
|Multiplexer|    1   |    -   |    9   |
|  Register |    -   |   52   |    -   |
+-----------+--------+--------+--------+
|   Total   |    1   |   52   |   142  |
+-----------+--------+--------+--------+
