

================================================================
== Vivado HLS Report for 'correlateTop'
================================================================
* Date:           Sat Mar 23 16:09:21 2019

* Version:        2017.4 (Build 2086221 on Fri Dec 15 21:13:33 MST 2017)
* Project:        correlator
* Solution:       solution1
* Product family: kintex7
* Target device:  xc7k160tfbg484-1


================================================================
== Performance Estimates
================================================================
+ Timing (ns): 
    * Summary: 
    +--------+-------+----------+------------+
    |  Clock | Target| Estimated| Uncertainty|
    +--------+-------+----------+------------+
    |ap_clk  |   5.00|      2.85|        0.62|
    +--------+-------+----------+------------+

+ Latency (clock cycles): 
    * Summary: 
    +-----+-----+-----+-----+----------+
    |  Latency  |  Interval | Pipeline |
    | min | max | min | max |   Type   |
    +-----+-----+-----+-----+----------+
    |    2|    2|    1|    1| function |
    +-----+-----+-----+-----+----------+

    + Detail: 
        * Instance: 
        N/A

        * Loop: 
        N/A

============================================================
+ Verbose Summary: Synthesis Manager
============================================================
InlineROM: 1
ExposeGlobal: 0
============================================================
+ Verbose Summary: CDFG Model
============================================================
IsTopModel: 1
ResetActiveHigh: 1
IsCombinational: 0
IsDatapathOnly: 0
HasWiredReturn: 1
HasMFsm: 2
HasVarLatency: 0
IsPipeline: 1
IsRtlPipelined: 1
IsInstanceOverlapped: 0
IsDontTouch: 0
HasImplIP: 0
IsGatedGlobalClock: 0

+ Individual pipeline summary: 
  * Pipeline-0: initiation interval (II) = 1, depth = 3


============================================================
+ Verbose Summary: Schedule
============================================================
* Number of FSM states : 3
* Pipeline : 1
  Pipeline-0 : II = 1, D = 3, States = { 1 2 3 }
* Dataflow Pipeline: 0

* FSM state transitions: 
1 --> 
	2  / true
2 --> 
	3  / true
3 --> 

* FSM state operations: 

 <State 1> : 0.48ns
ST_1 : Operation 4 [1/1] (0.00ns)   --->   "%currentState_load = load i1* @currentState, align 1" [correlator.cpp:71]
ST_1 : Operation 5 [1/1] (0.00ns)   --->   "br i1 %currentState_load, label %._crit_edge140, label %0" [correlator.cpp:77]
ST_1 : Operation 6 [2/2] (0.00ns)   --->   "%empty = call { i32, i1 } @_ssdm_op_Read.axis.volatile.i32P.i1P(i32* %i_data_data_V, i1* %i_data_last_V)"   --->   Core 5 'AXI4Stream' <Latency = 0> <II = 1> <Delay = 1.00> <Adapter> <Opcode : >
ST_1 : Operation 7 [1/1] (0.00ns)   --->   "store i1 true, i1* @currentState, align 1" [correlator.cpp:112]

 <State 2> : 2.38ns
ST_2 : Operation 8 [1/1] (0.00ns)   --->   "%phaseClass_V_load = load i4* @phaseClass_V, align 1" [correlator.cpp:94]
ST_2 : Operation 9 [1/1] (1.06ns)   --->   "store i4 0, i4* @phaseClass_V, align 1" [correlator.cpp:80]
ST_2 : Operation 10 [1/2] (0.00ns)   --->   "%empty = call { i32, i1 } @_ssdm_op_Read.axis.volatile.i32P.i1P(i32* %i_data_data_V, i1* %i_data_last_V)"   --->   Core 5 'AXI4Stream' <Latency = 0> <II = 1> <Delay = 1.00> <Adapter> <Opcode : >
ST_2 : Operation 11 [1/1] (0.00ns)   --->   "%p_Val2_s = extractvalue { i32, i1 } %empty, 0"
ST_2 : Operation 12 [1/1] (0.00ns)   --->   "%i_data_last_V_tmp = extractvalue { i32, i1 } %empty, 1"
ST_2 : Operation 13 [1/1] (0.00ns)   --->   "%p_Val2_1 = trunc i32 %p_Val2_s to i16" [correlator.cpp:87]
ST_2 : Operation 14 [1/1] (0.00ns)   --->   "store i16 %p_Val2_1, i16* @unScalled_V, align 2" [correlator.cpp:87]
ST_2 : Operation 15 [1/1] (0.00ns)   --->   "%op_V_read_assign = call i21 @_ssdm_op_BitConcatenate.i21.i16.i5(i16 %p_Val2_1, i5 0)" [correlator.cpp:88]
ST_2 : Operation 16 [1/1] (0.00ns)   --->   "store i21 %op_V_read_assign, i21* @newVal_V, align 4" [correlator.cpp:88]
ST_2 : Operation 17 [1/1] (1.08ns)   --->   "%cond_i = icmp eq i4 %phaseClass_V_load, 0" [correlator.cpp:120->correlator.cpp:94]   --->   Core 25 'Cmp' <Latency = 0> <II = 1> <Delay = 1.08> <FuncUnit> <Opcode : 'icmp'> <InPorts = 2> <OutPorts = 1>
ST_2 : Operation 18 [1/1] (0.00ns)   --->   "br i1 %cond_i, label %.preheader.0.i, label %shiftPhaseClass.exit" [correlator.cpp:120->correlator.cpp:94]
ST_2 : Operation 19 [1/1] (0.00ns)   --->   "%cor_phaseClass0_V_6_s = load i32* @cor_phaseClass0_V_6, align 8" [correlator.cpp:124->correlator.cpp:94]
ST_2 : Operation 20 [1/1] (0.00ns)   --->   "store i32 %cor_phaseClass0_V_6_s, i32* @cor_phaseClass0_V_7, align 4" [correlator.cpp:124->correlator.cpp:94]
ST_2 : Operation 21 [1/1] (0.00ns)   --->   "%cor_phaseClass0_V_5_s = load i32* @cor_phaseClass0_V_5, align 4" [correlator.cpp:124->correlator.cpp:94]
ST_2 : Operation 22 [1/1] (0.00ns)   --->   "store i32 %cor_phaseClass0_V_5_s, i32* @cor_phaseClass0_V_6, align 8" [correlator.cpp:124->correlator.cpp:94]
ST_2 : Operation 23 [1/1] (0.00ns)   --->   "%cor_phaseClass0_V_4_s = load i32* @cor_phaseClass0_V_4, align 16" [correlator.cpp:124->correlator.cpp:94]
ST_2 : Operation 24 [1/1] (0.00ns)   --->   "store i32 %cor_phaseClass0_V_4_s, i32* @cor_phaseClass0_V_5, align 4" [correlator.cpp:124->correlator.cpp:94]
ST_2 : Operation 25 [1/1] (0.00ns)   --->   "%cor_phaseClass0_V_3_s = load i21* @cor_phaseClass0_V_3, align 4"
ST_2 : Operation 26 [1/1] (0.00ns)   --->   "%extLd3 = sext i21 %cor_phaseClass0_V_3_s to i32"
ST_2 : Operation 27 [1/1] (0.00ns)   --->   "store i32 %extLd3, i32* @cor_phaseClass0_V_4, align 16" [correlator.cpp:124->correlator.cpp:94]
ST_2 : Operation 28 [1/1] (0.00ns)   --->   "%cor_phaseClass0_V_2_s = load i21* @cor_phaseClass0_V_2, align 4"
ST_2 : Operation 29 [1/1] (0.00ns)   --->   "store i21 %cor_phaseClass0_V_2_s, i21* @cor_phaseClass0_V_3, align 4" [correlator.cpp:124->correlator.cpp:94]
ST_2 : Operation 30 [1/1] (0.00ns)   --->   "%cor_phaseClass0_V_1_s = load i21* @cor_phaseClass0_V_1, align 4"
ST_2 : Operation 31 [1/1] (0.00ns)   --->   "store i21 %cor_phaseClass0_V_1_s, i21* @cor_phaseClass0_V_2, align 4" [correlator.cpp:124->correlator.cpp:94]
ST_2 : Operation 32 [1/1] (0.00ns)   --->   "%cor_phaseClass0_V_0_s = load i21* @cor_phaseClass0_V_0, align 4"
ST_2 : Operation 33 [1/1] (0.00ns)   --->   "store i21 %cor_phaseClass0_V_0_s, i21* @cor_phaseClass0_V_1, align 4" [correlator.cpp:124->correlator.cpp:94]
ST_2 : Operation 34 [1/1] (0.00ns)   --->   "store i21 %op_V_read_assign, i21* @cor_phaseClass0_V_0, align 4" [correlator.cpp:126->correlator.cpp:94]
ST_2 : Operation 35 [1/1] (1.32ns)   --->   "%tmp_6 = add i4 %phaseClass_V_load, 1" [correlator.cpp:102]   --->   Core 14 'AddSub' <Latency = 0> <II = 1> <Delay = 1.78> <FuncUnit> <Opcode : 'add' 'sub'> <InPorts = 2> <OutPorts = 1>
ST_2 : Operation 36 [1/1] (1.06ns)   --->   "store i4 %tmp_6, i4* @phaseClass_V, align 1" [correlator.cpp:100]
ST_2 : Operation 37 [1/1] (0.00ns)   --->   "%o_data_data_V_tmp = zext i4 %tmp_6 to i32" [correlator.cpp:104]
ST_2 : Operation 38 [2/2] (0.00ns)   --->   "call void @_ssdm_op_Write.axis.volatile.i32P.i1P(i32* %o_data_data_V, i1* %o_data_last_V, i32 %o_data_data_V_tmp, i1 %i_data_last_V_tmp)" [correlator.cpp:104]   --->   Core 5 'AXI4Stream' <Latency = 0> <II = 1> <Delay = 1.00> <Adapter> <Opcode : >

 <State 3> : 2.85ns
ST_3 : Operation 39 [1/1] (0.00ns)   --->   "call void (...)* @_ssdm_op_SpecBitsMap(i32* %i_data_data_V), !map !93"
ST_3 : Operation 40 [1/1] (0.00ns)   --->   "call void (...)* @_ssdm_op_SpecBitsMap(i1* %i_data_last_V), !map !97"
ST_3 : Operation 41 [1/1] (0.00ns)   --->   "call void (...)* @_ssdm_op_SpecBitsMap(i32* %o_data_data_V), !map !101"
ST_3 : Operation 42 [1/1] (0.00ns)   --->   "call void (...)* @_ssdm_op_SpecBitsMap(i1* %o_data_last_V), !map !105"
ST_3 : Operation 43 [1/1] (0.00ns)   --->   "call void (...)* @_ssdm_op_SpecTopModule([13 x i8]* @correlateTop_str) nounwind"
ST_3 : Operation 44 [1/1] (0.00ns)   --->   "call void (...)* @_ssdm_op_SpecInterface(i32 0, [13 x i8]* @p_str, i32 0, i32 0, [1 x i8]* @p_str2, i32 0, i32 0, [1 x i8]* @p_str2, [1 x i8]* @p_str2, [1 x i8]* @p_str2, i32 0, i32 0, i32 0, i32 0, [1 x i8]* @p_str2, [1 x i8]* @p_str2) nounwind" [correlator.cpp:16]
ST_3 : Operation 45 [1/1] (0.00ns)   --->   "call void (...)* @_ssdm_op_SpecInterface(i32* %o_data_data_V, i1* %o_data_last_V, [5 x i8]* @p_str3, i32 1, i32 1, [5 x i8]* @p_str4, i32 0, i32 0, [1 x i8]* @p_str2, [1 x i8]* @p_str2, [1 x i8]* @p_str2, i32 0, i32 0, i32 0, i32 0, [1 x i8]* @p_str2, [1 x i8]* @p_str2) nounwind" [correlator.cpp:17]
ST_3 : Operation 46 [1/1] (0.00ns)   --->   "call void (...)* @_ssdm_op_SpecInterface(i32* %i_data_data_V, i1* %i_data_last_V, [5 x i8]* @p_str3, i32 1, i32 1, [5 x i8]* @p_str4, i32 0, i32 0, [1 x i8]* @p_str2, [1 x i8]* @p_str2, [1 x i8]* @p_str2, i32 0, i32 0, i32 0, i32 0, [1 x i8]* @p_str2, [1 x i8]* @p_str2) nounwind" [correlator.cpp:18]
ST_3 : Operation 47 [1/1] (0.00ns)   --->   "call void (...)* @_ssdm_op_SpecPipeline(i32 1, i32 1, i32 1, i32 0, [1 x i8]* @p_str2) nounwind" [correlator.cpp:20]
ST_3 : Operation 48 [1/1] (0.00ns)   --->   "call void (...)* @_ssdm_op_SpecReset(i21* @newVal_V, i32 1, [1 x i8]* @p_str2) nounwind" [correlator.cpp:44]
ST_3 : Operation 49 [1/1] (0.00ns)   --->   "call void (...)* @_ssdm_op_SpecReset(i16* @unScalled_V, i32 1, [1 x i8]* @p_str2) nounwind" [correlator.cpp:47]
ST_3 : Operation 50 [1/1] (0.00ns)   --->   "call void (...)* @_ssdm_op_SpecReset(i32* @loadCount_V, i32 1, [1 x i8]* @p_str2) nounwind" [correlator.cpp:54]
ST_3 : Operation 51 [1/1] (0.00ns)   --->   "call void (...)* @_ssdm_op_SpecReset(i32 1, [1 x i8]* @p_str2) nounwind" [correlator.cpp:59]
ST_3 : Operation 52 [1/1] (0.00ns)   --->   "call void (...)* @_ssdm_op_SpecReset(i32 1, [1 x i8]* @p_str2) nounwind" [correlator.cpp:62]
ST_3 : Operation 53 [1/1] (0.00ns)   --->   "call void (...)* @_ssdm_op_SpecReset(i4* @phaseClass_V, i32 1, [1 x i8]* @p_str2) nounwind" [correlator.cpp:65]
ST_3 : Operation 54 [1/1] (0.00ns)   --->   "call void (...)* @_ssdm_op_SpecReset(i1* @currentState, i32 1, [1 x i8]* @p_str2) nounwind" [correlator.cpp:71]
ST_3 : Operation 55 [1/1] (1.06ns)   --->   "store i32 0, i32* @loadCount_V, align 4" [correlator.cpp:79]
ST_3 : Operation 56 [1/1] (0.00ns)   --->   "br label %._crit_edge139" [correlator.cpp:83]
ST_3 : Operation 57 [1/1] (0.00ns)   --->   "br label %shiftPhaseClass.exit" [correlator.cpp:127->correlator.cpp:94]
ST_3 : Operation 58 [1/1] (0.00ns)   --->   "%loadCount_V_load = load i32* @loadCount_V, align 4" [correlator.cpp:98]
ST_3 : Operation 59 [1/1] (1.78ns)   --->   "%tmp_4 = add i32 %loadCount_V_load, 1" [correlator.cpp:98]   --->   Core 14 'AddSub' <Latency = 0> <II = 1> <Delay = 1.78> <FuncUnit> <Opcode : 'add' 'sub'> <InPorts = 2> <OutPorts = 1>
ST_3 : Operation 60 [1/1] (1.06ns)   --->   "store i32 %tmp_4, i32* @loadCount_V, align 4" [correlator.cpp:98]
ST_3 : Operation 61 [1/2] (0.00ns)   --->   "call void @_ssdm_op_Write.axis.volatile.i32P.i1P(i32* %o_data_data_V, i1* %o_data_last_V, i32 %o_data_data_V_tmp, i1 %i_data_last_V_tmp)" [correlator.cpp:104]   --->   Core 5 'AXI4Stream' <Latency = 0> <II = 1> <Delay = 1.00> <Adapter> <Opcode : >
ST_3 : Operation 62 [1/1] (0.00ns)   --->   "br label %._crit_edge139" [correlator.cpp:114]
ST_3 : Operation 63 [1/1] (0.00ns)   --->   "ret void" [correlator.cpp:117]


============================================================
+ Verbose Summary: Binding
============================================================
STG Binding: 
---------------- STG Properties BEGIN ----------------
- Is combinational: 0
- Is one-state seq: 0
- Is datapath-only: 0
- Is pipelined: 1
- Is top level: 1
Port [ Return ] is wired: 1; IO mode=ap_ctrl_none:ce=0
Port [ i_data_data_V]:  wired=1; compound=1; hidden=0; nouse=0; global=0; static=0; extern=0; dir=0; type=0; pingpong=0; private_global=0; IO mode=axis:ce=0
Port [ i_data_last_V]:  wired=1; compound=1; hidden=0; nouse=0; global=0; static=0; extern=0; dir=0; type=0; pingpong=0; private_global=0; IO mode=axis:ce=0
Port [ o_data_data_V]:  wired=1; compound=1; hidden=0; nouse=0; global=0; static=0; extern=0; dir=1; type=0; pingpong=0; private_global=0; IO mode=axis:ce=0
Port [ o_data_last_V]:  wired=1; compound=1; hidden=0; nouse=0; global=0; static=0; extern=0; dir=1; type=0; pingpong=0; private_global=0; IO mode=axis:ce=0
Port [ currentState]:  wired=0; compound=0; hidden=1; nouse=0; global=1; static=1; extern=0; dir=2; type=0; pingpong=0; private_global=1; linkage=7; visibility=0; IO mode=ap_ovld:ce=0
Port [ phaseClass_V]:  wired=0; compound=0; hidden=1; nouse=0; global=1; static=1; extern=0; dir=2; type=0; pingpong=0; private_global=1; linkage=7; visibility=0; IO mode=ap_ovld:ce=0
Port [ loadCount_V]:  wired=0; compound=0; hidden=1; nouse=0; global=1; static=1; extern=0; dir=2; type=0; pingpong=0; private_global=1; linkage=7; visibility=0; IO mode=ap_ovld:ce=0
Port [ unScalled_V]:  wired=0; compound=0; hidden=1; nouse=0; global=1; static=1; extern=0; dir=1; type=0; pingpong=0; private_global=1; linkage=7; visibility=0; IO mode=ap_vld:ce=0
Port [ newVal_V]:  wired=0; compound=0; hidden=1; nouse=0; global=1; static=1; extern=0; dir=1; type=0; pingpong=0; private_global=1; linkage=7; visibility=0; IO mode=ap_vld:ce=0
Port [ cor_phaseClass0_V_6]:  wired=0; compound=0; hidden=1; nouse=0; global=1; static=1; extern=0; dir=2; type=0; pingpong=0; private_global=1; linkage=7; visibility=0; IO mode=ap_ovld:ce=0
Port [ cor_phaseClass0_V_7]:  wired=0; compound=0; hidden=1; nouse=0; global=1; static=1; extern=0; dir=1; type=0; pingpong=0; private_global=1; linkage=7; visibility=0; IO mode=ap_vld:ce=0
Port [ cor_phaseClass0_V_5]:  wired=0; compound=0; hidden=1; nouse=0; global=1; static=1; extern=0; dir=2; type=0; pingpong=0; private_global=1; linkage=7; visibility=0; IO mode=ap_ovld:ce=0
Port [ cor_phaseClass0_V_4]:  wired=0; compound=0; hidden=1; nouse=0; global=1; static=1; extern=0; dir=2; type=0; pingpong=0; private_global=1; linkage=7; visibility=0; IO mode=ap_ovld:ce=0
Port [ cor_phaseClass0_V_3]:  wired=0; compound=0; hidden=1; nouse=0; global=1; static=1; extern=0; dir=2; type=0; pingpong=0; private_global=1; linkage=7; visibility=0; IO mode=ap_ovld:ce=0
Port [ cor_phaseClass0_V_2]:  wired=0; compound=0; hidden=1; nouse=0; global=1; static=1; extern=0; dir=2; type=0; pingpong=0; private_global=1; linkage=7; visibility=0; IO mode=ap_ovld:ce=0
Port [ cor_phaseClass0_V_1]:  wired=0; compound=0; hidden=1; nouse=0; global=1; static=1; extern=0; dir=2; type=0; pingpong=0; private_global=1; linkage=7; visibility=0; IO mode=ap_ovld:ce=0
Port [ cor_phaseClass0_V_0]:  wired=0; compound=0; hidden=1; nouse=0; global=1; static=1; extern=0; dir=2; type=0; pingpong=0; private_global=1; linkage=7; visibility=0; IO mode=ap_ovld:ce=0
---------------- STG Properties END ------------------

---------------- Datapath Model BEGIN ----------------

<LifeTime>
<method=bitvector/>
currentState_load     (load          ) [ 0111]
StgValue_5            (br            ) [ 0000]
StgValue_7            (store         ) [ 0000]
phaseClass_V_load     (load          ) [ 0000]
StgValue_9            (store         ) [ 0000]
empty                 (read          ) [ 0000]
p_Val2_s              (extractvalue  ) [ 0000]
i_data_last_V_tmp     (extractvalue  ) [ 0101]
p_Val2_1              (trunc         ) [ 0000]
StgValue_14           (store         ) [ 0000]
op_V_read_assign      (bitconcatenate) [ 0000]
StgValue_16           (store         ) [ 0000]
cond_i                (icmp          ) [ 0111]
StgValue_18           (br            ) [ 0000]
cor_phaseClass0_V_6_s (load          ) [ 0000]
StgValue_20           (store         ) [ 0000]
cor_phaseClass0_V_5_s (load          ) [ 0000]
StgValue_22           (store         ) [ 0000]
cor_phaseClass0_V_4_s (load          ) [ 0000]
StgValue_24           (store         ) [ 0000]
cor_phaseClass0_V_3_s (load          ) [ 0000]
extLd3                (sext          ) [ 0000]
StgValue_27           (store         ) [ 0000]
cor_phaseClass0_V_2_s (load          ) [ 0000]
StgValue_29           (store         ) [ 0000]
cor_phaseClass0_V_1_s (load          ) [ 0000]
StgValue_31           (store         ) [ 0000]
cor_phaseClass0_V_0_s (load          ) [ 0000]
StgValue_33           (store         ) [ 0000]
StgValue_34           (store         ) [ 0000]
tmp_6                 (add           ) [ 0000]
StgValue_36           (store         ) [ 0000]
o_data_data_V_tmp     (zext          ) [ 0101]
StgValue_39           (specbitsmap   ) [ 0000]
StgValue_40           (specbitsmap   ) [ 0000]
StgValue_41           (specbitsmap   ) [ 0000]
StgValue_42           (specbitsmap   ) [ 0000]
StgValue_43           (spectopmodule ) [ 0000]
StgValue_44           (specinterface ) [ 0000]
StgValue_45           (specinterface ) [ 0000]
StgValue_46           (specinterface ) [ 0000]
StgValue_47           (specpipeline  ) [ 0000]
StgValue_48           (specreset     ) [ 0000]
StgValue_49           (specreset     ) [ 0000]
StgValue_50           (specreset     ) [ 0000]
StgValue_51           (specreset     ) [ 0000]
StgValue_52           (specreset     ) [ 0000]
StgValue_53           (specreset     ) [ 0000]
StgValue_54           (specreset     ) [ 0000]
StgValue_55           (store         ) [ 0000]
StgValue_56           (br            ) [ 0000]
StgValue_57           (br            ) [ 0000]
loadCount_V_load      (load          ) [ 0000]
tmp_4                 (add           ) [ 0000]
StgValue_60           (store         ) [ 0000]
StgValue_61           (write         ) [ 0000]
StgValue_62           (br            ) [ 0000]
StgValue_63           (ret           ) [ 0000]
</LifeTime>

<model>

<comp_list>
<comp id="0" class="1000" name="i_data_data_V">
<pin_list>
<pin id="1" dir="1" index="0" bw="1" slack="0"/>
</pin_list>
<bind>
<StgValue><ssdm name="i_data_data_V"/></StgValue>
</bind>
</comp>

<comp id="2" class="1000" name="i_data_last_V">
<pin_list>
<pin id="3" dir="1" index="0" bw="1" slack="0"/>
</pin_list>
<bind>
<StgValue><ssdm name="i_data_last_V"/></StgValue>
</bind>
</comp>

<comp id="4" class="1000" name="o_data_data_V">
<pin_list>
<pin id="5" dir="1" index="0" bw="1" slack="0"/>
</pin_list>
<bind>
<StgValue><ssdm name="o_data_data_V"/></StgValue>
</bind>
</comp>

<comp id="6" class="1000" name="o_data_last_V">
<pin_list>
<pin id="7" dir="1" index="0" bw="1" slack="0"/>
</pin_list>
<bind>
<StgValue><ssdm name="o_data_last_V"/></StgValue>
</bind>
</comp>

<comp id="8" class="1000" name="currentState">
<pin_list>
<pin id="9" dir="1" index="0" bw="1" slack="0"/>
</pin_list>
<bind>
<StgValue><ssdm name="currentState"/></StgValue>
</bind>
</comp>

<comp id="10" class="1000" name="phaseClass_V">
<pin_list>
<pin id="11" dir="1" index="0" bw="1" slack="0"/>
</pin_list>
<bind>
<StgValue><ssdm name="phaseClass_V"/></StgValue>
</bind>
</comp>

<comp id="12" class="1000" name="loadCount_V">
<pin_list>
<pin id="13" dir="1" index="0" bw="1" slack="0"/>
</pin_list>
<bind>
<StgValue><ssdm name="loadCount_V"/></StgValue>
</bind>
</comp>

<comp id="14" class="1000" name="unScalled_V">
<pin_list>
<pin id="15" dir="1" index="0" bw="1" slack="0"/>
</pin_list>
<bind>
<StgValue><ssdm name="unScalled_V"/></StgValue>
</bind>
</comp>

<comp id="16" class="1000" name="newVal_V">
<pin_list>
<pin id="17" dir="1" index="0" bw="1" slack="0"/>
</pin_list>
<bind>
<StgValue><ssdm name="newVal_V"/></StgValue>
</bind>
</comp>

<comp id="18" class="1000" name="cor_phaseClass0_V_6">
<pin_list>
<pin id="19" dir="1" index="0" bw="1" slack="0"/>
</pin_list>
<bind>
<StgValue><ssdm name="cor_phaseClass0_V_6"/></StgValue>
</bind>
</comp>

<comp id="20" class="1000" name="cor_phaseClass0_V_7">
<pin_list>
<pin id="21" dir="1" index="0" bw="1" slack="0"/>
</pin_list>
<bind>
<StgValue><ssdm name="cor_phaseClass0_V_7"/></StgValue>
</bind>
</comp>

<comp id="22" class="1000" name="cor_phaseClass0_V_5">
<pin_list>
<pin id="23" dir="1" index="0" bw="1" slack="0"/>
</pin_list>
<bind>
<StgValue><ssdm name="cor_phaseClass0_V_5"/></StgValue>
</bind>
</comp>

<comp id="24" class="1000" name="cor_phaseClass0_V_4">
<pin_list>
<pin id="25" dir="1" index="0" bw="1" slack="0"/>
</pin_list>
<bind>
<StgValue><ssdm name="cor_phaseClass0_V_4"/></StgValue>
</bind>
</comp>

<comp id="26" class="1000" name="cor_phaseClass0_V_3">
<pin_list>
<pin id="27" dir="1" index="0" bw="1" slack="0"/>
</pin_list>
<bind>
<StgValue><ssdm name="cor_phaseClass0_V_3"/></StgValue>
</bind>
</comp>

<comp id="28" class="1000" name="cor_phaseClass0_V_2">
<pin_list>
<pin id="29" dir="1" index="0" bw="1" slack="0"/>
</pin_list>
<bind>
<StgValue><ssdm name="cor_phaseClass0_V_2"/></StgValue>
</bind>
</comp>

<comp id="30" class="1000" name="cor_phaseClass0_V_1">
<pin_list>
<pin id="31" dir="1" index="0" bw="1" slack="0"/>
</pin_list>
<bind>
<StgValue><ssdm name="cor_phaseClass0_V_1"/></StgValue>
</bind>
</comp>

<comp id="32" class="1000" name="cor_phaseClass0_V_0">
<pin_list>
<pin id="33" dir="1" index="0" bw="1" slack="0"/>
</pin_list>
<bind>
<StgValue><ssdm name="cor_phaseClass0_V_0"/></StgValue>
</bind>
</comp>

<comp id="34" class="1001" name="const_34">
<pin_list>
<pin id="35" dir="1" index="0" bw="1" slack="0"/>
</pin_list>
<bind>
<StgValue><ssdm name="_ssdm_op_Read.axis.volatile.i32P.i1P"/></StgValue>
</bind>
</comp>

<comp id="36" class="1001" name="const_36">
<pin_list>
<pin id="37" dir="1" index="0" bw="1" slack="0"/>
</pin_list>
<bind>
<StgValue><ssdm name=""/></StgValue>
</bind>
</comp>

<comp id="38" class="1001" name="const_38">
<pin_list>
<pin id="39" dir="1" index="0" bw="1" slack="0"/>
</pin_list>
<bind>
<StgValue><ssdm name=""/></StgValue>
</bind>
</comp>

<comp id="40" class="1001" name="const_40">
<pin_list>
<pin id="41" dir="1" index="0" bw="1" slack="0"/>
</pin_list>
<bind>
<StgValue><ssdm name="_ssdm_op_BitConcatenate.i21.i16.i5"/></StgValue>
</bind>
</comp>

<comp id="42" class="1001" name="const_42">
<pin_list>
<pin id="43" dir="1" index="0" bw="1" slack="0"/>
</pin_list>
<bind>
<StgValue><ssdm name=""/></StgValue>
</bind>
</comp>

<comp id="44" class="1001" name="const_44">
<pin_list>
<pin id="45" dir="1" index="0" bw="1" slack="0"/>
</pin_list>
<bind>
<StgValue><ssdm name=""/></StgValue>
</bind>
</comp>

<comp id="46" class="1001" name="const_46">
<pin_list>
<pin id="47" dir="1" index="0" bw="1" slack="0"/>
</pin_list>
<bind>
<StgValue><ssdm name="_ssdm_op_Write.axis.volatile.i32P.i1P"/></StgValue>
</bind>
</comp>

<comp id="48" class="1001" name="const_48">
<pin_list>
<pin id="49" dir="1" index="0" bw="1" slack="2147483647"/>
</pin_list>
<bind>
<StgValue><ssdm name="_ssdm_op_SpecBitsMap"/></StgValue>
</bind>
</comp>

<comp id="50" class="1001" name="const_50">
<pin_list>
<pin id="51" dir="1" index="0" bw="1" slack="2147483647"/>
</pin_list>
<bind>
<StgValue><ssdm name="_ssdm_op_SpecTopModule"/></StgValue>
</bind>
</comp>

<comp id="52" class="1001" name="const_52">
<pin_list>
<pin id="53" dir="1" index="0" bw="1" slack="2147483647"/>
</pin_list>
<bind>
<StgValue><ssdm name="correlateTop_str"/></StgValue>
</bind>
</comp>

<comp id="54" class="1001" name="const_54">
<pin_list>
<pin id="55" dir="1" index="0" bw="1" slack="2147483647"/>
</pin_list>
<bind>
<StgValue><ssdm name="_ssdm_op_SpecInterface"/></StgValue>
</bind>
</comp>

<comp id="56" class="1001" name="const_56">
<pin_list>
<pin id="57" dir="1" index="0" bw="1" slack="0"/>
</pin_list>
<bind>
<StgValue><ssdm name=""/></StgValue>
</bind>
</comp>

<comp id="58" class="1001" name="const_58">
<pin_list>
<pin id="59" dir="1" index="0" bw="1" slack="2147483647"/>
</pin_list>
<bind>
<StgValue><ssdm name="p_str"/></StgValue>
</bind>
</comp>

<comp id="60" class="1001" name="const_60">
<pin_list>
<pin id="61" dir="1" index="0" bw="1" slack="2147483647"/>
</pin_list>
<bind>
<StgValue><ssdm name="p_str2"/></StgValue>
</bind>
</comp>

<comp id="62" class="1001" name="const_62">
<pin_list>
<pin id="63" dir="1" index="0" bw="1" slack="2147483647"/>
</pin_list>
<bind>
<StgValue><ssdm name="p_str3"/></StgValue>
</bind>
</comp>

<comp id="64" class="1001" name="const_64">
<pin_list>
<pin id="65" dir="1" index="0" bw="1" slack="0"/>
</pin_list>
<bind>
<StgValue><ssdm name=""/></StgValue>
</bind>
</comp>

<comp id="66" class="1001" name="const_66">
<pin_list>
<pin id="67" dir="1" index="0" bw="1" slack="2147483647"/>
</pin_list>
<bind>
<StgValue><ssdm name="p_str4"/></StgValue>
</bind>
</comp>

<comp id="68" class="1001" name="const_68">
<pin_list>
<pin id="69" dir="1" index="0" bw="1" slack="2147483647"/>
</pin_list>
<bind>
<StgValue><ssdm name="_ssdm_op_SpecPipeline"/></StgValue>
</bind>
</comp>

<comp id="70" class="1001" name="const_70">
<pin_list>
<pin id="71" dir="1" index="0" bw="1" slack="2147483647"/>
</pin_list>
<bind>
<StgValue><ssdm name="_ssdm_op_SpecReset"/></StgValue>
</bind>
</comp>

<comp id="72" class="1004" name="grp_read_fu_72">
<pin_list>
<pin id="73" dir="0" index="0" bw="33" slack="0"/>
<pin id="74" dir="0" index="1" bw="32" slack="0"/>
<pin id="75" dir="0" index="2" bw="1" slack="0"/>
<pin id="76" dir="1" index="3" bw="33" slack="0"/>
</pin_list>
<bind>
<opcode="read(1150) " fcode="read"/>
<opset="empty/1 "/>
</bind>
</comp>

<comp id="80" class="1004" name="grp_write_fu_80">
<pin_list>
<pin id="81" dir="0" index="0" bw="0" slack="0"/>
<pin id="82" dir="0" index="1" bw="32" slack="0"/>
<pin id="83" dir="0" index="2" bw="1" slack="0"/>
<pin id="84" dir="0" index="3" bw="4" slack="0"/>
<pin id="85" dir="0" index="4" bw="1" slack="0"/>
<pin id="86" dir="1" index="5" bw="0" slack="2147483647"/>
</pin_list>
<bind>
<opcode="write(1151) " fcode="write"/>
<opset="StgValue_38/2 "/>
</bind>
</comp>

<comp id="90" class="1004" name="currentState_load_load_fu_90">
<pin_list>
<pin id="91" dir="0" index="0" bw="1" slack="0"/>
<pin id="92" dir="1" index="1" bw="1" slack="1"/>
</pin_list>
<bind>
<opcode="load(27) " fcode="load"/>
<opset="currentState_load/1 "/>
</bind>
</comp>

<comp id="94" class="1004" name="StgValue_7_store_fu_94">
<pin_list>
<pin id="95" dir="0" index="0" bw="1" slack="0"/>
<pin id="96" dir="0" index="1" bw="1" slack="0"/>
<pin id="97" dir="1" index="2" bw="0" slack="2147483647"/>
</pin_list>
<bind>
<opcode="store(28) " fcode="store"/>
<opset="StgValue_7/1 "/>
</bind>
</comp>

<comp id="100" class="1004" name="phaseClass_V_load_load_fu_100">
<pin_list>
<pin id="101" dir="0" index="0" bw="4" slack="0"/>
<pin id="102" dir="1" index="1" bw="4" slack="0"/>
</pin_list>
<bind>
<opcode="load(27) " fcode="load"/>
<opset="phaseClass_V_load/2 "/>
</bind>
</comp>

<comp id="104" class="1004" name="StgValue_9_store_fu_104">
<pin_list>
<pin id="105" dir="0" index="0" bw="1" slack="0"/>
<pin id="106" dir="0" index="1" bw="4" slack="0"/>
<pin id="107" dir="1" index="2" bw="0" slack="2147483647"/>
</pin_list>
<bind>
<opcode="store(28) " fcode="store"/>
<opset="StgValue_9/2 "/>
</bind>
</comp>

<comp id="110" class="1004" name="p_Val2_s_fu_110">
<pin_list>
<pin id="111" dir="0" index="0" bw="33" slack="0"/>
<pin id="112" dir="1" index="1" bw="32" slack="0"/>
</pin_list>
<bind>
<opcode="extractvalue(56) " fcode="extractvalue"/>
<opset="p_Val2_s/2 "/>
</bind>
</comp>

<comp id="114" class="1004" name="i_data_last_V_tmp_fu_114">
<pin_list>
<pin id="115" dir="0" index="0" bw="33" slack="0"/>
<pin id="116" dir="1" index="1" bw="1" slack="0"/>
</pin_list>
<bind>
<opcode="extractvalue(56) " fcode="extractvalue"/>
<opset="i_data_last_V_tmp/2 "/>
</bind>
</comp>

<comp id="119" class="1004" name="p_Val2_1_fu_119">
<pin_list>
<pin id="120" dir="0" index="0" bw="32" slack="0"/>
<pin id="121" dir="1" index="1" bw="16" slack="0"/>
</pin_list>
<bind>
<opcode="trunc(33) " fcode="trunc"/>
<opset="p_Val2_1/2 "/>
</bind>
</comp>

<comp id="123" class="1004" name="StgValue_14_store_fu_123">
<pin_list>
<pin id="124" dir="0" index="0" bw="16" slack="0"/>
<pin id="125" dir="0" index="1" bw="16" slack="0"/>
<pin id="126" dir="1" index="2" bw="0" slack="2147483647"/>
</pin_list>
<bind>
<opcode="store(28) " fcode="store"/>
<opset="StgValue_14/2 "/>
</bind>
</comp>

<comp id="129" class="1004" name="op_V_read_assign_fu_129">
<pin_list>
<pin id="130" dir="0" index="0" bw="21" slack="0"/>
<pin id="131" dir="0" index="1" bw="16" slack="0"/>
<pin id="132" dir="0" index="2" bw="1" slack="0"/>
<pin id="133" dir="1" index="3" bw="21" slack="0"/>
</pin_list>
<bind>
<opcode="bitconcatenate(1004) " fcode="bitconcatenate"/>
<opset="op_V_read_assign/2 "/>
</bind>
</comp>

<comp id="137" class="1004" name="StgValue_16_store_fu_137">
<pin_list>
<pin id="138" dir="0" index="0" bw="21" slack="0"/>
<pin id="139" dir="0" index="1" bw="21" slack="0"/>
<pin id="140" dir="1" index="2" bw="0" slack="2147483647"/>
</pin_list>
<bind>
<opcode="store(28) " fcode="store"/>
<opset="StgValue_16/2 "/>
</bind>
</comp>

<comp id="143" class="1004" name="cond_i_fu_143">
<pin_list>
<pin id="144" dir="0" index="0" bw="4" slack="0"/>
<pin id="145" dir="0" index="1" bw="1" slack="0"/>
<pin id="146" dir="1" index="2" bw="1" slack="1"/>
</pin_list>
<bind>
<opcode="icmp(45) " fcode="icmp"/>
<opset="cond_i/2 "/>
</bind>
</comp>

<comp id="149" class="1004" name="cor_phaseClass0_V_6_s_load_fu_149">
<pin_list>
<pin id="150" dir="0" index="0" bw="32" slack="0"/>
<pin id="151" dir="1" index="1" bw="32" slack="0"/>
</pin_list>
<bind>
<opcode="load(27) " fcode="load"/>
<opset="cor_phaseClass0_V_6_s/2 "/>
</bind>
</comp>

<comp id="153" class="1004" name="StgValue_20_store_fu_153">
<pin_list>
<pin id="154" dir="0" index="0" bw="32" slack="0"/>
<pin id="155" dir="0" index="1" bw="32" slack="0"/>
<pin id="156" dir="1" index="2" bw="0" slack="2147483647"/>
</pin_list>
<bind>
<opcode="store(28) " fcode="store"/>
<opset="StgValue_20/2 "/>
</bind>
</comp>

<comp id="159" class="1004" name="cor_phaseClass0_V_5_s_load_fu_159">
<pin_list>
<pin id="160" dir="0" index="0" bw="32" slack="0"/>
<pin id="161" dir="1" index="1" bw="32" slack="0"/>
</pin_list>
<bind>
<opcode="load(27) " fcode="load"/>
<opset="cor_phaseClass0_V_5_s/2 "/>
</bind>
</comp>

<comp id="163" class="1004" name="StgValue_22_store_fu_163">
<pin_list>
<pin id="164" dir="0" index="0" bw="32" slack="0"/>
<pin id="165" dir="0" index="1" bw="32" slack="0"/>
<pin id="166" dir="1" index="2" bw="0" slack="2147483647"/>
</pin_list>
<bind>
<opcode="store(28) " fcode="store"/>
<opset="StgValue_22/2 "/>
</bind>
</comp>

<comp id="169" class="1004" name="cor_phaseClass0_V_4_s_load_fu_169">
<pin_list>
<pin id="170" dir="0" index="0" bw="32" slack="0"/>
<pin id="171" dir="1" index="1" bw="32" slack="0"/>
</pin_list>
<bind>
<opcode="load(27) " fcode="load"/>
<opset="cor_phaseClass0_V_4_s/2 "/>
</bind>
</comp>

<comp id="173" class="1004" name="StgValue_24_store_fu_173">
<pin_list>
<pin id="174" dir="0" index="0" bw="32" slack="0"/>
<pin id="175" dir="0" index="1" bw="32" slack="0"/>
<pin id="176" dir="1" index="2" bw="0" slack="2147483647"/>
</pin_list>
<bind>
<opcode="store(28) " fcode="store"/>
<opset="StgValue_24/2 "/>
</bind>
</comp>

<comp id="179" class="1004" name="cor_phaseClass0_V_3_s_load_fu_179">
<pin_list>
<pin id="180" dir="0" index="0" bw="21" slack="0"/>
<pin id="181" dir="1" index="1" bw="21" slack="0"/>
</pin_list>
<bind>
<opcode="load(27) " fcode="load"/>
<opset="cor_phaseClass0_V_3_s/2 "/>
</bind>
</comp>

<comp id="183" class="1004" name="extLd3_fu_183">
<pin_list>
<pin id="184" dir="0" index="0" bw="21" slack="0"/>
<pin id="185" dir="1" index="1" bw="32" slack="0"/>
</pin_list>
<bind>
<opcode="sext(35) " fcode="sext"/>
<opset="extLd3/2 "/>
</bind>
</comp>

<comp id="187" class="1004" name="StgValue_27_store_fu_187">
<pin_list>
<pin id="188" dir="0" index="0" bw="21" slack="0"/>
<pin id="189" dir="0" index="1" bw="32" slack="0"/>
<pin id="190" dir="1" index="2" bw="0" slack="2147483647"/>
</pin_list>
<bind>
<opcode="store(28) " fcode="store"/>
<opset="StgValue_27/2 "/>
</bind>
</comp>

<comp id="193" class="1004" name="cor_phaseClass0_V_2_s_load_fu_193">
<pin_list>
<pin id="194" dir="0" index="0" bw="21" slack="0"/>
<pin id="195" dir="1" index="1" bw="21" slack="0"/>
</pin_list>
<bind>
<opcode="load(27) " fcode="load"/>
<opset="cor_phaseClass0_V_2_s/2 "/>
</bind>
</comp>

<comp id="197" class="1004" name="StgValue_29_store_fu_197">
<pin_list>
<pin id="198" dir="0" index="0" bw="21" slack="0"/>
<pin id="199" dir="0" index="1" bw="21" slack="0"/>
<pin id="200" dir="1" index="2" bw="0" slack="2147483647"/>
</pin_list>
<bind>
<opcode="store(28) " fcode="store"/>
<opset="StgValue_29/2 "/>
</bind>
</comp>

<comp id="203" class="1004" name="cor_phaseClass0_V_1_s_load_fu_203">
<pin_list>
<pin id="204" dir="0" index="0" bw="21" slack="0"/>
<pin id="205" dir="1" index="1" bw="21" slack="0"/>
</pin_list>
<bind>
<opcode="load(27) " fcode="load"/>
<opset="cor_phaseClass0_V_1_s/2 "/>
</bind>
</comp>

<comp id="207" class="1004" name="StgValue_31_store_fu_207">
<pin_list>
<pin id="208" dir="0" index="0" bw="21" slack="0"/>
<pin id="209" dir="0" index="1" bw="21" slack="0"/>
<pin id="210" dir="1" index="2" bw="0" slack="2147483647"/>
</pin_list>
<bind>
<opcode="store(28) " fcode="store"/>
<opset="StgValue_31/2 "/>
</bind>
</comp>

<comp id="213" class="1004" name="cor_phaseClass0_V_0_s_load_fu_213">
<pin_list>
<pin id="214" dir="0" index="0" bw="21" slack="0"/>
<pin id="215" dir="1" index="1" bw="21" slack="0"/>
</pin_list>
<bind>
<opcode="load(27) " fcode="load"/>
<opset="cor_phaseClass0_V_0_s/2 "/>
</bind>
</comp>

<comp id="217" class="1004" name="StgValue_33_store_fu_217">
<pin_list>
<pin id="218" dir="0" index="0" bw="21" slack="0"/>
<pin id="219" dir="0" index="1" bw="21" slack="0"/>
<pin id="220" dir="1" index="2" bw="0" slack="2147483647"/>
</pin_list>
<bind>
<opcode="store(28) " fcode="store"/>
<opset="StgValue_33/2 "/>
</bind>
</comp>

<comp id="223" class="1004" name="StgValue_34_store_fu_223">
<pin_list>
<pin id="224" dir="0" index="0" bw="21" slack="0"/>
<pin id="225" dir="0" index="1" bw="21" slack="0"/>
<pin id="226" dir="1" index="2" bw="0" slack="2147483647"/>
</pin_list>
<bind>
<opcode="store(28) " fcode="store"/>
<opset="StgValue_34/2 "/>
</bind>
</comp>

<comp id="229" class="1004" name="tmp_6_fu_229">
<pin_list>
<pin id="230" dir="0" index="0" bw="4" slack="0"/>
<pin id="231" dir="0" index="1" bw="1" slack="0"/>
<pin id="232" dir="1" index="2" bw="4" slack="0"/>
</pin_list>
<bind>
<opcode="add(8) " fcode="add"/>
<opset="tmp_6/2 "/>
</bind>
</comp>

<comp id="235" class="1004" name="StgValue_36_store_fu_235">
<pin_list>
<pin id="236" dir="0" index="0" bw="4" slack="0"/>
<pin id="237" dir="0" index="1" bw="4" slack="0"/>
<pin id="238" dir="1" index="2" bw="0" slack="2147483647"/>
</pin_list>
<bind>
<opcode="store(28) " fcode="store"/>
<opset="StgValue_36/2 "/>
</bind>
</comp>

<comp id="241" class="1004" name="o_data_data_V_tmp_fu_241">
<pin_list>
<pin id="242" dir="0" index="0" bw="4" slack="0"/>
<pin id="243" dir="1" index="1" bw="32" slack="0"/>
</pin_list>
<bind>
<opcode="zext(34) " fcode="zext"/>
<opset="o_data_data_V_tmp/2 "/>
</bind>
</comp>

<comp id="246" class="1004" name="StgValue_55_store_fu_246">
<pin_list>
<pin id="247" dir="0" index="0" bw="1" slack="0"/>
<pin id="248" dir="0" index="1" bw="32" slack="0"/>
<pin id="249" dir="1" index="2" bw="0" slack="2147483647"/>
</pin_list>
<bind>
<opcode="store(28) " fcode="store"/>
<opset="StgValue_55/3 "/>
</bind>
</comp>

<comp id="252" class="1004" name="loadCount_V_load_load_fu_252">
<pin_list>
<pin id="253" dir="0" index="0" bw="32" slack="0"/>
<pin id="254" dir="1" index="1" bw="32" slack="0"/>
</pin_list>
<bind>
<opcode="load(27) " fcode="load"/>
<opset="loadCount_V_load/3 "/>
</bind>
</comp>

<comp id="256" class="1004" name="tmp_4_fu_256">
<pin_list>
<pin id="257" dir="0" index="0" bw="32" slack="0"/>
<pin id="258" dir="0" index="1" bw="1" slack="0"/>
<pin id="259" dir="1" index="2" bw="32" slack="0"/>
</pin_list>
<bind>
<opcode="add(8) " fcode="add"/>
<opset="tmp_4/3 "/>
</bind>
</comp>

<comp id="262" class="1004" name="StgValue_60_store_fu_262">
<pin_list>
<pin id="263" dir="0" index="0" bw="32" slack="0"/>
<pin id="264" dir="0" index="1" bw="32" slack="0"/>
<pin id="265" dir="1" index="2" bw="0" slack="2147483647"/>
</pin_list>
<bind>
<opcode="store(28) " fcode="store"/>
<opset="StgValue_60/3 "/>
</bind>
</comp>

<comp id="268" class="1005" name="currentState_load_reg_268">
<pin_list>
<pin id="269" dir="0" index="0" bw="1" slack="1"/>
<pin id="270" dir="1" index="1" bw="1" slack="2147483647"/>
</pin_list>
<bind>
<opset="currentState_load "/>
</bind>
</comp>

<comp id="272" class="1005" name="i_data_last_V_tmp_reg_272">
<pin_list>
<pin id="273" dir="0" index="0" bw="1" slack="1"/>
<pin id="274" dir="1" index="1" bw="1" slack="1"/>
</pin_list>
<bind>
<opset="i_data_last_V_tmp "/>
</bind>
</comp>

<comp id="277" class="1005" name="cond_i_reg_277">
<pin_list>
<pin id="278" dir="0" index="0" bw="1" slack="1"/>
<pin id="279" dir="1" index="1" bw="1" slack="2147483647"/>
</pin_list>
<bind>
<opset="cond_i "/>
</bind>
</comp>

<comp id="281" class="1005" name="o_data_data_V_tmp_reg_281">
<pin_list>
<pin id="282" dir="0" index="0" bw="32" slack="1"/>
<pin id="283" dir="1" index="1" bw="32" slack="1"/>
</pin_list>
<bind>
<opset="o_data_data_V_tmp "/>
</bind>
</comp>

</comp_list>

<net_list>
<net id="77"><net_src comp="34" pin="0"/><net_sink comp="72" pin=0"/></net>

<net id="78"><net_src comp="0" pin="0"/><net_sink comp="72" pin=1"/></net>

<net id="79"><net_src comp="2" pin="0"/><net_sink comp="72" pin=2"/></net>

<net id="87"><net_src comp="46" pin="0"/><net_sink comp="80" pin=0"/></net>

<net id="88"><net_src comp="4" pin="0"/><net_sink comp="80" pin=1"/></net>

<net id="89"><net_src comp="6" pin="0"/><net_sink comp="80" pin=2"/></net>

<net id="93"><net_src comp="8" pin="0"/><net_sink comp="90" pin=0"/></net>

<net id="98"><net_src comp="36" pin="0"/><net_sink comp="94" pin=0"/></net>

<net id="99"><net_src comp="8" pin="0"/><net_sink comp="94" pin=1"/></net>

<net id="103"><net_src comp="10" pin="0"/><net_sink comp="100" pin=0"/></net>

<net id="108"><net_src comp="38" pin="0"/><net_sink comp="104" pin=0"/></net>

<net id="109"><net_src comp="10" pin="0"/><net_sink comp="104" pin=1"/></net>

<net id="113"><net_src comp="72" pin="3"/><net_sink comp="110" pin=0"/></net>

<net id="117"><net_src comp="72" pin="3"/><net_sink comp="114" pin=0"/></net>

<net id="118"><net_src comp="114" pin="1"/><net_sink comp="80" pin=4"/></net>

<net id="122"><net_src comp="110" pin="1"/><net_sink comp="119" pin=0"/></net>

<net id="127"><net_src comp="119" pin="1"/><net_sink comp="123" pin=0"/></net>

<net id="128"><net_src comp="14" pin="0"/><net_sink comp="123" pin=1"/></net>

<net id="134"><net_src comp="40" pin="0"/><net_sink comp="129" pin=0"/></net>

<net id="135"><net_src comp="119" pin="1"/><net_sink comp="129" pin=1"/></net>

<net id="136"><net_src comp="42" pin="0"/><net_sink comp="129" pin=2"/></net>

<net id="141"><net_src comp="129" pin="3"/><net_sink comp="137" pin=0"/></net>

<net id="142"><net_src comp="16" pin="0"/><net_sink comp="137" pin=1"/></net>

<net id="147"><net_src comp="100" pin="1"/><net_sink comp="143" pin=0"/></net>

<net id="148"><net_src comp="38" pin="0"/><net_sink comp="143" pin=1"/></net>

<net id="152"><net_src comp="18" pin="0"/><net_sink comp="149" pin=0"/></net>

<net id="157"><net_src comp="149" pin="1"/><net_sink comp="153" pin=0"/></net>

<net id="158"><net_src comp="20" pin="0"/><net_sink comp="153" pin=1"/></net>

<net id="162"><net_src comp="22" pin="0"/><net_sink comp="159" pin=0"/></net>

<net id="167"><net_src comp="159" pin="1"/><net_sink comp="163" pin=0"/></net>

<net id="168"><net_src comp="18" pin="0"/><net_sink comp="163" pin=1"/></net>

<net id="172"><net_src comp="24" pin="0"/><net_sink comp="169" pin=0"/></net>

<net id="177"><net_src comp="169" pin="1"/><net_sink comp="173" pin=0"/></net>

<net id="178"><net_src comp="22" pin="0"/><net_sink comp="173" pin=1"/></net>

<net id="182"><net_src comp="26" pin="0"/><net_sink comp="179" pin=0"/></net>

<net id="186"><net_src comp="179" pin="1"/><net_sink comp="183" pin=0"/></net>

<net id="191"><net_src comp="183" pin="1"/><net_sink comp="187" pin=0"/></net>

<net id="192"><net_src comp="24" pin="0"/><net_sink comp="187" pin=1"/></net>

<net id="196"><net_src comp="28" pin="0"/><net_sink comp="193" pin=0"/></net>

<net id="201"><net_src comp="193" pin="1"/><net_sink comp="197" pin=0"/></net>

<net id="202"><net_src comp="26" pin="0"/><net_sink comp="197" pin=1"/></net>

<net id="206"><net_src comp="30" pin="0"/><net_sink comp="203" pin=0"/></net>

<net id="211"><net_src comp="203" pin="1"/><net_sink comp="207" pin=0"/></net>

<net id="212"><net_src comp="28" pin="0"/><net_sink comp="207" pin=1"/></net>

<net id="216"><net_src comp="32" pin="0"/><net_sink comp="213" pin=0"/></net>

<net id="221"><net_src comp="213" pin="1"/><net_sink comp="217" pin=0"/></net>

<net id="222"><net_src comp="30" pin="0"/><net_sink comp="217" pin=1"/></net>

<net id="227"><net_src comp="129" pin="3"/><net_sink comp="223" pin=0"/></net>

<net id="228"><net_src comp="32" pin="0"/><net_sink comp="223" pin=1"/></net>

<net id="233"><net_src comp="100" pin="1"/><net_sink comp="229" pin=0"/></net>

<net id="234"><net_src comp="44" pin="0"/><net_sink comp="229" pin=1"/></net>

<net id="239"><net_src comp="229" pin="2"/><net_sink comp="235" pin=0"/></net>

<net id="240"><net_src comp="10" pin="0"/><net_sink comp="235" pin=1"/></net>

<net id="244"><net_src comp="229" pin="2"/><net_sink comp="241" pin=0"/></net>

<net id="245"><net_src comp="241" pin="1"/><net_sink comp="80" pin=3"/></net>

<net id="250"><net_src comp="56" pin="0"/><net_sink comp="246" pin=0"/></net>

<net id="251"><net_src comp="12" pin="0"/><net_sink comp="246" pin=1"/></net>

<net id="255"><net_src comp="12" pin="0"/><net_sink comp="252" pin=0"/></net>

<net id="260"><net_src comp="252" pin="1"/><net_sink comp="256" pin=0"/></net>

<net id="261"><net_src comp="64" pin="0"/><net_sink comp="256" pin=1"/></net>

<net id="266"><net_src comp="256" pin="2"/><net_sink comp="262" pin=0"/></net>

<net id="267"><net_src comp="12" pin="0"/><net_sink comp="262" pin=1"/></net>

<net id="271"><net_src comp="90" pin="1"/><net_sink comp="268" pin=0"/></net>

<net id="275"><net_src comp="114" pin="1"/><net_sink comp="272" pin=0"/></net>

<net id="276"><net_src comp="272" pin="1"/><net_sink comp="80" pin=4"/></net>

<net id="280"><net_src comp="143" pin="2"/><net_sink comp="277" pin=0"/></net>

<net id="284"><net_src comp="241" pin="1"/><net_sink comp="281" pin=0"/></net>

<net id="285"><net_src comp="281" pin="1"/><net_sink comp="80" pin=3"/></net>

</net_list>

</model> 
---------------- Datapath Model END ------------------

* FSMD analyzer results:
  - Output states:
	Port: o_data_data_V | {3 }
	Port: o_data_last_V | {3 }
	Port: currentState | {1 }
	Port: phaseClass_V | {2 }
	Port: loadCount_V | {3 }
	Port: unScalled_V | {2 }
	Port: newVal_V | {2 }
	Port: cor_phaseClass0_V_6 | {2 }
	Port: cor_phaseClass0_V_7 | {2 }
	Port: cor_phaseClass0_V_5 | {2 }
	Port: cor_phaseClass0_V_4 | {2 }
	Port: cor_phaseClass0_V_3 | {2 }
	Port: cor_phaseClass0_V_2 | {2 }
	Port: cor_phaseClass0_V_1 | {2 }
	Port: cor_phaseClass0_V_0 | {2 }
 - Input state : 
	Port: correlateTop : i_data_data_V | {1 }
	Port: correlateTop : i_data_last_V | {1 }
	Port: correlateTop : currentState | {1 }
	Port: correlateTop : phaseClass_V | {2 }
	Port: correlateTop : loadCount_V | {3 }
	Port: correlateTop : cor_phaseClass0_V_6 | {2 }
	Port: correlateTop : cor_phaseClass0_V_5 | {2 }
	Port: correlateTop : cor_phaseClass0_V_4 | {2 }
	Port: correlateTop : cor_phaseClass0_V_3 | {2 }
	Port: correlateTop : cor_phaseClass0_V_2 | {2 }
	Port: correlateTop : cor_phaseClass0_V_1 | {2 }
	Port: correlateTop : cor_phaseClass0_V_0 | {2 }
  - Chain level:
	State 1
		StgValue_5 : 1
	State 2
		p_Val2_1 : 1
		StgValue_14 : 2
		op_V_read_assign : 2
		StgValue_16 : 3
		cond_i : 1
		StgValue_18 : 2
		StgValue_20 : 1
		StgValue_22 : 1
		StgValue_24 : 1
		extLd3 : 1
		StgValue_27 : 2
		StgValue_29 : 1
		StgValue_31 : 1
		StgValue_33 : 1
		StgValue_34 : 3
		tmp_6 : 1
		StgValue_36 : 2
		o_data_data_V_tmp : 2
		StgValue_38 : 3
	State 3
		tmp_4 : 1
		StgValue_60 : 2


============================================================
+ Verbose Summary: Datapath Resource usage 
============================================================

* Functional unit list:
|----------|--------------------------|---------|---------|
| Operation|      Functional Unit     |    FF   |   LUT   |
|----------|--------------------------|---------|---------|
|    add   |       tmp_6_fu_229       |    0    |    13   |
|          |       tmp_4_fu_256       |    0    |    39   |
|----------|--------------------------|---------|---------|
|   icmp   |       cond_i_fu_143      |    0    |    9    |
|----------|--------------------------|---------|---------|
|   read   |      grp_read_fu_72      |    0    |    0    |
|----------|--------------------------|---------|---------|
|   write  |      grp_write_fu_80     |    0    |    0    |
|----------|--------------------------|---------|---------|
|extractvalue|      p_Val2_s_fu_110     |    0    |    0    |
|          | i_data_last_V_tmp_fu_114 |    0    |    0    |
|----------|--------------------------|---------|---------|
|   trunc  |      p_Val2_1_fu_119     |    0    |    0    |
|----------|--------------------------|---------|---------|
|bitconcatenate|  op_V_read_assign_fu_129 |    0    |    0    |
|----------|--------------------------|---------|---------|
|   sext   |       extLd3_fu_183      |    0    |    0    |
|----------|--------------------------|---------|---------|
|   zext   | o_data_data_V_tmp_fu_241 |    0    |    0    |
|----------|--------------------------|---------|---------|
|   Total  |                          |    0    |    61   |
|----------|--------------------------|---------|---------|

Memories:
N/A

* Register list:
+-------------------------+--------+
|                         |   FF   |
+-------------------------+--------+
|      cond_i_reg_277     |    1   |
|currentState_load_reg_268|    1   |
|i_data_last_V_tmp_reg_272|    1   |
|o_data_data_V_tmp_reg_281|   32   |
+-------------------------+--------+
|          Total          |   35   |
+-------------------------+--------+

* Multiplexer (MUX) list: 
|-----------------|------|------|------|--------||---------||---------|
|       Comp      |  Pin | Size |  BW  | S x BW ||  Delay  ||   LUT   |
|-----------------|------|------|------|--------||---------||---------|
| grp_write_fu_80 |  p3  |   2  |   4  |    8   ||    9    |
| grp_write_fu_80 |  p4  |   2  |   1  |    2   ||    9    |
|-----------------|------|------|------|--------||---------||---------|
|      Total      |      |      |      |   10   ||  2.122  ||    18   |
|-----------------|------|------|------|--------||---------||---------|



* Summary:
+-----------+--------+--------+--------+
|           |  Delay |   FF   |   LUT  |
+-----------+--------+--------+--------+
|  Function |    -   |    0   |   61   |
|   Memory  |    -   |    -   |    -   |
|Multiplexer|    2   |    -   |   18   |
|  Register |    -   |   35   |    -   |
+-----------+--------+--------+--------+
|   Total   |    2   |   35   |   79   |
+-----------+--------+--------+--------+
