

================================================================
== Vivado HLS Report for 'shiftPhaseClass'
================================================================
* Date:           Sat Mar 23 12:45:53 2019

* Version:        2017.4 (Build 2086221 on Fri Dec 15 21:13:33 MST 2017)
* Project:        correlator
* Solution:       solution1
* Product family: kintex7
* Target device:  xc7k160tfbg484-1


================================================================
== Performance Estimates
================================================================
+ Timing (ns): 
    * Summary: 
    +--------+-------+----------+------------+
    |  Clock | Target| Estimated| Uncertainty|
    +--------+-------+----------+------------+
    |ap_clk  |   5.00|      1.15|        0.62|
    +--------+-------+----------+------------+

+ Latency (clock cycles): 
    * Summary: 
    +-----+-----+-----+-----+----------+
    |  Latency  |  Interval | Pipeline |
    | min | max | min | max |   Type   |
    +-----+-----+-----+-----+----------+
    |    0|    0|    1|    1| function |
    +-----+-----+-----+-----+----------+

    + Detail: 
        * Instance: 
        N/A

        * Loop: 
        N/A

============================================================
+ Verbose Summary: Synthesis Manager
============================================================
InlineROM: 1
ExposeGlobal: 0
============================================================
+ Verbose Summary: CDFG Model
============================================================
IsTopModel: 0
ResetActiveHigh: 1
IsCombinational: 0
IsDatapathOnly: 0
HasWiredReturn: 1
HasMFsm: 2
HasVarLatency: 0
IsPipeline: 1
IsRtlPipelined: 0
IsInstanceOverlapped: 0
IsDontTouch: 0
HasImplIP: 0
IsGatedGlobalClock: 0

+ Individual pipeline summary: 
  * Pipeline-0: initiation interval (II) = 1, depth = 1


============================================================
+ Verbose Summary: Schedule
============================================================
* Number of FSM states : 1
* Pipeline : 1
  Pipeline-0 : II = 1, D = 1, States = { 1 }
* Dataflow Pipeline: 0

* FSM state transitions: 
1 --> 

* FSM state operations: 

 <State 1> : 1.15ns
ST_1 : Operation 2 [1/1] (0.00ns)   --->   "%phaseClass_V_read = call i4 @_ssdm_op_Read.ap_auto.i4(i4 %phaseClass_V)"
ST_1 : Operation 3 [1/1] (0.00ns)   --->   "%newValue_V_read = call i21 @_ssdm_op_Read.ap_auto.i21(i21 %newValue_V)"
ST_1 : Operation 4 [1/1] (1.15ns)   --->   "switch i4 %phaseClass_V_read, label %._crit_edge [
    i4 0, label %.preheader63.0
    i4 1, label %.preheader62.0
    i4 2, label %.preheader61.0
    i4 3, label %.preheader60.0
    i4 4, label %.preheader59.0
    i4 5, label %.preheader58.0
    i4 6, label %.preheader57.0
    i4 7, label %.preheader56.0
    i4 -8, label %.preheader55.0
    i4 -7, label %.preheader54.0
    i4 -6, label %.preheader53.0
    i4 -5, label %.preheader52.0
    i4 -4, label %.preheader51.0
    i4 -3, label %.preheader50.0
    i4 -2, label %.preheader49.0
    i4 -1, label %.preheader.0
  ]" [correlator.cpp:122]
ST_1 : Operation 5 [1/1] (0.00ns)   --->   "%cor_phaseClass15_V_1 = load i32* @cor_phaseClass15_V_14, align 8" [correlator.cpp:231]
ST_1 : Operation 6 [1/1] (0.00ns)   --->   "store i32 %cor_phaseClass15_V_1, i32* @cor_phaseClass15_V_15, align 4" [correlator.cpp:231]
ST_1 : Operation 7 [1/1] (0.00ns)   --->   "%cor_phaseClass15_V_1_1 = load i32* @cor_phaseClass15_V_13, align 4" [correlator.cpp:231]
ST_1 : Operation 8 [1/1] (0.00ns)   --->   "store i32 %cor_phaseClass15_V_1_1, i32* @cor_phaseClass15_V_14, align 8" [correlator.cpp:231]
ST_1 : Operation 9 [1/1] (0.00ns)   --->   "%cor_phaseClass15_V_1_2 = load i32* @cor_phaseClass15_V_12, align 16" [correlator.cpp:231]
ST_1 : Operation 10 [1/1] (0.00ns)   --->   "store i32 %cor_phaseClass15_V_1_2, i32* @cor_phaseClass15_V_13, align 4" [correlator.cpp:231]
ST_1 : Operation 11 [1/1] (0.00ns)   --->   "%cor_phaseClass15_V_1_3 = load i32* @cor_phaseClass15_V_11, align 4" [correlator.cpp:231]
ST_1 : Operation 12 [1/1] (0.00ns)   --->   "store i32 %cor_phaseClass15_V_1_3, i32* @cor_phaseClass15_V_12, align 16" [correlator.cpp:231]
ST_1 : Operation 13 [1/1] (0.00ns)   --->   "%cor_phaseClass15_V_1_4 = load i32* @cor_phaseClass15_V_10, align 8" [correlator.cpp:231]
ST_1 : Operation 14 [1/1] (0.00ns)   --->   "store i32 %cor_phaseClass15_V_1_4, i32* @cor_phaseClass15_V_11, align 4" [correlator.cpp:231]
ST_1 : Operation 15 [1/1] (0.00ns)   --->   "%cor_phaseClass15_V_9 = load i32* @cor_phaseClass15_V_9, align 4" [correlator.cpp:231]
ST_1 : Operation 16 [1/1] (0.00ns)   --->   "store i32 %cor_phaseClass15_V_9, i32* @cor_phaseClass15_V_10, align 8" [correlator.cpp:231]
ST_1 : Operation 17 [1/1] (0.00ns)   --->   "%cor_phaseClass15_V_8 = load i32* @cor_phaseClass15_V_8, align 16" [correlator.cpp:231]
ST_1 : Operation 18 [1/1] (0.00ns)   --->   "store i32 %cor_phaseClass15_V_8, i32* @cor_phaseClass15_V_9, align 4" [correlator.cpp:231]
ST_1 : Operation 19 [1/1] (0.00ns)   --->   "%cor_phaseClass15_V_7 = load i32* @cor_phaseClass15_V_7, align 4" [correlator.cpp:231]
ST_1 : Operation 20 [1/1] (0.00ns)   --->   "store i32 %cor_phaseClass15_V_7, i32* @cor_phaseClass15_V_8, align 16" [correlator.cpp:231]
ST_1 : Operation 21 [1/1] (0.00ns)   --->   "%cor_phaseClass15_V_6 = load i32* @cor_phaseClass15_V_6, align 8" [correlator.cpp:231]
ST_1 : Operation 22 [1/1] (0.00ns)   --->   "store i32 %cor_phaseClass15_V_6, i32* @cor_phaseClass15_V_7, align 4" [correlator.cpp:231]
ST_1 : Operation 23 [1/1] (0.00ns)   --->   "%cor_phaseClass15_V_5 = load i32* @cor_phaseClass15_V_5, align 4" [correlator.cpp:231]
ST_1 : Operation 24 [1/1] (0.00ns)   --->   "store i32 %cor_phaseClass15_V_5, i32* @cor_phaseClass15_V_6, align 8" [correlator.cpp:231]
ST_1 : Operation 25 [1/1] (0.00ns)   --->   "%cor_phaseClass15_V_4 = load i32* @cor_phaseClass15_V_4, align 16" [correlator.cpp:231]
ST_1 : Operation 26 [1/1] (0.00ns)   --->   "store i32 %cor_phaseClass15_V_4, i32* @cor_phaseClass15_V_5, align 4" [correlator.cpp:231]
ST_1 : Operation 27 [1/1] (0.00ns)   --->   "%cor_phaseClass15_V_3 = load i21* @cor_phaseClass15_V_3, align 4"
ST_1 : Operation 28 [1/1] (0.00ns)   --->   "%extLd15 = sext i21 %cor_phaseClass15_V_3 to i32"
ST_1 : Operation 29 [1/1] (0.00ns)   --->   "store i32 %extLd15, i32* @cor_phaseClass15_V_4, align 16" [correlator.cpp:231]
ST_1 : Operation 30 [1/1] (0.00ns)   --->   "%cor_phaseClass15_V_2 = load i21* @cor_phaseClass15_V_2, align 4"
ST_1 : Operation 31 [1/1] (0.00ns)   --->   "store i21 %cor_phaseClass15_V_2, i21* @cor_phaseClass15_V_3, align 4" [correlator.cpp:231]
ST_1 : Operation 32 [1/1] (0.00ns)   --->   "%cor_phaseClass15_V_1_5 = load i21* @cor_phaseClass15_V_1, align 4"
ST_1 : Operation 33 [1/1] (0.00ns)   --->   "store i21 %cor_phaseClass15_V_1_5, i21* @cor_phaseClass15_V_2, align 4" [correlator.cpp:231]
ST_1 : Operation 34 [1/1] (0.00ns)   --->   "%cor_phaseClass15_V_0 = load i21* @cor_phaseClass15_V_0, align 4"
ST_1 : Operation 35 [1/1] (0.00ns)   --->   "store i21 %cor_phaseClass15_V_0, i21* @cor_phaseClass15_V_1, align 4" [correlator.cpp:231]
ST_1 : Operation 36 [1/1] (0.00ns)   --->   "store i21 %newValue_V_read, i21* @cor_phaseClass15_V_0, align 4" [correlator.cpp:233]
ST_1 : Operation 37 [1/1] (0.00ns)   --->   "br label %._crit_edge" [correlator.cpp:234]
ST_1 : Operation 38 [1/1] (0.00ns)   --->   "%cor_phaseClass14_V_1 = load i32* @cor_phaseClass14_V_14, align 8" [correlator.cpp:224]
ST_1 : Operation 39 [1/1] (0.00ns)   --->   "store i32 %cor_phaseClass14_V_1, i32* @cor_phaseClass14_V_15, align 4" [correlator.cpp:224]
ST_1 : Operation 40 [1/1] (0.00ns)   --->   "%cor_phaseClass14_V_1_1 = load i32* @cor_phaseClass14_V_13, align 4" [correlator.cpp:224]
ST_1 : Operation 41 [1/1] (0.00ns)   --->   "store i32 %cor_phaseClass14_V_1_1, i32* @cor_phaseClass14_V_14, align 8" [correlator.cpp:224]
ST_1 : Operation 42 [1/1] (0.00ns)   --->   "%cor_phaseClass14_V_1_2 = load i32* @cor_phaseClass14_V_12, align 16" [correlator.cpp:224]
ST_1 : Operation 43 [1/1] (0.00ns)   --->   "store i32 %cor_phaseClass14_V_1_2, i32* @cor_phaseClass14_V_13, align 4" [correlator.cpp:224]
ST_1 : Operation 44 [1/1] (0.00ns)   --->   "%cor_phaseClass14_V_1_3 = load i32* @cor_phaseClass14_V_11, align 4" [correlator.cpp:224]
ST_1 : Operation 45 [1/1] (0.00ns)   --->   "store i32 %cor_phaseClass14_V_1_3, i32* @cor_phaseClass14_V_12, align 16" [correlator.cpp:224]
ST_1 : Operation 46 [1/1] (0.00ns)   --->   "%cor_phaseClass14_V_1_4 = load i32* @cor_phaseClass14_V_10, align 8" [correlator.cpp:224]
ST_1 : Operation 47 [1/1] (0.00ns)   --->   "store i32 %cor_phaseClass14_V_1_4, i32* @cor_phaseClass14_V_11, align 4" [correlator.cpp:224]
ST_1 : Operation 48 [1/1] (0.00ns)   --->   "%cor_phaseClass14_V_9 = load i32* @cor_phaseClass14_V_9, align 4" [correlator.cpp:224]
ST_1 : Operation 49 [1/1] (0.00ns)   --->   "store i32 %cor_phaseClass14_V_9, i32* @cor_phaseClass14_V_10, align 8" [correlator.cpp:224]
ST_1 : Operation 50 [1/1] (0.00ns)   --->   "%cor_phaseClass14_V_8 = load i32* @cor_phaseClass14_V_8, align 16" [correlator.cpp:224]
ST_1 : Operation 51 [1/1] (0.00ns)   --->   "store i32 %cor_phaseClass14_V_8, i32* @cor_phaseClass14_V_9, align 4" [correlator.cpp:224]
ST_1 : Operation 52 [1/1] (0.00ns)   --->   "%cor_phaseClass14_V_7 = load i32* @cor_phaseClass14_V_7, align 4" [correlator.cpp:224]
ST_1 : Operation 53 [1/1] (0.00ns)   --->   "store i32 %cor_phaseClass14_V_7, i32* @cor_phaseClass14_V_8, align 16" [correlator.cpp:224]
ST_1 : Operation 54 [1/1] (0.00ns)   --->   "%cor_phaseClass14_V_6 = load i32* @cor_phaseClass14_V_6, align 8" [correlator.cpp:224]
ST_1 : Operation 55 [1/1] (0.00ns)   --->   "store i32 %cor_phaseClass14_V_6, i32* @cor_phaseClass14_V_7, align 4" [correlator.cpp:224]
ST_1 : Operation 56 [1/1] (0.00ns)   --->   "%cor_phaseClass14_V_5 = load i32* @cor_phaseClass14_V_5, align 4" [correlator.cpp:224]
ST_1 : Operation 57 [1/1] (0.00ns)   --->   "store i32 %cor_phaseClass14_V_5, i32* @cor_phaseClass14_V_6, align 8" [correlator.cpp:224]
ST_1 : Operation 58 [1/1] (0.00ns)   --->   "%cor_phaseClass14_V_4 = load i32* @cor_phaseClass14_V_4, align 16" [correlator.cpp:224]
ST_1 : Operation 59 [1/1] (0.00ns)   --->   "store i32 %cor_phaseClass14_V_4, i32* @cor_phaseClass14_V_5, align 4" [correlator.cpp:224]
ST_1 : Operation 60 [1/1] (0.00ns)   --->   "%cor_phaseClass14_V_3 = load i21* @cor_phaseClass14_V_3, align 4"
ST_1 : Operation 61 [1/1] (0.00ns)   --->   "%extLd14 = sext i21 %cor_phaseClass14_V_3 to i32"
ST_1 : Operation 62 [1/1] (0.00ns)   --->   "store i32 %extLd14, i32* @cor_phaseClass14_V_4, align 16" [correlator.cpp:224]
ST_1 : Operation 63 [1/1] (0.00ns)   --->   "%cor_phaseClass14_V_2 = load i21* @cor_phaseClass14_V_2, align 4"
ST_1 : Operation 64 [1/1] (0.00ns)   --->   "store i21 %cor_phaseClass14_V_2, i21* @cor_phaseClass14_V_3, align 4" [correlator.cpp:224]
ST_1 : Operation 65 [1/1] (0.00ns)   --->   "%cor_phaseClass14_V_1_5 = load i21* @cor_phaseClass14_V_1, align 4"
ST_1 : Operation 66 [1/1] (0.00ns)   --->   "store i21 %cor_phaseClass14_V_1_5, i21* @cor_phaseClass14_V_2, align 4" [correlator.cpp:224]
ST_1 : Operation 67 [1/1] (0.00ns)   --->   "%cor_phaseClass14_V_0 = load i21* @cor_phaseClass14_V_0, align 4"
ST_1 : Operation 68 [1/1] (0.00ns)   --->   "store i21 %cor_phaseClass14_V_0, i21* @cor_phaseClass14_V_1, align 4" [correlator.cpp:224]
ST_1 : Operation 69 [1/1] (0.00ns)   --->   "store i21 %newValue_V_read, i21* @cor_phaseClass14_V_0, align 4" [correlator.cpp:226]
ST_1 : Operation 70 [1/1] (0.00ns)   --->   "br label %._crit_edge" [correlator.cpp:227]
ST_1 : Operation 71 [1/1] (0.00ns)   --->   "%cor_phaseClass13_V_1 = load i32* @cor_phaseClass13_V_14, align 8" [correlator.cpp:217]
ST_1 : Operation 72 [1/1] (0.00ns)   --->   "store i32 %cor_phaseClass13_V_1, i32* @cor_phaseClass13_V_15, align 4" [correlator.cpp:217]
ST_1 : Operation 73 [1/1] (0.00ns)   --->   "%cor_phaseClass13_V_1_1 = load i32* @cor_phaseClass13_V_13, align 4" [correlator.cpp:217]
ST_1 : Operation 74 [1/1] (0.00ns)   --->   "store i32 %cor_phaseClass13_V_1_1, i32* @cor_phaseClass13_V_14, align 8" [correlator.cpp:217]
ST_1 : Operation 75 [1/1] (0.00ns)   --->   "%cor_phaseClass13_V_1_2 = load i32* @cor_phaseClass13_V_12, align 16" [correlator.cpp:217]
ST_1 : Operation 76 [1/1] (0.00ns)   --->   "store i32 %cor_phaseClass13_V_1_2, i32* @cor_phaseClass13_V_13, align 4" [correlator.cpp:217]
ST_1 : Operation 77 [1/1] (0.00ns)   --->   "%cor_phaseClass13_V_1_3 = load i32* @cor_phaseClass13_V_11, align 4" [correlator.cpp:217]
ST_1 : Operation 78 [1/1] (0.00ns)   --->   "store i32 %cor_phaseClass13_V_1_3, i32* @cor_phaseClass13_V_12, align 16" [correlator.cpp:217]
ST_1 : Operation 79 [1/1] (0.00ns)   --->   "%cor_phaseClass13_V_1_4 = load i32* @cor_phaseClass13_V_10, align 8" [correlator.cpp:217]
ST_1 : Operation 80 [1/1] (0.00ns)   --->   "store i32 %cor_phaseClass13_V_1_4, i32* @cor_phaseClass13_V_11, align 4" [correlator.cpp:217]
ST_1 : Operation 81 [1/1] (0.00ns)   --->   "%cor_phaseClass13_V_9 = load i32* @cor_phaseClass13_V_9, align 4" [correlator.cpp:217]
ST_1 : Operation 82 [1/1] (0.00ns)   --->   "store i32 %cor_phaseClass13_V_9, i32* @cor_phaseClass13_V_10, align 8" [correlator.cpp:217]
ST_1 : Operation 83 [1/1] (0.00ns)   --->   "%cor_phaseClass13_V_8 = load i32* @cor_phaseClass13_V_8, align 16" [correlator.cpp:217]
ST_1 : Operation 84 [1/1] (0.00ns)   --->   "store i32 %cor_phaseClass13_V_8, i32* @cor_phaseClass13_V_9, align 4" [correlator.cpp:217]
ST_1 : Operation 85 [1/1] (0.00ns)   --->   "%cor_phaseClass13_V_7 = load i32* @cor_phaseClass13_V_7, align 4" [correlator.cpp:217]
ST_1 : Operation 86 [1/1] (0.00ns)   --->   "store i32 %cor_phaseClass13_V_7, i32* @cor_phaseClass13_V_8, align 16" [correlator.cpp:217]
ST_1 : Operation 87 [1/1] (0.00ns)   --->   "%cor_phaseClass13_V_6 = load i32* @cor_phaseClass13_V_6, align 8" [correlator.cpp:217]
ST_1 : Operation 88 [1/1] (0.00ns)   --->   "store i32 %cor_phaseClass13_V_6, i32* @cor_phaseClass13_V_7, align 4" [correlator.cpp:217]
ST_1 : Operation 89 [1/1] (0.00ns)   --->   "%cor_phaseClass13_V_5 = load i32* @cor_phaseClass13_V_5, align 4" [correlator.cpp:217]
ST_1 : Operation 90 [1/1] (0.00ns)   --->   "store i32 %cor_phaseClass13_V_5, i32* @cor_phaseClass13_V_6, align 8" [correlator.cpp:217]
ST_1 : Operation 91 [1/1] (0.00ns)   --->   "%cor_phaseClass13_V_4 = load i32* @cor_phaseClass13_V_4, align 16" [correlator.cpp:217]
ST_1 : Operation 92 [1/1] (0.00ns)   --->   "store i32 %cor_phaseClass13_V_4, i32* @cor_phaseClass13_V_5, align 4" [correlator.cpp:217]
ST_1 : Operation 93 [1/1] (0.00ns)   --->   "%cor_phaseClass13_V_3 = load i21* @cor_phaseClass13_V_3, align 4"
ST_1 : Operation 94 [1/1] (0.00ns)   --->   "%extLd13 = sext i21 %cor_phaseClass13_V_3 to i32"
ST_1 : Operation 95 [1/1] (0.00ns)   --->   "store i32 %extLd13, i32* @cor_phaseClass13_V_4, align 16" [correlator.cpp:217]
ST_1 : Operation 96 [1/1] (0.00ns)   --->   "%cor_phaseClass13_V_2 = load i21* @cor_phaseClass13_V_2, align 4"
ST_1 : Operation 97 [1/1] (0.00ns)   --->   "store i21 %cor_phaseClass13_V_2, i21* @cor_phaseClass13_V_3, align 4" [correlator.cpp:217]
ST_1 : Operation 98 [1/1] (0.00ns)   --->   "%cor_phaseClass13_V_1_5 = load i21* @cor_phaseClass13_V_1, align 4"
ST_1 : Operation 99 [1/1] (0.00ns)   --->   "store i21 %cor_phaseClass13_V_1_5, i21* @cor_phaseClass13_V_2, align 4" [correlator.cpp:217]
ST_1 : Operation 100 [1/1] (0.00ns)   --->   "%cor_phaseClass13_V_0 = load i21* @cor_phaseClass13_V_0, align 4"
ST_1 : Operation 101 [1/1] (0.00ns)   --->   "store i21 %cor_phaseClass13_V_0, i21* @cor_phaseClass13_V_1, align 4" [correlator.cpp:217]
ST_1 : Operation 102 [1/1] (0.00ns)   --->   "store i21 %newValue_V_read, i21* @cor_phaseClass13_V_0, align 4" [correlator.cpp:219]
ST_1 : Operation 103 [1/1] (0.00ns)   --->   "br label %._crit_edge" [correlator.cpp:220]
ST_1 : Operation 104 [1/1] (0.00ns)   --->   "%cor_phaseClass12_V_1 = load i32* @cor_phaseClass12_V_14, align 8" [correlator.cpp:210]
ST_1 : Operation 105 [1/1] (0.00ns)   --->   "store i32 %cor_phaseClass12_V_1, i32* @cor_phaseClass12_V_15, align 4" [correlator.cpp:210]
ST_1 : Operation 106 [1/1] (0.00ns)   --->   "%cor_phaseClass12_V_1_1 = load i32* @cor_phaseClass12_V_13, align 4" [correlator.cpp:210]
ST_1 : Operation 107 [1/1] (0.00ns)   --->   "store i32 %cor_phaseClass12_V_1_1, i32* @cor_phaseClass12_V_14, align 8" [correlator.cpp:210]
ST_1 : Operation 108 [1/1] (0.00ns)   --->   "%cor_phaseClass12_V_1_2 = load i32* @cor_phaseClass12_V_12, align 16" [correlator.cpp:210]
ST_1 : Operation 109 [1/1] (0.00ns)   --->   "store i32 %cor_phaseClass12_V_1_2, i32* @cor_phaseClass12_V_13, align 4" [correlator.cpp:210]
ST_1 : Operation 110 [1/1] (0.00ns)   --->   "%cor_phaseClass12_V_1_3 = load i32* @cor_phaseClass12_V_11, align 4" [correlator.cpp:210]
ST_1 : Operation 111 [1/1] (0.00ns)   --->   "store i32 %cor_phaseClass12_V_1_3, i32* @cor_phaseClass12_V_12, align 16" [correlator.cpp:210]
ST_1 : Operation 112 [1/1] (0.00ns)   --->   "%cor_phaseClass12_V_1_4 = load i32* @cor_phaseClass12_V_10, align 8" [correlator.cpp:210]
ST_1 : Operation 113 [1/1] (0.00ns)   --->   "store i32 %cor_phaseClass12_V_1_4, i32* @cor_phaseClass12_V_11, align 4" [correlator.cpp:210]
ST_1 : Operation 114 [1/1] (0.00ns)   --->   "%cor_phaseClass12_V_9 = load i32* @cor_phaseClass12_V_9, align 4" [correlator.cpp:210]
ST_1 : Operation 115 [1/1] (0.00ns)   --->   "store i32 %cor_phaseClass12_V_9, i32* @cor_phaseClass12_V_10, align 8" [correlator.cpp:210]
ST_1 : Operation 116 [1/1] (0.00ns)   --->   "%cor_phaseClass12_V_8 = load i32* @cor_phaseClass12_V_8, align 16" [correlator.cpp:210]
ST_1 : Operation 117 [1/1] (0.00ns)   --->   "store i32 %cor_phaseClass12_V_8, i32* @cor_phaseClass12_V_9, align 4" [correlator.cpp:210]
ST_1 : Operation 118 [1/1] (0.00ns)   --->   "%cor_phaseClass12_V_7 = load i32* @cor_phaseClass12_V_7, align 4" [correlator.cpp:210]
ST_1 : Operation 119 [1/1] (0.00ns)   --->   "store i32 %cor_phaseClass12_V_7, i32* @cor_phaseClass12_V_8, align 16" [correlator.cpp:210]
ST_1 : Operation 120 [1/1] (0.00ns)   --->   "%cor_phaseClass12_V_6 = load i32* @cor_phaseClass12_V_6, align 8" [correlator.cpp:210]
ST_1 : Operation 121 [1/1] (0.00ns)   --->   "store i32 %cor_phaseClass12_V_6, i32* @cor_phaseClass12_V_7, align 4" [correlator.cpp:210]
ST_1 : Operation 122 [1/1] (0.00ns)   --->   "%cor_phaseClass12_V_5 = load i32* @cor_phaseClass12_V_5, align 4" [correlator.cpp:210]
ST_1 : Operation 123 [1/1] (0.00ns)   --->   "store i32 %cor_phaseClass12_V_5, i32* @cor_phaseClass12_V_6, align 8" [correlator.cpp:210]
ST_1 : Operation 124 [1/1] (0.00ns)   --->   "%cor_phaseClass12_V_4 = load i32* @cor_phaseClass12_V_4, align 16" [correlator.cpp:210]
ST_1 : Operation 125 [1/1] (0.00ns)   --->   "store i32 %cor_phaseClass12_V_4, i32* @cor_phaseClass12_V_5, align 4" [correlator.cpp:210]
ST_1 : Operation 126 [1/1] (0.00ns)   --->   "%cor_phaseClass12_V_3 = load i21* @cor_phaseClass12_V_3, align 4"
ST_1 : Operation 127 [1/1] (0.00ns)   --->   "%extLd12 = sext i21 %cor_phaseClass12_V_3 to i32"
ST_1 : Operation 128 [1/1] (0.00ns)   --->   "store i32 %extLd12, i32* @cor_phaseClass12_V_4, align 16" [correlator.cpp:210]
ST_1 : Operation 129 [1/1] (0.00ns)   --->   "%cor_phaseClass12_V_2 = load i21* @cor_phaseClass12_V_2, align 4"
ST_1 : Operation 130 [1/1] (0.00ns)   --->   "store i21 %cor_phaseClass12_V_2, i21* @cor_phaseClass12_V_3, align 4" [correlator.cpp:210]
ST_1 : Operation 131 [1/1] (0.00ns)   --->   "%cor_phaseClass12_V_1_5 = load i21* @cor_phaseClass12_V_1, align 4"
ST_1 : Operation 132 [1/1] (0.00ns)   --->   "store i21 %cor_phaseClass12_V_1_5, i21* @cor_phaseClass12_V_2, align 4" [correlator.cpp:210]
ST_1 : Operation 133 [1/1] (0.00ns)   --->   "%cor_phaseClass12_V_0 = load i21* @cor_phaseClass12_V_0, align 4"
ST_1 : Operation 134 [1/1] (0.00ns)   --->   "store i21 %cor_phaseClass12_V_0, i21* @cor_phaseClass12_V_1, align 4" [correlator.cpp:210]
ST_1 : Operation 135 [1/1] (0.00ns)   --->   "store i21 %newValue_V_read, i21* @cor_phaseClass12_V_0, align 4" [correlator.cpp:212]
ST_1 : Operation 136 [1/1] (0.00ns)   --->   "br label %._crit_edge" [correlator.cpp:213]
ST_1 : Operation 137 [1/1] (0.00ns)   --->   "%cor_phaseClass11_V_1 = load i32* @cor_phaseClass11_V_14, align 8" [correlator.cpp:203]
ST_1 : Operation 138 [1/1] (0.00ns)   --->   "store i32 %cor_phaseClass11_V_1, i32* @cor_phaseClass11_V_15, align 4" [correlator.cpp:203]
ST_1 : Operation 139 [1/1] (0.00ns)   --->   "%cor_phaseClass11_V_1_1 = load i32* @cor_phaseClass11_V_13, align 4" [correlator.cpp:203]
ST_1 : Operation 140 [1/1] (0.00ns)   --->   "store i32 %cor_phaseClass11_V_1_1, i32* @cor_phaseClass11_V_14, align 8" [correlator.cpp:203]
ST_1 : Operation 141 [1/1] (0.00ns)   --->   "%cor_phaseClass11_V_1_2 = load i32* @cor_phaseClass11_V_12, align 16" [correlator.cpp:203]
ST_1 : Operation 142 [1/1] (0.00ns)   --->   "store i32 %cor_phaseClass11_V_1_2, i32* @cor_phaseClass11_V_13, align 4" [correlator.cpp:203]
ST_1 : Operation 143 [1/1] (0.00ns)   --->   "%cor_phaseClass11_V_1_3 = load i32* @cor_phaseClass11_V_11, align 4" [correlator.cpp:203]
ST_1 : Operation 144 [1/1] (0.00ns)   --->   "store i32 %cor_phaseClass11_V_1_3, i32* @cor_phaseClass11_V_12, align 16" [correlator.cpp:203]
ST_1 : Operation 145 [1/1] (0.00ns)   --->   "%cor_phaseClass11_V_1_4 = load i32* @cor_phaseClass11_V_10, align 8" [correlator.cpp:203]
ST_1 : Operation 146 [1/1] (0.00ns)   --->   "store i32 %cor_phaseClass11_V_1_4, i32* @cor_phaseClass11_V_11, align 4" [correlator.cpp:203]
ST_1 : Operation 147 [1/1] (0.00ns)   --->   "%cor_phaseClass11_V_9 = load i32* @cor_phaseClass11_V_9, align 4" [correlator.cpp:203]
ST_1 : Operation 148 [1/1] (0.00ns)   --->   "store i32 %cor_phaseClass11_V_9, i32* @cor_phaseClass11_V_10, align 8" [correlator.cpp:203]
ST_1 : Operation 149 [1/1] (0.00ns)   --->   "%cor_phaseClass11_V_8 = load i32* @cor_phaseClass11_V_8, align 16" [correlator.cpp:203]
ST_1 : Operation 150 [1/1] (0.00ns)   --->   "store i32 %cor_phaseClass11_V_8, i32* @cor_phaseClass11_V_9, align 4" [correlator.cpp:203]
ST_1 : Operation 151 [1/1] (0.00ns)   --->   "%cor_phaseClass11_V_7 = load i32* @cor_phaseClass11_V_7, align 4" [correlator.cpp:203]
ST_1 : Operation 152 [1/1] (0.00ns)   --->   "store i32 %cor_phaseClass11_V_7, i32* @cor_phaseClass11_V_8, align 16" [correlator.cpp:203]
ST_1 : Operation 153 [1/1] (0.00ns)   --->   "%cor_phaseClass11_V_6 = load i32* @cor_phaseClass11_V_6, align 8" [correlator.cpp:203]
ST_1 : Operation 154 [1/1] (0.00ns)   --->   "store i32 %cor_phaseClass11_V_6, i32* @cor_phaseClass11_V_7, align 4" [correlator.cpp:203]
ST_1 : Operation 155 [1/1] (0.00ns)   --->   "%cor_phaseClass11_V_5 = load i32* @cor_phaseClass11_V_5, align 4" [correlator.cpp:203]
ST_1 : Operation 156 [1/1] (0.00ns)   --->   "store i32 %cor_phaseClass11_V_5, i32* @cor_phaseClass11_V_6, align 8" [correlator.cpp:203]
ST_1 : Operation 157 [1/1] (0.00ns)   --->   "%cor_phaseClass11_V_4 = load i32* @cor_phaseClass11_V_4, align 16" [correlator.cpp:203]
ST_1 : Operation 158 [1/1] (0.00ns)   --->   "store i32 %cor_phaseClass11_V_4, i32* @cor_phaseClass11_V_5, align 4" [correlator.cpp:203]
ST_1 : Operation 159 [1/1] (0.00ns)   --->   "%cor_phaseClass11_V_3 = load i21* @cor_phaseClass11_V_3, align 4"
ST_1 : Operation 160 [1/1] (0.00ns)   --->   "%extLd11 = sext i21 %cor_phaseClass11_V_3 to i32"
ST_1 : Operation 161 [1/1] (0.00ns)   --->   "store i32 %extLd11, i32* @cor_phaseClass11_V_4, align 16" [correlator.cpp:203]
ST_1 : Operation 162 [1/1] (0.00ns)   --->   "%cor_phaseClass11_V_2 = load i21* @cor_phaseClass11_V_2, align 4"
ST_1 : Operation 163 [1/1] (0.00ns)   --->   "store i21 %cor_phaseClass11_V_2, i21* @cor_phaseClass11_V_3, align 4" [correlator.cpp:203]
ST_1 : Operation 164 [1/1] (0.00ns)   --->   "%cor_phaseClass11_V_1_5 = load i21* @cor_phaseClass11_V_1, align 4"
ST_1 : Operation 165 [1/1] (0.00ns)   --->   "store i21 %cor_phaseClass11_V_1_5, i21* @cor_phaseClass11_V_2, align 4" [correlator.cpp:203]
ST_1 : Operation 166 [1/1] (0.00ns)   --->   "%cor_phaseClass11_V_0 = load i21* @cor_phaseClass11_V_0, align 4"
ST_1 : Operation 167 [1/1] (0.00ns)   --->   "store i21 %cor_phaseClass11_V_0, i21* @cor_phaseClass11_V_1, align 4" [correlator.cpp:203]
ST_1 : Operation 168 [1/1] (0.00ns)   --->   "store i21 %newValue_V_read, i21* @cor_phaseClass11_V_0, align 4" [correlator.cpp:205]
ST_1 : Operation 169 [1/1] (0.00ns)   --->   "br label %._crit_edge" [correlator.cpp:206]
ST_1 : Operation 170 [1/1] (0.00ns)   --->   "%cor_phaseClass10_V_1 = load i32* @cor_phaseClass10_V_14, align 8" [correlator.cpp:196]
ST_1 : Operation 171 [1/1] (0.00ns)   --->   "store i32 %cor_phaseClass10_V_1, i32* @cor_phaseClass10_V_15, align 4" [correlator.cpp:196]
ST_1 : Operation 172 [1/1] (0.00ns)   --->   "%cor_phaseClass10_V_1_1 = load i32* @cor_phaseClass10_V_13, align 4" [correlator.cpp:196]
ST_1 : Operation 173 [1/1] (0.00ns)   --->   "store i32 %cor_phaseClass10_V_1_1, i32* @cor_phaseClass10_V_14, align 8" [correlator.cpp:196]
ST_1 : Operation 174 [1/1] (0.00ns)   --->   "%cor_phaseClass10_V_1_2 = load i32* @cor_phaseClass10_V_12, align 16" [correlator.cpp:196]
ST_1 : Operation 175 [1/1] (0.00ns)   --->   "store i32 %cor_phaseClass10_V_1_2, i32* @cor_phaseClass10_V_13, align 4" [correlator.cpp:196]
ST_1 : Operation 176 [1/1] (0.00ns)   --->   "%cor_phaseClass10_V_1_3 = load i32* @cor_phaseClass10_V_11, align 4" [correlator.cpp:196]
ST_1 : Operation 177 [1/1] (0.00ns)   --->   "store i32 %cor_phaseClass10_V_1_3, i32* @cor_phaseClass10_V_12, align 16" [correlator.cpp:196]
ST_1 : Operation 178 [1/1] (0.00ns)   --->   "%cor_phaseClass10_V_1_4 = load i32* @cor_phaseClass10_V_10, align 8" [correlator.cpp:196]
ST_1 : Operation 179 [1/1] (0.00ns)   --->   "store i32 %cor_phaseClass10_V_1_4, i32* @cor_phaseClass10_V_11, align 4" [correlator.cpp:196]
ST_1 : Operation 180 [1/1] (0.00ns)   --->   "%cor_phaseClass10_V_9 = load i32* @cor_phaseClass10_V_9, align 4" [correlator.cpp:196]
ST_1 : Operation 181 [1/1] (0.00ns)   --->   "store i32 %cor_phaseClass10_V_9, i32* @cor_phaseClass10_V_10, align 8" [correlator.cpp:196]
ST_1 : Operation 182 [1/1] (0.00ns)   --->   "%cor_phaseClass10_V_8 = load i32* @cor_phaseClass10_V_8, align 16" [correlator.cpp:196]
ST_1 : Operation 183 [1/1] (0.00ns)   --->   "store i32 %cor_phaseClass10_V_8, i32* @cor_phaseClass10_V_9, align 4" [correlator.cpp:196]
ST_1 : Operation 184 [1/1] (0.00ns)   --->   "%cor_phaseClass10_V_7 = load i32* @cor_phaseClass10_V_7, align 4" [correlator.cpp:196]
ST_1 : Operation 185 [1/1] (0.00ns)   --->   "store i32 %cor_phaseClass10_V_7, i32* @cor_phaseClass10_V_8, align 16" [correlator.cpp:196]
ST_1 : Operation 186 [1/1] (0.00ns)   --->   "%cor_phaseClass10_V_6 = load i32* @cor_phaseClass10_V_6, align 8" [correlator.cpp:196]
ST_1 : Operation 187 [1/1] (0.00ns)   --->   "store i32 %cor_phaseClass10_V_6, i32* @cor_phaseClass10_V_7, align 4" [correlator.cpp:196]
ST_1 : Operation 188 [1/1] (0.00ns)   --->   "%cor_phaseClass10_V_5 = load i32* @cor_phaseClass10_V_5, align 4" [correlator.cpp:196]
ST_1 : Operation 189 [1/1] (0.00ns)   --->   "store i32 %cor_phaseClass10_V_5, i32* @cor_phaseClass10_V_6, align 8" [correlator.cpp:196]
ST_1 : Operation 190 [1/1] (0.00ns)   --->   "%cor_phaseClass10_V_4 = load i32* @cor_phaseClass10_V_4, align 16" [correlator.cpp:196]
ST_1 : Operation 191 [1/1] (0.00ns)   --->   "store i32 %cor_phaseClass10_V_4, i32* @cor_phaseClass10_V_5, align 4" [correlator.cpp:196]
ST_1 : Operation 192 [1/1] (0.00ns)   --->   "%cor_phaseClass10_V_3 = load i21* @cor_phaseClass10_V_3, align 4"
ST_1 : Operation 193 [1/1] (0.00ns)   --->   "%extLd10 = sext i21 %cor_phaseClass10_V_3 to i32"
ST_1 : Operation 194 [1/1] (0.00ns)   --->   "store i32 %extLd10, i32* @cor_phaseClass10_V_4, align 16" [correlator.cpp:196]
ST_1 : Operation 195 [1/1] (0.00ns)   --->   "%cor_phaseClass10_V_2 = load i21* @cor_phaseClass10_V_2, align 4"
ST_1 : Operation 196 [1/1] (0.00ns)   --->   "store i21 %cor_phaseClass10_V_2, i21* @cor_phaseClass10_V_3, align 4" [correlator.cpp:196]
ST_1 : Operation 197 [1/1] (0.00ns)   --->   "%cor_phaseClass10_V_1_5 = load i21* @cor_phaseClass10_V_1, align 4"
ST_1 : Operation 198 [1/1] (0.00ns)   --->   "store i21 %cor_phaseClass10_V_1_5, i21* @cor_phaseClass10_V_2, align 4" [correlator.cpp:196]
ST_1 : Operation 199 [1/1] (0.00ns)   --->   "%cor_phaseClass10_V_0 = load i21* @cor_phaseClass10_V_0, align 4"
ST_1 : Operation 200 [1/1] (0.00ns)   --->   "store i21 %cor_phaseClass10_V_0, i21* @cor_phaseClass10_V_1, align 4" [correlator.cpp:196]
ST_1 : Operation 201 [1/1] (0.00ns)   --->   "store i21 %newValue_V_read, i21* @cor_phaseClass10_V_0, align 4" [correlator.cpp:198]
ST_1 : Operation 202 [1/1] (0.00ns)   --->   "br label %._crit_edge" [correlator.cpp:199]
ST_1 : Operation 203 [1/1] (0.00ns)   --->   "%cor_phaseClass9_V_14 = load i32* @cor_phaseClass9_V_14, align 8" [correlator.cpp:189]
ST_1 : Operation 204 [1/1] (0.00ns)   --->   "store i32 %cor_phaseClass9_V_14, i32* @cor_phaseClass9_V_15, align 4" [correlator.cpp:189]
ST_1 : Operation 205 [1/1] (0.00ns)   --->   "%cor_phaseClass9_V_13 = load i32* @cor_phaseClass9_V_13, align 4" [correlator.cpp:189]
ST_1 : Operation 206 [1/1] (0.00ns)   --->   "store i32 %cor_phaseClass9_V_13, i32* @cor_phaseClass9_V_14, align 8" [correlator.cpp:189]
ST_1 : Operation 207 [1/1] (0.00ns)   --->   "%cor_phaseClass9_V_12 = load i32* @cor_phaseClass9_V_12, align 16" [correlator.cpp:189]
ST_1 : Operation 208 [1/1] (0.00ns)   --->   "store i32 %cor_phaseClass9_V_12, i32* @cor_phaseClass9_V_13, align 4" [correlator.cpp:189]
ST_1 : Operation 209 [1/1] (0.00ns)   --->   "%cor_phaseClass9_V_11 = load i32* @cor_phaseClass9_V_11, align 4" [correlator.cpp:189]
ST_1 : Operation 210 [1/1] (0.00ns)   --->   "store i32 %cor_phaseClass9_V_11, i32* @cor_phaseClass9_V_12, align 16" [correlator.cpp:189]
ST_1 : Operation 211 [1/1] (0.00ns)   --->   "%cor_phaseClass9_V_10 = load i32* @cor_phaseClass9_V_10, align 8" [correlator.cpp:189]
ST_1 : Operation 212 [1/1] (0.00ns)   --->   "store i32 %cor_phaseClass9_V_10, i32* @cor_phaseClass9_V_11, align 4" [correlator.cpp:189]
ST_1 : Operation 213 [1/1] (0.00ns)   --->   "%cor_phaseClass9_V_9_s = load i32* @cor_phaseClass9_V_9, align 4" [correlator.cpp:189]
ST_1 : Operation 214 [1/1] (0.00ns)   --->   "store i32 %cor_phaseClass9_V_9_s, i32* @cor_phaseClass9_V_10, align 8" [correlator.cpp:189]
ST_1 : Operation 215 [1/1] (0.00ns)   --->   "%cor_phaseClass9_V_8_s = load i32* @cor_phaseClass9_V_8, align 16" [correlator.cpp:189]
ST_1 : Operation 216 [1/1] (0.00ns)   --->   "store i32 %cor_phaseClass9_V_8_s, i32* @cor_phaseClass9_V_9, align 4" [correlator.cpp:189]
ST_1 : Operation 217 [1/1] (0.00ns)   --->   "%cor_phaseClass9_V_7_s = load i32* @cor_phaseClass9_V_7, align 4" [correlator.cpp:189]
ST_1 : Operation 218 [1/1] (0.00ns)   --->   "store i32 %cor_phaseClass9_V_7_s, i32* @cor_phaseClass9_V_8, align 16" [correlator.cpp:189]
ST_1 : Operation 219 [1/1] (0.00ns)   --->   "%cor_phaseClass9_V_6_s = load i32* @cor_phaseClass9_V_6, align 8" [correlator.cpp:189]
ST_1 : Operation 220 [1/1] (0.00ns)   --->   "store i32 %cor_phaseClass9_V_6_s, i32* @cor_phaseClass9_V_7, align 4" [correlator.cpp:189]
ST_1 : Operation 221 [1/1] (0.00ns)   --->   "%cor_phaseClass9_V_5_s = load i32* @cor_phaseClass9_V_5, align 4" [correlator.cpp:189]
ST_1 : Operation 222 [1/1] (0.00ns)   --->   "store i32 %cor_phaseClass9_V_5_s, i32* @cor_phaseClass9_V_6, align 8" [correlator.cpp:189]
ST_1 : Operation 223 [1/1] (0.00ns)   --->   "%cor_phaseClass9_V_4_s = load i32* @cor_phaseClass9_V_4, align 16" [correlator.cpp:189]
ST_1 : Operation 224 [1/1] (0.00ns)   --->   "store i32 %cor_phaseClass9_V_4_s, i32* @cor_phaseClass9_V_5, align 4" [correlator.cpp:189]
ST_1 : Operation 225 [1/1] (0.00ns)   --->   "%cor_phaseClass9_V_3_s = load i21* @cor_phaseClass9_V_3, align 4"
ST_1 : Operation 226 [1/1] (0.00ns)   --->   "%extLd9 = sext i21 %cor_phaseClass9_V_3_s to i32"
ST_1 : Operation 227 [1/1] (0.00ns)   --->   "store i32 %extLd9, i32* @cor_phaseClass9_V_4, align 16" [correlator.cpp:189]
ST_1 : Operation 228 [1/1] (0.00ns)   --->   "%cor_phaseClass9_V_2_s = load i21* @cor_phaseClass9_V_2, align 4"
ST_1 : Operation 229 [1/1] (0.00ns)   --->   "store i21 %cor_phaseClass9_V_2_s, i21* @cor_phaseClass9_V_3, align 4" [correlator.cpp:189]
ST_1 : Operation 230 [1/1] (0.00ns)   --->   "%cor_phaseClass9_V_1_s = load i21* @cor_phaseClass9_V_1, align 4"
ST_1 : Operation 231 [1/1] (0.00ns)   --->   "store i21 %cor_phaseClass9_V_1_s, i21* @cor_phaseClass9_V_2, align 4" [correlator.cpp:189]
ST_1 : Operation 232 [1/1] (0.00ns)   --->   "%cor_phaseClass9_V_0_s = load i21* @cor_phaseClass9_V_0, align 4"
ST_1 : Operation 233 [1/1] (0.00ns)   --->   "store i21 %cor_phaseClass9_V_0_s, i21* @cor_phaseClass9_V_1, align 4" [correlator.cpp:189]
ST_1 : Operation 234 [1/1] (0.00ns)   --->   "store i21 %newValue_V_read, i21* @cor_phaseClass9_V_0, align 4" [correlator.cpp:191]
ST_1 : Operation 235 [1/1] (0.00ns)   --->   "br label %._crit_edge" [correlator.cpp:192]
ST_1 : Operation 236 [1/1] (0.00ns)   --->   "%cor_phaseClass8_V_14 = load i32* @cor_phaseClass8_V_14, align 8" [correlator.cpp:182]
ST_1 : Operation 237 [1/1] (0.00ns)   --->   "store i32 %cor_phaseClass8_V_14, i32* @cor_phaseClass8_V_15, align 4" [correlator.cpp:182]
ST_1 : Operation 238 [1/1] (0.00ns)   --->   "%cor_phaseClass8_V_13 = load i32* @cor_phaseClass8_V_13, align 4" [correlator.cpp:182]
ST_1 : Operation 239 [1/1] (0.00ns)   --->   "store i32 %cor_phaseClass8_V_13, i32* @cor_phaseClass8_V_14, align 8" [correlator.cpp:182]
ST_1 : Operation 240 [1/1] (0.00ns)   --->   "%cor_phaseClass8_V_12 = load i32* @cor_phaseClass8_V_12, align 16" [correlator.cpp:182]
ST_1 : Operation 241 [1/1] (0.00ns)   --->   "store i32 %cor_phaseClass8_V_12, i32* @cor_phaseClass8_V_13, align 4" [correlator.cpp:182]
ST_1 : Operation 242 [1/1] (0.00ns)   --->   "%cor_phaseClass8_V_11 = load i32* @cor_phaseClass8_V_11, align 4" [correlator.cpp:182]
ST_1 : Operation 243 [1/1] (0.00ns)   --->   "store i32 %cor_phaseClass8_V_11, i32* @cor_phaseClass8_V_12, align 16" [correlator.cpp:182]
ST_1 : Operation 244 [1/1] (0.00ns)   --->   "%cor_phaseClass8_V_10 = load i32* @cor_phaseClass8_V_10, align 8" [correlator.cpp:182]
ST_1 : Operation 245 [1/1] (0.00ns)   --->   "store i32 %cor_phaseClass8_V_10, i32* @cor_phaseClass8_V_11, align 4" [correlator.cpp:182]
ST_1 : Operation 246 [1/1] (0.00ns)   --->   "%cor_phaseClass8_V_9_s = load i32* @cor_phaseClass8_V_9, align 4" [correlator.cpp:182]
ST_1 : Operation 247 [1/1] (0.00ns)   --->   "store i32 %cor_phaseClass8_V_9_s, i32* @cor_phaseClass8_V_10, align 8" [correlator.cpp:182]
ST_1 : Operation 248 [1/1] (0.00ns)   --->   "%cor_phaseClass8_V_8_s = load i32* @cor_phaseClass8_V_8, align 16" [correlator.cpp:182]
ST_1 : Operation 249 [1/1] (0.00ns)   --->   "store i32 %cor_phaseClass8_V_8_s, i32* @cor_phaseClass8_V_9, align 4" [correlator.cpp:182]
ST_1 : Operation 250 [1/1] (0.00ns)   --->   "%cor_phaseClass8_V_7_s = load i32* @cor_phaseClass8_V_7, align 4" [correlator.cpp:182]
ST_1 : Operation 251 [1/1] (0.00ns)   --->   "store i32 %cor_phaseClass8_V_7_s, i32* @cor_phaseClass8_V_8, align 16" [correlator.cpp:182]
ST_1 : Operation 252 [1/1] (0.00ns)   --->   "%cor_phaseClass8_V_6_s = load i32* @cor_phaseClass8_V_6, align 8" [correlator.cpp:182]
ST_1 : Operation 253 [1/1] (0.00ns)   --->   "store i32 %cor_phaseClass8_V_6_s, i32* @cor_phaseClass8_V_7, align 4" [correlator.cpp:182]
ST_1 : Operation 254 [1/1] (0.00ns)   --->   "%cor_phaseClass8_V_5_s = load i32* @cor_phaseClass8_V_5, align 4" [correlator.cpp:182]
ST_1 : Operation 255 [1/1] (0.00ns)   --->   "store i32 %cor_phaseClass8_V_5_s, i32* @cor_phaseClass8_V_6, align 8" [correlator.cpp:182]
ST_1 : Operation 256 [1/1] (0.00ns)   --->   "%cor_phaseClass8_V_4_s = load i32* @cor_phaseClass8_V_4, align 16" [correlator.cpp:182]
ST_1 : Operation 257 [1/1] (0.00ns)   --->   "store i32 %cor_phaseClass8_V_4_s, i32* @cor_phaseClass8_V_5, align 4" [correlator.cpp:182]
ST_1 : Operation 258 [1/1] (0.00ns)   --->   "%cor_phaseClass8_V_3_s = load i21* @cor_phaseClass8_V_3, align 4"
ST_1 : Operation 259 [1/1] (0.00ns)   --->   "%extLd8 = sext i21 %cor_phaseClass8_V_3_s to i32"
ST_1 : Operation 260 [1/1] (0.00ns)   --->   "store i32 %extLd8, i32* @cor_phaseClass8_V_4, align 16" [correlator.cpp:182]
ST_1 : Operation 261 [1/1] (0.00ns)   --->   "%cor_phaseClass8_V_2_s = load i21* @cor_phaseClass8_V_2, align 4"
ST_1 : Operation 262 [1/1] (0.00ns)   --->   "store i21 %cor_phaseClass8_V_2_s, i21* @cor_phaseClass8_V_3, align 4" [correlator.cpp:182]
ST_1 : Operation 263 [1/1] (0.00ns)   --->   "%cor_phaseClass8_V_1_s = load i21* @cor_phaseClass8_V_1, align 4"
ST_1 : Operation 264 [1/1] (0.00ns)   --->   "store i21 %cor_phaseClass8_V_1_s, i21* @cor_phaseClass8_V_2, align 4" [correlator.cpp:182]
ST_1 : Operation 265 [1/1] (0.00ns)   --->   "%cor_phaseClass8_V_0_s = load i21* @cor_phaseClass8_V_0, align 4"
ST_1 : Operation 266 [1/1] (0.00ns)   --->   "store i21 %cor_phaseClass8_V_0_s, i21* @cor_phaseClass8_V_1, align 4" [correlator.cpp:182]
ST_1 : Operation 267 [1/1] (0.00ns)   --->   "store i21 %newValue_V_read, i21* @cor_phaseClass8_V_0, align 4" [correlator.cpp:184]
ST_1 : Operation 268 [1/1] (0.00ns)   --->   "br label %._crit_edge" [correlator.cpp:185]
ST_1 : Operation 269 [1/1] (0.00ns)   --->   "%cor_phaseClass7_V_14 = load i32* @cor_phaseClass7_V_14, align 8" [correlator.cpp:175]
ST_1 : Operation 270 [1/1] (0.00ns)   --->   "store i32 %cor_phaseClass7_V_14, i32* @cor_phaseClass7_V_15, align 4" [correlator.cpp:175]
ST_1 : Operation 271 [1/1] (0.00ns)   --->   "%cor_phaseClass7_V_13 = load i32* @cor_phaseClass7_V_13, align 4" [correlator.cpp:175]
ST_1 : Operation 272 [1/1] (0.00ns)   --->   "store i32 %cor_phaseClass7_V_13, i32* @cor_phaseClass7_V_14, align 8" [correlator.cpp:175]
ST_1 : Operation 273 [1/1] (0.00ns)   --->   "%cor_phaseClass7_V_12 = load i32* @cor_phaseClass7_V_12, align 16" [correlator.cpp:175]
ST_1 : Operation 274 [1/1] (0.00ns)   --->   "store i32 %cor_phaseClass7_V_12, i32* @cor_phaseClass7_V_13, align 4" [correlator.cpp:175]
ST_1 : Operation 275 [1/1] (0.00ns)   --->   "%cor_phaseClass7_V_11 = load i32* @cor_phaseClass7_V_11, align 4" [correlator.cpp:175]
ST_1 : Operation 276 [1/1] (0.00ns)   --->   "store i32 %cor_phaseClass7_V_11, i32* @cor_phaseClass7_V_12, align 16" [correlator.cpp:175]
ST_1 : Operation 277 [1/1] (0.00ns)   --->   "%cor_phaseClass7_V_10 = load i32* @cor_phaseClass7_V_10, align 8" [correlator.cpp:175]
ST_1 : Operation 278 [1/1] (0.00ns)   --->   "store i32 %cor_phaseClass7_V_10, i32* @cor_phaseClass7_V_11, align 4" [correlator.cpp:175]
ST_1 : Operation 279 [1/1] (0.00ns)   --->   "%cor_phaseClass7_V_9_s = load i32* @cor_phaseClass7_V_9, align 4" [correlator.cpp:175]
ST_1 : Operation 280 [1/1] (0.00ns)   --->   "store i32 %cor_phaseClass7_V_9_s, i32* @cor_phaseClass7_V_10, align 8" [correlator.cpp:175]
ST_1 : Operation 281 [1/1] (0.00ns)   --->   "%cor_phaseClass7_V_8_s = load i32* @cor_phaseClass7_V_8, align 16" [correlator.cpp:175]
ST_1 : Operation 282 [1/1] (0.00ns)   --->   "store i32 %cor_phaseClass7_V_8_s, i32* @cor_phaseClass7_V_9, align 4" [correlator.cpp:175]
ST_1 : Operation 283 [1/1] (0.00ns)   --->   "%cor_phaseClass7_V_7_s = load i32* @cor_phaseClass7_V_7, align 4" [correlator.cpp:175]
ST_1 : Operation 284 [1/1] (0.00ns)   --->   "store i32 %cor_phaseClass7_V_7_s, i32* @cor_phaseClass7_V_8, align 16" [correlator.cpp:175]
ST_1 : Operation 285 [1/1] (0.00ns)   --->   "%cor_phaseClass7_V_6_s = load i32* @cor_phaseClass7_V_6, align 8" [correlator.cpp:175]
ST_1 : Operation 286 [1/1] (0.00ns)   --->   "store i32 %cor_phaseClass7_V_6_s, i32* @cor_phaseClass7_V_7, align 4" [correlator.cpp:175]
ST_1 : Operation 287 [1/1] (0.00ns)   --->   "%cor_phaseClass7_V_5_s = load i32* @cor_phaseClass7_V_5, align 4" [correlator.cpp:175]
ST_1 : Operation 288 [1/1] (0.00ns)   --->   "store i32 %cor_phaseClass7_V_5_s, i32* @cor_phaseClass7_V_6, align 8" [correlator.cpp:175]
ST_1 : Operation 289 [1/1] (0.00ns)   --->   "%cor_phaseClass7_V_4_s = load i32* @cor_phaseClass7_V_4, align 16" [correlator.cpp:175]
ST_1 : Operation 290 [1/1] (0.00ns)   --->   "store i32 %cor_phaseClass7_V_4_s, i32* @cor_phaseClass7_V_5, align 4" [correlator.cpp:175]
ST_1 : Operation 291 [1/1] (0.00ns)   --->   "%cor_phaseClass7_V_3_s = load i21* @cor_phaseClass7_V_3, align 4"
ST_1 : Operation 292 [1/1] (0.00ns)   --->   "%extLd7 = sext i21 %cor_phaseClass7_V_3_s to i32"
ST_1 : Operation 293 [1/1] (0.00ns)   --->   "store i32 %extLd7, i32* @cor_phaseClass7_V_4, align 16" [correlator.cpp:175]
ST_1 : Operation 294 [1/1] (0.00ns)   --->   "%cor_phaseClass7_V_2_s = load i21* @cor_phaseClass7_V_2, align 4"
ST_1 : Operation 295 [1/1] (0.00ns)   --->   "store i21 %cor_phaseClass7_V_2_s, i21* @cor_phaseClass7_V_3, align 4" [correlator.cpp:175]
ST_1 : Operation 296 [1/1] (0.00ns)   --->   "%cor_phaseClass7_V_1_s = load i21* @cor_phaseClass7_V_1, align 4"
ST_1 : Operation 297 [1/1] (0.00ns)   --->   "store i21 %cor_phaseClass7_V_1_s, i21* @cor_phaseClass7_V_2, align 4" [correlator.cpp:175]
ST_1 : Operation 298 [1/1] (0.00ns)   --->   "%cor_phaseClass7_V_0_s = load i21* @cor_phaseClass7_V_0, align 4"
ST_1 : Operation 299 [1/1] (0.00ns)   --->   "store i21 %cor_phaseClass7_V_0_s, i21* @cor_phaseClass7_V_1, align 4" [correlator.cpp:175]
ST_1 : Operation 300 [1/1] (0.00ns)   --->   "store i21 %newValue_V_read, i21* @cor_phaseClass7_V_0, align 4" [correlator.cpp:177]
ST_1 : Operation 301 [1/1] (0.00ns)   --->   "br label %._crit_edge" [correlator.cpp:178]
ST_1 : Operation 302 [1/1] (0.00ns)   --->   "%cor_phaseClass6_V_14 = load i32* @cor_phaseClass6_V_14, align 8" [correlator.cpp:168]
ST_1 : Operation 303 [1/1] (0.00ns)   --->   "store i32 %cor_phaseClass6_V_14, i32* @cor_phaseClass6_V_15, align 4" [correlator.cpp:168]
ST_1 : Operation 304 [1/1] (0.00ns)   --->   "%cor_phaseClass6_V_13 = load i32* @cor_phaseClass6_V_13, align 4" [correlator.cpp:168]
ST_1 : Operation 305 [1/1] (0.00ns)   --->   "store i32 %cor_phaseClass6_V_13, i32* @cor_phaseClass6_V_14, align 8" [correlator.cpp:168]
ST_1 : Operation 306 [1/1] (0.00ns)   --->   "%cor_phaseClass6_V_12 = load i32* @cor_phaseClass6_V_12, align 16" [correlator.cpp:168]
ST_1 : Operation 307 [1/1] (0.00ns)   --->   "store i32 %cor_phaseClass6_V_12, i32* @cor_phaseClass6_V_13, align 4" [correlator.cpp:168]
ST_1 : Operation 308 [1/1] (0.00ns)   --->   "%cor_phaseClass6_V_11 = load i32* @cor_phaseClass6_V_11, align 4" [correlator.cpp:168]
ST_1 : Operation 309 [1/1] (0.00ns)   --->   "store i32 %cor_phaseClass6_V_11, i32* @cor_phaseClass6_V_12, align 16" [correlator.cpp:168]
ST_1 : Operation 310 [1/1] (0.00ns)   --->   "%cor_phaseClass6_V_10 = load i32* @cor_phaseClass6_V_10, align 8" [correlator.cpp:168]
ST_1 : Operation 311 [1/1] (0.00ns)   --->   "store i32 %cor_phaseClass6_V_10, i32* @cor_phaseClass6_V_11, align 4" [correlator.cpp:168]
ST_1 : Operation 312 [1/1] (0.00ns)   --->   "%cor_phaseClass6_V_9_s = load i32* @cor_phaseClass6_V_9, align 4" [correlator.cpp:168]
ST_1 : Operation 313 [1/1] (0.00ns)   --->   "store i32 %cor_phaseClass6_V_9_s, i32* @cor_phaseClass6_V_10, align 8" [correlator.cpp:168]
ST_1 : Operation 314 [1/1] (0.00ns)   --->   "%cor_phaseClass6_V_8_s = load i32* @cor_phaseClass6_V_8, align 16" [correlator.cpp:168]
ST_1 : Operation 315 [1/1] (0.00ns)   --->   "store i32 %cor_phaseClass6_V_8_s, i32* @cor_phaseClass6_V_9, align 4" [correlator.cpp:168]
ST_1 : Operation 316 [1/1] (0.00ns)   --->   "%cor_phaseClass6_V_7_s = load i32* @cor_phaseClass6_V_7, align 4" [correlator.cpp:168]
ST_1 : Operation 317 [1/1] (0.00ns)   --->   "store i32 %cor_phaseClass6_V_7_s, i32* @cor_phaseClass6_V_8, align 16" [correlator.cpp:168]
ST_1 : Operation 318 [1/1] (0.00ns)   --->   "%cor_phaseClass6_V_6_s = load i32* @cor_phaseClass6_V_6, align 8" [correlator.cpp:168]
ST_1 : Operation 319 [1/1] (0.00ns)   --->   "store i32 %cor_phaseClass6_V_6_s, i32* @cor_phaseClass6_V_7, align 4" [correlator.cpp:168]
ST_1 : Operation 320 [1/1] (0.00ns)   --->   "%cor_phaseClass6_V_5_s = load i32* @cor_phaseClass6_V_5, align 4" [correlator.cpp:168]
ST_1 : Operation 321 [1/1] (0.00ns)   --->   "store i32 %cor_phaseClass6_V_5_s, i32* @cor_phaseClass6_V_6, align 8" [correlator.cpp:168]
ST_1 : Operation 322 [1/1] (0.00ns)   --->   "%cor_phaseClass6_V_4_s = load i32* @cor_phaseClass6_V_4, align 16" [correlator.cpp:168]
ST_1 : Operation 323 [1/1] (0.00ns)   --->   "store i32 %cor_phaseClass6_V_4_s, i32* @cor_phaseClass6_V_5, align 4" [correlator.cpp:168]
ST_1 : Operation 324 [1/1] (0.00ns)   --->   "%cor_phaseClass6_V_3_s = load i21* @cor_phaseClass6_V_3, align 4"
ST_1 : Operation 325 [1/1] (0.00ns)   --->   "%extLd6 = sext i21 %cor_phaseClass6_V_3_s to i32"
ST_1 : Operation 326 [1/1] (0.00ns)   --->   "store i32 %extLd6, i32* @cor_phaseClass6_V_4, align 16" [correlator.cpp:168]
ST_1 : Operation 327 [1/1] (0.00ns)   --->   "%cor_phaseClass6_V_2_s = load i21* @cor_phaseClass6_V_2, align 4"
ST_1 : Operation 328 [1/1] (0.00ns)   --->   "store i21 %cor_phaseClass6_V_2_s, i21* @cor_phaseClass6_V_3, align 4" [correlator.cpp:168]
ST_1 : Operation 329 [1/1] (0.00ns)   --->   "%cor_phaseClass6_V_1_s = load i21* @cor_phaseClass6_V_1, align 4"
ST_1 : Operation 330 [1/1] (0.00ns)   --->   "store i21 %cor_phaseClass6_V_1_s, i21* @cor_phaseClass6_V_2, align 4" [correlator.cpp:168]
ST_1 : Operation 331 [1/1] (0.00ns)   --->   "%cor_phaseClass6_V_0_s = load i21* @cor_phaseClass6_V_0, align 4"
ST_1 : Operation 332 [1/1] (0.00ns)   --->   "store i21 %cor_phaseClass6_V_0_s, i21* @cor_phaseClass6_V_1, align 4" [correlator.cpp:168]
ST_1 : Operation 333 [1/1] (0.00ns)   --->   "store i21 %newValue_V_read, i21* @cor_phaseClass6_V_0, align 4" [correlator.cpp:170]
ST_1 : Operation 334 [1/1] (0.00ns)   --->   "br label %._crit_edge" [correlator.cpp:171]
ST_1 : Operation 335 [1/1] (0.00ns)   --->   "%cor_phaseClass5_V_14 = load i32* @cor_phaseClass5_V_14, align 8" [correlator.cpp:161]
ST_1 : Operation 336 [1/1] (0.00ns)   --->   "store i32 %cor_phaseClass5_V_14, i32* @cor_phaseClass5_V_15, align 4" [correlator.cpp:161]
ST_1 : Operation 337 [1/1] (0.00ns)   --->   "%cor_phaseClass5_V_13 = load i32* @cor_phaseClass5_V_13, align 4" [correlator.cpp:161]
ST_1 : Operation 338 [1/1] (0.00ns)   --->   "store i32 %cor_phaseClass5_V_13, i32* @cor_phaseClass5_V_14, align 8" [correlator.cpp:161]
ST_1 : Operation 339 [1/1] (0.00ns)   --->   "%cor_phaseClass5_V_12 = load i32* @cor_phaseClass5_V_12, align 16" [correlator.cpp:161]
ST_1 : Operation 340 [1/1] (0.00ns)   --->   "store i32 %cor_phaseClass5_V_12, i32* @cor_phaseClass5_V_13, align 4" [correlator.cpp:161]
ST_1 : Operation 341 [1/1] (0.00ns)   --->   "%cor_phaseClass5_V_11 = load i32* @cor_phaseClass5_V_11, align 4" [correlator.cpp:161]
ST_1 : Operation 342 [1/1] (0.00ns)   --->   "store i32 %cor_phaseClass5_V_11, i32* @cor_phaseClass5_V_12, align 16" [correlator.cpp:161]
ST_1 : Operation 343 [1/1] (0.00ns)   --->   "%cor_phaseClass5_V_10 = load i32* @cor_phaseClass5_V_10, align 8" [correlator.cpp:161]
ST_1 : Operation 344 [1/1] (0.00ns)   --->   "store i32 %cor_phaseClass5_V_10, i32* @cor_phaseClass5_V_11, align 4" [correlator.cpp:161]
ST_1 : Operation 345 [1/1] (0.00ns)   --->   "%cor_phaseClass5_V_9_s = load i32* @cor_phaseClass5_V_9, align 4" [correlator.cpp:161]
ST_1 : Operation 346 [1/1] (0.00ns)   --->   "store i32 %cor_phaseClass5_V_9_s, i32* @cor_phaseClass5_V_10, align 8" [correlator.cpp:161]
ST_1 : Operation 347 [1/1] (0.00ns)   --->   "%cor_phaseClass5_V_8_s = load i32* @cor_phaseClass5_V_8, align 16" [correlator.cpp:161]
ST_1 : Operation 348 [1/1] (0.00ns)   --->   "store i32 %cor_phaseClass5_V_8_s, i32* @cor_phaseClass5_V_9, align 4" [correlator.cpp:161]
ST_1 : Operation 349 [1/1] (0.00ns)   --->   "%cor_phaseClass5_V_7_s = load i32* @cor_phaseClass5_V_7, align 4" [correlator.cpp:161]
ST_1 : Operation 350 [1/1] (0.00ns)   --->   "store i32 %cor_phaseClass5_V_7_s, i32* @cor_phaseClass5_V_8, align 16" [correlator.cpp:161]
ST_1 : Operation 351 [1/1] (0.00ns)   --->   "%cor_phaseClass5_V_6_s = load i32* @cor_phaseClass5_V_6, align 8" [correlator.cpp:161]
ST_1 : Operation 352 [1/1] (0.00ns)   --->   "store i32 %cor_phaseClass5_V_6_s, i32* @cor_phaseClass5_V_7, align 4" [correlator.cpp:161]
ST_1 : Operation 353 [1/1] (0.00ns)   --->   "%cor_phaseClass5_V_5_s = load i32* @cor_phaseClass5_V_5, align 4" [correlator.cpp:161]
ST_1 : Operation 354 [1/1] (0.00ns)   --->   "store i32 %cor_phaseClass5_V_5_s, i32* @cor_phaseClass5_V_6, align 8" [correlator.cpp:161]
ST_1 : Operation 355 [1/1] (0.00ns)   --->   "%cor_phaseClass5_V_4_s = load i32* @cor_phaseClass5_V_4, align 16" [correlator.cpp:161]
ST_1 : Operation 356 [1/1] (0.00ns)   --->   "store i32 %cor_phaseClass5_V_4_s, i32* @cor_phaseClass5_V_5, align 4" [correlator.cpp:161]
ST_1 : Operation 357 [1/1] (0.00ns)   --->   "%cor_phaseClass5_V_3_s = load i21* @cor_phaseClass5_V_3, align 4"
ST_1 : Operation 358 [1/1] (0.00ns)   --->   "%extLd5 = sext i21 %cor_phaseClass5_V_3_s to i32"
ST_1 : Operation 359 [1/1] (0.00ns)   --->   "store i32 %extLd5, i32* @cor_phaseClass5_V_4, align 16" [correlator.cpp:161]
ST_1 : Operation 360 [1/1] (0.00ns)   --->   "%cor_phaseClass5_V_2_s = load i21* @cor_phaseClass5_V_2, align 4"
ST_1 : Operation 361 [1/1] (0.00ns)   --->   "store i21 %cor_phaseClass5_V_2_s, i21* @cor_phaseClass5_V_3, align 4" [correlator.cpp:161]
ST_1 : Operation 362 [1/1] (0.00ns)   --->   "%cor_phaseClass5_V_1_s = load i21* @cor_phaseClass5_V_1, align 4"
ST_1 : Operation 363 [1/1] (0.00ns)   --->   "store i21 %cor_phaseClass5_V_1_s, i21* @cor_phaseClass5_V_2, align 4" [correlator.cpp:161]
ST_1 : Operation 364 [1/1] (0.00ns)   --->   "%cor_phaseClass5_V_0_s = load i21* @cor_phaseClass5_V_0, align 4"
ST_1 : Operation 365 [1/1] (0.00ns)   --->   "store i21 %cor_phaseClass5_V_0_s, i21* @cor_phaseClass5_V_1, align 4" [correlator.cpp:161]
ST_1 : Operation 366 [1/1] (0.00ns)   --->   "store i21 %newValue_V_read, i21* @cor_phaseClass5_V_0, align 4" [correlator.cpp:163]
ST_1 : Operation 367 [1/1] (0.00ns)   --->   "br label %._crit_edge" [correlator.cpp:164]
ST_1 : Operation 368 [1/1] (0.00ns)   --->   "%cor_phaseClass4_V_14 = load i32* @cor_phaseClass4_V_14, align 8" [correlator.cpp:154]
ST_1 : Operation 369 [1/1] (0.00ns)   --->   "store i32 %cor_phaseClass4_V_14, i32* @cor_phaseClass4_V_15, align 4" [correlator.cpp:154]
ST_1 : Operation 370 [1/1] (0.00ns)   --->   "%cor_phaseClass4_V_13 = load i32* @cor_phaseClass4_V_13, align 4" [correlator.cpp:154]
ST_1 : Operation 371 [1/1] (0.00ns)   --->   "store i32 %cor_phaseClass4_V_13, i32* @cor_phaseClass4_V_14, align 8" [correlator.cpp:154]
ST_1 : Operation 372 [1/1] (0.00ns)   --->   "%cor_phaseClass4_V_12 = load i32* @cor_phaseClass4_V_12, align 16" [correlator.cpp:154]
ST_1 : Operation 373 [1/1] (0.00ns)   --->   "store i32 %cor_phaseClass4_V_12, i32* @cor_phaseClass4_V_13, align 4" [correlator.cpp:154]
ST_1 : Operation 374 [1/1] (0.00ns)   --->   "%cor_phaseClass4_V_11 = load i32* @cor_phaseClass4_V_11, align 4" [correlator.cpp:154]
ST_1 : Operation 375 [1/1] (0.00ns)   --->   "store i32 %cor_phaseClass4_V_11, i32* @cor_phaseClass4_V_12, align 16" [correlator.cpp:154]
ST_1 : Operation 376 [1/1] (0.00ns)   --->   "%cor_phaseClass4_V_10 = load i32* @cor_phaseClass4_V_10, align 8" [correlator.cpp:154]
ST_1 : Operation 377 [1/1] (0.00ns)   --->   "store i32 %cor_phaseClass4_V_10, i32* @cor_phaseClass4_V_11, align 4" [correlator.cpp:154]
ST_1 : Operation 378 [1/1] (0.00ns)   --->   "%cor_phaseClass4_V_9_s = load i32* @cor_phaseClass4_V_9, align 4" [correlator.cpp:154]
ST_1 : Operation 379 [1/1] (0.00ns)   --->   "store i32 %cor_phaseClass4_V_9_s, i32* @cor_phaseClass4_V_10, align 8" [correlator.cpp:154]
ST_1 : Operation 380 [1/1] (0.00ns)   --->   "%cor_phaseClass4_V_8_s = load i32* @cor_phaseClass4_V_8, align 16" [correlator.cpp:154]
ST_1 : Operation 381 [1/1] (0.00ns)   --->   "store i32 %cor_phaseClass4_V_8_s, i32* @cor_phaseClass4_V_9, align 4" [correlator.cpp:154]
ST_1 : Operation 382 [1/1] (0.00ns)   --->   "%cor_phaseClass4_V_7_s = load i32* @cor_phaseClass4_V_7, align 4" [correlator.cpp:154]
ST_1 : Operation 383 [1/1] (0.00ns)   --->   "store i32 %cor_phaseClass4_V_7_s, i32* @cor_phaseClass4_V_8, align 16" [correlator.cpp:154]
ST_1 : Operation 384 [1/1] (0.00ns)   --->   "%cor_phaseClass4_V_6_s = load i32* @cor_phaseClass4_V_6, align 8" [correlator.cpp:154]
ST_1 : Operation 385 [1/1] (0.00ns)   --->   "store i32 %cor_phaseClass4_V_6_s, i32* @cor_phaseClass4_V_7, align 4" [correlator.cpp:154]
ST_1 : Operation 386 [1/1] (0.00ns)   --->   "%cor_phaseClass4_V_5_s = load i32* @cor_phaseClass4_V_5, align 4" [correlator.cpp:154]
ST_1 : Operation 387 [1/1] (0.00ns)   --->   "store i32 %cor_phaseClass4_V_5_s, i32* @cor_phaseClass4_V_6, align 8" [correlator.cpp:154]
ST_1 : Operation 388 [1/1] (0.00ns)   --->   "%cor_phaseClass4_V_4_s = load i32* @cor_phaseClass4_V_4, align 16" [correlator.cpp:154]
ST_1 : Operation 389 [1/1] (0.00ns)   --->   "store i32 %cor_phaseClass4_V_4_s, i32* @cor_phaseClass4_V_5, align 4" [correlator.cpp:154]
ST_1 : Operation 390 [1/1] (0.00ns)   --->   "%cor_phaseClass4_V_3_s = load i21* @cor_phaseClass4_V_3, align 4"
ST_1 : Operation 391 [1/1] (0.00ns)   --->   "%extLd4 = sext i21 %cor_phaseClass4_V_3_s to i32"
ST_1 : Operation 392 [1/1] (0.00ns)   --->   "store i32 %extLd4, i32* @cor_phaseClass4_V_4, align 16" [correlator.cpp:154]
ST_1 : Operation 393 [1/1] (0.00ns)   --->   "%cor_phaseClass4_V_2_s = load i21* @cor_phaseClass4_V_2, align 4"
ST_1 : Operation 394 [1/1] (0.00ns)   --->   "store i21 %cor_phaseClass4_V_2_s, i21* @cor_phaseClass4_V_3, align 4" [correlator.cpp:154]
ST_1 : Operation 395 [1/1] (0.00ns)   --->   "%cor_phaseClass4_V_1_s = load i21* @cor_phaseClass4_V_1, align 4"
ST_1 : Operation 396 [1/1] (0.00ns)   --->   "store i21 %cor_phaseClass4_V_1_s, i21* @cor_phaseClass4_V_2, align 4" [correlator.cpp:154]
ST_1 : Operation 397 [1/1] (0.00ns)   --->   "%cor_phaseClass4_V_0_s = load i21* @cor_phaseClass4_V_0, align 4"
ST_1 : Operation 398 [1/1] (0.00ns)   --->   "store i21 %cor_phaseClass4_V_0_s, i21* @cor_phaseClass4_V_1, align 4" [correlator.cpp:154]
ST_1 : Operation 399 [1/1] (0.00ns)   --->   "store i21 %newValue_V_read, i21* @cor_phaseClass4_V_0, align 4" [correlator.cpp:156]
ST_1 : Operation 400 [1/1] (0.00ns)   --->   "br label %._crit_edge" [correlator.cpp:157]
ST_1 : Operation 401 [1/1] (0.00ns)   --->   "%cor_phaseClass3_V_14 = load i32* @cor_phaseClass3_V_14, align 8" [correlator.cpp:147]
ST_1 : Operation 402 [1/1] (0.00ns)   --->   "store i32 %cor_phaseClass3_V_14, i32* @cor_phaseClass3_V_15, align 4" [correlator.cpp:147]
ST_1 : Operation 403 [1/1] (0.00ns)   --->   "%cor_phaseClass3_V_13 = load i32* @cor_phaseClass3_V_13, align 4" [correlator.cpp:147]
ST_1 : Operation 404 [1/1] (0.00ns)   --->   "store i32 %cor_phaseClass3_V_13, i32* @cor_phaseClass3_V_14, align 8" [correlator.cpp:147]
ST_1 : Operation 405 [1/1] (0.00ns)   --->   "%cor_phaseClass3_V_12 = load i32* @cor_phaseClass3_V_12, align 16" [correlator.cpp:147]
ST_1 : Operation 406 [1/1] (0.00ns)   --->   "store i32 %cor_phaseClass3_V_12, i32* @cor_phaseClass3_V_13, align 4" [correlator.cpp:147]
ST_1 : Operation 407 [1/1] (0.00ns)   --->   "%cor_phaseClass3_V_11 = load i32* @cor_phaseClass3_V_11, align 4" [correlator.cpp:147]
ST_1 : Operation 408 [1/1] (0.00ns)   --->   "store i32 %cor_phaseClass3_V_11, i32* @cor_phaseClass3_V_12, align 16" [correlator.cpp:147]
ST_1 : Operation 409 [1/1] (0.00ns)   --->   "%cor_phaseClass3_V_10 = load i32* @cor_phaseClass3_V_10, align 8" [correlator.cpp:147]
ST_1 : Operation 410 [1/1] (0.00ns)   --->   "store i32 %cor_phaseClass3_V_10, i32* @cor_phaseClass3_V_11, align 4" [correlator.cpp:147]
ST_1 : Operation 411 [1/1] (0.00ns)   --->   "%cor_phaseClass3_V_9_s = load i32* @cor_phaseClass3_V_9, align 4" [correlator.cpp:147]
ST_1 : Operation 412 [1/1] (0.00ns)   --->   "store i32 %cor_phaseClass3_V_9_s, i32* @cor_phaseClass3_V_10, align 8" [correlator.cpp:147]
ST_1 : Operation 413 [1/1] (0.00ns)   --->   "%cor_phaseClass3_V_8_s = load i32* @cor_phaseClass3_V_8, align 16" [correlator.cpp:147]
ST_1 : Operation 414 [1/1] (0.00ns)   --->   "store i32 %cor_phaseClass3_V_8_s, i32* @cor_phaseClass3_V_9, align 4" [correlator.cpp:147]
ST_1 : Operation 415 [1/1] (0.00ns)   --->   "%cor_phaseClass3_V_7_s = load i32* @cor_phaseClass3_V_7, align 4" [correlator.cpp:147]
ST_1 : Operation 416 [1/1] (0.00ns)   --->   "store i32 %cor_phaseClass3_V_7_s, i32* @cor_phaseClass3_V_8, align 16" [correlator.cpp:147]
ST_1 : Operation 417 [1/1] (0.00ns)   --->   "%cor_phaseClass3_V_6_s = load i32* @cor_phaseClass3_V_6, align 8" [correlator.cpp:147]
ST_1 : Operation 418 [1/1] (0.00ns)   --->   "store i32 %cor_phaseClass3_V_6_s, i32* @cor_phaseClass3_V_7, align 4" [correlator.cpp:147]
ST_1 : Operation 419 [1/1] (0.00ns)   --->   "%cor_phaseClass3_V_5_s = load i32* @cor_phaseClass3_V_5, align 4" [correlator.cpp:147]
ST_1 : Operation 420 [1/1] (0.00ns)   --->   "store i32 %cor_phaseClass3_V_5_s, i32* @cor_phaseClass3_V_6, align 8" [correlator.cpp:147]
ST_1 : Operation 421 [1/1] (0.00ns)   --->   "%cor_phaseClass3_V_4_s = load i32* @cor_phaseClass3_V_4, align 16" [correlator.cpp:147]
ST_1 : Operation 422 [1/1] (0.00ns)   --->   "store i32 %cor_phaseClass3_V_4_s, i32* @cor_phaseClass3_V_5, align 4" [correlator.cpp:147]
ST_1 : Operation 423 [1/1] (0.00ns)   --->   "%cor_phaseClass3_V_3_s = load i21* @cor_phaseClass3_V_3, align 4"
ST_1 : Operation 424 [1/1] (0.00ns)   --->   "%extLd3 = sext i21 %cor_phaseClass3_V_3_s to i32"
ST_1 : Operation 425 [1/1] (0.00ns)   --->   "store i32 %extLd3, i32* @cor_phaseClass3_V_4, align 16" [correlator.cpp:147]
ST_1 : Operation 426 [1/1] (0.00ns)   --->   "%cor_phaseClass3_V_2_s = load i21* @cor_phaseClass3_V_2, align 4"
ST_1 : Operation 427 [1/1] (0.00ns)   --->   "store i21 %cor_phaseClass3_V_2_s, i21* @cor_phaseClass3_V_3, align 4" [correlator.cpp:147]
ST_1 : Operation 428 [1/1] (0.00ns)   --->   "%cor_phaseClass3_V_1_s = load i21* @cor_phaseClass3_V_1, align 4"
ST_1 : Operation 429 [1/1] (0.00ns)   --->   "store i21 %cor_phaseClass3_V_1_s, i21* @cor_phaseClass3_V_2, align 4" [correlator.cpp:147]
ST_1 : Operation 430 [1/1] (0.00ns)   --->   "%cor_phaseClass3_V_0_s = load i21* @cor_phaseClass3_V_0, align 4"
ST_1 : Operation 431 [1/1] (0.00ns)   --->   "store i21 %cor_phaseClass3_V_0_s, i21* @cor_phaseClass3_V_1, align 4" [correlator.cpp:147]
ST_1 : Operation 432 [1/1] (0.00ns)   --->   "store i21 %newValue_V_read, i21* @cor_phaseClass3_V_0, align 4" [correlator.cpp:149]
ST_1 : Operation 433 [1/1] (0.00ns)   --->   "br label %._crit_edge" [correlator.cpp:150]
ST_1 : Operation 434 [1/1] (0.00ns)   --->   "%cor_phaseClass2_V_14 = load i32* @cor_phaseClass2_V_14, align 8" [correlator.cpp:140]
ST_1 : Operation 435 [1/1] (0.00ns)   --->   "store i32 %cor_phaseClass2_V_14, i32* @cor_phaseClass2_V_15, align 4" [correlator.cpp:140]
ST_1 : Operation 436 [1/1] (0.00ns)   --->   "%cor_phaseClass2_V_13 = load i32* @cor_phaseClass2_V_13, align 4" [correlator.cpp:140]
ST_1 : Operation 437 [1/1] (0.00ns)   --->   "store i32 %cor_phaseClass2_V_13, i32* @cor_phaseClass2_V_14, align 8" [correlator.cpp:140]
ST_1 : Operation 438 [1/1] (0.00ns)   --->   "%cor_phaseClass2_V_12 = load i32* @cor_phaseClass2_V_12, align 16" [correlator.cpp:140]
ST_1 : Operation 439 [1/1] (0.00ns)   --->   "store i32 %cor_phaseClass2_V_12, i32* @cor_phaseClass2_V_13, align 4" [correlator.cpp:140]
ST_1 : Operation 440 [1/1] (0.00ns)   --->   "%cor_phaseClass2_V_11 = load i32* @cor_phaseClass2_V_11, align 4" [correlator.cpp:140]
ST_1 : Operation 441 [1/1] (0.00ns)   --->   "store i32 %cor_phaseClass2_V_11, i32* @cor_phaseClass2_V_12, align 16" [correlator.cpp:140]
ST_1 : Operation 442 [1/1] (0.00ns)   --->   "%cor_phaseClass2_V_10 = load i32* @cor_phaseClass2_V_10, align 8" [correlator.cpp:140]
ST_1 : Operation 443 [1/1] (0.00ns)   --->   "store i32 %cor_phaseClass2_V_10, i32* @cor_phaseClass2_V_11, align 4" [correlator.cpp:140]
ST_1 : Operation 444 [1/1] (0.00ns)   --->   "%cor_phaseClass2_V_9_s = load i32* @cor_phaseClass2_V_9, align 4" [correlator.cpp:140]
ST_1 : Operation 445 [1/1] (0.00ns)   --->   "store i32 %cor_phaseClass2_V_9_s, i32* @cor_phaseClass2_V_10, align 8" [correlator.cpp:140]
ST_1 : Operation 446 [1/1] (0.00ns)   --->   "%cor_phaseClass2_V_8_s = load i32* @cor_phaseClass2_V_8, align 16" [correlator.cpp:140]
ST_1 : Operation 447 [1/1] (0.00ns)   --->   "store i32 %cor_phaseClass2_V_8_s, i32* @cor_phaseClass2_V_9, align 4" [correlator.cpp:140]
ST_1 : Operation 448 [1/1] (0.00ns)   --->   "%cor_phaseClass2_V_7_s = load i32* @cor_phaseClass2_V_7, align 4" [correlator.cpp:140]
ST_1 : Operation 449 [1/1] (0.00ns)   --->   "store i32 %cor_phaseClass2_V_7_s, i32* @cor_phaseClass2_V_8, align 16" [correlator.cpp:140]
ST_1 : Operation 450 [1/1] (0.00ns)   --->   "%cor_phaseClass2_V_6_s = load i32* @cor_phaseClass2_V_6, align 8" [correlator.cpp:140]
ST_1 : Operation 451 [1/1] (0.00ns)   --->   "store i32 %cor_phaseClass2_V_6_s, i32* @cor_phaseClass2_V_7, align 4" [correlator.cpp:140]
ST_1 : Operation 452 [1/1] (0.00ns)   --->   "%cor_phaseClass2_V_5_s = load i32* @cor_phaseClass2_V_5, align 4" [correlator.cpp:140]
ST_1 : Operation 453 [1/1] (0.00ns)   --->   "store i32 %cor_phaseClass2_V_5_s, i32* @cor_phaseClass2_V_6, align 8" [correlator.cpp:140]
ST_1 : Operation 454 [1/1] (0.00ns)   --->   "%cor_phaseClass2_V_4_s = load i32* @cor_phaseClass2_V_4, align 16" [correlator.cpp:140]
ST_1 : Operation 455 [1/1] (0.00ns)   --->   "store i32 %cor_phaseClass2_V_4_s, i32* @cor_phaseClass2_V_5, align 4" [correlator.cpp:140]
ST_1 : Operation 456 [1/1] (0.00ns)   --->   "%cor_phaseClass2_V_3_s = load i21* @cor_phaseClass2_V_3, align 4"
ST_1 : Operation 457 [1/1] (0.00ns)   --->   "%extLd2 = sext i21 %cor_phaseClass2_V_3_s to i32"
ST_1 : Operation 458 [1/1] (0.00ns)   --->   "store i32 %extLd2, i32* @cor_phaseClass2_V_4, align 16" [correlator.cpp:140]
ST_1 : Operation 459 [1/1] (0.00ns)   --->   "%cor_phaseClass2_V_2_s = load i21* @cor_phaseClass2_V_2, align 4"
ST_1 : Operation 460 [1/1] (0.00ns)   --->   "store i21 %cor_phaseClass2_V_2_s, i21* @cor_phaseClass2_V_3, align 4" [correlator.cpp:140]
ST_1 : Operation 461 [1/1] (0.00ns)   --->   "%cor_phaseClass2_V_1_s = load i21* @cor_phaseClass2_V_1, align 4"
ST_1 : Operation 462 [1/1] (0.00ns)   --->   "store i21 %cor_phaseClass2_V_1_s, i21* @cor_phaseClass2_V_2, align 4" [correlator.cpp:140]
ST_1 : Operation 463 [1/1] (0.00ns)   --->   "%cor_phaseClass2_V_0_s = load i21* @cor_phaseClass2_V_0, align 4"
ST_1 : Operation 464 [1/1] (0.00ns)   --->   "store i21 %cor_phaseClass2_V_0_s, i21* @cor_phaseClass2_V_1, align 4" [correlator.cpp:140]
ST_1 : Operation 465 [1/1] (0.00ns)   --->   "store i21 %newValue_V_read, i21* @cor_phaseClass2_V_0, align 4" [correlator.cpp:142]
ST_1 : Operation 466 [1/1] (0.00ns)   --->   "br label %._crit_edge" [correlator.cpp:143]
ST_1 : Operation 467 [1/1] (0.00ns)   --->   "%cor_phaseClass1_V_14 = load i32* @cor_phaseClass1_V_14, align 8" [correlator.cpp:133]
ST_1 : Operation 468 [1/1] (0.00ns)   --->   "store i32 %cor_phaseClass1_V_14, i32* @cor_phaseClass1_V_15, align 4" [correlator.cpp:133]
ST_1 : Operation 469 [1/1] (0.00ns)   --->   "%cor_phaseClass1_V_13 = load i32* @cor_phaseClass1_V_13, align 4" [correlator.cpp:133]
ST_1 : Operation 470 [1/1] (0.00ns)   --->   "store i32 %cor_phaseClass1_V_13, i32* @cor_phaseClass1_V_14, align 8" [correlator.cpp:133]
ST_1 : Operation 471 [1/1] (0.00ns)   --->   "%cor_phaseClass1_V_12 = load i32* @cor_phaseClass1_V_12, align 16" [correlator.cpp:133]
ST_1 : Operation 472 [1/1] (0.00ns)   --->   "store i32 %cor_phaseClass1_V_12, i32* @cor_phaseClass1_V_13, align 4" [correlator.cpp:133]
ST_1 : Operation 473 [1/1] (0.00ns)   --->   "%cor_phaseClass1_V_11 = load i32* @cor_phaseClass1_V_11, align 4" [correlator.cpp:133]
ST_1 : Operation 474 [1/1] (0.00ns)   --->   "store i32 %cor_phaseClass1_V_11, i32* @cor_phaseClass1_V_12, align 16" [correlator.cpp:133]
ST_1 : Operation 475 [1/1] (0.00ns)   --->   "%cor_phaseClass1_V_10 = load i32* @cor_phaseClass1_V_10, align 8" [correlator.cpp:133]
ST_1 : Operation 476 [1/1] (0.00ns)   --->   "store i32 %cor_phaseClass1_V_10, i32* @cor_phaseClass1_V_11, align 4" [correlator.cpp:133]
ST_1 : Operation 477 [1/1] (0.00ns)   --->   "%cor_phaseClass1_V_9_s = load i32* @cor_phaseClass1_V_9, align 4" [correlator.cpp:133]
ST_1 : Operation 478 [1/1] (0.00ns)   --->   "store i32 %cor_phaseClass1_V_9_s, i32* @cor_phaseClass1_V_10, align 8" [correlator.cpp:133]
ST_1 : Operation 479 [1/1] (0.00ns)   --->   "%cor_phaseClass1_V_8_s = load i32* @cor_phaseClass1_V_8, align 16" [correlator.cpp:133]
ST_1 : Operation 480 [1/1] (0.00ns)   --->   "store i32 %cor_phaseClass1_V_8_s, i32* @cor_phaseClass1_V_9, align 4" [correlator.cpp:133]
ST_1 : Operation 481 [1/1] (0.00ns)   --->   "%cor_phaseClass1_V_7_s = load i32* @cor_phaseClass1_V_7, align 4" [correlator.cpp:133]
ST_1 : Operation 482 [1/1] (0.00ns)   --->   "store i32 %cor_phaseClass1_V_7_s, i32* @cor_phaseClass1_V_8, align 16" [correlator.cpp:133]
ST_1 : Operation 483 [1/1] (0.00ns)   --->   "%cor_phaseClass1_V_6_s = load i32* @cor_phaseClass1_V_6, align 8" [correlator.cpp:133]
ST_1 : Operation 484 [1/1] (0.00ns)   --->   "store i32 %cor_phaseClass1_V_6_s, i32* @cor_phaseClass1_V_7, align 4" [correlator.cpp:133]
ST_1 : Operation 485 [1/1] (0.00ns)   --->   "%cor_phaseClass1_V_5_s = load i32* @cor_phaseClass1_V_5, align 4" [correlator.cpp:133]
ST_1 : Operation 486 [1/1] (0.00ns)   --->   "store i32 %cor_phaseClass1_V_5_s, i32* @cor_phaseClass1_V_6, align 8" [correlator.cpp:133]
ST_1 : Operation 487 [1/1] (0.00ns)   --->   "%cor_phaseClass1_V_4_s = load i32* @cor_phaseClass1_V_4, align 16" [correlator.cpp:133]
ST_1 : Operation 488 [1/1] (0.00ns)   --->   "store i32 %cor_phaseClass1_V_4_s, i32* @cor_phaseClass1_V_5, align 4" [correlator.cpp:133]
ST_1 : Operation 489 [1/1] (0.00ns)   --->   "%cor_phaseClass1_V_3_s = load i21* @cor_phaseClass1_V_3, align 4"
ST_1 : Operation 490 [1/1] (0.00ns)   --->   "%extLd1 = sext i21 %cor_phaseClass1_V_3_s to i32"
ST_1 : Operation 491 [1/1] (0.00ns)   --->   "store i32 %extLd1, i32* @cor_phaseClass1_V_4, align 16" [correlator.cpp:133]
ST_1 : Operation 492 [1/1] (0.00ns)   --->   "%cor_phaseClass1_V_2_s = load i21* @cor_phaseClass1_V_2, align 4"
ST_1 : Operation 493 [1/1] (0.00ns)   --->   "store i21 %cor_phaseClass1_V_2_s, i21* @cor_phaseClass1_V_3, align 4" [correlator.cpp:133]
ST_1 : Operation 494 [1/1] (0.00ns)   --->   "%cor_phaseClass1_V_1_s = load i21* @cor_phaseClass1_V_1, align 4"
ST_1 : Operation 495 [1/1] (0.00ns)   --->   "store i21 %cor_phaseClass1_V_1_s, i21* @cor_phaseClass1_V_2, align 4" [correlator.cpp:133]
ST_1 : Operation 496 [1/1] (0.00ns)   --->   "%cor_phaseClass1_V_0_s = load i21* @cor_phaseClass1_V_0, align 4"
ST_1 : Operation 497 [1/1] (0.00ns)   --->   "store i21 %cor_phaseClass1_V_0_s, i21* @cor_phaseClass1_V_1, align 4" [correlator.cpp:133]
ST_1 : Operation 498 [1/1] (0.00ns)   --->   "store i21 %newValue_V_read, i21* @cor_phaseClass1_V_0, align 4" [correlator.cpp:135]
ST_1 : Operation 499 [1/1] (0.00ns)   --->   "br label %._crit_edge" [correlator.cpp:136]
ST_1 : Operation 500 [1/1] (0.00ns)   --->   "%cor_phaseClass0_V_14 = load i32* @cor_phaseClass0_V_14, align 8" [correlator.cpp:126]
ST_1 : Operation 501 [1/1] (0.00ns)   --->   "store i32 %cor_phaseClass0_V_14, i32* @cor_phaseClass0_V_15, align 4" [correlator.cpp:126]
ST_1 : Operation 502 [1/1] (0.00ns)   --->   "%cor_phaseClass0_V_13 = load i32* @cor_phaseClass0_V_13, align 4" [correlator.cpp:126]
ST_1 : Operation 503 [1/1] (0.00ns)   --->   "store i32 %cor_phaseClass0_V_13, i32* @cor_phaseClass0_V_14, align 8" [correlator.cpp:126]
ST_1 : Operation 504 [1/1] (0.00ns)   --->   "%cor_phaseClass0_V_12 = load i32* @cor_phaseClass0_V_12, align 16" [correlator.cpp:126]
ST_1 : Operation 505 [1/1] (0.00ns)   --->   "store i32 %cor_phaseClass0_V_12, i32* @cor_phaseClass0_V_13, align 4" [correlator.cpp:126]
ST_1 : Operation 506 [1/1] (0.00ns)   --->   "%cor_phaseClass0_V_11 = load i32* @cor_phaseClass0_V_11, align 4" [correlator.cpp:126]
ST_1 : Operation 507 [1/1] (0.00ns)   --->   "store i32 %cor_phaseClass0_V_11, i32* @cor_phaseClass0_V_12, align 16" [correlator.cpp:126]
ST_1 : Operation 508 [1/1] (0.00ns)   --->   "%cor_phaseClass0_V_10 = load i32* @cor_phaseClass0_V_10, align 8" [correlator.cpp:126]
ST_1 : Operation 509 [1/1] (0.00ns)   --->   "store i32 %cor_phaseClass0_V_10, i32* @cor_phaseClass0_V_11, align 4" [correlator.cpp:126]
ST_1 : Operation 510 [1/1] (0.00ns)   --->   "%cor_phaseClass0_V_9_s = load i32* @cor_phaseClass0_V_9, align 4" [correlator.cpp:126]
ST_1 : Operation 511 [1/1] (0.00ns)   --->   "store i32 %cor_phaseClass0_V_9_s, i32* @cor_phaseClass0_V_10, align 8" [correlator.cpp:126]
ST_1 : Operation 512 [1/1] (0.00ns)   --->   "%cor_phaseClass0_V_8_s = load i32* @cor_phaseClass0_V_8, align 16" [correlator.cpp:126]
ST_1 : Operation 513 [1/1] (0.00ns)   --->   "store i32 %cor_phaseClass0_V_8_s, i32* @cor_phaseClass0_V_9, align 4" [correlator.cpp:126]
ST_1 : Operation 514 [1/1] (0.00ns)   --->   "%cor_phaseClass0_V_7_s = load i32* @cor_phaseClass0_V_7, align 4" [correlator.cpp:126]
ST_1 : Operation 515 [1/1] (0.00ns)   --->   "store i32 %cor_phaseClass0_V_7_s, i32* @cor_phaseClass0_V_8, align 16" [correlator.cpp:126]
ST_1 : Operation 516 [1/1] (0.00ns)   --->   "%cor_phaseClass0_V_6_s = load i32* @cor_phaseClass0_V_6, align 8" [correlator.cpp:126]
ST_1 : Operation 517 [1/1] (0.00ns)   --->   "store i32 %cor_phaseClass0_V_6_s, i32* @cor_phaseClass0_V_7, align 4" [correlator.cpp:126]
ST_1 : Operation 518 [1/1] (0.00ns)   --->   "%cor_phaseClass0_V_5_s = load i32* @cor_phaseClass0_V_5, align 4" [correlator.cpp:126]
ST_1 : Operation 519 [1/1] (0.00ns)   --->   "store i32 %cor_phaseClass0_V_5_s, i32* @cor_phaseClass0_V_6, align 8" [correlator.cpp:126]
ST_1 : Operation 520 [1/1] (0.00ns)   --->   "%cor_phaseClass0_V_4_s = load i32* @cor_phaseClass0_V_4, align 16" [correlator.cpp:126]
ST_1 : Operation 521 [1/1] (0.00ns)   --->   "store i32 %cor_phaseClass0_V_4_s, i32* @cor_phaseClass0_V_5, align 4" [correlator.cpp:126]
ST_1 : Operation 522 [1/1] (0.00ns)   --->   "%cor_phaseClass0_V_3_s = load i21* @cor_phaseClass0_V_3, align 4"
ST_1 : Operation 523 [1/1] (0.00ns)   --->   "%extLd = sext i21 %cor_phaseClass0_V_3_s to i32"
ST_1 : Operation 524 [1/1] (0.00ns)   --->   "store i32 %extLd, i32* @cor_phaseClass0_V_4, align 16" [correlator.cpp:126]
ST_1 : Operation 525 [1/1] (0.00ns)   --->   "%cor_phaseClass0_V_2_s = load i21* @cor_phaseClass0_V_2, align 4"
ST_1 : Operation 526 [1/1] (0.00ns)   --->   "store i21 %cor_phaseClass0_V_2_s, i21* @cor_phaseClass0_V_3, align 4" [correlator.cpp:126]
ST_1 : Operation 527 [1/1] (0.00ns)   --->   "%cor_phaseClass0_V_1_s = load i21* @cor_phaseClass0_V_1, align 4"
ST_1 : Operation 528 [1/1] (0.00ns)   --->   "store i21 %cor_phaseClass0_V_1_s, i21* @cor_phaseClass0_V_2, align 4" [correlator.cpp:126]
ST_1 : Operation 529 [1/1] (0.00ns)   --->   "%cor_phaseClass0_V_0_s = load i21* @cor_phaseClass0_V_0, align 4"
ST_1 : Operation 530 [1/1] (0.00ns)   --->   "store i21 %cor_phaseClass0_V_0_s, i21* @cor_phaseClass0_V_1, align 4" [correlator.cpp:126]
ST_1 : Operation 531 [1/1] (0.00ns)   --->   "store i21 %newValue_V_read, i21* @cor_phaseClass0_V_0, align 4" [correlator.cpp:128]
ST_1 : Operation 532 [1/1] (0.00ns)   --->   "br label %._crit_edge" [correlator.cpp:129]
ST_1 : Operation 533 [1/1] (0.00ns)   --->   "ret void" [correlator.cpp:242]


============================================================
+ Verbose Summary: Timing violations
============================================================
Target clock period: 5ns, clock uncertainty: 0.625ns.

 <State 1>: 1.15ns
The critical path consists of the following:
	wire read on port 'phaseClass_V' [259]  (0 ns)


============================================================
+ Verbose Summary: Binding
============================================================
N/A
* FSMD analyzer results:
  - Output states:
 - Input state : 
  - Chain level:
	State 1


============================================================
+ Verbose Summary: Datapath Resource usage 
============================================================
N/A
