INFO: [HLS 200-0] Workspace D:/SeniorProject/RFNoCFrameSynchHWAccel/matchedRee/solution1 opened at Sat Mar 02 17:03:29 -0500 2019
INFO: [HLS 200-100] Execute     config_clock -quiet -name default -period 10 -default=false 
INFO: [SYN 201-201] Setting up clock 'default' with a period of 10ns.
INFO: [HLS 200-100] Command     config_clock returned 0; 0 sec.
INFO: [HLS 200-100] Execute     open_platform DefaultPlatform 
INFO: [HLS 200-100] Command     open_platform returned 0; 0 sec.
INFO: [HLS 200-100] Execute     import_lib D:/Xilinx/Vivado_HLS/2017.2/common/technology/xilinx/kintex7/kintex7 
INFO: [HLS 200-100] Execute       source D:/Xilinx/Vivado_HLS/2017.2/common/technology/xilinx/common/xilinx.lib 
INFO: [HLS 200-100] Execute         source D:/Xilinx/Vivado_HLS/2017.2/common/technology/xilinx/interface/xilinx_interface.lib 
INFO: [HLS 200-100] Execute           source D:/Xilinx/Vivado_HLS/2017.2/common/technology/xilinx/interface/plb46.lib 
INFO: [HLS 200-100] Command           ap_source returned 0; 0 sec.
INFO: [HLS 200-100] Execute           source D:/Xilinx/Vivado_HLS/2017.2/common/technology/xilinx/interface/fsl.lib 
INFO: [HLS 200-100] Command           ap_source returned 0; 0 sec.
INFO: [HLS 200-100] Execute           source D:/Xilinx/Vivado_HLS/2017.2/common/technology/xilinx/interface/axi4.lib 
INFO: [HLS 200-100] Command           ap_source returned 0; 0 sec.
INFO: [HLS 200-100] Execute           source D:/Xilinx/Vivado_HLS/2017.2/common/technology/xilinx/interface/maxi.lib 
INFO: [HLS 200-100] Command           ap_source returned 0; 0 sec.
INFO: [HLS 200-100] Execute           source D:/Xilinx/Vivado_HLS/2017.2/common/technology/xilinx/interface/saxilite.lib 
INFO: [HLS 200-100] Command           ap_source returned 0; 0.001 sec.
INFO: [HLS 200-100] Command         ap_source returned 0; 0.005 sec.
INFO: [HLS 200-100] Execute         source D:/Xilinx/Vivado_HLS/2017.2/common/technology/xilinx/common/dsp48.lib 
INFO: [HLS 200-100] Command         ap_source returned 0; 0 sec.
INFO: [HLS 200-100] Execute         source D:/Xilinx/Vivado_HLS/2017.2/common/technology/xilinx/ip/dds_compiler.lib 
INFO: [HLS 200-100] Command         ap_source returned 0; 0.001 sec.
INFO: [HLS 200-100] Execute         source D:/Xilinx/Vivado_HLS/2017.2/common/technology/xilinx/ip/xfft.lib 
INFO: [HLS 200-100] Command         ap_source returned 0; 0.001 sec.
INFO: [HLS 200-100] Execute         source D:/Xilinx/Vivado_HLS/2017.2/common/technology/xilinx/ip/xfir.lib 
INFO: [HLS 200-100] Command         ap_source returned 0; 0 sec.
INFO: [HLS 200-100] Command       ap_source returned 0; 0.014 sec.
INFO: [HLS 200-100] Execute       source D:/Xilinx/Vivado_HLS/2017.2/common/technology/xilinx/common/xilinx_old.lib 
INFO: [HLS 200-100] Command       ap_source returned 0; 0.003 sec.
INFO: [HLS 200-100] Execute       source D:/Xilinx/Vivado_HLS/2017.2/common/technology/xilinx/common/xilinx_vivado.lib 
INFO: [HLS 200-100] Command       ap_source returned 0; 0.002 sec.
INFO: [HLS 200-100] Execute       source D:/Xilinx/Vivado_HLS/2017.2/common/technology/xilinx/common/xilinx.hlp 
INFO: [HLS 200-100] Execute         source D:/Xilinx/Vivado_HLS/2017.2/common/technology/xilinx/common/target_info.tcl 
INFO: [HLS 200-100] Command         ap_source returned 0; 0.001 sec.
INFO: [HLS 200-100] Execute         source D:/Xilinx/Vivado_HLS/2017.2/common/technology/xilinx/interface/xilinx_interface.hlp 
INFO: [HLS 200-100] Execute           source D:/Xilinx/Vivado_HLS/2017.2/common/technology/xilinx/interface/maxi.hlp 
INFO: [HLS 200-100] Command           ap_source returned 0; 0.001 sec.
INFO: [HLS 200-100] Execute           source D:/Xilinx/Vivado_HLS/2017.2/common/technology/xilinx/interface/saxilite.hlp 
INFO: [HLS 200-100] Command           ap_source returned 0; 0 sec.
INFO: [HLS 200-100] Command         ap_source returned 0; 0.001 sec.
INFO: [HLS 200-100] Execute         source D:/Xilinx/Vivado_HLS/2017.2/common/technology/xilinx/common/dsp48.hlp 
INFO: [HLS 200-100] Command         ap_source returned 0; 0.001 sec.
INFO: [HLS 200-100] Command       ap_source returned 0; 0.006 sec.
INFO: [HLS 200-100] Execute       source D:/Xilinx/Vivado_HLS/2017.2/common/technology/xilinx/kintex7/dsp48e1.hlp 
INFO: [HLS 200-100] Command       ap_source returned 0; 0.001 sec.
INFO: [HLS 200-100] Execute       get_default_platform 
INFO: [HLS 200-100] Command       get_default_platform returned 0; 0 sec.
INFO: [HLS 200-100] Execute       config_chip_info -quiet -resource  {SLICE 50950} {LUT 203800}    {FF 407600} {DSP48E 840}    {BRAM 890}  
INFO: [HLS 200-100] Command       config_chip_info returned 0; 0 sec.
INFO: [HLS 200-100] Execute       config_chip_info -quiet -speed medium 
INFO: [HLS 200-100] Command       config_chip_info returned 0; 0 sec.
INFO: [HLS 200-100] Execute       source D:/Xilinx/Vivado_HLS/2017.2/common/technology/xilinx/common/xilinx.hlp 
INFO: [HLS 200-100] Execute         source D:/Xilinx/Vivado_HLS/2017.2/common/technology/xilinx/common/target_info.tcl 
INFO: [HLS 200-100] Command         ap_source returned 0; 0.035 sec.
INFO: [HLS 200-100] Execute         source D:/Xilinx/Vivado_HLS/2017.2/common/technology/xilinx/interface/xilinx_interface.hlp 
INFO: [HLS 200-100] Execute           source D:/Xilinx/Vivado_HLS/2017.2/common/technology/xilinx/interface/maxi.hlp 
INFO: [HLS 200-100] Command           ap_source returned 0; 0 sec.
INFO: [HLS 200-100] Execute           source D:/Xilinx/Vivado_HLS/2017.2/common/technology/xilinx/interface/saxilite.hlp 
INFO: [HLS 200-100] Command           ap_source returned 0; 0.001 sec.
INFO: [HLS 200-100] Command         ap_source returned 0; 0.001 sec.
INFO: [HLS 200-100] Execute         source D:/Xilinx/Vivado_HLS/2017.2/common/technology/xilinx/common/dsp48.hlp 
INFO: [HLS 200-100] Command         ap_source returned 0; 0.001 sec.
INFO: [HLS 200-100] Command       ap_source returned 0; 0.039 sec.
INFO: [HLS 200-100] Command     import_lib returned 0; 0.075 sec.
INFO: [HLS 200-100] Execute     source D:/Xilinx/Vivado_HLS/2017.2/common/technology/xilinx/kintex7/kintex7.gen 
INFO: [HLS 200-100] Execute       source D:/Xilinx/Vivado_HLS/2017.2/common/technology/xilinx/common/virtex.gen 
INFO: [HLS 200-100] Execute         source D:/Xilinx/Vivado_HLS/2017.2/common/technology/xilinx/common/xilinx.gen 
INFO: [HLS 200-100] Execute           source D:/Xilinx/Vivado_HLS/2017.2/common/technology/xilinx/interface/plb46.gen 
INFO: [HLS 200-100] Command           ap_source returned 0; 0.001 sec.
INFO: [HLS 200-100] Execute           source D:/Xilinx/Vivado_HLS/2017.2/common/technology/xilinx/interface/fsl.gen 
INFO: [HLS 200-100] Command           ap_source returned 0; 0.001 sec.
INFO: [HLS 200-100] Execute           source D:/Xilinx/Vivado_HLS/2017.2/common/technology/xilinx/interface/axi4.gen 
INFO: [HLS 200-100] Command           ap_source returned 0; 0.003 sec.
INFO: [HLS 200-100] Execute           source D:/Xilinx/Vivado_HLS/2017.2/common/technology/xilinx/interface/nativeAXI4.gen 
INFO: [HLS 200-100] Execute             source D:/Xilinx/Vivado_HLS/2017.2/common/technology/xilinx/interface/saxilite.gen 
INFO: [HLS 200-100] Command             ap_source returned 0; 0.004 sec.
INFO: [HLS 200-100] Execute             source D:/Xilinx/Vivado_HLS/2017.2/common/technology/xilinx/interface/maxi.gen 
INFO: [HLS 200-100] Command             ap_source returned 0; 0.01 sec.
INFO: [HLS 200-100] Command           ap_source returned 0; 0.016 sec.
INFO: [HLS 200-100] Execute           source D:/Xilinx/Vivado_HLS/2017.2/common/technology/xilinx/scripts/xilinxcoregen.gen 
INFO: [HLS 200-100] Command           ap_source returned 0; 0.013 sec.
INFO: [HLS 200-100] Execute           source D:/Xilinx/Vivado_HLS/2017.2/common/technology/xilinx/interface/XilEDKCoreGen.gen 
INFO: [HLS 200-100] Command           ap_source returned 0; 0.009 sec.
INFO: [HLS 200-100] Execute           source D:/Xilinx/Vivado_HLS/2017.2/common/technology/xilinx/ip/dds_compiler.gen 
INFO: [HLS 200-100] Command           ap_source returned 0; 0.003 sec.
INFO: [HLS 200-100] Execute           source D:/Xilinx/Vivado_HLS/2017.2/common/technology/xilinx/ip/util.gen 
INFO: [HLS 200-100] Command           ap_source returned 0; 0 sec.
INFO: [HLS 200-100] Execute           source D:/Xilinx/Vivado_HLS/2017.2/common/technology/xilinx/ip/xfft.gen 
INFO: [HLS 200-100] Command           ap_source returned 0; 0.084 sec.
INFO: [HLS 200-100] Execute           source D:/Xilinx/Vivado_HLS/2017.2/common/technology/xilinx/ip/xfir.gen 
INFO: [HLS 200-100] Command           ap_source returned 0; 0.001 sec.
INFO: [HLS 200-100] Command         ap_source returned 0; 0.135 sec.
INFO: [HLS 200-100] Execute         source D:/Xilinx/Vivado_HLS/2017.2/common/technology/xilinx/common/dsp48.gen 
INFO: [HLS 200-100] Command         ap_source returned 0; 0.001 sec.
INFO: [HLS 200-100] Command       ap_source returned 0; 0.138 sec.
INFO: [HLS 200-100] Command     ap_source returned 0; 0.138 sec.
INFO: [HLS 200-100] Execute     open_platform DefaultPlatform 
INFO: [HLS 200-100] Command     open_platform returned 0; 0 sec.
INFO: [HLS 200-100] Execute     import_lib D:/Xilinx/Vivado_HLS/2017.2/common/technology/xilinx/kintex7/kintex7_fpv6 
INFO: [HLS 200-100] Execute       source D:/Xilinx/Vivado_HLS/2017.2/common/technology/xilinx/common/xilinx_fpv7.lib 
INFO: [HLS 200-100] Execute         source D:/Xilinx/Vivado_HLS/2017.2/common/technology/xilinx/common/xilinx_hp.lib 
INFO: [HLS 200-100] Command         ap_source returned 0; 0.001 sec.
INFO: [HLS 200-100] Command       ap_source returned 0; 0.004 sec.
INFO: [HLS 200-100] Execute       source D:/Xilinx/Vivado_HLS/2017.2/common/technology/xilinx/common/xilinx_fpv.hlp 
INFO: [HLS 200-100] Execute         source D:/Xilinx/Vivado_HLS/2017.2/common/technology/xilinx/common/xilinx.hlp 
INFO: [HLS 200-100] Execute           source D:/Xilinx/Vivado_HLS/2017.2/common/technology/xilinx/common/target_info.tcl 
INFO: [HLS 200-100] Command           ap_source returned 0; 0.028 sec.
INFO: [HLS 200-100] Execute           source D:/Xilinx/Vivado_HLS/2017.2/common/technology/xilinx/interface/xilinx_interface.hlp 
INFO: [HLS 200-100] Execute             source D:/Xilinx/Vivado_HLS/2017.2/common/technology/xilinx/interface/maxi.hlp 
INFO: [HLS 200-100] Command             ap_source returned 0; 0 sec.
INFO: [HLS 200-100] Execute             source D:/Xilinx/Vivado_HLS/2017.2/common/technology/xilinx/interface/saxilite.hlp 
INFO: [HLS 200-100] Command             ap_source returned 0; 0 sec.
INFO: [HLS 200-100] Command           ap_source returned 0; 0.001 sec.
INFO: [HLS 200-100] Execute           source D:/Xilinx/Vivado_HLS/2017.2/common/technology/xilinx/common/dsp48.hlp 
INFO: [HLS 200-100] Command           ap_source returned 0; 0.001 sec.
INFO: [HLS 200-100] Command         ap_source returned 0; 0.031 sec.
INFO: [HLS 200-100] Command       ap_source returned 0; 0.033 sec.
INFO: [HLS 200-100] Execute       source D:/Xilinx/Vivado_HLS/2017.2/common/technology/xilinx/kintex7/kintex7_hp.hlp 
INFO: [HLS 200-100] Command       ap_source returned 0; 0.002 sec.
INFO: [HLS 200-100] Command     import_lib returned 0; 0.048 sec.
INFO: [HLS 200-100] Execute     source D:/Xilinx/Vivado_HLS/2017.2/common/technology/xilinx/kintex7/kintex7_fpv6.gen 
INFO: [HLS 200-100] Execute       source D:/Xilinx/Vivado_HLS/2017.2/common/technology/xilinx/common/xilinx_fpv6.gen 
INFO: [HLS 200-100] Command       ap_source returned 0; 0.001 sec.
INFO: [HLS 200-100] Command     ap_source returned 0; 0.001 sec.
INFO: [HLS 200-100] Execute     set_part xc7k160tfbg484-1 
INFO: [HLS 200-100] Execute       add_library xilinx/kintex7/kintex7:xc7k160t:fbg484:-1 
INFO: [HLS 200-100] Execute         get_default_platform 
INFO: [HLS 200-100] Command         get_default_platform returned 0; 0 sec.
INFO: [HLS 200-100] Execute         license_isbetapart xc7k160t 
INFO: [HLS 200-100] Command         license_isbetapart returned 1; 0.03 sec.
INFO: [HLS 200-100] Execute         get_default_platform 
INFO: [HLS 200-100] Command         get_default_platform returned 0; 0 sec.
INFO: [HLS 200-100] Execute         config_chip_info -quiet -resource  {SLICE 25350} {LUT 101400}    {FF 202800} {DSP48E 600}    {BRAM 650}  
INFO: [HLS 200-100] Command         config_chip_info returned 0; 0 sec.
INFO: [HLS 200-100] Execute         config_chip_info -quiet -speed slow 
INFO: [HLS 200-100] Command         config_chip_info returned 0; 0 sec.
INFO: [HLS 200-100] Command       add_library returned 0; 0.05 sec.
INFO: [HLS 200-100] Execute       add_library xilinx/kintex7/kintex7_fpv6 
INFO: [HLS 200-100] Execute         get_default_platform 
INFO: [HLS 200-100] Command         get_default_platform returned 0; 0 sec.
INFO: [HLS 200-100] Command       add_library returned 0; 0.007 sec.
INFO: [HLS 200-10] Setting target device to 'xc7k160tfbg484-1'
INFO: [HLS 200-100] Execute       get_default_platform 
INFO: [HLS 200-100] Command       get_default_platform returned 0; 0 sec.
INFO: [HLS 200-100] Command     set_part returned 0; 0.132 sec.
INFO: [HLS 200-100] Execute     get_default_platform 
INFO: [HLS 200-100] Command     get_default_platform returned 0; 0 sec.
INFO: [HLS 200-100] Execute     config_chip_info -quiet -resource  {SLICE 25350} {LUT 101400}    {FF 202800} {DSP48E 600}    {BRAM 650}  
INFO: [HLS 200-100] Command     config_chip_info returned 0; 0 sec.
INFO: [HLS 200-100] Execute     config_chip_info -quiet -speed slow 
INFO: [HLS 200-100] Command     config_chip_info returned 0; 0 sec.
INFO: [HLS 200-100] Command   open_solution returned 0; 0.519 sec.
INFO: [HLS 200-100] Execute   set_part xc7k160tfbg484-1 -tool vivado 
INFO: [HLS 200-100] Execute     add_library xilinx/kintex7/kintex7:xc7k160t:fbg484:-1 
INFO: [HLS 200-100] Execute       get_default_platform 
INFO: [HLS 200-100] Command       get_default_platform returned 0; 0 sec.
INFO: [HLS 200-100] Execute       license_isbetapart xc7k160t 
INFO: [HLS 200-100] Command       license_isbetapart returned 1; 0 sec.
INFO: [HLS 200-100] Execute       get_default_platform 
INFO: [HLS 200-100] Command       get_default_platform returned 0; 0 sec.
INFO: [HLS 200-100] Execute       config_chip_info -quiet -resource  {SLICE 25350} {LUT 101400}    {FF 202800} {DSP48E 600}    {BRAM 650}  
INFO: [HLS 200-100] Command       config_chip_info returned 0; 0 sec.
INFO: [HLS 200-100] Execute       config_chip_info -quiet -speed slow 
INFO: [HLS 200-100] Command       config_chip_info returned 0; 0 sec.
INFO: [HLS 200-100] Command     add_library returned 0; 0.025 sec.
INFO: [HLS 200-100] Execute     add_library xilinx/kintex7/kintex7_fpv6 
INFO: [HLS 200-100] Execute       get_default_platform 
INFO: [HLS 200-100] Command       get_default_platform returned 0; 0 sec.
INFO: [HLS 200-100] Command     add_library returned 0; 0.006 sec.
INFO: [HLS 200-100] Execute     get_default_platform 
INFO: [HLS 200-100] Command     get_default_platform returned 0; 0 sec.
INFO: [HLS 200-100] Command   set_part returned 0; 0.189 sec.
INFO: [HLS 200-100] Execute   create_clock -period 10 -name default 
INFO: [HLS 200-100] Command   create_clock returned 0; 0.006 sec.
INFO: [HLS 200-100] Execute   csynth_design 
INFO: [HLS 200-100] Execute     elaborate -effort=medium -skip_syncheck=0 -keep_printf=0 -lm=0 -skip_cdt=0 -skip_transform=0 -ng=0 -g=0 -opt_fp=0 
WARNING: [HLS 200-40] Skipped source file 'results.csv'. Source files must have extensions .c, .C, .cc, .cpp, .c++, .cp, or .cxx.
INFO: [HLS 200-10] Analyzing design file 'matchedRee/matched.cpp' ... 
INFO: [HLS 200-0] Compiling one TU...
INFO: [HLS 200-100] Execute       is_m_axi_addr64 
INFO: [HLS 200-100] Command       is_m_axi_addr64 returned 0; 0 sec.
INFO: [HLS 200-0] Handling matchedRee/matched.cpp as C++
INFO: [HLS 200-0] Syntax Checking before pre-processing...
INFO: [HLS 200-100] Execute       clang  -fno-limit-debug-info -gcc-toolchain "D:/Xilinx/Vivado_HLS/2017.2/msys" -hls    -fno-math-errno -c -emit-llvm -O0  -mllvm -disable-llvm-optzns -fno-threadsafe-statics  -fno-use-cxa-atexit  -fno-threadsafe-statics -fno-use-cxa-atexit -D__CLANG_3_1__ -D__cdecl=   -I "D:/Xilinx/Vivado_HLS/2017.2/win64/tools/systemc/include" -I "D:/Xilinx/Vivado_HLS/2017.2/include" -I "D:/Xilinx/Vivado_HLS/2017.2/include/ap_sysc" -fexceptions -I "D:/Xilinx/Vivado_HLS/2017.2/common/technology/autopilot" -include etc/autopilot_ssdm_op.h "matchedRee/matched.cpp"  -o "D:/SeniorProject/RFNoCFrameSynchHWAccel/matchedRee/solution1/.autopilot/db/matched.pp.00.o" 
INFO: [HLS 200-0] exec clang -fno-limit-debug-info -gcc-toolchain D:/Xilinx/Vivado_HLS/2017.2/msys -hls -fno-math-errno -c -emit-llvm -O0 -mllvm -disable-llvm-optzns -fno-threadsafe-statics -fno-use-cxa-atexit -fno-threadsafe-statics -fno-use-cxa-atexit -D__CLANG_3_1__ -D__cdecl= -I D:/Xilinx/Vivado_HLS/2017.2/win64/tools/systemc/include -I D:/Xilinx/Vivado_HLS/2017.2/include -I D:/Xilinx/Vivado_HLS/2017.2/include/ap_sysc -fexceptions -I D:/Xilinx/Vivado_HLS/2017.2/common/technology/autopilot -include etc/autopilot_ssdm_op.h matchedRee/matched.cpp -o D:/SeniorProject/RFNoCFrameSynchHWAccel/matchedRee/solution1/.autopilot/db/matched.pp.00.o
INFO: [HLS 200-100] Command       clang returned 0; 5.672 sec.
INFO: [HLS 200-100] Execute       is_encrypted D:/SeniorProject/RFNoCFrameSynchHWAccel/matchedRee/solution1/.autopilot/db/matched.pp.00.o 
INFO: [HLS 200-100] Command       is_encrypted returned 0; 0 sec.
INFO: [HLS 200-0] Source preprocessing
INFO: [HLS 200-100] Execute       clang  -fno-limit-debug-info -gcc-toolchain "D:/Xilinx/Vivado_HLS/2017.2/msys" -hls -fno-exceptions  -D__llvm__  -CC -E "matchedRee/matched.cpp"     -fno-math-errno -c -emit-llvm -O0  -mllvm -disable-llvm-optzns -fno-threadsafe-statics  -fno-use-cxa-atexit  -fno-threadsafe-statics -fno-use-cxa-atexit -D__CLANG_3_1__ -D__cdecl= -DAESL_SYN -D__SYNTHESIS__ -D__HLS_SYN__ -I "D:/Xilinx/Vivado_HLS/2017.2/common/technology/autopilot" -I "D:/Xilinx/Vivado_HLS/2017.2/common/technology/autopilot/ap_sysc" -include etc/autopilot_ssdm_op.h  -o "D:/SeniorProject/RFNoCFrameSynchHWAccel/matchedRee/solution1/.autopilot/db/matched.pp.0.cpp" 
INFO: [HLS 200-0] exec clang -fno-limit-debug-info -gcc-toolchain D:/Xilinx/Vivado_HLS/2017.2/msys -hls -fno-exceptions -D__llvm__ -CC -E matchedRee/matched.cpp -fno-math-errno -c -emit-llvm -O0 -mllvm -disable-llvm-optzns -fno-threadsafe-statics -fno-use-cxa-atexit -fno-threadsafe-statics -fno-use-cxa-atexit -D__CLANG_3_1__ -D__cdecl= -DAESL_SYN -D__SYNTHESIS__ -D__HLS_SYN__ -I D:/Xilinx/Vivado_HLS/2017.2/common/technology/autopilot -I D:/Xilinx/Vivado_HLS/2017.2/common/technology/autopilot/ap_sysc -include etc/autopilot_ssdm_op.h -o D:/SeniorProject/RFNoCFrameSynchHWAccel/matchedRee/solution1/.autopilot/db/matched.pp.0.cpp
INFO: [HLS 200-100] Command       clang returned 0; 0.89 sec.
INFO: [HLS 200-0] GCC PP time: 0 seconds per iteration
INFO: [HLS 200-100] Execute       list_core -type functional_unit 
INFO: [HLS 200-100] Command       list_core returned 0; 0.013 sec.
INFO: [HLS 200-0] CDT Preprocessing...
INFO: [HLS 200-0] Marker-Pragma convertor: D:/SeniorProject/RFNoCFrameSynchHWAccel/matchedRee/solution1/.autopilot/db/matched.pp.0.cpp D:/SeniorProject/RFNoCFrameSynchHWAccel/matchedRee/solution1/.autopilot/db/matched.pp.0.cpp.ap-line.cpp D:/SeniorProject/RFNoCFrameSynchHWAccel/matchedRee/solution1/.autopilot/db/matched.pp.0.cpp.ap-line.cpp.CXX 1
INFO: [HLS 200-0] Converting Markers to Pragmas...
INFO: [HLS 200-100] Execute       cdt  "D:/SeniorProject/RFNoCFrameSynchHWAccel/matchedRee/solution1/.autopilot/db/matched.pp.0.cpp.ap-line.cpp"  -m "MatcherRee" -o "D:/SeniorProject/RFNoCFrameSynchHWAccel/matchedRee/solution1/.autopilot/db/matched.pp.0.cpp.ap-cdt.cpp" --pp --directive D:/SeniorProject/RFNoCFrameSynchHWAccel/matchedRee/solution1/solution1.directive --source D:/SeniorProject/RFNoCFrameSynchHWAccel/matchedRee/matched.cpp --error D:/SeniorProject/RFNoCFrameSynchHWAccel/matchedRee/solution1/.autopilot/db --funcunit "AddSub AddSub_DSP AddSubnS DAddSub_fulldsp DAddSub_nodsp DDiv DExp_fulldsp DExp_meddsp DExp_nodsp DLog_fulldsp DLog_meddsp DLog_nodsp DMul_fulldsp DMul_maxdsp DMul_meddsp DMul_nodsp DRSqrt DRecip DSqrt DivnS FAddSub_fulldsp FAddSub_nodsp FDiv FExp_fulldsp FExp_meddsp FExp_nodsp FLog_fulldsp FLog_meddsp FLog_nodsp FMul_fulldsp FMul_maxdsp FMul_meddsp FMul_nodsp FRSqrt_fulldsp FRSqrt_nodsp FRecip_fulldsp FRecip_nodsp FSqrt HAddSub_fulldsp HAddSub_meddsp HAddSub_nodsp HDiv HMul_fulldsp HMul_maxdsp HMul_nodsp HSqrt Mul Mul2S Mul3S Mul4S Mul5S Mul6S Mul_LUT MulnS MuxnS" --ve --vetcl D:/SeniorProject/RFNoCFrameSynchHWAccel/matchedRee/solution1/.autopilot/db --ca --es --gf --pd --p2d D:/SeniorProject/RFNoCFrameSynchHWAccel/matchedRee/solution1/.autopilot/db --sd --scff D:/SeniorProject/RFNoCFrameSynchHWAccel/matchedRee/solution1/.autopilot/db/.systemc_flag --ad 
INFO: [HLS 200-100] Command       cdt returned 0; 10.551 sec.
INFO: [HLS 200-0] Marker-Pragma convertor: D:/SeniorProject/RFNoCFrameSynchHWAccel/matchedRee/solution1/.autopilot/db/matched.pp.0.cpp.ap-cdt.cpp D:/SeniorProject/RFNoCFrameSynchHWAccel/matchedRee/solution1/.autopilot/db/matched.pragma.0.cpp D:/SeniorProject/RFNoCFrameSynchHWAccel/matchedRee/solution1/.autopilot/db/matched.pragma.0.cpp.ap-line.CXX 0
INFO: [HLS 200-0] Converting Pragmas to Markers...
INFO: [HLS 200-100] Execute       source D:/SeniorProject/RFNoCFrameSynchHWAccel/matchedRee/solution1/.autopilot/db/pragma.status.tcl 
INFO: [HLS 200-100] Command       ap_source returned 0; 0.001 sec.
INFO: [HLS 200-0] Pragma Handling...
INFO: [HLS 200-0] Source preprocessing
INFO: [HLS 200-100] Execute       clang  -fno-limit-debug-info -gcc-toolchain "D:/Xilinx/Vivado_HLS/2017.2/msys" -hls -fno-exceptions  -D__llvm__  -CC -E "D:/SeniorProject/RFNoCFrameSynchHWAccel/matchedRee/solution1/.autopilot/db/matched.pragma.1.cpp"     -fno-math-errno -c -emit-llvm -O0  -mllvm -disable-llvm-optzns -fno-threadsafe-statics  -fno-use-cxa-atexit  -fno-threadsafe-statics -fno-use-cxa-atexit -D__CLANG_3_1__ -D__cdecl= -DAESL_SYN -D__SYNTHESIS__ -D__HLS_SYN__ -I "D:/Xilinx/Vivado_HLS/2017.2/common/technology/autopilot" -I "D:/Xilinx/Vivado_HLS/2017.2/common/technology/autopilot/ap_sysc" -include etc/autopilot_ssdm_op.h  -o "D:/SeniorProject/RFNoCFrameSynchHWAccel/matchedRee/solution1/.autopilot/db/matched.pragma.2.cpp" 
INFO: [HLS 200-0] exec clang -fno-limit-debug-info -gcc-toolchain D:/Xilinx/Vivado_HLS/2017.2/msys -hls -fno-exceptions -D__llvm__ -CC -E D:/SeniorProject/RFNoCFrameSynchHWAccel/matchedRee/solution1/.autopilot/db/matched.pragma.1.cpp -fno-math-errno -c -emit-llvm -O0 -mllvm -disable-llvm-optzns -fno-threadsafe-statics -fno-use-cxa-atexit -fno-threadsafe-statics -fno-use-cxa-atexit -D__CLANG_3_1__ -D__cdecl= -DAESL_SYN -D__SYNTHESIS__ -D__HLS_SYN__ -I D:/Xilinx/Vivado_HLS/2017.2/common/technology/autopilot -I D:/Xilinx/Vivado_HLS/2017.2/common/technology/autopilot/ap_sysc -include etc/autopilot_ssdm_op.h -o D:/SeniorProject/RFNoCFrameSynchHWAccel/matchedRee/solution1/.autopilot/db/matched.pragma.2.cpp
INFO: [HLS 200-100] Command       clang returned 0; 0.354 sec.
INFO: [HLS 200-0] Processing labels
INFO: [HLS 200-100] Execute       clang  -fno-limit-debug-info -gcc-toolchain D:/Xilinx/Vivado_HLS/2017.2/msys -hls -hls-analyze-label -hls-analyze-pragma -fno-exceptions  -D__llvm__  -w  "D:/SeniorProject/RFNoCFrameSynchHWAccel/matchedRee/solution1/.autopilot/db/matched.pragma.2.cpp"    -fno-math-errno -c -emit-llvm -O0  -mllvm -disable-llvm-optzns -fno-threadsafe-statics  -fno-use-cxa-atexit -DAESL_SYN -D__SYNTHESIS__ -D__HLS_SYN__ -I "D:/Xilinx/Vivado_HLS/2017.2/common/technology/autopilot" -I "D:/Xilinx/Vivado_HLS/2017.2/common/technology/autopilot/ap_sysc" -include etc/autopilot_ssdm_op.h -g -o "D:/SeniorProject/RFNoCFrameSynchHWAccel/matchedRee/solution1/.autopilot/db/matched.g.bc" 
INFO: [HLS 200-0] exec clang -fno-limit-debug-info -gcc-toolchain D:/Xilinx/Vivado_HLS/2017.2/msys -hls -hls-analyze-label -hls-analyze-pragma -fno-exceptions -D__llvm__ -w D:/SeniorProject/RFNoCFrameSynchHWAccel/matchedRee/solution1/.autopilot/db/matched.pragma.2.cpp -fno-math-errno -c -emit-llvm -O0 -mllvm -disable-llvm-optzns -fno-threadsafe-statics -fno-use-cxa-atexit -DAESL_SYN -D__SYNTHESIS__ -D__HLS_SYN__ -I D:/Xilinx/Vivado_HLS/2017.2/common/technology/autopilot -I D:/Xilinx/Vivado_HLS/2017.2/common/technology/autopilot/ap_sysc -include etc/autopilot_ssdm_op.h -g -o D:/SeniorProject/RFNoCFrameSynchHWAccel/matchedRee/solution1/.autopilot/db/matched.g.bc
INFO: [HLS 200-100] Command       clang returned 0; 0.894 sec.
WARNING: [HLS 200-40] Skipped source file 'inputCorrr.dat'. Source files must have extensions .c, .C, .cc, .cpp, .c++, .cp, or .cxx.
INFO: [HLS 200-100] Execute       source D:/SeniorProject/RFNoCFrameSynchHWAccel/matchedRee/solution1/.autopilot/db/ve_warning.tcl 
INFO: [HLS 200-100] Command       ap_source returned 0; 0 sec.
INFO: [HLS 200-10] Validating synthesis directives ...
INFO: [HLS 200-100] Execute       source D:/SeniorProject/RFNoCFrameSynchHWAccel/matchedRee/solution1/.autopilot/db/pragma.status.tcl 
INFO: [HLS 200-100] Command       ap_source returned 0; 0 sec.
INFO: [HLS 200-111] Finished Checking Pragmas Time (s): cpu = 00:00:02 ; elapsed = 00:00:21 . Memory (MB): peak = 96.977 ; gain = 47.301
INFO: [HLS 200-0] Linking Release ...
INFO: [HLS 200-100] Execute       llvm-ld D:/SeniorProject/RFNoCFrameSynchHWAccel/matchedRee/solution1/.autopilot/db/matched.bc -disable-opt -LD:/Xilinx/Vivado_HLS/2017.2/win64/lib -lm_basic -o D:/SeniorProject/RFNoCFrameSynchHWAccel/matchedRee/solution1/.autopilot/db/a.o 
INFO: [HLS 200-100] Command       llvm-ld returned 0; 1.807 sec.
INFO: [HLS 200-100] Execute       disassemble D:/SeniorProject/RFNoCFrameSynchHWAccel/matchedRee/solution1/.autopilot/db/a.o D:/SeniorProject/RFNoCFrameSynchHWAccel/matchedRee/solution1/.autopilot/db/a.o 
INFO: [HLS 200-100] Execute         is_encrypted D:/SeniorProject/RFNoCFrameSynchHWAccel/matchedRee/solution1/.autopilot/db/a.o.bc 
INFO: [HLS 200-100] Command         is_encrypted returned 0; 0 sec.
INFO: [HLS 200-100] Command       disassemble returned 0; 0.558 sec.
INFO: [HLS 200-0] Disassemble time: 0 seconds per iteration
INFO: [HLS 200-0] Linking Debug ...
INFO: [HLS 200-100] Execute       llvm-ld D:/SeniorProject/RFNoCFrameSynchHWAccel/matchedRee/solution1/.autopilot/db/matched.g.bc -disable-opt -LD:/Xilinx/Vivado_HLS/2017.2/win64/lib -lm_basic -o D:/SeniorProject/RFNoCFrameSynchHWAccel/matchedRee/solution1/.autopilot/db/a.g 
INFO: [HLS 200-100] Command       llvm-ld returned 0; 0.362 sec.
INFO: [HLS 200-100] Execute       disassemble D:/SeniorProject/RFNoCFrameSynchHWAccel/matchedRee/solution1/.autopilot/db/a.g D:/SeniorProject/RFNoCFrameSynchHWAccel/matchedRee/solution1/.autopilot/db/a.g 
INFO: [HLS 200-100] Execute         is_encrypted D:/SeniorProject/RFNoCFrameSynchHWAccel/matchedRee/solution1/.autopilot/db/a.g.bc 
INFO: [HLS 200-100] Command         is_encrypted returned 0; 0 sec.
INFO: [HLS 200-100] Command       disassemble returned 0; 0.146 sec.
INFO: [HLS 200-0] Disassemble time: 0 seconds per iteration
INFO: [HLS 200-111] Finished Linking Time (s): cpu = 00:00:02 ; elapsed = 00:00:24 . Memory (MB): peak = 97.012 ; gain = 47.336
INFO: [HLS 200-100] Execute       opt_and_import_c a -opt_level=2 -skip_syncheck=0 -ng=0 -keep_printf=0 
INFO: [HLS 200-100] Execute         cleanup_all_models 
INFO: [HLS 200-100] Command         cleanup_all_models returned 0; 0 sec.
INFO: [HLS 200-10] Starting code transformations ...
INFO: [HLS 200-100] Execute         transform -promote-dbg-pointer D:/SeniorProject/RFNoCFrameSynchHWAccel/matchedRee/solution1/.autopilot/db/a.pp.bc -o D:/SeniorProject/RFNoCFrameSynchHWAccel/matchedRee/solution1/.autopilot/db/a.pp.0.bc -f 
INFO: [HLS 200-100] Command         transform returned 0; 0.456 sec.
INFO: [HLS 200-100] Execute         llvm-ld D:/SeniorProject/RFNoCFrameSynchHWAccel/matchedRee/solution1/.autopilot/db/a.pp.0.bc -disable-opt -LD:/Xilinx/Vivado_HLS/2017.2/win64/lib -lfloatconversion -o D:/SeniorProject/RFNoCFrameSynchHWAccel/matchedRee/solution1/.autopilot/db/a.g.0 
INFO: [HLS 200-100] Command         llvm-ld returned 0; 0.599 sec.
INFO: [HLS 200-0] Running Standard Transforms...
INFO: [HLS 200-100] Execute         transform -hls -share-std-xform -demangle-name -inline-byval-memcpy -always-inline -promote-dbg-pointer -interface-preproc -scalarrepl -mem2reg -keep-read-access -instcombine -dce -promote-dbg-pointer -bitop-raise -loop-simplify -indvarspre -indvars -loop-simplify -xunroll -constprop -instcombine -simplifycfg -indvars -simplifycfg -dce -globaldce -basicaa -simplifycfg -mem2reg -globalopt -global-constprop -deadargelim -instcombine -simplifycfg -prune-eh -simplifycfg -scalarrepl -instcombine -reassociate -licm -simplifycfg -loop-simplify -indvars -instcombine -simplifycfg -mem2reg -loop-simplify -indvars -instcombine -gvn -gvn -instcombine -adce -break-crit-edges -simplifycfg -loop-delete -global-array-opt -dce -dse -adce -find-syn-modules -top MatcherRee -deadargelim -mem2reg -instcombine -dce -presyn-prepare -auto-rom-infer -interface-preproc -syn-check -check-rec-only -find-region -simplifycfg -func-extr -function-inline -globaldce -mem2reg -instcombine -dce -gvn -globaldce -adce -adse -constprop -instcombine -bit-constprop -instcombine -dce -simplifycfg -bitop-raise -simplifycfg -dce -loop-delete -reassociate -globalopt -global-privatize -mem2reg -dce -global-constprop -pointer-simplify -constprop -dce -func-inst -deadargelim -auto-shift-reg-idiom -promote-dbg-pointer -norm-name D:/SeniorProject/RFNoCFrameSynchHWAccel/matchedRee/solution1/.autopilot/db/a.g.0.bc -o D:/SeniorProject/RFNoCFrameSynchHWAccel/matchedRee/solution1/.autopilot/db/a.g.1.bc -f -phase std-opt 
INFO: [HLS 200-100] Command         transform returned 0; 0.396 sec.
INFO: [HLS 200-100] Execute         disassemble D:/SeniorProject/RFNoCFrameSynchHWAccel/matchedRee/solution1/.autopilot/db/a.g.1 D:/SeniorProject/RFNoCFrameSynchHWAccel/matchedRee/solution1/.autopilot/db/a.g.1 
INFO: [HLS 200-100] Execute           is_encrypted D:/SeniorProject/RFNoCFrameSynchHWAccel/matchedRee/solution1/.autopilot/db/a.g.1.bc 
INFO: [HLS 200-100] Command           is_encrypted returned 0; 0 sec.
INFO: [HLS 200-100] Command         disassemble returned 0; 0.106 sec.
INFO: [HLS 200-111] Finished Standard Transforms Time (s): cpu = 00:00:02 ; elapsed = 00:00:26 . Memory (MB): peak = 114.059 ; gain = 64.383
INFO: [HLS 200-10] Checking synthesizability ...
INFO: [HLS 200-0] Checking Synthesizability 1/2..
INFO: [HLS 200-100] Execute         transform -hls -syn-check -check-rec-only -disaggr -scalarrepl -norm-name -dce -mem2reg -instcombine -function-uniquify -directive-preproc -mem2reg -dse -dce -auto-rom-infer -dce -array-normalize -instcombine -dce -warn-fifo-pointer -array-seg-normalize -instcombine -dce -array-flatten -instcombine -dce -array-burst -dce -deadargelim -promote-global-argument -simplifycfg -mem2reg -globaldce -resolve-double-ptr -dce -deadargelim -dce -instcombine -function-inline -globaldce -dce -doublePtrSimplify -doublePtrElim -dce -doublePtrSimplify -promote-dbg-pointer -dce -scalarrepl -dse -adse -instcombine -ptrLegalization -simplifycfg -dce -instcombine -pointer-simplify -ptrArgReplace -dce -instcombine -disaggr -scalarrepl -norm-name -dce -mem2reg -instcombine -ptrLegalization -simplifycfg -deadargelim -instcombine -dce -inst-simplify -function-uniquify -directive-preproc -mem2reg -dse -dce -globaldce D:/SeniorProject/RFNoCFrameSynchHWAccel/matchedRee/solution1/.autopilot/db/a.g.1.bc -o D:/SeniorProject/RFNoCFrameSynchHWAccel/matchedRee/solution1/.autopilot/db/a.g.2.prechk.bc -f 
INFO: [HLS 200-100] Command         transform returned 0; 0.171 sec.
INFO: [HLS 200-0] Checking Synthesizability 2/2..
INFO: [HLS 200-100] Execute         transform -syn-check D:/SeniorProject/RFNoCFrameSynchHWAccel/matchedRee/solution1/.autopilot/db/a.g.2.prechk.bc -o D:/SeniorProject/RFNoCFrameSynchHWAccel/matchedRee/solution1/.autopilot/db/a.g.2.bc -f -phase syn-check 
INFO: [HLS 200-100] Command         transform returned 0; 0.049 sec.
INFO: [HLS 200-111] Finished Checking Synthesizability Time (s): cpu = 00:00:02 ; elapsed = 00:00:26 . Memory (MB): peak = 121.098 ; gain = 71.422
INFO: [HLS 200-0] Compiler optimizing ...
INFO: [HLS 200-0] Share syncheck's 1.bc for syn flow: copy D:/SeniorProject/RFNoCFrameSynchHWAccel/matchedRee/solution1/.autopilot/db/a.g.1.bc to D:/SeniorProject/RFNoCFrameSynchHWAccel/matchedRee/solution1/.autopilot/db/a.o.1.bc
INFO: [HLS 200-0] Presyn 1...
INFO: [HLS 200-100] Execute         transform -hls -tmp D:/SeniorProject/RFNoCFrameSynchHWAccel/matchedRee/solution1/.autopilot/db -interface-port-rename -type-info -function-uniquify -directive-preproc -mem2reg -dse -dce -disaggr -scalarrepl -norm-name -deadargelim -mem2reg -instcombine -dce -auto-rom-infer -dce -function-uniquify -resource-proc -simplifycfg -mem2reg -globaldce -resolve-double-ptr -dce -deadargelim -dce -instcombine -clib-intrinsic-prepare -dce -func-buffer -dce -array-normalize -func-legal -instcombine -gvn -constprop -dce -ptrArgReplace -mem2reg -instcombine -dce -array-seg-normalize -deadargelim -instcombine -dce -pointer-simplify -dce -port-alignment -dce -interface-preproc -data-pack -instcombine -dce -basicaa -aggr-aa -aggrmodref-aa -aggr-aa -gvn -gvn -basicaa -aggr-aa -aggrmodref-aa -aggr-aa -dse -adse -adce -loop-simplify -indvars -instcombine -gvn -loop-simplify -mem2reg -dce -simplifycfg -find-region -instcombine -auto-loop-pipeline -inst-simplify -interface-preproc -cfgopt -instcombine -indvars -auto-loop-unroll -loop-simplify -loop-bound -xunroll -constprop -instcombine -simplifycfg -indvars -simplifycfg -dce -globaldce -clean-region -attach-range -gvn -inst-simplify -constprop -simplifycfg -dce -pointer-simplify -dce -globalopt -constprop -dce -array-promote -constprop -instcombine -dce -ptrArgReplace -mem2reg -instcombine -simplifycfg -dce -auto-par -instcombine -dce -array-transform-check -array-reshape -instcombine -simplifycfg -dce -ptrArgReplace -deadargelim -mem2reg -instcombine -simplifycfg -dce -indvars -loop-simplify -loop-bound -xunroll -constprop -instcombine -simplifycfg -indvars -simplifycfg -dce -globaldce -duplicate-dataflow-processes -globaldce -instcombine -array-partition -instcombine -simplifycfg -dce -ptrArgReplace -global-constprop -deadargelim -mem2reg -func-legal -instcombine -dce -global-constprop -deadargelim -mem2reg -instcombine -simplifycfg -dce -globalopt -constprop -dce -array-promote -constprop -instcombine -dce -ptrArgReplace -mem2reg -instcombine -simplifycfg -dce -mem-intrinsic-preproc -dce -global-privatize -mem2reg -globaldce -promote-global-argument -ptrArgReplace -mem2reg -instcombine -dce -globalopt -mergereturn -simplify-global-access -mem2reg -dce -pointer-simplify -dce -functionattrs -basicaa -aggr-aa -aggrmodref-aa -aggr-aa -gvn -gvn -basicaa -aggr-aa -aggrmodref-aa -aggr-aa -dse -adse -adce -inst-simplify -dce -norm-name -function-inline -globaldce -func-inst -constprop -instcombine -simplifycfg -dce -func-legal -dce -loop-bound -arraycheck -bitwidthmin -on-by-dataflow -loop-delete -instcombine -simplifycfg -globaldce -dce -gvn -deadargelim -dce -loop-simplify -clean-region -simplifycfg -propagate-stable-arguments -loop-stream -instcombine -simplifycfg -dce -globaldce -stream-intrinsic-preproc -dce -check-ap-stream -loop-simplify -eliminate-keepreads -extract-dataflow-in-loop -loop-simplify -dce -gvn -deadargelim -dse -check-dataflow-syntax -legalize-stream-variable -legalize-global -extract-subproc -dce -dead-channel-elimination -canonicalize-gep -globaldce -dce -gvn -deadargelim -annotate-dataflow-channels -scalar-propagation -deadargelim -globaldce -mem2reg -check-dataflow-channels -function-stream -dce -globaldce -prop-fifo-spec -internal-stream-gen -canonicalize-gep -globaldce -dce -gvn -deadargelim -mergereturn -indvars -loop-simplify -instcombine -array-stream -array-seg-normalize -array-partition -func-legal -instcombine -simplifycfg -dce -bundle-memfifo-ops -deadargelim -function-uniquify -directive-preproc -mem2reg -dse -dce -group-axi-access -licm -simplifycfg -dce -loop-delete -norm-name D:/SeniorProject/RFNoCFrameSynchHWAccel/matchedRee/solution1/.autopilot/db/a.o.1.bc -o D:/SeniorProject/RFNoCFrameSynchHWAccel/matchedRee/solution1/.autopilot/db/a.o.1.tmp.bc -f 
INFO: [XFORM 203-502] Unrolling all loops for pipelining in function 'MatcherRee' (matchedRee/matched.cpp:29).
INFO: [XFORM 203-501] Unrolling loop 'SHIFT_DATA' (matchedRee/matched.cpp:86) in function 'MatcherRee' completely.
INFO: [XFORM 203-501] Unrolling loop 'CAL_MATCH' (matchedRee/matched.cpp:97) in function 'MatcherRee' completely.
INFO: [XFORM 203-101] Partitioning array 'buffI.V'  in dimension 1 completely.
INFO: [XFORM 203-101] Partitioning array 'buffQ.V'  in dimension 1 completely.
INFO: [XFORM 203-101] Partitioning array 'preamble.V'  in dimension 1 completely.
INFO: [HLS 200-100] Command         transform returned 0; 0.423 sec.
INFO: [HLS 200-0] Presyn 2...
INFO: [HLS 200-100] Execute         transform -hls -keep-callgraph -scalarrepl -mem2reg -port-alignment -attach-range -dce -pipe-mux-gen -indvars -loop-bound -inst-simplify -instcombine -dce -merge-array-access -mem2reg -dce -clean-region -mergereturn -if-conv -instcombine -dce -constprop -basicaa -aggr-aa -aggrmodref-aa -aggr-aa -gvn -gvn -basicaa -aggr-aa -aggrmodref-aa -aggr-aa -dse -adse -adce -scalarrepl -mem2reg -global-constprop -deadargelim -deadargelim -instcombine -dce -simplifycfg -ptrArgReplace -mem2reg -function-inline -globaldce -mem2reg -instcombine -dce -expr-balance -instcombine -dce -bitwidthmin -interface-preproc -directive-preproc -inst-rectify -instcombine -dce -functionattrs -constprop -instcombine -bit-constprop -simplify-global-access -globalopt -globaldce -inst-simplify -instcombine -elimdeaddata -dce -loop-delete -simplifycfg -loop-simplify -auto-burst -norm-name D:/SeniorProject/RFNoCFrameSynchHWAccel/matchedRee/solution1/.autopilot/db/a.o.1.tmp.bc -o D:/SeniorProject/RFNoCFrameSynchHWAccel/matchedRee/solution1/.autopilot/db/a.o.2.bc -f -phase presyn 
INFO: [HLS 200-100] Command         transform returned 0; 0.209 sec.
INFO: [HLS 200-100] Execute         disassemble D:/SeniorProject/RFNoCFrameSynchHWAccel/matchedRee/solution1/.autopilot/db/a.o.2 D:/SeniorProject/RFNoCFrameSynchHWAccel/matchedRee/solution1/.autopilot/db/a.o.2 
INFO: [HLS 200-100] Execute           is_encrypted D:/SeniorProject/RFNoCFrameSynchHWAccel/matchedRee/solution1/.autopilot/db/a.o.2.bc 
INFO: [HLS 200-100] Command           is_encrypted returned 0; 0.001 sec.
INFO: [HLS 200-100] Command         disassemble returned 0; 0.101 sec.
INFO: [HLS 200-111] Finished Pre-synthesis Time (s): cpu = 00:00:03 ; elapsed = 00:00:27 . Memory (MB): peak = 152.301 ; gain = 102.625
INFO: [HLS 200-0] Building ssdm...
INFO: [HLS 200-100] Execute         transform -hls -function-uniquify -auto-function-inline -globaldce -ptrArgReplace -mem2reg -instcombine -dce -reset-lda -loop-simplify -indvars -licm -loop-dep -loop-bound -licm -loop-simplify -flattenloopnest -array-flatten -gvn -instcombine -dce -array-map -dce -func-legal -gvn -adce -instcombine -cfgopt -simplifycfg -loop-simplify -array-burst -promote-global-argument -dce -axi4-lower -array-seg-normalize -basicaa -aggrmodref-aa -globalsmodref-aa -aggr-aa -gvn -gvn -basicaa -aggrmodref-aa -globalsmodref-aa -aggr-aa -dse -adse -adce -licm -inst-simplify -dce -globaldce -instcombine -array-stream -eliminate-keepreads -instcombine -dce -deadargelim -doublePtrSimplify -doublePtrElim -dce -doublePtrSimplify -promote-dbg-pointer -dce -scalarrepl -mem2reg -disaggr -norm-name -mem2reg -instcombine -dse -adse -adce -ptrLegalization -dce -auto-rom-infer -array-flatten -dce -instcombine -check-doubleptr -loop-rot -constprop -cfgopt -simplifycfg -loop-simplify -indvars -pointer-simplify -dce -loop-bound -loop-simplify -loop-preproc -constprop -global-constprop -gvn -mem2reg -instcombine -dce -loop-bound -loop-merge -dce -bitwidthmin -deadargelim -dce -canonicalize-dataflow -dce -scalar-propagation -deadargelim -globaldce -mem2reg -interface-preproc -interface-gen -deadargelim -directive-preproc -inst-simplify -dce -gvn -mem2reg -instcombine -dce -adse -loop-bound -instcombine -cfgopt -simplifycfg -loop-simplify -clean-region -io-protocol -find-region -mem2reg -bitop-raise -inst-simplify -inst-rectify -instcombine -adce -deadargelim -loop-simplify -phi-opt -bitop-raise -cfgopt -simplifycfg -strip-dead-prototypes -interface-lower -bitop-lower -intrinsic-lower -auto-function-inline -basicaa -aggrmodref-aa -globalsmodref-aa -aggr-aa -inst-simplify -simplifycfg -loop-simplify -mergereturn -inst-simplify -inst-rectify -dce -bitop-lower -loop-rewind -pointer-simplify -dce -cfgopt -read-loop-dep -dce -bitwidth -loop-dep -norm-name -legalize -validate-dataflow -cdfg-build D:/SeniorProject/RFNoCFrameSynchHWAccel/matchedRee/solution1/.autopilot/db/a.o.2.bc -o D:/SeniorProject/RFNoCFrameSynchHWAccel/matchedRee/solution1/.autopilot/db/a.o.3.bc -f -phase build-ssdm 
INFO: [HLS 200-100] Command         transform returned 0; 0.337 sec.
INFO: [HLS 200-100] Execute         disassemble D:/SeniorProject/RFNoCFrameSynchHWAccel/matchedRee/solution1/.autopilot/db/a.o.3 D:/SeniorProject/RFNoCFrameSynchHWAccel/matchedRee/solution1/.autopilot/db/a.o.3 
INFO: [HLS 200-100] Execute           is_encrypted D:/SeniorProject/RFNoCFrameSynchHWAccel/matchedRee/solution1/.autopilot/db/a.o.3.bc 
INFO: [HLS 200-100] Command           is_encrypted returned 0; 0.001 sec.
INFO: [HLS 200-100] Command         disassemble returned 0; 0.062 sec.
INFO: [HLS 200-111] Finished Architecture Synthesis Time (s): cpu = 00:00:03 ; elapsed = 00:00:28 . Memory (MB): peak = 154.887 ; gain = 105.211
INFO: [HLS 200-0] Finish building internal data model.
INFO: [HLS 200-100] Command       opt_and_import_c returned 0; 3.31 sec.
INFO: [HLS 200-100] Command     elaborate returned 0; 26.257 sec.
INFO: [HLS 200-100] Execute     autosyn 
INFO: [HLS 200-10] Starting hardware synthesis ...
INFO: [HLS 200-0] Synthesizing C/C++ design ...
INFO: [HLS 200-10] Synthesizing 'MatcherRee' ...
INFO: [HLS 200-100] Execute       ap_set_top_model MatcherRee 
INFO: [HLS 200-100] Command       ap_set_top_model returned 0; 0 sec.
INFO: [HLS 200-100] Execute       get_model_list MatcherRee -filter all-wo-channel -topdown 
INFO: [HLS 200-100] Command       get_model_list returned 0; 0 sec.
INFO: [HLS 200-100] Execute       preproc_iomode -model MatcherRee 
INFO: [HLS 200-100] Command       preproc_iomode returned 0; 0.003 sec.
INFO: [HLS 200-100] Execute       get_model_list MatcherRee -filter all-wo-channel 
INFO: [HLS 200-100] Command       get_model_list returned 0; 0 sec.
INFO: [HLS 200-0] Model list for configure: MatcherRee
INFO: [HLS 200-0] Configuring Module : MatcherRee ...
INFO: [HLS 200-100] Execute       set_default_model MatcherRee 
INFO: [HLS 200-100] Command       set_default_model returned 0; 0.002 sec.
INFO: [HLS 200-100] Execute       apply_spec_resource_limit MatcherRee 
INFO: [HLS 200-100] Command       apply_spec_resource_limit returned 0; 0 sec.
INFO: [HLS 200-0] Model list for preprocess: MatcherRee
INFO: [HLS 200-0] Preprocessing Module: MatcherRee ...
INFO: [HLS 200-100] Execute       set_default_model MatcherRee 
INFO: [HLS 200-100] Command       set_default_model returned 0; 0.002 sec.
INFO: [HLS 200-100] Execute       cdfg_preprocess -model MatcherRee 
INFO: [HLS 200-100] Command       cdfg_preprocess returned 0; 0.011 sec.
INFO: [HLS 200-100] Execute       rtl_gen_preprocess MatcherRee 
INFO: [HLS 200-100] Command       rtl_gen_preprocess returned 0; 0.002 sec.
INFO: [HLS 200-0] Model list for synthesis: MatcherRee
INFO: [HLS 200-10] ----------------------------------------------------------------
INFO: [HLS 200-10] -- Implementing module 'MatcherRee' 
INFO: [HLS 200-10] ----------------------------------------------------------------
INFO: [HLS 200-100] Execute       set_default_model MatcherRee 
INFO: [HLS 200-100] Command       set_default_model returned 0; 0.002 sec.
INFO: [HLS 200-100] Execute       schedule -model MatcherRee 
INFO: [SCHED 204-11] Starting scheduling ...
INFO: [SCHED 204-61] Pipelining function 'MatcherRee'.
INFO: [SCHED 204-61] Pipelining result: Target II: 1, Final II: 1, Depth: 10.
INFO: [SCHED 204-11] Finished scheduling.
INFO: [HLS 200-100] Command       schedule returned 0; 0.365 sec.
INFO: [HLS 200-111]  Elapsed time: 28.015 seconds; current allocated memory: 106.632 MB.
INFO: [HLS 200-100] Execute       report -o D:/SeniorProject/RFNoCFrameSynchHWAccel/matchedRee/solution1/.autopilot/db/MatcherRee.verbose.sched.rpt -verbose -f 
INFO: [HLS 200-100] Command       report returned 0; 0.152 sec.
INFO: [HLS 200-100] Execute       db_write -o D:/SeniorProject/RFNoCFrameSynchHWAccel/matchedRee/solution1/.autopilot/db/MatcherRee.sched.adb -f 
INFO: [HLS 200-100] Command       db_write returned 0; 0.17 sec.
INFO: [HLS 200-0] Finish scheduling MatcherRee.
INFO: [HLS 200-100] Execute       set_default_model MatcherRee 
INFO: [HLS 200-100] Command       set_default_model returned 0; 0.002 sec.
INFO: [HLS 200-100] Execute       bind -model MatcherRee 
INFO: [BIND 205-110] clear=
INFO: [BIND 205-110] debug=
INFO: [BIND 205-110] drf=
INFO: [BIND 205-110] effort=
INFO: [BIND 205-110] fast_refine=
INFO: [BIND 205-110] fu_weight=[ 0.0 -- 1.0 ]
INFO: [BIND 205-110] global_opt=
INFO: [BIND 205-110] gsearch=
INFO: [BIND 205-110] help=
INFO: [BIND 205-110] help-hidden=
INFO: [BIND 205-110] min_mem_port=
INFO: [BIND 205-110] min_op=
INFO: [BIND 205-110] minreg=
INFO: [BIND 205-110] ml=
INFO: [BIND 205-110] model=MatcherRee
INFO: [BIND 205-110] no_false_path=
INFO: [BIND 205-110] no_min_op=
INFO: [BIND 205-110] normalize=
INFO: [BIND 205-110] quiet=
INFO: [BIND 205-110] refine=
INFO: [BIND 205-110] reg_weight=[ 0.0 -- 1.0 ]
INFO: [BIND 205-110] search=
INFO: [BIND 205-110] tight_delay=
INFO: [BIND 205-110] verbose=
INFO: [BIND 205-110] wFF=
INFO: [BIND 205-110] wFU=
INFO: [BIND 205-110] wMUX=
INFO: [BIND 205-110] wNET=
INFO: [BIND 205-100] Starting micro-architecture generation ...
INFO: [BIND 205-101] Performing variable lifetime analysis.
INFO: [BIND 205-101] Exploring resource sharing.
INFO: [BIND 205-101] Binding ...
INFO: [BIND 205-100] Finished micro-architecture generation.
INFO: [HLS 200-100] Command       bind returned 0; 0.078 sec.
INFO: [HLS 200-111]  Elapsed time: 0.543 seconds; current allocated memory: 107.450 MB.
INFO: [HLS 200-100] Execute       report -o D:/SeniorProject/RFNoCFrameSynchHWAccel/matchedRee/solution1/.autopilot/db/MatcherRee.verbose.bind.rpt -verbose -f 
INFO: [HLS 200-100] Command       report returned 0; 0.066 sec.
INFO: [HLS 200-100] Execute       db_write -o D:/SeniorProject/RFNoCFrameSynchHWAccel/matchedRee/solution1/.autopilot/db/MatcherRee.bind.adb -f 
INFO: [HLS 200-100] Command       db_write returned 0; 0.117 sec.
INFO: [HLS 200-0] Finish binding MatcherRee.
INFO: [HLS 200-100] Execute       get_model_list MatcherRee -filter all-wo-channel 
INFO: [HLS 200-100] Command       get_model_list returned 0; 0 sec.
INFO: [HLS 200-0] Preprocessing for RTLGen ...
INFO: [HLS 200-100] Execute       rtl_gen_preprocess MatcherRee 
INFO: [HLS 200-100] Command       rtl_gen_preprocess returned 0; 0 sec.
INFO: [HLS 200-0] Model list for RTL generation: MatcherRee
INFO: [HLS 200-10] ----------------------------------------------------------------
INFO: [HLS 200-10] -- Generating RTL for module 'MatcherRee' 
INFO: [HLS 200-10] ----------------------------------------------------------------
INFO: [HLS 200-100] Execute       create_rtl_model MatcherRee -vendor xilinx -mg_file D:/SeniorProject/RFNoCFrameSynchHWAccel/matchedRee/solution1/.autopilot/db/MatcherRee.compgen.tcl 
INFO: [RTGEN 206-500] Setting interface mode on port 'MatcherRee/i_data_V_data_V' to 'axis' (register, both mode).
INFO: [RTGEN 206-500] Setting interface mode on port 'MatcherRee/i_data_V_last_V' to 'axis' (register, both mode).
INFO: [RTGEN 206-500] Setting interface mode on port 'MatcherRee/o_data_V_data_V' to 'axis' (register, both mode).
INFO: [RTGEN 206-500] Setting interface mode on port 'MatcherRee/o_data_V_last_V' to 'axis' (register, both mode).
INFO: [RTGEN 206-500] Setting interface mode on port 'MatcherRee/start_V' to 'ap_none'.
INFO: [RTGEN 206-500] Setting interface mode on function 'MatcherRee' to 'ap_ctrl_none'.
WARNING: [RTGEN 206-101] Register 'currentState' is power-on initialization.
WARNING: [RTGEN 206-101] Register 'buffQ_V_14' is power-on initialization.
WARNING: [RTGEN 206-101] Register 'buffI_V_14' is power-on initialization.
WARNING: [RTGEN 206-101] Register 'buffQ_V_13' is power-on initialization.
WARNING: [RTGEN 206-101] Register 'buffI_V_13' is power-on initialization.
WARNING: [RTGEN 206-101] Register 'buffQ_V_12' is power-on initialization.
WARNING: [RTGEN 206-101] Register 'buffI_V_12' is power-on initialization.
WARNING: [RTGEN 206-101] Register 'buffQ_V_11' is power-on initialization.
WARNING: [RTGEN 206-101] Register 'buffI_V_11' is power-on initialization.
WARNING: [RTGEN 206-101] Register 'buffQ_V_10' is power-on initialization.
WARNING: [RTGEN 206-101] Register 'buffI_V_10' is power-on initialization.
WARNING: [RTGEN 206-101] Register 'buffQ_V_9' is power-on initialization.
WARNING: [RTGEN 206-101] Register 'buffI_V_9' is power-on initialization.
WARNING: [RTGEN 206-101] Register 'buffQ_V_8' is power-on initialization.
WARNING: [RTGEN 206-101] Register 'buffI_V_8' is power-on initialization.
WARNING: [RTGEN 206-101] Register 'buffQ_V_7' is power-on initialization.
WARNING: [RTGEN 206-101] Register 'buffI_V_7' is power-on initialization.
WARNING: [RTGEN 206-101] Register 'buffQ_V_6' is power-on initialization.
WARNING: [RTGEN 206-101] Register 'buffI_V_6' is power-on initialization.
WARNING: [RTGEN 206-101] Register 'buffQ_V_5' is power-on initialization.
WARNING: [RTGEN 206-101] Register 'buffI_V_5' is power-on initialization.
WARNING: [RTGEN 206-101] Register 'buffQ_V_4' is power-on initialization.
WARNING: [RTGEN 206-101] Register 'buffI_V_4' is power-on initialization.
WARNING: [RTGEN 206-101] Register 'buffQ_V_3' is power-on initialization.
WARNING: [RTGEN 206-101] Register 'buffI_V_3' is power-on initialization.
WARNING: [RTGEN 206-101] Register 'buffQ_V_2' is power-on initialization.
WARNING: [RTGEN 206-101] Register 'buffI_V_2' is power-on initialization.
WARNING: [RTGEN 206-101] Register 'buffQ_V_1' is power-on initialization.
WARNING: [RTGEN 206-101] Register 'buffI_V_1' is power-on initialization.
WARNING: [RTGEN 206-101] Register 'buffQ_V_0' is power-on initialization.
WARNING: [RTGEN 206-101] Register 'buffI_V_0' is power-on initialization.
INFO: [SYN 201-210] Renamed object name 'MatcherRee_mac_muladd_8ns_16s_21ns_21_1' to 'MatcherRee_mac_mubkb' due to the length limit 20
INFO: [SYN 201-210] Renamed object name 'MatcherRee_mac_muladd_9ns_16s_21ns_21_1' to 'MatcherRee_mac_mucud' due to the length limit 20
INFO: [RTGEN 206-100] Generating core module 'MatcherRee_mac_mubkb': 10 instance(s).
INFO: [RTGEN 206-100] Generating core module 'MatcherRee_mac_mucud': 18 instance(s).
INFO: [RTGEN 206-100] Finished creating RTL model for 'MatcherRee'.
INFO: [HLS 200-100] Command       create_rtl_model returned 0; 0.237 sec.
INFO: [HLS 200-111]  Elapsed time: 0.52 seconds; current allocated memory: 109.199 MB.
INFO: [HLS 200-100] Execute       source D:/SeniorProject/RFNoCFrameSynchHWAccel/matchedRee/solution1/.autopilot/db/MatcherRee.rtl_wrap.cfg.tcl 
INFO: [HLS 200-100] Command       ap_source returned 0; 0.049 sec.
INFO: [HLS 200-100] Execute       gen_rtl MatcherRee -istop -style xilinx -tracefl mytrace -tracefmt vcd -traceopt all -f -lang sc -o D:/SeniorProject/RFNoCFrameSynchHWAccel/matchedRee/solution1/syn/systemc/MatcherRee -synmodules MatcherRee 
INFO: [HLS 200-100] Command       gen_rtl returned 0; 0.034 sec.
INFO: [HLS 200-100] Execute       gen_rtl MatcherRee -istop -style xilinx -f -lang vhdl -o D:/SeniorProject/RFNoCFrameSynchHWAccel/matchedRee/solution1/syn/vhdl/MatcherRee 
INFO: [HLS 200-100] Command       gen_rtl returned 0; 0.053 sec.
INFO: [HLS 200-100] Execute       gen_rtl MatcherRee -istop -style xilinx -f -lang vlog -o D:/SeniorProject/RFNoCFrameSynchHWAccel/matchedRee/solution1/syn/verilog/MatcherRee 
INFO: [HLS 200-100] Command       gen_rtl returned 0; 0.033 sec.
INFO: [HLS 200-100] Execute       export_constraint_db -o D:/SeniorProject/RFNoCFrameSynchHWAccel/matchedRee/solution1/.autopilot/db/MatcherRee.constraint.tcl -f -tool general 
INFO: [HLS 200-100] Command       export_constraint_db returned 0; 0.021 sec.
INFO: [HLS 200-100] Execute       report -model MatcherRee -o D:/SeniorProject/RFNoCFrameSynchHWAccel/matchedRee/solution1/.autopilot/db/MatcherRee.design.xml -verbose -f -dv 
INFO: [HLS 200-100] Command       report returned 0; 0.051 sec.
INFO: [HLS 200-100] Execute       report -model MatcherRee -o D:/SeniorProject/RFNoCFrameSynchHWAccel/matchedRee/solution1/.autopilot/db/MatcherRee.sdaccel.xml -verbose -f -sdaccel 
INFO: [HLS 200-100] Command       report returned 0; 0.122 sec.
INFO: [HLS 200-100] Execute       gen_tb_info MatcherRee -o D:/SeniorProject/RFNoCFrameSynchHWAccel/matchedRee/solution1/.autopilot/db/MatcherRee -p D:/SeniorProject/RFNoCFrameSynchHWAccel/matchedRee/solution1/.autopilot/db 
INFO: [HLS 200-100] Command       gen_tb_info returned 0; 0.096 sec.
INFO: [HLS 200-100] Execute       report -model MatcherRee -o D:/SeniorProject/RFNoCFrameSynchHWAccel/matchedRee/solution1/syn/report/MatcherRee_csynth.rpt -f 
INFO: [HLS 200-100] Command       report returned 0; 0.053 sec.
INFO: [HLS 200-100] Execute       report -model MatcherRee -o D:/SeniorProject/RFNoCFrameSynchHWAccel/matchedRee/solution1/syn/report/MatcherRee_csynth.xml -f -x 
INFO: [HLS 200-100] Command       report returned 0; 0.037 sec.
INFO: [HLS 200-100] Execute       report -model MatcherRee -o D:/SeniorProject/RFNoCFrameSynchHWAccel/matchedRee/solution1/.autopilot/db/MatcherRee.verbose.rpt -verbose -f 
INFO: [HLS 200-100] Command       report returned 0; 0.199 sec.
INFO: [HLS 200-100] Execute       db_write -model MatcherRee -o D:/SeniorProject/RFNoCFrameSynchHWAccel/matchedRee/solution1/.autopilot/db/MatcherRee.adb -f 
INFO: [HLS 200-100] Command       db_write returned 0; 0.138 sec.
INFO: [HLS 200-100] Execute       sc_get_clocks MatcherRee 
INFO: [HLS 200-100] Command       sc_get_clocks returned 0; 0 sec.
INFO: [HLS 200-100] Execute       sc_get_portdomain MatcherRee 
INFO: [HLS 200-100] Command       sc_get_portdomain returned 0; 0 sec.
INFO: [HLS 200-0] Model list for RTL component generation: MatcherRee
INFO: [HLS 200-0] Handling components in module [MatcherRee] ... 
INFO: [HLS 200-100] Execute       source D:/SeniorProject/RFNoCFrameSynchHWAccel/matchedRee/solution1/.autopilot/db/MatcherRee.compgen.tcl 
INFO: [HLS 200-0] Found component MatcherRee_mac_mubkb.
INFO: [HLS 200-0] Append model MatcherRee_mac_mubkb
INFO: [HLS 200-0] Found component MatcherRee_mac_mucud.
INFO: [HLS 200-0] Append model MatcherRee_mac_mucud
INFO: [HLS 200-100] Command       ap_source returned 0; 0.039 sec.
INFO: [HLS 200-0] Append model MatcherRee
INFO: [HLS 200-0] Generating RTL model list ...
INFO: [HLS 200-0] All models in this session: MatcherRee_mac_mubkb MatcherRee_mac_mucud MatcherRee
INFO: [HLS 200-0] To file: write model MatcherRee_mac_mubkb
INFO: [HLS 200-0] To file: write model MatcherRee_mac_mucud
INFO: [HLS 200-0] To file: write model MatcherRee
INFO: [HLS 200-0] Finished generating RTL model list.


INFO: [HLS 200-0] RTL Generation done.
INFO: [HLS 200-0] CAS Generation done.
INFO: [HLS 200-0] CBC Generation done.
INFO: [HLS 200-100] Execute       export_ssdm D:/SeniorProject/RFNoCFrameSynchHWAccel/matchedRee/solution1/.autopilot/db/a.export.ll 
INFO: [HLS 200-100] Command       export_ssdm returned 0; 0.03 sec.
INFO: [HLS 200-100] Execute       source D:/SeniorProject/RFNoCFrameSynchHWAccel/matchedRee/solution1/.autopilot/db/global.setting.tcl 
INFO: [HLS 200-100] Command       ap_source returned 0; 0.002 sec.
INFO: [HLS 200-100] Execute       source D:/Xilinx/Vivado_HLS/2017.2/common/technology/generic/autopilot/common.gen 
INFO: [HLS 200-100] Execute         source D:/Xilinx/Vivado_HLS/2017.2/common/technology/generic/autopilot/APCoreGen.gen 
INFO: [HLS 200-100] Command         ap_source returned 0; 0.04 sec.
INFO: [HLS 200-100] Command       ap_source returned 0; 0.068 sec.
INFO: [HLS 200-100] Execute       source D:/Xilinx/Vivado_HLS/2017.2/common/technology/generic/autopilot/op.gen 
INFO: [HLS 200-100] Command       ap_source returned 0; 0.02 sec.
INFO: [HLS 200-100] Execute       source D:/Xilinx/Vivado_HLS/2017.2/common/technology/generic/autopilot/op_simcore.gen 
INFO: [HLS 200-100] Command       ap_source returned 0; 0.03 sec.
INFO: [HLS 200-100] Execute       source D:/Xilinx/Vivado_HLS/2017.2/common/technology/generic/autopilot/interface.gen 
INFO: [HLS 200-100] Command       ap_source returned 0; 0.015 sec.
INFO: [HLS 200-100] Execute       source D:/SeniorProject/RFNoCFrameSynchHWAccel/matchedRee/solution1/.autopilot/db/global.setting.tcl 
INFO: [HLS 200-100] Command       ap_source returned 0; 0.002 sec.
INFO: [HLS 200-100] Execute       source D:/Xilinx/Vivado_HLS/2017.2/common/technology/xilinx/kintex7/kintex7.gen 
INFO: [HLS 200-100] Execute         source D:/Xilinx/Vivado_HLS/2017.2/common/technology/xilinx/common/virtex.gen 
INFO: [HLS 200-100] Execute           source D:/Xilinx/Vivado_HLS/2017.2/common/technology/xilinx/common/xilinx.gen 
INFO: [HLS 200-100] Execute             source D:/Xilinx/Vivado_HLS/2017.2/common/technology/xilinx/interface/plb46.gen 
INFO: [HLS 200-100] Command             ap_source returned 0; 0.004 sec.
INFO: [HLS 200-100] Execute             source D:/Xilinx/Vivado_HLS/2017.2/common/technology/xilinx/interface/fsl.gen 
INFO: [HLS 200-100] Command             ap_source returned 0; 0.002 sec.
INFO: [HLS 200-100] Execute             source D:/Xilinx/Vivado_HLS/2017.2/common/technology/xilinx/interface/axi4.gen 
INFO: [HLS 200-100] Command             ap_source returned 0; 0.007 sec.
INFO: [HLS 200-100] Execute             source D:/Xilinx/Vivado_HLS/2017.2/common/technology/xilinx/interface/nativeAXI4.gen 
INFO: [HLS 200-100] Execute               source D:/Xilinx/Vivado_HLS/2017.2/common/technology/xilinx/interface/saxilite.gen 
INFO: [HLS 200-100] Command               ap_source returned 0; 0.009 sec.
INFO: [HLS 200-100] Execute               source D:/Xilinx/Vivado_HLS/2017.2/common/technology/xilinx/interface/maxi.gen 
INFO: [HLS 200-100] Command               ap_source returned 0; 0.016 sec.
INFO: [HLS 200-100] Command             ap_source returned 0; 0.027 sec.
INFO: [HLS 200-100] Execute             source D:/Xilinx/Vivado_HLS/2017.2/common/technology/xilinx/scripts/xilinxcoregen.gen 
INFO: [HLS 200-100] Command             ap_source returned 0; 0.015 sec.
INFO: [HLS 200-100] Execute             source D:/Xilinx/Vivado_HLS/2017.2/common/technology/xilinx/interface/XilEDKCoreGen.gen 
INFO: [HLS 200-100] Command             ap_source returned 0; 0.01 sec.
INFO: [HLS 200-100] Execute             source D:/Xilinx/Vivado_HLS/2017.2/common/technology/xilinx/ip/dds_compiler.gen 
INFO: [HLS 200-100] Command             ap_source returned 0; 0.003 sec.
INFO: [HLS 200-100] Execute             source D:/Xilinx/Vivado_HLS/2017.2/common/technology/xilinx/ip/util.gen 
INFO: [HLS 200-100] Command             ap_source returned 0; 0 sec.
INFO: [HLS 200-100] Execute             source D:/Xilinx/Vivado_HLS/2017.2/common/technology/xilinx/ip/xfft.gen 
INFO: [HLS 200-100] Command             ap_source returned 0; 0.076 sec.
INFO: [HLS 200-100] Execute             source D:/Xilinx/Vivado_HLS/2017.2/common/technology/xilinx/ip/xfir.gen 
INFO: [HLS 200-100] Command             ap_source returned 0; 0.001 sec.
INFO: [HLS 200-100] Command           ap_source returned 0; 0.154 sec.
INFO: [HLS 200-100] Execute           source D:/Xilinx/Vivado_HLS/2017.2/common/technology/xilinx/common/dsp48.gen 
INFO: [HLS 200-100] Command           ap_source returned 0; 0.001 sec.
INFO: [HLS 200-100] Command         ap_source returned 0; 0.16 sec.
INFO: [HLS 200-100] Command       ap_source returned 0; 0.161 sec.
INFO: [HLS 200-100] Execute       source D:/Xilinx/Vivado_HLS/2017.2/common/technology/xilinx/kintex7/kintex7_fpv6.gen 
INFO: [HLS 200-100] Execute         source D:/Xilinx/Vivado_HLS/2017.2/common/technology/xilinx/common/xilinx_fpv6.gen 
INFO: [HLS 200-100] Command         ap_source returned 0; 0.001 sec.
INFO: [HLS 200-100] Command       ap_source returned 0; 0.002 sec.
INFO: [HLS 200-100] Execute       source D:/SeniorProject/RFNoCFrameSynchHWAccel/matchedRee/solution1/.autopilot/db/global.setting.tcl 
INFO: [HLS 200-100] Command       ap_source returned 0; 0 sec.
INFO: [HLS 200-100] Execute       source D:/SeniorProject/RFNoCFrameSynchHWAccel/matchedRee/solution1/.autopilot/db/global.setting.tcl 
INFO: [HLS 200-100] Command       ap_source returned 0; 0 sec.
INFO: [HLS 200-100] Execute       source D:/SeniorProject/RFNoCFrameSynchHWAccel/matchedRee/solution1/.autopilot/db/global.setting.tcl 
INFO: [HLS 200-100] Command       ap_source returned 0; 0 sec.
INFO: [HLS 200-100] Execute       source D:/SeniorProject/RFNoCFrameSynchHWAccel/matchedRee/solution1/.autopilot/db/global.setting.tcl 
INFO: [HLS 200-100] Command       ap_source returned 0; 0.001 sec.
INFO: [HLS 200-100] Execute       source D:/SeniorProject/RFNoCFrameSynchHWAccel/matchedRee/solution1/.autopilot/db/MatcherRee.compgen.tcl 
INFO: [HLS 200-100] Command       ap_source returned 0; 0.159 sec.
INFO: [HLS 200-111] Finished generating all RTL models Time (s): cpu = 00:00:05 ; elapsed = 00:00:31 . Memory (MB): peak = 157.055 ; gain = 107.379
INFO: [SYSC 207-301] Generating SystemC RTL for MatcherRee.
INFO: [VHDL 208-304] Generating VHDL RTL for MatcherRee.
INFO: [VLOG 209-307] Generating Verilog RTL for MatcherRee.
INFO: [HLS 200-100] Command     autosyn returned 0; 3.386 sec.
INFO: [HLS 200-100] Command   csynth_design returned 0; 29.644 sec.
INFO: [HLS 200-100] Command ap_source returned 0; 30.399 sec.
INFO: [HLS 200-100] Execute cleanup_all 
INFO: [HLS 200-100] Command cleanup_all returned 0; 0.008 sec.
