

================================================================
== Vivado HLS Report for 'MatcherRee'
================================================================
* Date:           Sat Mar  2 17:03:57 2019

* Version:        2017.2 (Build 1909853 on Thu Jun 15 18:55:24 MDT 2017)
* Project:        matchedRee
* Solution:       solution1
* Product family: kintex7
* Target device:  xc7k160tfbg484-1


================================================================
== Performance Estimates
================================================================
+ Timing (ns): 
    * Summary: 
    +--------+-------+----------+------------+
    |  Clock | Target| Estimated| Uncertainty|
    +--------+-------+----------+------------+
    |ap_clk  |  10.00|      8.74|        1.25|
    +--------+-------+----------+------------+

+ Latency (clock cycles): 
    * Summary: 
    +-----+-----+-----+-----+----------+
    |  Latency  |  Interval | Pipeline |
    | min | max | min | max |   Type   |
    +-----+-----+-----+-----+----------+
    |    9|    9|    1|    1| function |
    +-----+-----+-----+-----+----------+

    + Detail: 
        * Instance: 
        N/A

        * Loop: 
        N/A

============================================================
+ Verbose Summary: Synthesis Manager
============================================================
InlineROM: 1
ExposeGlobal: 0
============================================================
+ Verbose Summary: CDFG Model
============================================================
IsTopModel: 1
ResetActiveHigh: 1
IsCombinational: 0
IsDatapathOnly: 0
HasWiredReturn: 1
HasMFsm: 2
HasVarLatency: 0
IsPipeline: 1
IsRtlPipelined: 1
IsInstanceOverlapped: 0
IsDontTouch: 0
HasImplIP: 0
IsGatedGlobalClock: 0

+ Individual pipeline summary: 
  * Pipeline-0: initiation interval (II) = 1, depth = 10


============================================================
+ Verbose Summary: Schedule
============================================================
* Number of FSM states: 10
* Pipeline: 1
  Pipeline-0: II = 1, D = 10, States = { 1 2 3 4 5 6 7 8 9 10 }
* Dataflow Pipeline: 0

* FSM state transitions: 
1 --> 
	2  / true
2 --> 
	3  / true
3 --> 
	4  / true
4 --> 
	5  / true
5 --> 
	6  / true
6 --> 
	7  / true
7 --> 
	8  / true
8 --> 
	9  / true
9 --> 
	10  / true
10 --> 
* FSM state operations: 

 <State 1>: 1.40ns
ST_1: start_V_read (43)  [1/1] 0.00ns
codeRepl:6  %start_V_read = call i1 @_ssdm_op_Read.ap_auto.i1(i1 %start_V)

ST_1: currentState_load (51)  [1/1] 0.00ns  loc: matchedRee/matched.cpp:69
codeRepl:14  %currentState_load = load i1* @currentState, align 1

ST_1: StgValue_13 (54)  [1/1] 0.00ns  loc: matchedRee/matched.cpp:76
codeRepl:17  br i1 %currentState_load, label %2, label %0

ST_1: StgValue_14 (56)  [1/1] 0.00ns  loc: matchedRee/matched.cpp:78
:0  br i1 %start_V_read, label %1, label %._crit_edge242

ST_1: StgValue_15 (58)  [1/1] 0.00ns  loc: matchedRee/matched.cpp:79
:0  store i1 true, i1* @currentState, align 1

ST_1: empty (63)  [2/2] 0.00ns  loc: matchedRee/matched.cpp:84
:0  %empty = call { i32, i1 } @_ssdm_op_Read.axis.volatile.i32P.i1P(i32* %i_data_V_data_V, i1* %i_data_V_last_V)


 <State 2>: 1.69ns
ST_2: empty (63)  [1/2] 0.00ns  loc: matchedRee/matched.cpp:84
:0  %empty = call { i32, i1 } @_ssdm_op_Read.axis.volatile.i32P.i1P(i32* %i_data_V_data_V, i1* %i_data_V_last_V)

ST_2: tmp_data_V_1 (64)  [1/1] 0.00ns  loc: matchedRee/matched.cpp:84
:1  %tmp_data_V_1 = extractvalue { i32, i1 } %empty, 0

ST_2: tmp (123)  [1/1] 0.00ns  loc: matchedRee/matched.cpp:84
:60  %tmp = trunc i32 %tmp_data_V_1 to i11

ST_2: tmp_1 (126)  [1/1] 0.00ns  loc: matchedRee/matched.cpp:84
:63  %tmp_1 = call i11 @_ssdm_op_PartSelect.i11.i32.i32.i32(i32 %tmp_data_V_1, i32 16, i32 26)

ST_2: tmp_2 (129)  [1/1] 0.00ns  loc: matchedRee/matched.cpp:84
:66  %tmp_2 = trunc i32 %tmp_data_V_1 to i10

ST_2: p_shl1 (130)  [1/1] 0.00ns  loc: matchedRee/matched.cpp:98
:67  %p_shl1 = call i21 @_ssdm_op_BitConcatenate.i21.i10.i11(i10 %tmp_2, i11 0)

ST_2: p_shl2 (131)  [1/1] 0.00ns  loc: matchedRee/matched.cpp:98
:68  %p_shl2 = call i20 @_ssdm_op_BitConcatenate.i20.i11.i9(i11 %tmp, i9 0)

ST_2: p_shl2_cast (132)  [1/1] 0.00ns  loc: matchedRee/matched.cpp:98
:69  %p_shl2_cast = sext i20 %p_shl2 to i21

ST_2: p_Val2_7 (133)  [1/1] 1.69ns  loc: matchedRee/matched.cpp:98
:70  %p_Val2_7 = sub i21 %p_shl1, %p_shl2_cast

ST_2: tmp_3 (134)  [1/1] 0.00ns  loc: matchedRee/matched.cpp:84
:71  %tmp_3 = call i10 @_ssdm_op_PartSelect.i10.i32.i32.i32(i32 %tmp_data_V_1, i32 16, i32 25)

ST_2: p_shl3 (135)  [1/1] 0.00ns  loc: matchedRee/matched.cpp:99
:72  %p_shl3 = call i21 @_ssdm_op_BitConcatenate.i21.i10.i11(i10 %tmp_3, i11 0)

ST_2: p_shl4 (136)  [1/1] 0.00ns  loc: matchedRee/matched.cpp:99
:73  %p_shl4 = call i20 @_ssdm_op_BitConcatenate.i20.i11.i9(i11 %tmp_1, i9 0)

ST_2: p_shl4_cast (137)  [1/1] 0.00ns  loc: matchedRee/matched.cpp:99
:74  %p_shl4_cast = sext i20 %p_shl4 to i21

ST_2: p_Val2_s (138)  [1/1] 1.69ns  loc: matchedRee/matched.cpp:99
:75  %p_Val2_s = sub i21 %p_shl3, %p_shl4_cast

ST_2: tmp_6 (144)  [1/1] 0.00ns  loc: matchedRee/matched.cpp:98
:81  %tmp_6 = call i16 @_ssdm_op_PartSelect.i16.i21.i32.i32(i21 %p_Val2_7, i32 5, i32 20)

ST_2: tmp_9 (152)  [1/1] 0.00ns  loc: matchedRee/matched.cpp:99
:89  %tmp_9 = call i16 @_ssdm_op_PartSelect.i16.i21.i32.i32(i21 %p_Val2_s, i32 5, i32 20)


 <State 3>: 8.74ns
ST_3: buffQ_V_2_load (111)  [1/1] 0.00ns  loc: matchedRee/matched.cpp:88
:48  %buffQ_V_2_load = load i16* @buffQ_V_2, align 4

ST_3: buffI_V_2_load (113)  [1/1] 0.00ns  loc: matchedRee/matched.cpp:89
:50  %buffI_V_2_load = load i16* @buffI_V_2, align 4

ST_3: buffQ_V_1_load (115)  [1/1] 0.00ns  loc: matchedRee/matched.cpp:88
:52  %buffQ_V_1_load = load i16* @buffQ_V_1, align 2

ST_3: StgValue_36 (116)  [1/1] 0.00ns  loc: matchedRee/matched.cpp:88
:53  store i16 %buffQ_V_1_load, i16* @buffQ_V_2, align 4

ST_3: buffI_V_1_load (117)  [1/1] 0.00ns  loc: matchedRee/matched.cpp:89
:54  %buffI_V_1_load = load i16* @buffI_V_1, align 2

ST_3: StgValue_38 (118)  [1/1] 0.00ns  loc: matchedRee/matched.cpp:89
:55  store i16 %buffI_V_1_load, i16* @buffI_V_2, align 4

ST_3: buffQ_V_0_load (119)  [1/1] 0.00ns  loc: matchedRee/matched.cpp:88
:56  %buffQ_V_0_load = load i16* @buffQ_V_0, align 16

ST_3: StgValue_40 (120)  [1/1] 0.00ns  loc: matchedRee/matched.cpp:88
:57  store i16 %buffQ_V_0_load, i16* @buffQ_V_1, align 2

ST_3: buffI_V_0_load (121)  [1/1] 0.00ns  loc: matchedRee/matched.cpp:89
:58  %buffI_V_0_load = load i16* @buffI_V_0, align 16

ST_3: StgValue_42 (122)  [1/1] 0.00ns  loc: matchedRee/matched.cpp:89
:59  store i16 %buffI_V_0_load, i16* @buffI_V_1, align 2

ST_3: tmp_5 (124)  [1/1] 0.00ns  loc: matchedRee/matched.cpp:92
:61  %tmp_5 = call i16 @_ssdm_op_BitConcatenate.i16.i11.i5(i11 %tmp, i5 0)

ST_3: StgValue_44 (125)  [1/1] 0.00ns  loc: matchedRee/matched.cpp:92
:62  store i16 %tmp_5, i16* @buffQ_V_0, align 16

ST_3: tmp_7 (127)  [1/1] 0.00ns  loc: matchedRee/matched.cpp:93
:64  %tmp_7 = call i16 @_ssdm_op_BitConcatenate.i16.i11.i5(i11 %tmp_1, i5 0)

ST_3: StgValue_46 (128)  [1/1] 0.00ns  loc: matchedRee/matched.cpp:93
:65  store i16 %tmp_7, i16* @buffI_V_0, align 16

ST_3: tmp_4 (139)  [1/1] 0.00ns  loc: matchedRee/matched.cpp:88
:76  %tmp_4 = trunc i16 %buffQ_V_0_load to i15

ST_3: p_shl5 (140)  [1/1] 0.00ns  loc: matchedRee/matched.cpp:98
:77  %p_shl5 = call i21 @_ssdm_op_BitConcatenate.i21.i15.i6(i15 %tmp_4, i6 0)

ST_3: p_shl6 (141)  [1/1] 0.00ns  loc: matchedRee/matched.cpp:98
:78  %p_shl6 = call i20 @_ssdm_op_BitConcatenate.i20.i16.i4(i16 %buffQ_V_0_load, i4 0)

ST_3: p_shl6_cast (142)  [1/1] 0.00ns  loc: matchedRee/matched.cpp:98
:79  %p_shl6_cast = sext i20 %p_shl6 to i21

ST_3: p_Val2_7_1 (143)  [1/1] 1.31ns  loc: matchedRee/matched.cpp:98
:80  %p_Val2_7_1 = add i21 %p_shl6_cast, %p_shl5

ST_3: tmp_1_1 (145)  [1/1] 0.00ns  loc: matchedRee/matched.cpp:98
:82  %tmp_1_1 = call i21 @_ssdm_op_BitConcatenate.i21.i16.i5(i16 %tmp_6, i5 0)

ST_3: p_Val2_8_1 (146)  [1/1] 1.31ns  loc: matchedRee/matched.cpp:98
:83  %p_Val2_8_1 = add i21 %tmp_1_1, %p_Val2_7_1

ST_3: tmp_8 (147)  [1/1] 0.00ns  loc: matchedRee/matched.cpp:89
:84  %tmp_8 = trunc i16 %buffI_V_0_load to i15

ST_3: p_shl (148)  [1/1] 0.00ns  loc: matchedRee/matched.cpp:99
:85  %p_shl = call i21 @_ssdm_op_BitConcatenate.i21.i15.i6(i15 %tmp_8, i6 0)

ST_3: p_shl7 (149)  [1/1] 0.00ns  loc: matchedRee/matched.cpp:99
:86  %p_shl7 = call i20 @_ssdm_op_BitConcatenate.i20.i16.i4(i16 %buffI_V_0_load, i4 0)

ST_3: p_shl7_cast (150)  [1/1] 0.00ns  loc: matchedRee/matched.cpp:99
:87  %p_shl7_cast = sext i20 %p_shl7 to i21

ST_3: p_Val2_10_1 (151)  [1/1] 1.31ns  loc: matchedRee/matched.cpp:99
:88  %p_Val2_10_1 = add i21 %p_shl7_cast, %p_shl

ST_3: tmp_11_1 (153)  [1/1] 0.00ns  loc: matchedRee/matched.cpp:99
:90  %tmp_11_1 = call i21 @_ssdm_op_BitConcatenate.i21.i16.i5(i16 %tmp_9, i5 0)

ST_3: p_Val2_11_1 (154)  [1/1] 1.31ns  loc: matchedRee/matched.cpp:99
:91  %p_Val2_11_1 = add i21 %tmp_11_1, %p_Val2_10_1

ST_3: OP1_V_2_cast (155)  [1/1] 0.00ns  loc: matchedRee/matched.cpp:98
:92  %OP1_V_2_cast = sext i16 %buffQ_V_1_load to i21

ST_3: p_Val2_7_2 (156)  [1/1] 2.84ns  loc: matchedRee/matched.cpp:98
:93  %p_Val2_7_2 = mul i21 118, %OP1_V_2_cast

ST_3: tmp_s (157)  [1/1] 0.00ns  loc: matchedRee/matched.cpp:98
:94  %tmp_s = call i16 @_ssdm_op_PartSelect.i16.i21.i32.i32(i21 %p_Val2_8_1, i32 5, i32 20)

ST_3: tmp_1_2 (158)  [1/1] 0.00ns  loc: matchedRee/matched.cpp:98
:95  %tmp_1_2 = call i21 @_ssdm_op_BitConcatenate.i21.i16.i5(i16 %tmp_s, i5 0)

ST_3: p_Val2_8_2 (159)  [1/1] 2.95ns  loc: matchedRee/matched.cpp:98
:96  %p_Val2_8_2 = add i21 %tmp_1_2, %p_Val2_7_2

ST_3: OP1_V_1_2_cast (160)  [1/1] 0.00ns  loc: matchedRee/matched.cpp:99
:97  %OP1_V_1_2_cast = sext i16 %buffI_V_1_load to i21

ST_3: p_Val2_10_2 (161)  [1/1] 2.84ns  loc: matchedRee/matched.cpp:99
:98  %p_Val2_10_2 = mul i21 118, %OP1_V_1_2_cast

ST_3: tmp_10 (162)  [1/1] 0.00ns  loc: matchedRee/matched.cpp:99
:99  %tmp_10 = call i16 @_ssdm_op_PartSelect.i16.i21.i32.i32(i21 %p_Val2_11_1, i32 5, i32 20)

ST_3: tmp_11_2 (163)  [1/1] 0.00ns  loc: matchedRee/matched.cpp:99
:100  %tmp_11_2 = call i21 @_ssdm_op_BitConcatenate.i21.i16.i5(i16 %tmp_10, i5 0)

ST_3: p_Val2_11_2 (164)  [1/1] 2.95ns  loc: matchedRee/matched.cpp:99
:101  %p_Val2_11_2 = add i21 %tmp_11_2, %p_Val2_10_2

ST_3: OP1_V_3_cast (165)  [1/1] 0.00ns  loc: matchedRee/matched.cpp:98
:102  %OP1_V_3_cast = sext i16 %buffQ_V_2_load to i21

ST_3: p_Val2_7_3 (166)  [1/1] 2.84ns  loc: matchedRee/matched.cpp:98
:103  %p_Val2_7_3 = mul i21 156, %OP1_V_3_cast

ST_3: tmp_11 (167)  [1/1] 0.00ns  loc: matchedRee/matched.cpp:98
:104  %tmp_11 = call i16 @_ssdm_op_PartSelect.i16.i21.i32.i32(i21 %p_Val2_8_2, i32 5, i32 20)

ST_3: tmp_1_3 (168)  [1/1] 0.00ns  loc: matchedRee/matched.cpp:98
:105  %tmp_1_3 = call i21 @_ssdm_op_BitConcatenate.i21.i16.i5(i16 %tmp_11, i5 0)

ST_3: p_Val2_8_3 (169)  [1/1] 2.95ns  loc: matchedRee/matched.cpp:98
:106  %p_Val2_8_3 = add i21 %tmp_1_3, %p_Val2_7_3

ST_3: OP1_V_1_3_cast (170)  [1/1] 0.00ns  loc: matchedRee/matched.cpp:99
:107  %OP1_V_1_3_cast = sext i16 %buffI_V_2_load to i21

ST_3: p_Val2_10_3 (171)  [1/1] 2.84ns  loc: matchedRee/matched.cpp:99
:108  %p_Val2_10_3 = mul i21 156, %OP1_V_1_3_cast

ST_3: tmp_12 (172)  [1/1] 0.00ns  loc: matchedRee/matched.cpp:99
:109  %tmp_12 = call i16 @_ssdm_op_PartSelect.i16.i21.i32.i32(i21 %p_Val2_11_2, i32 5, i32 20)

ST_3: tmp_11_3 (173)  [1/1] 0.00ns  loc: matchedRee/matched.cpp:99
:110  %tmp_11_3 = call i21 @_ssdm_op_BitConcatenate.i21.i16.i5(i16 %tmp_12, i5 0)

ST_3: p_Val2_11_3 (174)  [1/1] 2.95ns  loc: matchedRee/matched.cpp:99
:111  %p_Val2_11_3 = add i21 %tmp_11_3, %p_Val2_10_3

ST_3: tmp_13 (177)  [1/1] 0.00ns  loc: matchedRee/matched.cpp:98
:114  %tmp_13 = call i16 @_ssdm_op_PartSelect.i16.i21.i32.i32(i21 %p_Val2_8_3, i32 5, i32 20)

ST_3: tmp_14 (182)  [1/1] 0.00ns  loc: matchedRee/matched.cpp:99
:119  %tmp_14 = call i16 @_ssdm_op_PartSelect.i16.i21.i32.i32(i21 %p_Val2_11_3, i32 5, i32 20)


 <State 4>: 8.74ns
ST_4: buffQ_V_4_load (103)  [1/1] 0.00ns  loc: matchedRee/matched.cpp:88
:40  %buffQ_V_4_load = load i16* @buffQ_V_4, align 8

ST_4: buffI_V_4_load (105)  [1/1] 0.00ns  loc: matchedRee/matched.cpp:89
:42  %buffI_V_4_load = load i16* @buffI_V_4, align 8

ST_4: buffQ_V_3_load (107)  [1/1] 0.00ns  loc: matchedRee/matched.cpp:88
:44  %buffQ_V_3_load = load i16* @buffQ_V_3, align 2

ST_4: StgValue_86 (108)  [1/1] 0.00ns  loc: matchedRee/matched.cpp:88
:45  store i16 %buffQ_V_3_load, i16* @buffQ_V_4, align 8

ST_4: buffI_V_3_load (109)  [1/1] 0.00ns  loc: matchedRee/matched.cpp:89
:46  %buffI_V_3_load = load i16* @buffI_V_3, align 2

ST_4: StgValue_88 (110)  [1/1] 0.00ns  loc: matchedRee/matched.cpp:89
:47  store i16 %buffI_V_3_load, i16* @buffI_V_4, align 8

ST_4: StgValue_89 (112)  [1/1] 0.00ns  loc: matchedRee/matched.cpp:88
:49  store i16 %buffQ_V_2_load, i16* @buffQ_V_3, align 2

ST_4: StgValue_90 (114)  [1/1] 0.00ns  loc: matchedRee/matched.cpp:89
:51  store i16 %buffI_V_2_load, i16* @buffI_V_3, align 2

ST_4: OP1_V_4_cast (175)  [1/1] 0.00ns  loc: matchedRee/matched.cpp:98
:112  %OP1_V_4_cast = sext i16 %buffQ_V_3_load to i21

ST_4: p_Val2_7_4 (176)  [1/1] 2.84ns  loc: matchedRee/matched.cpp:98
:113  %p_Val2_7_4 = mul i21 169, %OP1_V_4_cast

ST_4: tmp_1_4 (178)  [1/1] 0.00ns  loc: matchedRee/matched.cpp:98
:115  %tmp_1_4 = call i21 @_ssdm_op_BitConcatenate.i21.i16.i5(i16 %tmp_13, i5 0)

ST_4: p_Val2_8_4 (179)  [1/1] 2.95ns  loc: matchedRee/matched.cpp:98
:116  %p_Val2_8_4 = add i21 %tmp_1_4, %p_Val2_7_4

ST_4: OP1_V_1_4_cast (180)  [1/1] 0.00ns  loc: matchedRee/matched.cpp:99
:117  %OP1_V_1_4_cast = sext i16 %buffI_V_3_load to i21

ST_4: p_Val2_10_4 (181)  [1/1] 2.84ns  loc: matchedRee/matched.cpp:99
:118  %p_Val2_10_4 = mul i21 169, %OP1_V_1_4_cast

ST_4: tmp_11_4 (183)  [1/1] 0.00ns  loc: matchedRee/matched.cpp:99
:120  %tmp_11_4 = call i21 @_ssdm_op_BitConcatenate.i21.i16.i5(i16 %tmp_14, i5 0)

ST_4: p_Val2_11_4 (184)  [1/1] 2.95ns  loc: matchedRee/matched.cpp:99
:121  %p_Val2_11_4 = add i21 %tmp_11_4, %p_Val2_10_4

ST_4: OP1_V_5_cast (185)  [1/1] 0.00ns  loc: matchedRee/matched.cpp:98
:122  %OP1_V_5_cast = sext i16 %buffQ_V_4_load to i21

ST_4: p_Val2_7_5 (186)  [1/1] 2.84ns  loc: matchedRee/matched.cpp:98
:123  %p_Val2_7_5 = mul i21 204, %OP1_V_5_cast

ST_4: tmp_15 (187)  [1/1] 0.00ns  loc: matchedRee/matched.cpp:98
:124  %tmp_15 = call i16 @_ssdm_op_PartSelect.i16.i21.i32.i32(i21 %p_Val2_8_4, i32 5, i32 20)

ST_4: tmp_1_5 (188)  [1/1] 0.00ns  loc: matchedRee/matched.cpp:98
:125  %tmp_1_5 = call i21 @_ssdm_op_BitConcatenate.i21.i16.i5(i16 %tmp_15, i5 0)

ST_4: p_Val2_8_5 (189)  [1/1] 2.95ns  loc: matchedRee/matched.cpp:98
:126  %p_Val2_8_5 = add i21 %tmp_1_5, %p_Val2_7_5

ST_4: OP1_V_1_5_cast (190)  [1/1] 0.00ns  loc: matchedRee/matched.cpp:99
:127  %OP1_V_1_5_cast = sext i16 %buffI_V_4_load to i21

ST_4: p_Val2_10_5 (191)  [1/1] 2.84ns  loc: matchedRee/matched.cpp:99
:128  %p_Val2_10_5 = mul i21 204, %OP1_V_1_5_cast

ST_4: tmp_16 (192)  [1/1] 0.00ns  loc: matchedRee/matched.cpp:99
:129  %tmp_16 = call i16 @_ssdm_op_PartSelect.i16.i21.i32.i32(i21 %p_Val2_11_4, i32 5, i32 20)

ST_4: tmp_11_5 (193)  [1/1] 0.00ns  loc: matchedRee/matched.cpp:99
:130  %tmp_11_5 = call i21 @_ssdm_op_BitConcatenate.i21.i16.i5(i16 %tmp_16, i5 0)

ST_4: p_Val2_11_5 (194)  [1/1] 2.95ns  loc: matchedRee/matched.cpp:99
:131  %p_Val2_11_5 = add i21 %tmp_11_5, %p_Val2_10_5

ST_4: tmp_17 (197)  [1/1] 0.00ns  loc: matchedRee/matched.cpp:98
:134  %tmp_17 = call i16 @_ssdm_op_PartSelect.i16.i21.i32.i32(i21 %p_Val2_8_5, i32 5, i32 20)

ST_4: tmp_18 (202)  [1/1] 0.00ns  loc: matchedRee/matched.cpp:99
:139  %tmp_18 = call i16 @_ssdm_op_PartSelect.i16.i21.i32.i32(i21 %p_Val2_11_5, i32 5, i32 20)


 <State 5>: 8.74ns
ST_5: buffQ_V_6_load (95)  [1/1] 0.00ns  loc: matchedRee/matched.cpp:88
:32  %buffQ_V_6_load = load i16* @buffQ_V_6, align 4

ST_5: buffI_V_6_load (97)  [1/1] 0.00ns  loc: matchedRee/matched.cpp:89
:34  %buffI_V_6_load = load i16* @buffI_V_6, align 4

ST_5: buffQ_V_5_load (99)  [1/1] 0.00ns  loc: matchedRee/matched.cpp:88
:36  %buffQ_V_5_load = load i16* @buffQ_V_5, align 2

ST_5: StgValue_114 (100)  [1/1] 0.00ns  loc: matchedRee/matched.cpp:88
:37  store i16 %buffQ_V_5_load, i16* @buffQ_V_6, align 4

ST_5: buffI_V_5_load (101)  [1/1] 0.00ns  loc: matchedRee/matched.cpp:89
:38  %buffI_V_5_load = load i16* @buffI_V_5, align 2

ST_5: StgValue_116 (102)  [1/1] 0.00ns  loc: matchedRee/matched.cpp:89
:39  store i16 %buffI_V_5_load, i16* @buffI_V_6, align 4

ST_5: StgValue_117 (104)  [1/1] 0.00ns  loc: matchedRee/matched.cpp:88
:41  store i16 %buffQ_V_4_load, i16* @buffQ_V_5, align 2

ST_5: StgValue_118 (106)  [1/1] 0.00ns  loc: matchedRee/matched.cpp:89
:43  store i16 %buffI_V_4_load, i16* @buffI_V_5, align 2

ST_5: OP1_V_6_cast (195)  [1/1] 0.00ns  loc: matchedRee/matched.cpp:98
:132  %OP1_V_6_cast = sext i16 %buffQ_V_5_load to i21

ST_5: p_Val2_7_6 (196)  [1/1] 2.84ns  loc: matchedRee/matched.cpp:98
:133  %p_Val2_7_6 = mul i21 182, %OP1_V_6_cast

ST_5: tmp_1_6 (198)  [1/1] 0.00ns  loc: matchedRee/matched.cpp:98
:135  %tmp_1_6 = call i21 @_ssdm_op_BitConcatenate.i21.i16.i5(i16 %tmp_17, i5 0)

ST_5: p_Val2_8_6 (199)  [1/1] 2.95ns  loc: matchedRee/matched.cpp:98
:136  %p_Val2_8_6 = add i21 %tmp_1_6, %p_Val2_7_6

ST_5: OP1_V_1_6_cast (200)  [1/1] 0.00ns  loc: matchedRee/matched.cpp:99
:137  %OP1_V_1_6_cast = sext i16 %buffI_V_5_load to i21

ST_5: p_Val2_10_6 (201)  [1/1] 2.84ns  loc: matchedRee/matched.cpp:99
:138  %p_Val2_10_6 = mul i21 182, %OP1_V_1_6_cast

ST_5: tmp_11_6 (203)  [1/1] 0.00ns  loc: matchedRee/matched.cpp:99
:140  %tmp_11_6 = call i21 @_ssdm_op_BitConcatenate.i21.i16.i5(i16 %tmp_18, i5 0)

ST_5: p_Val2_11_6 (204)  [1/1] 2.95ns  loc: matchedRee/matched.cpp:99
:141  %p_Val2_11_6 = add i21 %tmp_11_6, %p_Val2_10_6

ST_5: OP1_V_7_cast (205)  [1/1] 0.00ns  loc: matchedRee/matched.cpp:98
:142  %OP1_V_7_cast = sext i16 %buffQ_V_6_load to i21

ST_5: p_Val2_7_7 (206)  [1/1] 2.84ns  loc: matchedRee/matched.cpp:98
:143  %p_Val2_7_7 = mul i21 140, %OP1_V_7_cast

ST_5: tmp_19 (207)  [1/1] 0.00ns  loc: matchedRee/matched.cpp:98
:144  %tmp_19 = call i16 @_ssdm_op_PartSelect.i16.i21.i32.i32(i21 %p_Val2_8_6, i32 5, i32 20)

ST_5: tmp_1_7 (208)  [1/1] 0.00ns  loc: matchedRee/matched.cpp:98
:145  %tmp_1_7 = call i21 @_ssdm_op_BitConcatenate.i21.i16.i5(i16 %tmp_19, i5 0)

ST_5: p_Val2_8_7 (209)  [1/1] 2.95ns  loc: matchedRee/matched.cpp:98
:146  %p_Val2_8_7 = add i21 %tmp_1_7, %p_Val2_7_7

ST_5: OP1_V_1_7_cast (210)  [1/1] 0.00ns  loc: matchedRee/matched.cpp:99
:147  %OP1_V_1_7_cast = sext i16 %buffI_V_6_load to i21

ST_5: p_Val2_10_7 (211)  [1/1] 2.84ns  loc: matchedRee/matched.cpp:99
:148  %p_Val2_10_7 = mul i21 140, %OP1_V_1_7_cast

ST_5: tmp_20 (212)  [1/1] 0.00ns  loc: matchedRee/matched.cpp:99
:149  %tmp_20 = call i16 @_ssdm_op_PartSelect.i16.i21.i32.i32(i21 %p_Val2_11_6, i32 5, i32 20)

ST_5: tmp_11_7 (213)  [1/1] 0.00ns  loc: matchedRee/matched.cpp:99
:150  %tmp_11_7 = call i21 @_ssdm_op_BitConcatenate.i21.i16.i5(i16 %tmp_20, i5 0)

ST_5: p_Val2_11_7 (214)  [1/1] 2.95ns  loc: matchedRee/matched.cpp:99
:151  %p_Val2_11_7 = add i21 %tmp_11_7, %p_Val2_10_7

ST_5: tmp_21 (217)  [1/1] 0.00ns  loc: matchedRee/matched.cpp:98
:154  %tmp_21 = call i16 @_ssdm_op_PartSelect.i16.i21.i32.i32(i21 %p_Val2_8_7, i32 5, i32 20)

ST_5: tmp_22 (222)  [1/1] 0.00ns  loc: matchedRee/matched.cpp:99
:159  %tmp_22 = call i16 @_ssdm_op_PartSelect.i16.i21.i32.i32(i21 %p_Val2_11_7, i32 5, i32 20)


 <State 6>: 8.74ns
ST_6: buffQ_V_8_load (87)  [1/1] 0.00ns  loc: matchedRee/matched.cpp:88
:24  %buffQ_V_8_load = load i16* @buffQ_V_8, align 16

ST_6: buffI_V_8_load (89)  [1/1] 0.00ns  loc: matchedRee/matched.cpp:89
:26  %buffI_V_8_load = load i16* @buffI_V_8, align 16

ST_6: buffQ_V_7_load (91)  [1/1] 0.00ns  loc: matchedRee/matched.cpp:88
:28  %buffQ_V_7_load = load i16* @buffQ_V_7, align 2

ST_6: StgValue_142 (92)  [1/1] 0.00ns  loc: matchedRee/matched.cpp:88
:29  store i16 %buffQ_V_7_load, i16* @buffQ_V_8, align 16

ST_6: buffI_V_7_load (93)  [1/1] 0.00ns  loc: matchedRee/matched.cpp:89
:30  %buffI_V_7_load = load i16* @buffI_V_7, align 2

ST_6: StgValue_144 (94)  [1/1] 0.00ns  loc: matchedRee/matched.cpp:89
:31  store i16 %buffI_V_7_load, i16* @buffI_V_8, align 16

ST_6: StgValue_145 (96)  [1/1] 0.00ns  loc: matchedRee/matched.cpp:88
:33  store i16 %buffQ_V_6_load, i16* @buffQ_V_7, align 2

ST_6: StgValue_146 (98)  [1/1] 0.00ns  loc: matchedRee/matched.cpp:89
:35  store i16 %buffI_V_6_load, i16* @buffI_V_7, align 2

ST_6: OP1_V_8_cast (215)  [1/1] 0.00ns  loc: matchedRee/matched.cpp:98
:152  %OP1_V_8_cast = sext i16 %buffQ_V_7_load to i21

ST_6: p_Val2_7_8 (216)  [1/1] 2.84ns  loc: matchedRee/matched.cpp:98
:153  %p_Val2_7_8 = mul i21 121, %OP1_V_8_cast

ST_6: tmp_1_8 (218)  [1/1] 0.00ns  loc: matchedRee/matched.cpp:98
:155  %tmp_1_8 = call i21 @_ssdm_op_BitConcatenate.i21.i16.i5(i16 %tmp_21, i5 0)

ST_6: p_Val2_8_8 (219)  [1/1] 2.95ns  loc: matchedRee/matched.cpp:98
:156  %p_Val2_8_8 = add i21 %tmp_1_8, %p_Val2_7_8

ST_6: OP1_V_1_8_cast (220)  [1/1] 0.00ns  loc: matchedRee/matched.cpp:99
:157  %OP1_V_1_8_cast = sext i16 %buffI_V_7_load to i21

ST_6: p_Val2_10_8 (221)  [1/1] 2.84ns  loc: matchedRee/matched.cpp:99
:158  %p_Val2_10_8 = mul i21 121, %OP1_V_1_8_cast

ST_6: tmp_11_8 (223)  [1/1] 0.00ns  loc: matchedRee/matched.cpp:99
:160  %tmp_11_8 = call i21 @_ssdm_op_BitConcatenate.i21.i16.i5(i16 %tmp_22, i5 0)

ST_6: p_Val2_11_8 (224)  [1/1] 2.95ns  loc: matchedRee/matched.cpp:99
:161  %p_Val2_11_8 = add i21 %tmp_11_8, %p_Val2_10_8

ST_6: OP1_V_9_cast (225)  [1/1] 0.00ns  loc: matchedRee/matched.cpp:98
:162  %OP1_V_9_cast = sext i16 %buffQ_V_8_load to i21

ST_6: p_Val2_7_9 (226)  [1/1] 2.84ns  loc: matchedRee/matched.cpp:98
:163  %p_Val2_7_9 = mul i21 92, %OP1_V_9_cast

ST_6: tmp_23 (227)  [1/1] 0.00ns  loc: matchedRee/matched.cpp:98
:164  %tmp_23 = call i16 @_ssdm_op_PartSelect.i16.i21.i32.i32(i21 %p_Val2_8_8, i32 5, i32 20)

ST_6: tmp_1_9 (228)  [1/1] 0.00ns  loc: matchedRee/matched.cpp:98
:165  %tmp_1_9 = call i21 @_ssdm_op_BitConcatenate.i21.i16.i5(i16 %tmp_23, i5 0)

ST_6: p_Val2_8_9 (229)  [1/1] 2.95ns  loc: matchedRee/matched.cpp:98
:166  %p_Val2_8_9 = add i21 %tmp_1_9, %p_Val2_7_9

ST_6: OP1_V_1_9_cast (230)  [1/1] 0.00ns  loc: matchedRee/matched.cpp:99
:167  %OP1_V_1_9_cast = sext i16 %buffI_V_8_load to i21

ST_6: p_Val2_10_9 (231)  [1/1] 2.84ns  loc: matchedRee/matched.cpp:99
:168  %p_Val2_10_9 = mul i21 92, %OP1_V_1_9_cast

ST_6: tmp_24 (232)  [1/1] 0.00ns  loc: matchedRee/matched.cpp:99
:169  %tmp_24 = call i16 @_ssdm_op_PartSelect.i16.i21.i32.i32(i21 %p_Val2_11_8, i32 5, i32 20)

ST_6: tmp_11_9 (233)  [1/1] 0.00ns  loc: matchedRee/matched.cpp:99
:170  %tmp_11_9 = call i21 @_ssdm_op_BitConcatenate.i21.i16.i5(i16 %tmp_24, i5 0)

ST_6: p_Val2_11_9 (234)  [1/1] 2.95ns  loc: matchedRee/matched.cpp:99
:171  %p_Val2_11_9 = add i21 %tmp_11_9, %p_Val2_10_9

ST_6: tmp_25 (237)  [1/1] 0.00ns  loc: matchedRee/matched.cpp:98
:174  %tmp_25 = call i16 @_ssdm_op_PartSelect.i16.i21.i32.i32(i21 %p_Val2_8_9, i32 5, i32 20)

ST_6: tmp_26 (242)  [1/1] 0.00ns  loc: matchedRee/matched.cpp:99
:179  %tmp_26 = call i16 @_ssdm_op_PartSelect.i16.i21.i32.i32(i21 %p_Val2_11_9, i32 5, i32 20)


 <State 7>: 8.74ns
ST_7: buffQ_V_10_load (79)  [1/1] 0.00ns  loc: matchedRee/matched.cpp:88
:16  %buffQ_V_10_load = load i16* @buffQ_V_10, align 4

ST_7: buffI_V_10_load (81)  [1/1] 0.00ns  loc: matchedRee/matched.cpp:89
:18  %buffI_V_10_load = load i16* @buffI_V_10, align 4

ST_7: buffQ_V_9_load (83)  [1/1] 0.00ns  loc: matchedRee/matched.cpp:88
:20  %buffQ_V_9_load = load i16* @buffQ_V_9, align 2

ST_7: StgValue_170 (84)  [1/1] 0.00ns  loc: matchedRee/matched.cpp:88
:21  store i16 %buffQ_V_9_load, i16* @buffQ_V_10, align 4

ST_7: buffI_V_9_load (85)  [1/1] 0.00ns  loc: matchedRee/matched.cpp:89
:22  %buffI_V_9_load = load i16* @buffI_V_9, align 2

ST_7: StgValue_172 (86)  [1/1] 0.00ns  loc: matchedRee/matched.cpp:89
:23  store i16 %buffI_V_9_load, i16* @buffI_V_10, align 4

ST_7: StgValue_173 (88)  [1/1] 0.00ns  loc: matchedRee/matched.cpp:88
:25  store i16 %buffQ_V_8_load, i16* @buffQ_V_9, align 2

ST_7: StgValue_174 (90)  [1/1] 0.00ns  loc: matchedRee/matched.cpp:89
:27  store i16 %buffI_V_8_load, i16* @buffI_V_9, align 2

ST_7: OP1_V_10_cast (235)  [1/1] 0.00ns  loc: matchedRee/matched.cpp:98
:172  %OP1_V_10_cast = sext i16 %buffQ_V_9_load to i21

ST_7: p_Val2_7_s (236)  [1/1] 2.84ns  loc: matchedRee/matched.cpp:98
:173  %p_Val2_7_s = mul i21 73, %OP1_V_10_cast

ST_7: tmp_1_s (238)  [1/1] 0.00ns  loc: matchedRee/matched.cpp:98
:175  %tmp_1_s = call i21 @_ssdm_op_BitConcatenate.i21.i16.i5(i16 %tmp_25, i5 0)

ST_7: p_Val2_8_s (239)  [1/1] 2.95ns  loc: matchedRee/matched.cpp:98
:176  %p_Val2_8_s = add i21 %tmp_1_s, %p_Val2_7_s

ST_7: OP1_V_1_cast (240)  [1/1] 0.00ns  loc: matchedRee/matched.cpp:99
:177  %OP1_V_1_cast = sext i16 %buffI_V_9_load to i21

ST_7: p_Val2_10_s (241)  [1/1] 2.84ns  loc: matchedRee/matched.cpp:99
:178  %p_Val2_10_s = mul i21 73, %OP1_V_1_cast

ST_7: tmp_11_s (243)  [1/1] 0.00ns  loc: matchedRee/matched.cpp:99
:180  %tmp_11_s = call i21 @_ssdm_op_BitConcatenate.i21.i16.i5(i16 %tmp_26, i5 0)

ST_7: p_Val2_11_s (244)  [1/1] 2.95ns  loc: matchedRee/matched.cpp:99
:181  %p_Val2_11_s = add i21 %tmp_11_s, %p_Val2_10_s

ST_7: OP1_V_11_cast (245)  [1/1] 0.00ns  loc: matchedRee/matched.cpp:98
:182  %OP1_V_11_cast = sext i16 %buffQ_V_10_load to i21

ST_7: p_Val2_7_10 (246)  [1/1] 2.84ns  loc: matchedRee/matched.cpp:98
:183  %p_Val2_7_10 = mul i21 105, %OP1_V_11_cast

ST_7: tmp_27 (247)  [1/1] 0.00ns  loc: matchedRee/matched.cpp:98
:184  %tmp_27 = call i16 @_ssdm_op_PartSelect.i16.i21.i32.i32(i21 %p_Val2_8_s, i32 5, i32 20)

ST_7: tmp_1_10 (248)  [1/1] 0.00ns  loc: matchedRee/matched.cpp:98
:185  %tmp_1_10 = call i21 @_ssdm_op_BitConcatenate.i21.i16.i5(i16 %tmp_27, i5 0)

ST_7: p_Val2_8_10 (249)  [1/1] 2.95ns  loc: matchedRee/matched.cpp:98
:186  %p_Val2_8_10 = add i21 %tmp_1_10, %p_Val2_7_10

ST_7: OP1_V_1_10_cast (250)  [1/1] 0.00ns  loc: matchedRee/matched.cpp:99
:187  %OP1_V_1_10_cast = sext i16 %buffI_V_10_load to i21

ST_7: p_Val2_10_10 (251)  [1/1] 2.84ns  loc: matchedRee/matched.cpp:99
:188  %p_Val2_10_10 = mul i21 105, %OP1_V_1_10_cast

ST_7: tmp_28 (252)  [1/1] 0.00ns  loc: matchedRee/matched.cpp:99
:189  %tmp_28 = call i16 @_ssdm_op_PartSelect.i16.i21.i32.i32(i21 %p_Val2_11_s, i32 5, i32 20)

ST_7: tmp_11_10 (253)  [1/1] 0.00ns  loc: matchedRee/matched.cpp:99
:190  %tmp_11_10 = call i21 @_ssdm_op_BitConcatenate.i21.i16.i5(i16 %tmp_28, i5 0)

ST_7: p_Val2_11_10 (254)  [1/1] 2.95ns  loc: matchedRee/matched.cpp:99
:191  %p_Val2_11_10 = add i21 %tmp_11_10, %p_Val2_10_10

ST_7: tmp_29 (257)  [1/1] 0.00ns  loc: matchedRee/matched.cpp:98
:194  %tmp_29 = call i16 @_ssdm_op_PartSelect.i16.i21.i32.i32(i21 %p_Val2_8_10, i32 5, i32 20)

ST_7: tmp_30 (262)  [1/1] 0.00ns  loc: matchedRee/matched.cpp:99
:199  %tmp_30 = call i16 @_ssdm_op_PartSelect.i16.i21.i32.i32(i21 %p_Val2_11_10, i32 5, i32 20)


 <State 8>: 8.74ns
ST_8: buffQ_V_12_load (71)  [1/1] 0.00ns  loc: matchedRee/matched.cpp:88
:8  %buffQ_V_12_load = load i16* @buffQ_V_12, align 8

ST_8: buffI_V_12_load (73)  [1/1] 0.00ns  loc: matchedRee/matched.cpp:89
:10  %buffI_V_12_load = load i16* @buffI_V_12, align 8

ST_8: buffQ_V_11_load (75)  [1/1] 0.00ns  loc: matchedRee/matched.cpp:88
:12  %buffQ_V_11_load = load i16* @buffQ_V_11, align 2

ST_8: StgValue_198 (76)  [1/1] 0.00ns  loc: matchedRee/matched.cpp:88
:13  store i16 %buffQ_V_11_load, i16* @buffQ_V_12, align 8

ST_8: buffI_V_11_load (77)  [1/1] 0.00ns  loc: matchedRee/matched.cpp:89
:14  %buffI_V_11_load = load i16* @buffI_V_11, align 2

ST_8: StgValue_200 (78)  [1/1] 0.00ns  loc: matchedRee/matched.cpp:89
:15  store i16 %buffI_V_11_load, i16* @buffI_V_12, align 8

ST_8: StgValue_201 (80)  [1/1] 0.00ns  loc: matchedRee/matched.cpp:88
:17  store i16 %buffQ_V_10_load, i16* @buffQ_V_11, align 2

ST_8: StgValue_202 (82)  [1/1] 0.00ns  loc: matchedRee/matched.cpp:89
:19  store i16 %buffI_V_10_load, i16* @buffI_V_11, align 2

ST_8: OP1_V_12_cast (255)  [1/1] 0.00ns  loc: matchedRee/matched.cpp:98
:192  %OP1_V_12_cast = sext i16 %buffQ_V_11_load to i21

ST_8: p_Val2_7_11 (256)  [1/1] 2.84ns  loc: matchedRee/matched.cpp:98
:193  %p_Val2_7_11 = mul i21 147, %OP1_V_12_cast

ST_8: tmp_1_11 (258)  [1/1] 0.00ns  loc: matchedRee/matched.cpp:98
:195  %tmp_1_11 = call i21 @_ssdm_op_BitConcatenate.i21.i16.i5(i16 %tmp_29, i5 0)

ST_8: p_Val2_8_11 (259)  [1/1] 2.95ns  loc: matchedRee/matched.cpp:98
:196  %p_Val2_8_11 = add i21 %tmp_1_11, %p_Val2_7_11

ST_8: OP1_V_1_11_cast (260)  [1/1] 0.00ns  loc: matchedRee/matched.cpp:99
:197  %OP1_V_1_11_cast = sext i16 %buffI_V_11_load to i21

ST_8: p_Val2_10_11 (261)  [1/1] 2.84ns  loc: matchedRee/matched.cpp:99
:198  %p_Val2_10_11 = mul i21 147, %OP1_V_1_11_cast

ST_8: tmp_11_11 (263)  [1/1] 0.00ns  loc: matchedRee/matched.cpp:99
:200  %tmp_11_11 = call i21 @_ssdm_op_BitConcatenate.i21.i16.i5(i16 %tmp_30, i5 0)

ST_8: p_Val2_11_11 (264)  [1/1] 2.95ns  loc: matchedRee/matched.cpp:99
:201  %p_Val2_11_11 = add i21 %tmp_11_11, %p_Val2_10_11

ST_8: OP1_V_13_cast (265)  [1/1] 0.00ns  loc: matchedRee/matched.cpp:98
:202  %OP1_V_13_cast = sext i16 %buffQ_V_12_load to i21

ST_8: p_Val2_7_12 (266)  [1/1] 2.84ns  loc: matchedRee/matched.cpp:98
:203  %p_Val2_7_12 = mul i21 179, %OP1_V_13_cast

ST_8: tmp_31 (267)  [1/1] 0.00ns  loc: matchedRee/matched.cpp:98
:204  %tmp_31 = call i16 @_ssdm_op_PartSelect.i16.i21.i32.i32(i21 %p_Val2_8_11, i32 5, i32 20)

ST_8: tmp_1_12 (268)  [1/1] 0.00ns  loc: matchedRee/matched.cpp:98
:205  %tmp_1_12 = call i21 @_ssdm_op_BitConcatenate.i21.i16.i5(i16 %tmp_31, i5 0)

ST_8: p_Val2_8_12 (269)  [1/1] 2.95ns  loc: matchedRee/matched.cpp:98
:206  %p_Val2_8_12 = add i21 %tmp_1_12, %p_Val2_7_12

ST_8: OP1_V_1_12_cast (270)  [1/1] 0.00ns  loc: matchedRee/matched.cpp:99
:207  %OP1_V_1_12_cast = sext i16 %buffI_V_12_load to i21

ST_8: p_Val2_10_12 (271)  [1/1] 2.84ns  loc: matchedRee/matched.cpp:99
:208  %p_Val2_10_12 = mul i21 179, %OP1_V_1_12_cast

ST_8: tmp_32 (272)  [1/1] 0.00ns  loc: matchedRee/matched.cpp:99
:209  %tmp_32 = call i16 @_ssdm_op_PartSelect.i16.i21.i32.i32(i21 %p_Val2_11_11, i32 5, i32 20)

ST_8: tmp_11_12 (273)  [1/1] 0.00ns  loc: matchedRee/matched.cpp:99
:210  %tmp_11_12 = call i21 @_ssdm_op_BitConcatenate.i21.i16.i5(i16 %tmp_32, i5 0)

ST_8: p_Val2_11_12 (274)  [1/1] 2.95ns  loc: matchedRee/matched.cpp:99
:211  %p_Val2_11_12 = add i21 %tmp_11_12, %p_Val2_10_12

ST_8: tmp_33 (277)  [1/1] 0.00ns  loc: matchedRee/matched.cpp:98
:214  %tmp_33 = call i16 @_ssdm_op_PartSelect.i16.i21.i32.i32(i21 %p_Val2_8_12, i32 5, i32 20)

ST_8: tmp_34 (282)  [1/1] 0.00ns  loc: matchedRee/matched.cpp:99
:219  %tmp_34 = call i16 @_ssdm_op_PartSelect.i16.i21.i32.i32(i21 %p_Val2_11_12, i32 5, i32 20)


 <State 9>: 8.74ns
ST_9: buffQ_V_14_load (65)  [1/1] 0.00ns  loc: matchedRee/matched.cpp:88
:2  %buffQ_V_14_load = load i16* @buffQ_V_14, align 4

ST_9: buffI_V_14_load (66)  [1/1] 0.00ns  loc: matchedRee/matched.cpp:89
:3  %buffI_V_14_load = load i16* @buffI_V_14, align 4

ST_9: buffQ_V_13_load (67)  [1/1] 0.00ns  loc: matchedRee/matched.cpp:88
:4  %buffQ_V_13_load = load i16* @buffQ_V_13, align 2

ST_9: StgValue_226 (68)  [1/1] 0.00ns  loc: matchedRee/matched.cpp:88
:5  store i16 %buffQ_V_13_load, i16* @buffQ_V_14, align 4

ST_9: buffI_V_13_load (69)  [1/1] 0.00ns  loc: matchedRee/matched.cpp:89
:6  %buffI_V_13_load = load i16* @buffI_V_13, align 2

ST_9: StgValue_228 (70)  [1/1] 0.00ns  loc: matchedRee/matched.cpp:89
:7  store i16 %buffI_V_13_load, i16* @buffI_V_14, align 4

ST_9: StgValue_229 (72)  [1/1] 0.00ns  loc: matchedRee/matched.cpp:88
:9  store i16 %buffQ_V_12_load, i16* @buffQ_V_13, align 2

ST_9: StgValue_230 (74)  [1/1] 0.00ns  loc: matchedRee/matched.cpp:89
:11  store i16 %buffI_V_12_load, i16* @buffI_V_13, align 2

ST_9: OP1_V_14_cast (275)  [1/1] 0.00ns  loc: matchedRee/matched.cpp:98
:212  %OP1_V_14_cast = sext i16 %buffQ_V_13_load to i21

ST_9: p_Val2_7_13 (276)  [1/1] 2.84ns  loc: matchedRee/matched.cpp:98
:213  %p_Val2_7_13 = mul i21 211, %OP1_V_14_cast

ST_9: tmp_1_13 (278)  [1/1] 0.00ns  loc: matchedRee/matched.cpp:98
:215  %tmp_1_13 = call i21 @_ssdm_op_BitConcatenate.i21.i16.i5(i16 %tmp_33, i5 0)

ST_9: p_Val2_8_13 (279)  [1/1] 2.95ns  loc: matchedRee/matched.cpp:98
:216  %p_Val2_8_13 = add i21 %tmp_1_13, %p_Val2_7_13

ST_9: OP1_V_1_13_cast (280)  [1/1] 0.00ns  loc: matchedRee/matched.cpp:99
:217  %OP1_V_1_13_cast = sext i16 %buffI_V_13_load to i21

ST_9: p_Val2_10_13 (281)  [1/1] 2.84ns  loc: matchedRee/matched.cpp:99
:218  %p_Val2_10_13 = mul i21 211, %OP1_V_1_13_cast

ST_9: tmp_11_13 (283)  [1/1] 0.00ns  loc: matchedRee/matched.cpp:99
:220  %tmp_11_13 = call i21 @_ssdm_op_BitConcatenate.i21.i16.i5(i16 %tmp_34, i5 0)

ST_9: p_Val2_11_13 (284)  [1/1] 2.95ns  loc: matchedRee/matched.cpp:99
:221  %p_Val2_11_13 = add i21 %tmp_11_13, %p_Val2_10_13

ST_9: OP1_V_15_cast (285)  [1/1] 0.00ns  loc: matchedRee/matched.cpp:98
:222  %OP1_V_15_cast = sext i16 %buffQ_V_14_load to i21

ST_9: p_Val2_7_14 (286)  [1/1] 2.84ns  loc: matchedRee/matched.cpp:98
:223  %p_Val2_7_14 = mul i21 208, %OP1_V_15_cast

ST_9: tmp_35 (287)  [1/1] 0.00ns  loc: matchedRee/matched.cpp:98
:224  %tmp_35 = call i16 @_ssdm_op_PartSelect.i16.i21.i32.i32(i21 %p_Val2_8_13, i32 5, i32 20)

ST_9: tmp_1_14 (288)  [1/1] 0.00ns  loc: matchedRee/matched.cpp:98
:225  %tmp_1_14 = call i21 @_ssdm_op_BitConcatenate.i21.i16.i5(i16 %tmp_35, i5 0)

ST_9: p_Val2_8_14 (289)  [1/1] 2.95ns  loc: matchedRee/matched.cpp:98
:226  %p_Val2_8_14 = add i21 %tmp_1_14, %p_Val2_7_14

ST_9: tmp_9_s (290)  [1/1] 0.00ns  loc: matchedRee/matched.cpp:98
:227  %tmp_9_s = call i16 @_ssdm_op_PartSelect.i16.i21.i32.i32(i21 %p_Val2_8_14, i32 5, i32 20)

ST_9: OP1_V_1_14_cast (291)  [1/1] 0.00ns  loc: matchedRee/matched.cpp:99
:228  %OP1_V_1_14_cast = sext i16 %buffI_V_14_load to i21

ST_9: p_Val2_10_14 (292)  [1/1] 2.84ns  loc: matchedRee/matched.cpp:99
:229  %p_Val2_10_14 = mul i21 208, %OP1_V_1_14_cast

ST_9: tmp_36 (293)  [1/1] 0.00ns  loc: matchedRee/matched.cpp:99
:230  %tmp_36 = call i16 @_ssdm_op_PartSelect.i16.i21.i32.i32(i21 %p_Val2_11_13, i32 5, i32 20)

ST_9: tmp_11_14 (294)  [1/1] 0.00ns  loc: matchedRee/matched.cpp:99
:231  %tmp_11_14 = call i21 @_ssdm_op_BitConcatenate.i21.i16.i5(i16 %tmp_36, i5 0)

ST_9: p_Val2_11_14 (295)  [1/1] 2.95ns  loc: matchedRee/matched.cpp:99
:232  %p_Val2_11_14 = add i21 %tmp_11_14, %p_Val2_10_14

ST_9: tmp_14_s (296)  [1/1] 0.00ns  loc: matchedRee/matched.cpp:99
:233  %tmp_14_s = call i16 @_ssdm_op_PartSelect.i16.i21.i32.i32(i21 %p_Val2_11_14, i32 5, i32 20)

ST_9: p_Result_s (297)  [1/1] 0.00ns  loc: matchedRee/matched.cpp:105
:234  %p_Result_s = call i32 @_ssdm_op_BitConcatenate.i32.i16.i16(i16 %tmp_14_s, i16 %tmp_9_s)

ST_9: StgValue_252 (298)  [2/2] 0.00ns  loc: matchedRee/matched.cpp:106
:235  call void @_ssdm_op_Write.axis.volatile.i32P.i1P(i32* %o_data_V_data_V, i1* %o_data_V_last_V, i32 %p_Result_s, i1 undef)


 <State 10>: 0.00ns
ST_10: StgValue_253 (37)  [1/1] 0.00ns
codeRepl:0  call void (...)* @_ssdm_op_SpecBitsMap(i32* %i_data_V_data_V), !map !105

ST_10: StgValue_254 (38)  [1/1] 0.00ns
codeRepl:1  call void (...)* @_ssdm_op_SpecBitsMap(i1* %i_data_V_last_V), !map !109

ST_10: StgValue_255 (39)  [1/1] 0.00ns
codeRepl:2  call void (...)* @_ssdm_op_SpecBitsMap(i32* %o_data_V_data_V), !map !113

ST_10: StgValue_256 (40)  [1/1] 0.00ns
codeRepl:3  call void (...)* @_ssdm_op_SpecBitsMap(i1* %o_data_V_last_V), !map !117

ST_10: StgValue_257 (41)  [1/1] 0.00ns
codeRepl:4  call void (...)* @_ssdm_op_SpecBitsMap(i1 %start_V), !map !121

ST_10: StgValue_258 (42)  [1/1] 0.00ns
codeRepl:5  call void (...)* @_ssdm_op_SpecTopModule([11 x i8]* @MatcherRee_str) nounwind

ST_10: StgValue_259 (44)  [1/1] 0.00ns  loc: matchedRee/matched.cpp:36
codeRepl:7  call void (...)* @_ssdm_op_SpecResource(i32* %o_data_V_data_V, i1* %o_data_V_last_V, [1 x i8]* @p_str, [1 x i8]* @p_str, [1 x i8]* @p_str, i32 1, [1 x i8]* @p_str, [1 x i8]* @p_str, [1 x i8]* @p_str, [1 x i8]* @p_str, [1 x i8]* @p_str)

ST_10: StgValue_260 (45)  [1/1] 0.00ns  loc: matchedRee/matched.cpp:38
codeRepl:8  call void (...)* @_ssdm_op_SpecInterface(i32 0, [13 x i8]* @p_str1, i32 0, i32 0, [1 x i8]* @p_str, i32 0, i32 0, [1 x i8]* @p_str, [1 x i8]* @p_str, [1 x i8]* @p_str, i32 0, i32 0, i32 0, i32 0, [1 x i8]* @p_str, [1 x i8]* @p_str) nounwind

ST_10: StgValue_261 (46)  [1/1] 0.00ns  loc: matchedRee/matched.cpp:39
codeRepl:9  call void (...)* @_ssdm_op_SpecInterface(i32* %o_data_V_data_V, i1* %o_data_V_last_V, [5 x i8]* @p_str2, i32 1, i32 1, [5 x i8]* @p_str3, i32 0, i32 0, [1 x i8]* @p_str, [1 x i8]* @p_str, [1 x i8]* @p_str, i32 0, i32 0, i32 0, i32 0, [1 x i8]* @p_str, [1 x i8]* @p_str) nounwind

ST_10: StgValue_262 (47)  [1/1] 0.00ns  loc: matchedRee/matched.cpp:40
codeRepl:10  call void (...)* @_ssdm_op_SpecInterface(i32* %i_data_V_data_V, i1* %i_data_V_last_V, [5 x i8]* @p_str2, i32 1, i32 1, [5 x i8]* @p_str3, i32 0, i32 0, [1 x i8]* @p_str, [1 x i8]* @p_str, [1 x i8]* @p_str, i32 0, i32 0, i32 0, i32 0, [1 x i8]* @p_str, [1 x i8]* @p_str) nounwind

ST_10: StgValue_263 (48)  [1/1] 0.00ns  loc: matchedRee/matched.cpp:41
codeRepl:11  call void (...)* @_ssdm_op_SpecPipeline(i32 1, i32 1, i32 1, i32 0, [1 x i8]* @p_str) nounwind

ST_10: StgValue_264 (49)  [1/1] 0.00ns  loc: matchedRee/matched.cpp:48
codeRepl:12  call void (...)* @_ssdm_op_SpecReset(i32 1, [1 x i8]* @p_str) nounwind

ST_10: StgValue_265 (50)  [1/1] 0.00ns  loc: matchedRee/matched.cpp:50
codeRepl:13  call void (...)* @_ssdm_op_SpecReset(i32 1, [1 x i8]* @p_str) nounwind

ST_10: StgValue_266 (52)  [1/1] 0.00ns  loc: matchedRee/matched.cpp:69
codeRepl:15  call void (...)* @_ssdm_op_SpecReset(i1* @currentState, i32 1, [1 x i8]* @p_str) nounwind

ST_10: StgValue_267 (53)  [1/1] 0.00ns  loc: matchedRee/matched.cpp:73
codeRepl:16  call void (...)* @_ssdm_op_SpecReset(i32 0, i32 1, [1 x i8]* @p_str) nounwind

ST_10: StgValue_268 (59)  [1/1] 0.00ns  loc: matchedRee/matched.cpp:81
:1  br label %._crit_edge242

ST_10: StgValue_269 (61)  [1/1] 0.00ns  loc: matchedRee/matched.cpp:82
._crit_edge242:0  br label %._crit_edge241

ST_10: StgValue_270 (298)  [1/2] 0.00ns  loc: matchedRee/matched.cpp:106
:235  call void @_ssdm_op_Write.axis.volatile.i32P.i1P(i32* %o_data_V_data_V, i1* %o_data_V_last_V, i32 %p_Result_s, i1 undef)

ST_10: StgValue_271 (299)  [1/1] 0.00ns  loc: matchedRee/matched.cpp:107
:236  br label %._crit_edge241

ST_10: StgValue_272 (301)  [1/1] 0.00ns  loc: matchedRee/matched.cpp:110
._crit_edge241:0  ret void



============================================================
+ Verbose Summary: Timing violations
============================================================
Target clock period: 10ns, clock uncertainty: 1.25ns.

 <State 1>: 1.4ns
The critical path consists of the following:
	'load' operation ('currentState_load', matchedRee/matched.cpp:69) on static variable 'currentState' [51]  (0 ns)
	blocking operation 1.4 ns on control path)

 <State 2>: 1.69ns
The critical path consists of the following:
	axis read on port 'i_data_V_data_V' (matchedRee/matched.cpp:84) [63]  (0 ns)
	'sub' operation ('p_Val2_s', matchedRee/matched.cpp:99) [138]  (1.69 ns)

 <State 3>: 8.74ns
The critical path consists of the following:
	'load' operation ('buffQ_V_1_load', matchedRee/matched.cpp:88) on static variable 'buffQ_V_1' [115]  (0 ns)
	'mul' operation ('p_Val2_7_2', matchedRee/matched.cpp:98) [156]  (2.84 ns)
	'add' operation ('p_Val2_8_2', matchedRee/matched.cpp:98) [159]  (2.95 ns)
	'add' operation ('p_Val2_8_3', matchedRee/matched.cpp:98) [169]  (2.95 ns)

 <State 4>: 8.74ns
The critical path consists of the following:
	'load' operation ('buffQ_V_3_load', matchedRee/matched.cpp:88) on static variable 'buffQ_V_3' [107]  (0 ns)
	'mul' operation ('p_Val2_7_4', matchedRee/matched.cpp:98) [176]  (2.84 ns)
	'add' operation ('p_Val2_8_4', matchedRee/matched.cpp:98) [179]  (2.95 ns)
	'add' operation ('p_Val2_8_5', matchedRee/matched.cpp:98) [189]  (2.95 ns)

 <State 5>: 8.74ns
The critical path consists of the following:
	'load' operation ('buffQ_V_5_load', matchedRee/matched.cpp:88) on static variable 'buffQ_V_5' [99]  (0 ns)
	'mul' operation ('p_Val2_7_6', matchedRee/matched.cpp:98) [196]  (2.84 ns)
	'add' operation ('p_Val2_8_6', matchedRee/matched.cpp:98) [199]  (2.95 ns)
	'add' operation ('p_Val2_8_7', matchedRee/matched.cpp:98) [209]  (2.95 ns)

 <State 6>: 8.74ns
The critical path consists of the following:
	'load' operation ('buffQ_V_7_load', matchedRee/matched.cpp:88) on static variable 'buffQ_V_7' [91]  (0 ns)
	'mul' operation ('p_Val2_7_8', matchedRee/matched.cpp:98) [216]  (2.84 ns)
	'add' operation ('p_Val2_8_8', matchedRee/matched.cpp:98) [219]  (2.95 ns)
	'add' operation ('p_Val2_8_9', matchedRee/matched.cpp:98) [229]  (2.95 ns)

 <State 7>: 8.74ns
The critical path consists of the following:
	'load' operation ('buffQ_V_9_load', matchedRee/matched.cpp:88) on static variable 'buffQ_V_9' [83]  (0 ns)
	'mul' operation ('p_Val2_7_s', matchedRee/matched.cpp:98) [236]  (2.84 ns)
	'add' operation ('p_Val2_8_s', matchedRee/matched.cpp:98) [239]  (2.95 ns)
	'add' operation ('p_Val2_8_10', matchedRee/matched.cpp:98) [249]  (2.95 ns)

 <State 8>: 8.74ns
The critical path consists of the following:
	'load' operation ('buffQ_V_11_load', matchedRee/matched.cpp:88) on static variable 'buffQ_V_11' [75]  (0 ns)
	'mul' operation ('p_Val2_7_11', matchedRee/matched.cpp:98) [256]  (2.84 ns)
	'add' operation ('p_Val2_8_11', matchedRee/matched.cpp:98) [259]  (2.95 ns)
	'add' operation ('p_Val2_8_12', matchedRee/matched.cpp:98) [269]  (2.95 ns)

 <State 9>: 8.74ns
The critical path consists of the following:
	'load' operation ('buffQ_V_13_load', matchedRee/matched.cpp:88) on static variable 'buffQ_V_13' [67]  (0 ns)
	'mul' operation ('p_Val2_7_13', matchedRee/matched.cpp:98) [276]  (2.84 ns)
	'add' operation ('p_Val2_8_13', matchedRee/matched.cpp:98) [279]  (2.95 ns)
	'add' operation ('p_Val2_8_14', matchedRee/matched.cpp:98) [289]  (2.95 ns)
	axis write on port 'o_data_V_data_V' (matchedRee/matched.cpp:106) [298]  (0 ns)

 <State 10>: 0ns
The critical path consists of the following:


============================================================
+ Verbose Summary: Binding
============================================================
N/A
* FSMD analyzer results:
  - Output states:
 - Input state : 
  - Chain level:
	State 1
	State 2
	State 3
	State 4
	State 5
	State 6
	State 7
	State 8
	State 9
	State 10


============================================================
+ Verbose Summary: Datapath Resource usage 
============================================================
N/A
