==============================================================
File generated by Vivado(TM) HLS - High-Level Synthesis from C, C++ and SystemC
Version: 2017.4
Copyright (C) 1986-2017 Xilinx, Inc. All Rights Reserved.

==============================================================

INFO: [SYN 201-201] Setting up clock 'default' with a period of 5ns.
INFO: [HLS 200-10] Setting target device to 'xc7k410tffg900-1'
INFO: [HLS 200-10] Analyzing design file 'CorrelatorPreamble/correlatorPre.cpp' ...
INFO: [HLS 200-10] Validating synthesis directives ...
INFO: [HLS 200-111] Finished Checking Pragmas Time (s): cpu = 00:00:39 ; elapsed = 00:00:16 . Memory (MB): peak = 359.949 ; gain = 13.375 ; free physical = 106260 ; free virtual = 253937
INFO: [HLS 200-111] Finished Linking Time (s): cpu = 00:00:40 ; elapsed = 00:00:18 . Memory (MB): peak = 359.949 ; gain = 13.375 ; free physical = 106257 ; free virtual = 253938
INFO: [HLS 200-10] Starting code transformations ...
INFO: [HLS 200-111] Finished Standard Transforms Time (s): cpu = 00:00:42 ; elapsed = 00:00:19 . Memory (MB): peak = 360.512 ; gain = 13.938 ; free physical = 106237 ; free virtual = 253922
INFO: [HLS 200-10] Checking synthesizability ...
INFO: [HLS 200-111] Finished Checking Synthesizability Time (s): cpu = 00:00:42 ; elapsed = 00:00:20 . Memory (MB): peak = 488.492 ; gain = 141.918 ; free physical = 106230 ; free virtual = 253915
INFO: [XFORM 203-501] Unrolling loop 'SHIFT_DATA0' (CorrelatorPreamble/correlatorPre.cpp:175) in function 'correlate::shiftPhaseClassPre' completely.
INFO: [XFORM 203-501] Unrolling loop 'SHIFT_DATA1' (CorrelatorPreamble/correlatorPre.cpp:184) in function 'correlate::shiftPhaseClassPre' completely.
INFO: [XFORM 203-501] Unrolling loop 'SHIFT_DATA2' (CorrelatorPreamble/correlatorPre.cpp:193) in function 'correlate::shiftPhaseClassPre' completely.
INFO: [XFORM 203-501] Unrolling loop 'SHIFT_DATA3' (CorrelatorPreamble/correlatorPre.cpp:204) in function 'correlate::shiftPhaseClassPre' completely.
INFO: [XFORM 203-501] Unrolling loop 'SHIFT_DATA4' (CorrelatorPreamble/correlatorPre.cpp:213) in function 'correlate::shiftPhaseClassPre' completely.
INFO: [XFORM 203-501] Unrolling loop 'SHIFT_DATA5' (CorrelatorPreamble/correlatorPre.cpp:223) in function 'correlate::shiftPhaseClassPre' completely.
INFO: [XFORM 203-501] Unrolling loop 'SHIFT_DATA6' (CorrelatorPreamble/correlatorPre.cpp:232) in function 'correlate::shiftPhaseClassPre' completely.
INFO: [XFORM 203-501] Unrolling loop 'SHIFT_DATA7' (CorrelatorPreamble/correlatorPre.cpp:241) in function 'correlate::shiftPhaseClassPre' completely.
INFO: [XFORM 203-501] Unrolling loop 'SHIFT_DATA8' (CorrelatorPreamble/correlatorPre.cpp:250) in function 'correlate::shiftPhaseClassPre' completely.
INFO: [XFORM 203-501] Unrolling loop 'SHIFT_DATA9' (CorrelatorPreamble/correlatorPre.cpp:259) in function 'correlate::shiftPhaseClassPre' completely.
INFO: [XFORM 203-501] Unrolling loop 'SHIFT_DATA10' (CorrelatorPreamble/correlatorPre.cpp:268) in function 'correlate::shiftPhaseClassPre' completely.
INFO: [XFORM 203-501] Unrolling loop 'SHIFT_DATA11' (CorrelatorPreamble/correlatorPre.cpp:277) in function 'correlate::shiftPhaseClassPre' completely.
INFO: [XFORM 203-501] Unrolling loop 'SHIFT_DATA12' (CorrelatorPreamble/correlatorPre.cpp:286) in function 'correlate::shiftPhaseClassPre' completely.
INFO: [XFORM 203-501] Unrolling loop 'SHIFT_DATA13' (CorrelatorPreamble/correlatorPre.cpp:295) in function 'correlate::shiftPhaseClassPre' completely.
INFO: [XFORM 203-501] Unrolling loop 'SHIFT_DATA14' (CorrelatorPreamble/correlatorPre.cpp:304) in function 'correlate::shiftPhaseClassPre' completely.
INFO: [XFORM 203-501] Unrolling loop 'SHIFT_DATA15' (CorrelatorPreamble/correlatorPre.cpp:313) in function 'correlate::shiftPhaseClassPre' completely.
INFO: [XFORM 203-501] Unrolling loop 'correlateData0' (CorrelatorPreamble/correlatorPre.cpp:348) in function 'correlate::correlatorPre' completely.
INFO: [XFORM 203-501] Unrolling loop 'correlateData1' (CorrelatorPreamble/correlatorPre.cpp:361) in function 'correlate::correlatorPre' completely.
INFO: [XFORM 203-501] Unrolling loop 'correlateData2' (CorrelatorPreamble/correlatorPre.cpp:373) in function 'correlate::correlatorPre' completely.
INFO: [XFORM 203-501] Unrolling loop 'correlateData3' (CorrelatorPreamble/correlatorPre.cpp:385) in function 'correlate::correlatorPre' completely.
INFO: [XFORM 203-501] Unrolling loop 'correlateData4' (CorrelatorPreamble/correlatorPre.cpp:397) in function 'correlate::correlatorPre' completely.
INFO: [XFORM 203-501] Unrolling loop 'correlateData5' (CorrelatorPreamble/correlatorPre.cpp:409) in function 'correlate::correlatorPre' completely.
INFO: [XFORM 203-501] Unrolling loop 'correlateData6' (CorrelatorPreamble/correlatorPre.cpp:421) in function 'correlate::correlatorPre' completely.
INFO: [XFORM 203-501] Unrolling loop 'correlateData7' (CorrelatorPreamble/correlatorPre.cpp:433) in function 'correlate::correlatorPre' completely.
INFO: [XFORM 203-501] Unrolling loop 'correlateData8' (CorrelatorPreamble/correlatorPre.cpp:445) in function 'correlate::correlatorPre' completely.
INFO: [XFORM 203-501] Unrolling loop 'correlateData9' (CorrelatorPreamble/correlatorPre.cpp:457) in function 'correlate::correlatorPre' completely.
INFO: [XFORM 203-501] Unrolling loop 'correlateData10' (CorrelatorPreamble/correlatorPre.cpp:469) in function 'correlate::correlatorPre' completely.
INFO: [XFORM 203-501] Unrolling loop 'correlateData11' (CorrelatorPreamble/correlatorPre.cpp:481) in function 'correlate::correlatorPre' completely.
INFO: [XFORM 203-501] Unrolling loop 'correlateData12' (CorrelatorPreamble/correlatorPre.cpp:493) in function 'correlate::correlatorPre' completely.
INFO: [XFORM 203-501] Unrolling loop 'correlateData13' (CorrelatorPreamble/correlatorPre.cpp:505) in function 'correlate::correlatorPre' completely.
INFO: [XFORM 203-501] Unrolling loop 'correlateData14' (CorrelatorPreamble/correlatorPre.cpp:517) in function 'correlate::correlatorPre' completely.
INFO: [XFORM 203-501] Unrolling loop 'correlateData15' (CorrelatorPreamble/correlatorPre.cpp:529) in function 'correlate::correlatorPre' completely.
INFO: [XFORM 203-101] Partitioning array 'cor.phaseClass0i.V'  in dimension 1 completely.
INFO: [XFORM 203-101] Partitioning array 'cor.phaseClass0q.V'  in dimension 1 completely.
INFO: [XFORM 203-101] Partitioning array 'cor.phaseClass1i.V'  in dimension 1 completely.
INFO: [XFORM 203-101] Partitioning array 'cor.phaseClass1q.V'  in dimension 1 completely.
INFO: [XFORM 203-101] Partitioning array 'cor.phaseClass2i.V'  in dimension 1 completely.
INFO: [XFORM 203-101] Partitioning array 'cor.phaseClass2q.V'  in dimension 1 completely.
INFO: [XFORM 203-101] Partitioning array 'cor.phaseClass3i.V'  in dimension 1 completely.
INFO: [XFORM 203-101] Partitioning array 'cor.phaseClass3q.V'  in dimension 1 completely.
INFO: [XFORM 203-101] Partitioning array 'cor.phaseClass4i.V'  in dimension 1 completely.
INFO: [XFORM 203-101] Partitioning array 'cor.phaseClass4q.V'  in dimension 1 completely.
INFO: [XFORM 203-101] Partitioning array 'cor.phaseClass5i.V'  in dimension 1 completely.
INFO: [XFORM 203-101] Partitioning array 'cor.phaseClass5q.V'  in dimension 1 completely.
INFO: [XFORM 203-101] Partitioning array 'cor.phaseClass6i.V'  in dimension 1 completely.
INFO: [XFORM 203-101] Partitioning array 'cor.phaseClass6q.V'  in dimension 1 completely.
INFO: [XFORM 203-101] Partitioning array 'cor.phaseClass7i.V'  in dimension 1 completely.
INFO: [XFORM 203-101] Partitioning array 'cor.phaseClass7q.V'  in dimension 1 completely.
INFO: [XFORM 203-101] Partitioning array 'cor.phaseClass8i.V'  in dimension 1 completely.
INFO: [XFORM 203-101] Partitioning array 'cor.phaseClass8q.V'  in dimension 1 completely.
INFO: [XFORM 203-101] Partitioning array 'cor.phaseClass9i.V'  in dimension 1 completely.
INFO: [XFORM 203-101] Partitioning array 'cor.phaseClass9q.V'  in dimension 1 completely.
INFO: [XFORM 203-101] Partitioning array 'cor.phaseClass10i.V'  in dimension 1 completely.
INFO: [XFORM 203-101] Partitioning array 'cor.phaseClass10q.V'  in dimension 1 completely.
INFO: [XFORM 203-101] Partitioning array 'cor.phaseClass11i.V'  in dimension 1 completely.
INFO: [XFORM 203-101] Partitioning array 'cor.phaseClass11q.V'  in dimension 1 completely.
INFO: [XFORM 203-101] Partitioning array 'cor.phaseClass12i.V'  in dimension 1 completely.
INFO: [XFORM 203-101] Partitioning array 'cor.phaseClass12q.V'  in dimension 1 completely.
INFO: [XFORM 203-101] Partitioning array 'cor.phaseClass13i.V'  in dimension 1 completely.
INFO: [XFORM 203-101] Partitioning array 'cor.phaseClass13q.V'  in dimension 1 completely.
INFO: [XFORM 203-101] Partitioning array 'cor.phaseClass14i.V'  in dimension 1 completely.
INFO: [XFORM 203-101] Partitioning array 'cor.phaseClass14q.V'  in dimension 1 completely.
INFO: [XFORM 203-101] Partitioning array 'cor.phaseClass15i.V'  in dimension 1 completely.
INFO: [XFORM 203-101] Partitioning array 'cor.phaseClass15q.V'  in dimension 1 completely.
INFO: [XFORM 203-101] Partitioning array 'corrSeq.V'  in dimension 1 completely.
INFO: [XFORM 203-11] Balancing expressions in function 'correlate::correlatorPre' (CorrelatorPreamble/correlatorPre.cpp:22:22)...64 expression(s) balanced.
INFO: [HLS 200-111] Finished Pre-synthesis Time (s): cpu = 00:00:44 ; elapsed = 00:00:23 . Memory (MB): peak = 488.492 ; gain = 141.918 ; free physical = 106191 ; free virtual = 253882
WARNING: [XFORM 203-631] Renaming function 'correlate::shiftPhaseClassPre' to 'shiftPhaseClassPre' (CorrelatorPreamble/correlatorPre.cpp:22:3)
WARNING: [XFORM 203-631] Renaming function 'correlate::correlatorPre' to 'correlatorPre' (CorrelatorPreamble/correlatorPre.cpp:22:22)
INFO: [HLS 200-111] Finished Architecture Synthesis Time (s): cpu = 00:00:46 ; elapsed = 00:00:24 . Memory (MB): peak = 551.945 ; gain = 205.371 ; free physical = 106074 ; free virtual = 253767
INFO: [HLS 200-10] Starting hardware synthesis ...
INFO: [HLS 200-10] Synthesizing 'correlateTopPreamble' ...
INFO: [HLS 200-10] ----------------------------------------------------------------
INFO: [HLS 200-42] -- Implementing module 'shiftPhaseClassPre'
INFO: [HLS 200-10] ----------------------------------------------------------------
INFO: [SCHED 204-11] Starting scheduling ...
INFO: [SCHED 204-11] Finished scheduling.
INFO: [HLS 200-111]  Elapsed time: 24.75 seconds; current allocated memory: 224.036 MB.
INFO: [BIND 205-100] Starting micro-architecture generation ...
INFO: [BIND 205-101] Performing variable lifetime analysis.
INFO: [BIND 205-101] Exploring resource sharing.
INFO: [BIND 205-101] Binding ...
INFO: [BIND 205-100] Finished micro-architecture generation.
INFO: [HLS 200-111]  Elapsed time: 0.44 seconds; current allocated memory: 227.293 MB.
INFO: [HLS 200-10] ----------------------------------------------------------------
INFO: [HLS 200-42] -- Implementing module 'correlatorPre'
INFO: [HLS 200-10] ----------------------------------------------------------------
INFO: [SCHED 204-11] Starting scheduling ...
INFO: [SCHED 204-11] Finished scheduling.
INFO: [HLS 200-111]  Elapsed time: 0.54 seconds; current allocated memory: 229.777 MB.
INFO: [BIND 205-100] Starting micro-architecture generation ...
INFO: [BIND 205-101] Performing variable lifetime analysis.
INFO: [BIND 205-101] Exploring resource sharing.
INFO: [BIND 205-101] Binding ...
INFO: [BIND 205-100] Finished micro-architecture generation.
INFO: [HLS 200-111]  Elapsed time: 0.58 seconds; current allocated memory: 232.436 MB.
INFO: [HLS 200-10] ----------------------------------------------------------------
INFO: [HLS 200-42] -- Implementing module 'correlateTopPreamble'
INFO: [HLS 200-10] ----------------------------------------------------------------
INFO: [SCHED 204-11] Starting scheduling ...
INFO: [SCHED 204-11] Finished scheduling.
INFO: [HLS 200-111]  Elapsed time: 0.65 seconds; current allocated memory: 232.819 MB.
INFO: [BIND 205-100] Starting micro-architecture generation ...
INFO: [BIND 205-101] Performing variable lifetime analysis.
INFO: [BIND 205-101] Exploring resource sharing.
INFO: [BIND 205-101] Binding ...
INFO: [BIND 205-100] Finished micro-architecture generation.
INFO: [HLS 200-111]  Elapsed time: 0.3 seconds; current allocated memory: 234.497 MB.
INFO: [HLS 200-10] ----------------------------------------------------------------
INFO: [HLS 200-10] -- Generating RTL for module 'shiftPhaseClassPre'
INFO: [HLS 200-10] ----------------------------------------------------------------
WARNING: [RTGEN 206-101] Register 'cor_phaseClass0q_V_14' is power-on initialization.
WARNING: [RTGEN 206-101] Register 'cor_phaseClass0q_V_13' is power-on initialization.
WARNING: [RTGEN 206-101] Register 'cor_phaseClass0q_V_12' is power-on initialization.
WARNING: [RTGEN 206-101] Register 'cor_phaseClass0q_V_11' is power-on initialization.
WARNING: [RTGEN 206-101] Register 'cor_phaseClass0q_V_10' is power-on initialization.
WARNING: [RTGEN 206-101] Register 'cor_phaseClass0q_V_9' is power-on initialization.
WARNING: [RTGEN 206-101] Register 'cor_phaseClass0q_V_8' is power-on initialization.
WARNING: [RTGEN 206-101] Register 'cor_phaseClass0q_V_7' is power-on initialization.
WARNING: [RTGEN 206-101] Register 'cor_phaseClass0q_V_6' is power-on initialization.
WARNING: [RTGEN 206-101] Register 'cor_phaseClass0q_V_5' is power-on initialization.
WARNING: [RTGEN 206-101] Register 'cor_phaseClass0q_V_4' is power-on initialization.
WARNING: [RTGEN 206-101] Register 'cor_phaseClass0q_V_3' is power-on initialization.
WARNING: [RTGEN 206-101] Register 'cor_phaseClass0q_V_2' is power-on initialization.
WARNING: [RTGEN 206-101] Register 'cor_phaseClass0q_V_1' is power-on initialization.
WARNING: [RTGEN 206-101] Register 'cor_phaseClass0q_V_0' is power-on initialization.
WARNING: [RTGEN 206-101] Register 'cor_phaseClass1q_V_14' is power-on initialization.
WARNING: [RTGEN 206-101] Register 'cor_phaseClass1q_V_13' is power-on initialization.
WARNING: [RTGEN 206-101] Register 'cor_phaseClass1q_V_12' is power-on initialization.
WARNING: [RTGEN 206-101] Register 'cor_phaseClass1q_V_11' is power-on initialization.
WARNING: [RTGEN 206-101] Register 'cor_phaseClass1q_V_10' is power-on initialization.
WARNING: [RTGEN 206-101] Register 'cor_phaseClass1q_V_9' is power-on initialization.
WARNING: [RTGEN 206-101] Register 'cor_phaseClass1q_V_8' is power-on initialization.
WARNING: [RTGEN 206-101] Register 'cor_phaseClass1q_V_7' is power-on initialization.
WARNING: [RTGEN 206-101] Register 'cor_phaseClass1q_V_6' is power-on initialization.
WARNING: [RTGEN 206-101] Register 'cor_phaseClass1q_V_5' is power-on initialization.
WARNING: [RTGEN 206-101] Register 'cor_phaseClass1q_V_4' is power-on initialization.
WARNING: [RTGEN 206-101] Register 'cor_phaseClass1q_V_3' is power-on initialization.
WARNING: [RTGEN 206-101] Register 'cor_phaseClass1q_V_2' is power-on initialization.
WARNING: [RTGEN 206-101] Register 'cor_phaseClass1q_V_1' is power-on initialization.
WARNING: [RTGEN 206-101] Register 'cor_phaseClass1q_V_0' is power-on initialization.
WARNING: [RTGEN 206-101] Register 'cor_phaseClass2q_V_14' is power-on initialization.
WARNING: [RTGEN 206-101] Register 'cor_phaseClass2q_V_13' is power-on initialization.
WARNING: [RTGEN 206-101] Register 'cor_phaseClass2q_V_12' is power-on initialization.
WARNING: [RTGEN 206-101] Register 'cor_phaseClass2q_V_11' is power-on initialization.
WARNING: [RTGEN 206-101] Register 'cor_phaseClass2q_V_10' is power-on initialization.
WARNING: [RTGEN 206-101] Register 'cor_phaseClass2q_V_9' is power-on initialization.
WARNING: [RTGEN 206-101] Register 'cor_phaseClass2q_V_8' is power-on initialization.
WARNING: [RTGEN 206-101] Register 'cor_phaseClass2q_V_7' is power-on initialization.
WARNING: [RTGEN 206-101] Register 'cor_phaseClass2q_V_6' is power-on initialization.
WARNING: [RTGEN 206-101] Register 'cor_phaseClass2q_V_5' is power-on initialization.
WARNING: [RTGEN 206-101] Register 'cor_phaseClass2q_V_4' is power-on initialization.
WARNING: [RTGEN 206-101] Register 'cor_phaseClass2q_V_3' is power-on initialization.
WARNING: [RTGEN 206-101] Register 'cor_phaseClass2q_V_2' is power-on initialization.
WARNING: [RTGEN 206-101] Register 'cor_phaseClass2q_V_1' is power-on initialization.
WARNING: [RTGEN 206-101] Register 'cor_phaseClass2q_V_0' is power-on initialization.
WARNING: [RTGEN 206-101] Register 'cor_phaseClass3q_V_14' is power-on initialization.
WARNING: [RTGEN 206-101] Register 'cor_phaseClass3q_V_13' is power-on initialization.
WARNING: [RTGEN 206-101] Register 'cor_phaseClass3q_V_12' is power-on initialization.
WARNING: [RTGEN 206-101] Register 'cor_phaseClass3q_V_11' is power-on initialization.
WARNING: [RTGEN 206-101] Register 'cor_phaseClass3q_V_10' is power-on initialization.
WARNING: [RTGEN 206-101] Register 'cor_phaseClass3q_V_9' is power-on initialization.
WARNING: [RTGEN 206-101] Register 'cor_phaseClass3q_V_8' is power-on initialization.
WARNING: [RTGEN 206-101] Register 'cor_phaseClass3q_V_7' is power-on initialization.
WARNING: [RTGEN 206-101] Register 'cor_phaseClass3q_V_6' is power-on initialization.
WARNING: [RTGEN 206-101] Register 'cor_phaseClass3q_V_5' is power-on initialization.
WARNING: [RTGEN 206-101] Register 'cor_phaseClass3q_V_4' is power-on initialization.
WARNING: [RTGEN 206-101] Register 'cor_phaseClass3q_V_3' is power-on initialization.
WARNING: [RTGEN 206-101] Register 'cor_phaseClass3q_V_2' is power-on initialization.
WARNING: [RTGEN 206-101] Register 'cor_phaseClass3q_V_1' is power-on initialization.
WARNING: [RTGEN 206-101] Register 'cor_phaseClass3q_V_0' is power-on initialization.
WARNING: [RTGEN 206-101] Register 'cor_phaseClass4q_V_14' is power-on initialization.
WARNING: [RTGEN 206-101] Register 'cor_phaseClass4q_V_13' is power-on initialization.
WARNING: [RTGEN 206-101] Register 'cor_phaseClass4q_V_12' is power-on initialization.
WARNING: [RTGEN 206-101] Register 'cor_phaseClass4q_V_11' is power-on initialization.
WARNING: [RTGEN 206-101] Register 'cor_phaseClass4q_V_10' is power-on initialization.
WARNING: [RTGEN 206-101] Register 'cor_phaseClass4q_V_9' is power-on initialization.
WARNING: [RTGEN 206-101] Register 'cor_phaseClass4q_V_8' is power-on initialization.
WARNING: [RTGEN 206-101] Register 'cor_phaseClass4q_V_7' is power-on initialization.
WARNING: [RTGEN 206-101] Register 'cor_phaseClass4q_V_6' is power-on initialization.
WARNING: [RTGEN 206-101] Register 'cor_phaseClass4q_V_5' is power-on initialization.
WARNING: [RTGEN 206-101] Register 'cor_phaseClass4q_V_4' is power-on initialization.
WARNING: [RTGEN 206-101] Register 'cor_phaseClass4q_V_3' is power-on initialization.
WARNING: [RTGEN 206-101] Register 'cor_phaseClass4q_V_2' is power-on initialization.
WARNING: [RTGEN 206-101] Register 'cor_phaseClass4q_V_1' is power-on initialization.
WARNING: [RTGEN 206-101] Register 'cor_phaseClass4q_V_0' is power-on initialization.
WARNING: [RTGEN 206-101] Register 'cor_phaseClass5q_V_14' is power-on initialization.
WARNING: [RTGEN 206-101] Register 'cor_phaseClass5q_V_13' is power-on initialization.
WARNING: [RTGEN 206-101] Register 'cor_phaseClass5q_V_12' is power-on initialization.
WARNING: [RTGEN 206-101] Register 'cor_phaseClass5q_V_11' is power-on initialization.
WARNING: [RTGEN 206-101] Register 'cor_phaseClass5q_V_10' is power-on initialization.
WARNING: [RTGEN 206-101] Register 'cor_phaseClass5q_V_9' is power-on initialization.
WARNING: [RTGEN 206-101] Register 'cor_phaseClass5q_V_8' is power-on initialization.
WARNING: [RTGEN 206-101] Register 'cor_phaseClass5q_V_7' is power-on initialization.
WARNING: [RTGEN 206-101] Register 'cor_phaseClass5q_V_6' is power-on initialization.
WARNING: [RTGEN 206-101] Register 'cor_phaseClass5q_V_5' is power-on initialization.
WARNING: [RTGEN 206-101] Register 'cor_phaseClass5q_V_4' is power-on initialization.
WARNING: [RTGEN 206-101] Register 'cor_phaseClass5q_V_3' is power-on initialization.
WARNING: [RTGEN 206-101] Register 'cor_phaseClass5q_V_2' is power-on initialization.
WARNING: [RTGEN 206-101] Register 'cor_phaseClass5q_V_1' is power-on initialization.
WARNING: [RTGEN 206-101] Register 'cor_phaseClass5q_V_0' is power-on initialization.
WARNING: [RTGEN 206-101] Register 'cor_phaseClass6q_V_14' is power-on initialization.
WARNING: [RTGEN 206-101] Register 'cor_phaseClass6q_V_13' is power-on initialization.
WARNING: [RTGEN 206-101] Register 'cor_phaseClass6q_V_12' is power-on initialization.
WARNING: [RTGEN 206-101] Register 'cor_phaseClass6q_V_11' is power-on initialization.
WARNING: [RTGEN 206-101] Register 'cor_phaseClass6q_V_10' is power-on initialization.
WARNING: [RTGEN 206-101] Register 'cor_phaseClass6q_V_9' is power-on initialization.
WARNING: [RTGEN 206-101] Register 'cor_phaseClass6q_V_8' is power-on initialization.
WARNING: [RTGEN 206-101] Register 'cor_phaseClass6q_V_7' is power-on initialization.
WARNING: [RTGEN 206-101] Register 'cor_phaseClass6q_V_6' is power-on initialization.
WARNING: [RTGEN 206-101] Register 'cor_phaseClass6q_V_5' is power-on initialization.
WARNING: [RTGEN 206-101] Register 'cor_phaseClass6q_V_4' is power-on initialization.
WARNING: [RTGEN 206-101] Register 'cor_phaseClass6q_V_3' is power-on initialization.
WARNING: [RTGEN 206-101] Register 'cor_phaseClass6q_V_2' is power-on initialization.
WARNING: [RTGEN 206-101] Register 'cor_phaseClass6q_V_1' is power-on initialization.
WARNING: [RTGEN 206-101] Register 'cor_phaseClass6q_V_0' is power-on initialization.
WARNING: [RTGEN 206-101] Register 'cor_phaseClass7q_V_14' is power-on initialization.
WARNING: [RTGEN 206-101] Register 'cor_phaseClass7q_V_13' is power-on initialization.
WARNING: [RTGEN 206-101] Register 'cor_phaseClass7q_V_12' is power-on initialization.
WARNING: [RTGEN 206-101] Register 'cor_phaseClass7q_V_11' is power-on initialization.
WARNING: [RTGEN 206-101] Register 'cor_phaseClass7q_V_10' is power-on initialization.
WARNING: [RTGEN 206-101] Register 'cor_phaseClass7q_V_9' is power-on initialization.
WARNING: [RTGEN 206-101] Register 'cor_phaseClass7q_V_8' is power-on initialization.
WARNING: [RTGEN 206-101] Register 'cor_phaseClass7q_V_7' is power-on initialization.
WARNING: [RTGEN 206-101] Register 'cor_phaseClass7q_V_6' is power-on initialization.
WARNING: [RTGEN 206-101] Register 'cor_phaseClass7q_V_5' is power-on initialization.
WARNING: [RTGEN 206-101] Register 'cor_phaseClass7q_V_4' is power-on initialization.
WARNING: [RTGEN 206-101] Register 'cor_phaseClass7q_V_3' is power-on initialization.
WARNING: [RTGEN 206-101] Register 'cor_phaseClass7q_V_2' is power-on initialization.
WARNING: [RTGEN 206-101] Register 'cor_phaseClass7q_V_1' is power-on initialization.
WARNING: [RTGEN 206-101] Register 'cor_phaseClass7q_V_0' is power-on initialization.
WARNING: [RTGEN 206-101] Register 'cor_phaseClass8q_V_14' is power-on initialization.
WARNING: [RTGEN 206-101] Register 'cor_phaseClass8q_V_13' is power-on initialization.
WARNING: [RTGEN 206-101] Register 'cor_phaseClass8q_V_12' is power-on initialization.
WARNING: [RTGEN 206-101] Register 'cor_phaseClass8q_V_11' is power-on initialization.
WARNING: [RTGEN 206-101] Register 'cor_phaseClass8q_V_10' is power-on initialization.
WARNING: [RTGEN 206-101] Register 'cor_phaseClass8q_V_9' is power-on initialization.
WARNING: [RTGEN 206-101] Register 'cor_phaseClass8q_V_8' is power-on initialization.
WARNING: [RTGEN 206-101] Register 'cor_phaseClass8q_V_7' is power-on initialization.
WARNING: [RTGEN 206-101] Register 'cor_phaseClass8q_V_6' is power-on initialization.
WARNING: [RTGEN 206-101] Register 'cor_phaseClass8q_V_5' is power-on initialization.
WARNING: [RTGEN 206-101] Register 'cor_phaseClass8q_V_4' is power-on initialization.
WARNING: [RTGEN 206-101] Register 'cor_phaseClass8q_V_3' is power-on initialization.
WARNING: [RTGEN 206-101] Register 'cor_phaseClass8q_V_2' is power-on initialization.
WARNING: [RTGEN 206-101] Register 'cor_phaseClass8q_V_1' is power-on initialization.
WARNING: [RTGEN 206-101] Register 'cor_phaseClass8q_V_0' is power-on initialization.
WARNING: [RTGEN 206-101] Register 'cor_phaseClass9q_V_14' is power-on initialization.
WARNING: [RTGEN 206-101] Register 'cor_phaseClass9q_V_13' is power-on initialization.
WARNING: [RTGEN 206-101] Register 'cor_phaseClass9q_V_12' is power-on initialization.
WARNING: [RTGEN 206-101] Register 'cor_phaseClass9q_V_11' is power-on initialization.
WARNING: [RTGEN 206-101] Register 'cor_phaseClass9q_V_10' is power-on initialization.
WARNING: [RTGEN 206-101] Register 'cor_phaseClass9q_V_9' is power-on initialization.
WARNING: [RTGEN 206-101] Register 'cor_phaseClass9q_V_8' is power-on initialization.
WARNING: [RTGEN 206-101] Register 'cor_phaseClass9q_V_7' is power-on initialization.
WARNING: [RTGEN 206-101] Register 'cor_phaseClass9q_V_6' is power-on initialization.
WARNING: [RTGEN 206-101] Register 'cor_phaseClass9q_V_5' is power-on initialization.
WARNING: [RTGEN 206-101] Register 'cor_phaseClass9q_V_4' is power-on initialization.
WARNING: [RTGEN 206-101] Register 'cor_phaseClass9q_V_3' is power-on initialization.
WARNING: [RTGEN 206-101] Register 'cor_phaseClass9q_V_2' is power-on initialization.
WARNING: [RTGEN 206-101] Register 'cor_phaseClass9q_V_1' is power-on initialization.
WARNING: [RTGEN 206-101] Register 'cor_phaseClass9q_V_0' is power-on initialization.
WARNING: [RTGEN 206-101] Register 'cor_phaseClass10q_V_14' is power-on initialization.
WARNING: [RTGEN 206-101] Register 'cor_phaseClass10q_V_13' is power-on initialization.
WARNING: [RTGEN 206-101] Register 'cor_phaseClass10q_V_12' is power-on initialization.
WARNING: [RTGEN 206-101] Register 'cor_phaseClass10q_V_11' is power-on initialization.
WARNING: [RTGEN 206-101] Register 'cor_phaseClass10q_V_10' is power-on initialization.
WARNING: [RTGEN 206-101] Register 'cor_phaseClass10q_V_9' is power-on initialization.
WARNING: [RTGEN 206-101] Register 'cor_phaseClass10q_V_8' is power-on initialization.
WARNING: [RTGEN 206-101] Register 'cor_phaseClass10q_V_7' is power-on initialization.
WARNING: [RTGEN 206-101] Register 'cor_phaseClass10q_V_6' is power-on initialization.
WARNING: [RTGEN 206-101] Register 'cor_phaseClass10q_V_5' is power-on initialization.
WARNING: [RTGEN 206-101] Register 'cor_phaseClass10q_V_4' is power-on initialization.
WARNING: [RTGEN 206-101] Register 'cor_phaseClass10q_V_3' is power-on initialization.
WARNING: [RTGEN 206-101] Register 'cor_phaseClass10q_V_2' is power-on initialization.
WARNING: [RTGEN 206-101] Register 'cor_phaseClass10q_V_1' is power-on initialization.
WARNING: [RTGEN 206-101] Register 'cor_phaseClass10q_V_s' is power-on initialization.
WARNING: [RTGEN 206-101] Register 'cor_phaseClass11q_V_14' is power-on initialization.
WARNING: [RTGEN 206-101] Register 'cor_phaseClass11q_V_13' is power-on initialization.
WARNING: [RTGEN 206-101] Register 'cor_phaseClass11q_V_12' is power-on initialization.
WARNING: [RTGEN 206-101] Register 'cor_phaseClass11q_V_11' is power-on initialization.
WARNING: [RTGEN 206-101] Register 'cor_phaseClass11q_V_10' is power-on initialization.
WARNING: [RTGEN 206-101] Register 'cor_phaseClass11q_V_9' is power-on initialization.
WARNING: [RTGEN 206-101] Register 'cor_phaseClass11q_V_8' is power-on initialization.
WARNING: [RTGEN 206-101] Register 'cor_phaseClass11q_V_7' is power-on initialization.
WARNING: [RTGEN 206-101] Register 'cor_phaseClass11q_V_6' is power-on initialization.
WARNING: [RTGEN 206-101] Register 'cor_phaseClass11q_V_5' is power-on initialization.
WARNING: [RTGEN 206-101] Register 'cor_phaseClass11q_V_4' is power-on initialization.
WARNING: [RTGEN 206-101] Register 'cor_phaseClass11q_V_3' is power-on initialization.
WARNING: [RTGEN 206-101] Register 'cor_phaseClass11q_V_2' is power-on initialization.
WARNING: [RTGEN 206-101] Register 'cor_phaseClass11q_V_1' is power-on initialization.
WARNING: [RTGEN 206-101] Register 'cor_phaseClass11q_V_s' is power-on initialization.
WARNING: [RTGEN 206-101] Register 'cor_phaseClass12q_V_14' is power-on initialization.
WARNING: [RTGEN 206-101] Register 'cor_phaseClass12q_V_13' is power-on initialization.
WARNING: [RTGEN 206-101] Register 'cor_phaseClass12q_V_12' is power-on initialization.
WARNING: [RTGEN 206-101] Register 'cor_phaseClass12q_V_11' is power-on initialization.
WARNING: [RTGEN 206-101] Register 'cor_phaseClass12q_V_10' is power-on initialization.
WARNING: [RTGEN 206-101] Register 'cor_phaseClass12q_V_9' is power-on initialization.
WARNING: [RTGEN 206-101] Register 'cor_phaseClass12q_V_8' is power-on initialization.
WARNING: [RTGEN 206-101] Register 'cor_phaseClass12q_V_7' is power-on initialization.
WARNING: [RTGEN 206-101] Register 'cor_phaseClass12q_V_6' is power-on initialization.
WARNING: [RTGEN 206-101] Register 'cor_phaseClass12q_V_5' is power-on initialization.
WARNING: [RTGEN 206-101] Register 'cor_phaseClass12q_V_4' is power-on initialization.
WARNING: [RTGEN 206-101] Register 'cor_phaseClass12q_V_3' is power-on initialization.
WARNING: [RTGEN 206-101] Register 'cor_phaseClass12q_V_2' is power-on initialization.
WARNING: [RTGEN 206-101] Register 'cor_phaseClass12q_V_1' is power-on initialization.
WARNING: [RTGEN 206-101] Register 'cor_phaseClass12q_V_s' is power-on initialization.
WARNING: [RTGEN 206-101] Register 'cor_phaseClass13q_V_14' is power-on initialization.
WARNING: [RTGEN 206-101] Register 'cor_phaseClass13q_V_13' is power-on initialization.
WARNING: [RTGEN 206-101] Register 'cor_phaseClass13q_V_12' is power-on initialization.
WARNING: [RTGEN 206-101] Register 'cor_phaseClass13q_V_11' is power-on initialization.
WARNING: [RTGEN 206-101] Register 'cor_phaseClass13q_V_10' is power-on initialization.
WARNING: [RTGEN 206-101] Register 'cor_phaseClass13q_V_9' is power-on initialization.
WARNING: [RTGEN 206-101] Register 'cor_phaseClass13q_V_8' is power-on initialization.
WARNING: [RTGEN 206-101] Register 'cor_phaseClass13q_V_7' is power-on initialization.
WARNING: [RTGEN 206-101] Register 'cor_phaseClass13q_V_6' is power-on initialization.
WARNING: [RTGEN 206-101] Register 'cor_phaseClass13q_V_5' is power-on initialization.
WARNING: [RTGEN 206-101] Register 'cor_phaseClass13q_V_4' is power-on initialization.
WARNING: [RTGEN 206-101] Register 'cor_phaseClass13q_V_3' is power-on initialization.
WARNING: [RTGEN 206-101] Register 'cor_phaseClass13q_V_2' is power-on initialization.
WARNING: [RTGEN 206-101] Register 'cor_phaseClass13q_V_1' is power-on initialization.
WARNING: [RTGEN 206-101] Register 'cor_phaseClass13q_V_s' is power-on initialization.
WARNING: [RTGEN 206-101] Register 'cor_phaseClass14q_V_14' is power-on initialization.
WARNING: [RTGEN 206-101] Register 'cor_phaseClass14q_V_13' is power-on initialization.
WARNING: [RTGEN 206-101] Register 'cor_phaseClass14q_V_12' is power-on initialization.
WARNING: [RTGEN 206-101] Register 'cor_phaseClass14q_V_11' is power-on initialization.
WARNING: [RTGEN 206-101] Register 'cor_phaseClass14q_V_10' is power-on initialization.
WARNING: [RTGEN 206-101] Register 'cor_phaseClass14q_V_9' is power-on initialization.
WARNING: [RTGEN 206-101] Register 'cor_phaseClass14q_V_8' is power-on initialization.
WARNING: [RTGEN 206-101] Register 'cor_phaseClass14q_V_7' is power-on initialization.
WARNING: [RTGEN 206-101] Register 'cor_phaseClass14q_V_6' is power-on initialization.
WARNING: [RTGEN 206-101] Register 'cor_phaseClass14q_V_5' is power-on initialization.
WARNING: [RTGEN 206-101] Register 'cor_phaseClass14q_V_4' is power-on initialization.
WARNING: [RTGEN 206-101] Register 'cor_phaseClass14q_V_3' is power-on initialization.
WARNING: [RTGEN 206-101] Register 'cor_phaseClass14q_V_2' is power-on initialization.
WARNING: [RTGEN 206-101] Register 'cor_phaseClass14q_V_1' is power-on initialization.
WARNING: [RTGEN 206-101] Register 'cor_phaseClass14q_V_s' is power-on initialization.
WARNING: [RTGEN 206-101] Register 'cor_phaseClass15q_V_14' is power-on initialization.
WARNING: [RTGEN 206-101] Register 'cor_phaseClass15q_V_13' is power-on initialization.
WARNING: [RTGEN 206-101] Register 'cor_phaseClass15q_V_12' is power-on initialization.
WARNING: [RTGEN 206-101] Register 'cor_phaseClass15q_V_11' is power-on initialization.
WARNING: [RTGEN 206-101] Register 'cor_phaseClass15q_V_10' is power-on initialization.
WARNING: [RTGEN 206-101] Register 'cor_phaseClass15q_V_9' is power-on initialization.
WARNING: [RTGEN 206-101] Register 'cor_phaseClass15q_V_8' is power-on initialization.
WARNING: [RTGEN 206-101] Register 'cor_phaseClass15q_V_7' is power-on initialization.
WARNING: [RTGEN 206-101] Register 'cor_phaseClass15q_V_6' is power-on initialization.
WARNING: [RTGEN 206-101] Register 'cor_phaseClass15q_V_5' is power-on initialization.
WARNING: [RTGEN 206-101] Register 'cor_phaseClass15q_V_4' is power-on initialization.
WARNING: [RTGEN 206-101] Register 'cor_phaseClass15q_V_3' is power-on initialization.
WARNING: [RTGEN 206-101] Register 'cor_phaseClass15q_V_2' is power-on initialization.
WARNING: [RTGEN 206-101] Register 'cor_phaseClass15q_V_1' is power-on initialization.
WARNING: [RTGEN 206-101] Register 'cor_phaseClass15q_V_s' is power-on initialization.
INFO: [RTGEN 206-100] Finished creating RTL model for 'shiftPhaseClassPre'.
INFO: [HLS 200-111]  Elapsed time: 3.48 seconds; current allocated memory: 237.993 MB.
INFO: [HLS 200-10] ----------------------------------------------------------------
INFO: [HLS 200-10] -- Generating RTL for module 'correlatorPre'
INFO: [HLS 200-10] ----------------------------------------------------------------
INFO: [SYN 201-210] Renamed object name 'correlateTopPreamble_mul_20s_20s_40_4_1' to 'correlateTopPreambkb' due to the length limit 20
INFO: [RTGEN 206-100] Generating core module 'correlateTopPreambkb': 1 instance(s).
INFO: [RTGEN 206-100] Finished creating RTL model for 'correlatorPre'.
INFO: [HLS 200-111]  Elapsed time: 0.74 seconds; current allocated memory: 254.676 MB.
INFO: [HLS 200-10] ----------------------------------------------------------------
INFO: [HLS 200-10] -- Generating RTL for module 'correlateTopPreamble'
INFO: [HLS 200-10] ----------------------------------------------------------------
INFO: [RTGEN 206-500] Setting interface mode on port 'correlateTopPreamble/i_data_V_data_V' to 'axis' (register, both mode).
INFO: [RTGEN 206-500] Setting interface mode on port 'correlateTopPreamble/i_data_V_last_V' to 'axis' (register, both mode).
INFO: [RTGEN 206-500] Setting interface mode on port 'correlateTopPreamble/o_data_V_data_V' to 'axis' (register, both mode).
INFO: [RTGEN 206-500] Setting interface mode on port 'correlateTopPreamble/o_data_V_last_V' to 'axis' (register, both mode).
INFO: [RTGEN 206-500] Setting interface mode on function 'correlateTopPreamble' to 'ap_ctrl_none'.
WARNING: [RTGEN 206-101] Register 'currentState' is power-on initialization.
WARNING: [RTGEN 206-101] Register 'phaseClass_V' is power-on initialization.
WARNING: [RTGEN 206-101] Register 'loadCount_V' is power-on initialization.
WARNING: [RTGEN 206-101] Register 'cor_phaseClass0i_V_14' is power-on initialization.
WARNING: [RTGEN 206-101] Register 'cor_phaseClass0i_V_15' is power-on initialization.
WARNING: [RTGEN 206-101] Register 'cor_phaseClass0i_V_13' is power-on initialization.
WARNING: [RTGEN 206-101] Register 'cor_phaseClass0i_V_12' is power-on initialization.
WARNING: [RTGEN 206-101] Register 'cor_phaseClass0i_V_11' is power-on initialization.
WARNING: [RTGEN 206-101] Register 'cor_phaseClass0i_V_10' is power-on initialization.
WARNING: [RTGEN 206-101] Register 'cor_phaseClass0i_V_9' is power-on initialization.
WARNING: [RTGEN 206-101] Register 'cor_phaseClass0i_V_8' is power-on initialization.
WARNING: [RTGEN 206-101] Register 'cor_phaseClass0i_V_7' is power-on initialization.
WARNING: [RTGEN 206-101] Register 'cor_phaseClass0i_V_6' is power-on initialization.
WARNING: [RTGEN 206-101] Register 'cor_phaseClass0i_V_5' is power-on initialization.
WARNING: [RTGEN 206-101] Register 'cor_phaseClass0i_V_4' is power-on initialization.
WARNING: [RTGEN 206-101] Register 'cor_phaseClass0i_V_3' is power-on initialization.
WARNING: [RTGEN 206-101] Register 'cor_phaseClass0i_V_2' is power-on initialization.
WARNING: [RTGEN 206-101] Register 'cor_phaseClass0i_V_1' is power-on initialization.
WARNING: [RTGEN 206-101] Register 'cor_phaseClass0i_V_0' is power-on initialization.
WARNING: [RTGEN 206-101] Register 'cor_phaseClass1i_V_14' is power-on initialization.
WARNING: [RTGEN 206-101] Register 'cor_phaseClass1i_V_15' is power-on initialization.
WARNING: [RTGEN 206-101] Register 'cor_phaseClass1i_V_13' is power-on initialization.
WARNING: [RTGEN 206-101] Register 'cor_phaseClass1i_V_12' is power-on initialization.
WARNING: [RTGEN 206-101] Register 'cor_phaseClass1i_V_11' is power-on initialization.
WARNING: [RTGEN 206-101] Register 'cor_phaseClass1i_V_10' is power-on initialization.
WARNING: [RTGEN 206-101] Register 'cor_phaseClass1i_V_9' is power-on initialization.
WARNING: [RTGEN 206-101] Register 'cor_phaseClass1i_V_8' is power-on initialization.
WARNING: [RTGEN 206-101] Register 'cor_phaseClass1i_V_7' is power-on initialization.
WARNING: [RTGEN 206-101] Register 'cor_phaseClass1i_V_6' is power-on initialization.
WARNING: [RTGEN 206-101] Register 'cor_phaseClass1i_V_5' is power-on initialization.
WARNING: [RTGEN 206-101] Register 'cor_phaseClass1i_V_4' is power-on initialization.
WARNING: [RTGEN 206-101] Register 'cor_phaseClass1i_V_3' is power-on initialization.
WARNING: [RTGEN 206-101] Register 'cor_phaseClass1i_V_2' is power-on initialization.
WARNING: [RTGEN 206-101] Register 'cor_phaseClass1i_V_1' is power-on initialization.
WARNING: [RTGEN 206-101] Register 'cor_phaseClass1i_V_0' is power-on initialization.
WARNING: [RTGEN 206-101] Register 'cor_phaseClass2i_V_14' is power-on initialization.
WARNING: [RTGEN 206-101] Register 'cor_phaseClass2i_V_15' is power-on initialization.
WARNING: [RTGEN 206-101] Register 'cor_phaseClass2i_V_13' is power-on initialization.
WARNING: [RTGEN 206-101] Register 'cor_phaseClass2i_V_12' is power-on initialization.
WARNING: [RTGEN 206-101] Register 'cor_phaseClass2i_V_11' is power-on initialization.
WARNING: [RTGEN 206-101] Register 'cor_phaseClass2i_V_10' is power-on initialization.
WARNING: [RTGEN 206-101] Register 'cor_phaseClass2i_V_9' is power-on initialization.
WARNING: [RTGEN 206-101] Register 'cor_phaseClass2i_V_8' is power-on initialization.
WARNING: [RTGEN 206-101] Register 'cor_phaseClass2i_V_7' is power-on initialization.
WARNING: [RTGEN 206-101] Register 'cor_phaseClass2i_V_6' is power-on initialization.
WARNING: [RTGEN 206-101] Register 'cor_phaseClass2i_V_5' is power-on initialization.
WARNING: [RTGEN 206-101] Register 'cor_phaseClass2i_V_4' is power-on initialization.
WARNING: [RTGEN 206-101] Register 'cor_phaseClass2i_V_3' is power-on initialization.
WARNING: [RTGEN 206-101] Register 'cor_phaseClass2i_V_2' is power-on initialization.
WARNING: [RTGEN 206-101] Register 'cor_phaseClass2i_V_1' is power-on initialization.
WARNING: [RTGEN 206-101] Register 'cor_phaseClass2i_V_0' is power-on initialization.
WARNING: [RTGEN 206-101] Register 'cor_phaseClass3i_V_14' is power-on initialization.
WARNING: [RTGEN 206-101] Register 'cor_phaseClass3i_V_15' is power-on initialization.
WARNING: [RTGEN 206-101] Register 'cor_phaseClass3i_V_13' is power-on initialization.
WARNING: [RTGEN 206-101] Register 'cor_phaseClass3i_V_12' is power-on initialization.
WARNING: [RTGEN 206-101] Register 'cor_phaseClass3i_V_11' is power-on initialization.
WARNING: [RTGEN 206-101] Register 'cor_phaseClass3i_V_10' is power-on initialization.
WARNING: [RTGEN 206-101] Register 'cor_phaseClass3i_V_9' is power-on initialization.
WARNING: [RTGEN 206-101] Register 'cor_phaseClass3i_V_8' is power-on initialization.
WARNING: [RTGEN 206-101] Register 'cor_phaseClass3i_V_7' is power-on initialization.
WARNING: [RTGEN 206-101] Register 'cor_phaseClass3i_V_6' is power-on initialization.
WARNING: [RTGEN 206-101] Register 'cor_phaseClass3i_V_5' is power-on initialization.
WARNING: [RTGEN 206-101] Register 'cor_phaseClass3i_V_4' is power-on initialization.
WARNING: [RTGEN 206-101] Register 'cor_phaseClass3i_V_3' is power-on initialization.
WARNING: [RTGEN 206-101] Register 'cor_phaseClass3i_V_2' is power-on initialization.
WARNING: [RTGEN 206-101] Register 'cor_phaseClass3i_V_1' is power-on initialization.
WARNING: [RTGEN 206-101] Register 'cor_phaseClass3i_V_0' is power-on initialization.
WARNING: [RTGEN 206-101] Register 'cor_phaseClass4i_V_14' is power-on initialization.
WARNING: [RTGEN 206-101] Register 'cor_phaseClass4i_V_15' is power-on initialization.
WARNING: [RTGEN 206-101] Register 'cor_phaseClass4i_V_13' is power-on initialization.
WARNING: [RTGEN 206-101] Register 'cor_phaseClass4i_V_12' is power-on initialization.
WARNING: [RTGEN 206-101] Register 'cor_phaseClass4i_V_11' is power-on initialization.
WARNING: [RTGEN 206-101] Register 'cor_phaseClass4i_V_10' is power-on initialization.
WARNING: [RTGEN 206-101] Register 'cor_phaseClass4i_V_9' is power-on initialization.
WARNING: [RTGEN 206-101] Register 'cor_phaseClass4i_V_8' is power-on initialization.
WARNING: [RTGEN 206-101] Register 'cor_phaseClass4i_V_7' is power-on initialization.
WARNING: [RTGEN 206-101] Register 'cor_phaseClass4i_V_6' is power-on initialization.
WARNING: [RTGEN 206-101] Register 'cor_phaseClass4i_V_5' is power-on initialization.
WARNING: [RTGEN 206-101] Register 'cor_phaseClass4i_V_4' is power-on initialization.
WARNING: [RTGEN 206-101] Register 'cor_phaseClass4i_V_3' is power-on initialization.
WARNING: [RTGEN 206-101] Register 'cor_phaseClass4i_V_2' is power-on initialization.
WARNING: [RTGEN 206-101] Register 'cor_phaseClass4i_V_1' is power-on initialization.
WARNING: [RTGEN 206-101] Register 'cor_phaseClass4i_V_0' is power-on initialization.
WARNING: [RTGEN 206-101] Register 'cor_phaseClass5i_V_14' is power-on initialization.
WARNING: [RTGEN 206-101] Register 'cor_phaseClass5i_V_15' is power-on initialization.
WARNING: [RTGEN 206-101] Register 'cor_phaseClass5i_V_13' is power-on initialization.
WARNING: [RTGEN 206-101] Register 'cor_phaseClass5i_V_12' is power-on initialization.
WARNING: [RTGEN 206-101] Register 'cor_phaseClass5i_V_11' is power-on initialization.
WARNING: [RTGEN 206-101] Register 'cor_phaseClass5i_V_10' is power-on initialization.
WARNING: [RTGEN 206-101] Register 'cor_phaseClass5i_V_9' is power-on initialization.
WARNING: [RTGEN 206-101] Register 'cor_phaseClass5i_V_8' is power-on initialization.
WARNING: [RTGEN 206-101] Register 'cor_phaseClass5i_V_7' is power-on initialization.
WARNING: [RTGEN 206-101] Register 'cor_phaseClass5i_V_6' is power-on initialization.
WARNING: [RTGEN 206-101] Register 'cor_phaseClass5i_V_5' is power-on initialization.
WARNING: [RTGEN 206-101] Register 'cor_phaseClass5i_V_4' is power-on initialization.
WARNING: [RTGEN 206-101] Register 'cor_phaseClass5i_V_3' is power-on initialization.
WARNING: [RTGEN 206-101] Register 'cor_phaseClass5i_V_2' is power-on initialization.
WARNING: [RTGEN 206-101] Register 'cor_phaseClass5i_V_1' is power-on initialization.
WARNING: [RTGEN 206-101] Register 'cor_phaseClass5i_V_0' is power-on initialization.
WARNING: [RTGEN 206-101] Register 'cor_phaseClass6i_V_14' is power-on initialization.
WARNING: [RTGEN 206-101] Register 'cor_phaseClass6i_V_15' is power-on initialization.
WARNING: [RTGEN 206-101] Register 'cor_phaseClass6i_V_13' is power-on initialization.
WARNING: [RTGEN 206-101] Register 'cor_phaseClass6i_V_12' is power-on initialization.
WARNING: [RTGEN 206-101] Register 'cor_phaseClass6i_V_11' is power-on initialization.
WARNING: [RTGEN 206-101] Register 'cor_phaseClass6i_V_10' is power-on initialization.
WARNING: [RTGEN 206-101] Register 'cor_phaseClass6i_V_9' is power-on initialization.
WARNING: [RTGEN 206-101] Register 'cor_phaseClass6i_V_8' is power-on initialization.
WARNING: [RTGEN 206-101] Register 'cor_phaseClass6i_V_7' is power-on initialization.
WARNING: [RTGEN 206-101] Register 'cor_phaseClass6i_V_6' is power-on initialization.
WARNING: [RTGEN 206-101] Register 'cor_phaseClass6i_V_5' is power-on initialization.
WARNING: [RTGEN 206-101] Register 'cor_phaseClass6i_V_4' is power-on initialization.
WARNING: [RTGEN 206-101] Register 'cor_phaseClass6i_V_3' is power-on initialization.
WARNING: [RTGEN 206-101] Register 'cor_phaseClass6i_V_2' is power-on initialization.
WARNING: [RTGEN 206-101] Register 'cor_phaseClass6i_V_1' is power-on initialization.
WARNING: [RTGEN 206-101] Register 'cor_phaseClass6i_V_0' is power-on initialization.
WARNING: [RTGEN 206-101] Register 'cor_phaseClass7i_V_14' is power-on initialization.
WARNING: [RTGEN 206-101] Register 'cor_phaseClass7i_V_15' is power-on initialization.
WARNING: [RTGEN 206-101] Register 'cor_phaseClass7i_V_13' is power-on initialization.
WARNING: [RTGEN 206-101] Register 'cor_phaseClass7i_V_12' is power-on initialization.
WARNING: [RTGEN 206-101] Register 'cor_phaseClass7i_V_11' is power-on initialization.
WARNING: [RTGEN 206-101] Register 'cor_phaseClass7i_V_10' is power-on initialization.
WARNING: [RTGEN 206-101] Register 'cor_phaseClass7i_V_9' is power-on initialization.
WARNING: [RTGEN 206-101] Register 'cor_phaseClass7i_V_8' is power-on initialization.
WARNING: [RTGEN 206-101] Register 'cor_phaseClass7i_V_7' is power-on initialization.
WARNING: [RTGEN 206-101] Register 'cor_phaseClass7i_V_6' is power-on initialization.
WARNING: [RTGEN 206-101] Register 'cor_phaseClass7i_V_5' is power-on initialization.
WARNING: [RTGEN 206-101] Register 'cor_phaseClass7i_V_4' is power-on initialization.
WARNING: [RTGEN 206-101] Register 'cor_phaseClass7i_V_3' is power-on initialization.
WARNING: [RTGEN 206-101] Register 'cor_phaseClass7i_V_2' is power-on initialization.
WARNING: [RTGEN 206-101] Register 'cor_phaseClass7i_V_1' is power-on initialization.
WARNING: [RTGEN 206-101] Register 'cor_phaseClass7i_V_0' is power-on initialization.
WARNING: [RTGEN 206-101] Register 'cor_phaseClass8i_V_14' is power-on initialization.
WARNING: [RTGEN 206-101] Register 'cor_phaseClass8i_V_15' is power-on initialization.
WARNING: [RTGEN 206-101] Register 'cor_phaseClass8i_V_13' is power-on initialization.
WARNING: [RTGEN 206-101] Register 'cor_phaseClass8i_V_12' is power-on initialization.
WARNING: [RTGEN 206-101] Register 'cor_phaseClass8i_V_11' is power-on initialization.
WARNING: [RTGEN 206-101] Register 'cor_phaseClass8i_V_10' is power-on initialization.
WARNING: [RTGEN 206-101] Register 'cor_phaseClass8i_V_9' is power-on initialization.
WARNING: [RTGEN 206-101] Register 'cor_phaseClass8i_V_8' is power-on initialization.
WARNING: [RTGEN 206-101] Register 'cor_phaseClass8i_V_7' is power-on initialization.
WARNING: [RTGEN 206-101] Register 'cor_phaseClass8i_V_6' is power-on initialization.
WARNING: [RTGEN 206-101] Register 'cor_phaseClass8i_V_5' is power-on initialization.
WARNING: [RTGEN 206-101] Register 'cor_phaseClass8i_V_4' is power-on initialization.
WARNING: [RTGEN 206-101] Register 'cor_phaseClass8i_V_3' is power-on initialization.
WARNING: [RTGEN 206-101] Register 'cor_phaseClass8i_V_2' is power-on initialization.
WARNING: [RTGEN 206-101] Register 'cor_phaseClass8i_V_1' is power-on initialization.
WARNING: [RTGEN 206-101] Register 'cor_phaseClass8i_V_0' is power-on initialization.
WARNING: [RTGEN 206-101] Register 'cor_phaseClass9i_V_14' is power-on initialization.
WARNING: [RTGEN 206-101] Register 'cor_phaseClass9i_V_15' is power-on initialization.
WARNING: [RTGEN 206-101] Register 'cor_phaseClass9i_V_13' is power-on initialization.
WARNING: [RTGEN 206-101] Register 'cor_phaseClass9i_V_12' is power-on initialization.
WARNING: [RTGEN 206-101] Register 'cor_phaseClass9i_V_11' is power-on initialization.
WARNING: [RTGEN 206-101] Register 'cor_phaseClass9i_V_10' is power-on initialization.
WARNING: [RTGEN 206-101] Register 'cor_phaseClass9i_V_9' is power-on initialization.
WARNING: [RTGEN 206-101] Register 'cor_phaseClass9i_V_8' is power-on initialization.
WARNING: [RTGEN 206-101] Register 'cor_phaseClass9i_V_7' is power-on initialization.
WARNING: [RTGEN 206-101] Register 'cor_phaseClass9i_V_6' is power-on initialization.
WARNING: [RTGEN 206-101] Register 'cor_phaseClass9i_V_5' is power-on initialization.
WARNING: [RTGEN 206-101] Register 'cor_phaseClass9i_V_4' is power-on initialization.
WARNING: [RTGEN 206-101] Register 'cor_phaseClass9i_V_3' is power-on initialization.
WARNING: [RTGEN 206-101] Register 'cor_phaseClass9i_V_2' is power-on initialization.
WARNING: [RTGEN 206-101] Register 'cor_phaseClass9i_V_1' is power-on initialization.
WARNING: [RTGEN 206-101] Register 'cor_phaseClass9i_V_0' is power-on initialization.
WARNING: [RTGEN 206-101] Register 'cor_phaseClass10i_V_14' is power-on initialization.
WARNING: [RTGEN 206-101] Register 'cor_phaseClass10i_V_15' is power-on initialization.
WARNING: [RTGEN 206-101] Register 'cor_phaseClass10i_V_13' is power-on initialization.
WARNING: [RTGEN 206-101] Register 'cor_phaseClass10i_V_12' is power-on initialization.
WARNING: [RTGEN 206-101] Register 'cor_phaseClass10i_V_11' is power-on initialization.
WARNING: [RTGEN 206-101] Register 'cor_phaseClass10i_V_10' is power-on initialization.
WARNING: [RTGEN 206-101] Register 'cor_phaseClass10i_V_9' is power-on initialization.
WARNING: [RTGEN 206-101] Register 'cor_phaseClass10i_V_8' is power-on initialization.
WARNING: [RTGEN 206-101] Register 'cor_phaseClass10i_V_7' is power-on initialization.
WARNING: [RTGEN 206-101] Register 'cor_phaseClass10i_V_6' is power-on initialization.
WARNING: [RTGEN 206-101] Register 'cor_phaseClass10i_V_5' is power-on initialization.
WARNING: [RTGEN 206-101] Register 'cor_phaseClass10i_V_4' is power-on initialization.
WARNING: [RTGEN 206-101] Register 'cor_phaseClass10i_V_3' is power-on initialization.
WARNING: [RTGEN 206-101] Register 'cor_phaseClass10i_V_2' is power-on initialization.
WARNING: [RTGEN 206-101] Register 'cor_phaseClass10i_V_1' is power-on initialization.
WARNING: [RTGEN 206-101] Register 'cor_phaseClass10i_V_s' is power-on initialization.
WARNING: [RTGEN 206-101] Register 'cor_phaseClass11i_V_14' is power-on initialization.
WARNING: [RTGEN 206-101] Register 'cor_phaseClass11i_V_15' is power-on initialization.
WARNING: [RTGEN 206-101] Register 'cor_phaseClass11i_V_13' is power-on initialization.
WARNING: [RTGEN 206-101] Register 'cor_phaseClass11i_V_12' is power-on initialization.
WARNING: [RTGEN 206-101] Register 'cor_phaseClass11i_V_11' is power-on initialization.
WARNING: [RTGEN 206-101] Register 'cor_phaseClass11i_V_10' is power-on initialization.
WARNING: [RTGEN 206-101] Register 'cor_phaseClass11i_V_9' is power-on initialization.
WARNING: [RTGEN 206-101] Register 'cor_phaseClass11i_V_8' is power-on initialization.
WARNING: [RTGEN 206-101] Register 'cor_phaseClass11i_V_7' is power-on initialization.
WARNING: [RTGEN 206-101] Register 'cor_phaseClass11i_V_6' is power-on initialization.
WARNING: [RTGEN 206-101] Register 'cor_phaseClass11i_V_5' is power-on initialization.
WARNING: [RTGEN 206-101] Register 'cor_phaseClass11i_V_4' is power-on initialization.
WARNING: [RTGEN 206-101] Register 'cor_phaseClass11i_V_3' is power-on initialization.
WARNING: [RTGEN 206-101] Register 'cor_phaseClass11i_V_2' is power-on initialization.
WARNING: [RTGEN 206-101] Register 'cor_phaseClass11i_V_1' is power-on initialization.
WARNING: [RTGEN 206-101] Register 'cor_phaseClass11i_V_s' is power-on initialization.
WARNING: [RTGEN 206-101] Register 'cor_phaseClass12i_V_14' is power-on initialization.
WARNING: [RTGEN 206-101] Register 'cor_phaseClass12i_V_15' is power-on initialization.
WARNING: [RTGEN 206-101] Register 'cor_phaseClass12i_V_13' is power-on initialization.
WARNING: [RTGEN 206-101] Register 'cor_phaseClass12i_V_12' is power-on initialization.
WARNING: [RTGEN 206-101] Register 'cor_phaseClass12i_V_11' is power-on initialization.
WARNING: [RTGEN 206-101] Register 'cor_phaseClass12i_V_10' is power-on initialization.
WARNING: [RTGEN 206-101] Register 'cor_phaseClass12i_V_9' is power-on initialization.
WARNING: [RTGEN 206-101] Register 'cor_phaseClass12i_V_8' is power-on initialization.
WARNING: [RTGEN 206-101] Register 'cor_phaseClass12i_V_7' is power-on initialization.
WARNING: [RTGEN 206-101] Register 'cor_phaseClass12i_V_6' is power-on initialization.
WARNING: [RTGEN 206-101] Register 'cor_phaseClass12i_V_5' is power-on initialization.
WARNING: [RTGEN 206-101] Register 'cor_phaseClass12i_V_4' is power-on initialization.
WARNING: [RTGEN 206-101] Register 'cor_phaseClass12i_V_3' is power-on initialization.
WARNING: [RTGEN 206-101] Register 'cor_phaseClass12i_V_2' is power-on initialization.
WARNING: [RTGEN 206-101] Register 'cor_phaseClass12i_V_1' is power-on initialization.
WARNING: [RTGEN 206-101] Register 'cor_phaseClass12i_V_s' is power-on initialization.
WARNING: [RTGEN 206-101] Register 'cor_phaseClass13i_V_14' is power-on initialization.
WARNING: [RTGEN 206-101] Register 'cor_phaseClass13i_V_15' is power-on initialization.
WARNING: [RTGEN 206-101] Register 'cor_phaseClass13i_V_13' is power-on initialization.
WARNING: [RTGEN 206-101] Register 'cor_phaseClass13i_V_12' is power-on initialization.
WARNING: [RTGEN 206-101] Register 'cor_phaseClass13i_V_11' is power-on initialization.
WARNING: [RTGEN 206-101] Register 'cor_phaseClass13i_V_10' is power-on initialization.
WARNING: [RTGEN 206-101] Register 'cor_phaseClass13i_V_9' is power-on initialization.
WARNING: [RTGEN 206-101] Register 'cor_phaseClass13i_V_8' is power-on initialization.
WARNING: [RTGEN 206-101] Register 'cor_phaseClass13i_V_7' is power-on initialization.
WARNING: [RTGEN 206-101] Register 'cor_phaseClass13i_V_6' is power-on initialization.
WARNING: [RTGEN 206-101] Register 'cor_phaseClass13i_V_5' is power-on initialization.
WARNING: [RTGEN 206-101] Register 'cor_phaseClass13i_V_4' is power-on initialization.
WARNING: [RTGEN 206-101] Register 'cor_phaseClass13i_V_3' is power-on initialization.
WARNING: [RTGEN 206-101] Register 'cor_phaseClass13i_V_2' is power-on initialization.
WARNING: [RTGEN 206-101] Register 'cor_phaseClass13i_V_1' is power-on initialization.
WARNING: [RTGEN 206-101] Register 'cor_phaseClass13i_V_s' is power-on initialization.
WARNING: [RTGEN 206-101] Register 'cor_phaseClass14i_V_14' is power-on initialization.
WARNING: [RTGEN 206-101] Register 'cor_phaseClass14i_V_15' is power-on initialization.
WARNING: [RTGEN 206-101] Register 'cor_phaseClass14i_V_13' is power-on initialization.
WARNING: [RTGEN 206-101] Register 'cor_phaseClass14i_V_12' is power-on initialization.
WARNING: [RTGEN 206-101] Register 'cor_phaseClass14i_V_11' is power-on initialization.
WARNING: [RTGEN 206-101] Register 'cor_phaseClass14i_V_10' is power-on initialization.
WARNING: [RTGEN 206-101] Register 'cor_phaseClass14i_V_9' is power-on initialization.
WARNING: [RTGEN 206-101] Register 'cor_phaseClass14i_V_8' is power-on initialization.
WARNING: [RTGEN 206-101] Register 'cor_phaseClass14i_V_7' is power-on initialization.
WARNING: [RTGEN 206-101] Register 'cor_phaseClass14i_V_6' is power-on initialization.
WARNING: [RTGEN 206-101] Register 'cor_phaseClass14i_V_5' is power-on initialization.
WARNING: [RTGEN 206-101] Register 'cor_phaseClass14i_V_4' is power-on initialization.
WARNING: [RTGEN 206-101] Register 'cor_phaseClass14i_V_3' is power-on initialization.
WARNING: [RTGEN 206-101] Register 'cor_phaseClass14i_V_2' is power-on initialization.
WARNING: [RTGEN 206-101] Register 'cor_phaseClass14i_V_1' is power-on initialization.
WARNING: [RTGEN 206-101] Register 'cor_phaseClass14i_V_s' is power-on initialization.
WARNING: [RTGEN 206-101] Register 'cor_phaseClass15i_V_14' is power-on initialization.
WARNING: [RTGEN 206-101] Register 'cor_phaseClass15i_V_15' is power-on initialization.
WARNING: [RTGEN 206-101] Register 'cor_phaseClass15i_V_13' is power-on initialization.
WARNING: [RTGEN 206-101] Register 'cor_phaseClass15i_V_12' is power-on initialization.
WARNING: [RTGEN 206-101] Register 'cor_phaseClass15i_V_11' is power-on initialization.
WARNING: [RTGEN 206-101] Register 'cor_phaseClass15i_V_10' is power-on initialization.
WARNING: [RTGEN 206-101] Register 'cor_phaseClass15i_V_9' is power-on initialization.
WARNING: [RTGEN 206-101] Register 'cor_phaseClass15i_V_8' is power-on initialization.
WARNING: [RTGEN 206-101] Register 'cor_phaseClass15i_V_7' is power-on initialization.
WARNING: [RTGEN 206-101] Register 'cor_phaseClass15i_V_6' is power-on initialization.
WARNING: [RTGEN 206-101] Register 'cor_phaseClass15i_V_5' is power-on initialization.
WARNING: [RTGEN 206-101] Register 'cor_phaseClass15i_V_4' is power-on initialization.
WARNING: [RTGEN 206-101] Register 'cor_phaseClass15i_V_3' is power-on initialization.
WARNING: [RTGEN 206-101] Register 'cor_phaseClass15i_V_2' is power-on initialization.
WARNING: [RTGEN 206-101] Register 'cor_phaseClass15i_V_1' is power-on initialization.
WARNING: [RTGEN 206-101] Register 'cor_phaseClass15i_V_s' is power-on initialization.
INFO: [RTGEN 206-100] Finished creating RTL model for 'correlateTopPreamble'.
INFO: [HLS 200-111]  Elapsed time: 5.85 seconds; current allocated memory: 272.477 MB.
INFO: [RTMG 210-282] Generating pipelined core: 'correlateTopPreambkb_MulnS_0'
INFO: [HLS 200-111] Finished generating all RTL models Time (s): cpu = 00:00:55 ; elapsed = 00:00:39 . Memory (MB): peak = 679.945 ; gain = 333.371 ; free physical = 106055 ; free virtual = 253778
INFO: [SYSC 207-301] Generating SystemC RTL for correlateTopPreamble.
INFO: [VHDL 208-304] Generating VHDL RTL for correlateTopPreamble.
INFO: [VLOG 209-307] Generating Verilog RTL for correlateTopPreamble.
INFO: [HLS 200-112] Total elapsed time: 39.28 seconds; peak allocated memory: 272.477 MB.
