

================================================================
== Vivado HLS Report for 'correlateTopSynch'
================================================================
* Date:           Wed Apr 24 17:38:47 2019

* Version:        2017.4 (Build 2086221 on Fri Dec 15 21:13:33 MST 2017)
* Project:        CorrelatorSynch
* Solution:       solution1
* Product family: kintex7
* Target device:  xc7k410tffg900-1


================================================================
== Performance Estimates
================================================================
+ Timing (ns): 
    * Summary: 
    +--------+-------+----------+------------+
    |  Clock | Target| Estimated| Uncertainty|
    +--------+-------+----------+------------+
    |ap_clk  |   5.00|      4.24|        0.62|
    +--------+-------+----------+------------+

+ Latency (clock cycles): 
    * Summary: 
    +-----+-----+-----+-----+---------+
    |  Latency  |  Interval | Pipeline|
    | min | max | min | max |   Type  |
    +-----+-----+-----+-----+---------+
    |    1|   13|    1|   13|   none  |
    +-----+-----+-----+-----+---------+

    + Detail: 
        * Instance: 
        +------------------------------------------+----------------------+-----+-----+-----+-----+---------+
        |                                          |                      |  Latency  |  Interval | Pipeline|
        |                 Instance                 |        Module        | min | max | min | max |   Type  |
        +------------------------------------------+----------------------+-----+-----+-----+-----+---------+
        |grp_correlatorSynch_fu_1119               |correlatorSynch       |    4|    8|    4|    8|   none  |
        |StgValue_70_shiftPhaseClassSynch_fu_1636  |shiftPhaseClassSynch  |    0|    0|    0|    0|   none  |
        +------------------------------------------+----------------------+-----+-----+-----+-----+---------+

        * Loop: 
        N/A



================================================================
== Utilization Estimates
================================================================
* Summary: 
+-----------------+---------+-------+--------+--------+
|       Name      | BRAM_18K| DSP48E|   FF   |   LUT  |
+-----------------+---------+-------+--------+--------+
|DSP              |        -|      -|       -|       -|
|Expression       |        -|      -|       0|     292|
|FIFO             |        -|      -|       -|       -|
|Instance         |        -|      1|    1753|    7591|
|Memory           |        -|      -|       -|       -|
|Multiplexer      |        -|      -|       -|     185|
|Register         |        -|      -|    4391|       -|
+-----------------+---------+-------+--------+--------+
|Total            |        0|      1|    6144|    8068|
+-----------------+---------+-------+--------+--------+
|Available        |     1590|   1540|  508400|  254200|
+-----------------+---------+-------+--------+--------+
|Utilization (%)  |        0|   ~0  |       1|       3|
+-----------------+---------+-------+--------+--------+

+ Detail: 
    * Instance: 
    +------------------------------------------+----------------------+---------+-------+------+------+
    |                 Instance                 |        Module        | BRAM_18K| DSP48E|  FF  |  LUT |
    +------------------------------------------+----------------------+---------+-------+------+------+
    |grp_correlatorSynch_fu_1119               |correlatorSynch       |        0|      1|  1752|  5431|
    |StgValue_70_shiftPhaseClassSynch_fu_1636  |shiftPhaseClassSynch  |        0|      0|     1|  2160|
    +------------------------------------------+----------------------+---------+-------+------+------+
    |Total                                     |                      |        0|      1|  1753|  7591|
    +------------------------------------------+----------------------+---------+-------+------+------+

    * DSP48: 
    N/A

    * Memory: 
    N/A

    * FIFO: 
    N/A

    * Expression: 
    +----------------------------------+----------+-------+---+----+------------+------------+
    |           Variable Name          | Operation| DSP48E| FF| LUT| Bitwidth P0| Bitwidth P1|
    +----------------------------------+----------+-------+---+----+------------+------------+
    |ret_V_1_fu_2772_p2                |     +    |      0|  0|  29|           1|          22|
    |tmp_7_fu_2795_p2                  |     +    |      0|  0|  39|           1|          32|
    |tmp_9_fu_2735_p2                  |     +    |      0|  0|  13|           1|           4|
    |ap_predicate_op89_write_state6    |    and   |      0|  0|   8|           1|           1|
    |ap_predicate_op91_write_state6    |    and   |      0|  0|   8|           1|           1|
    |i_data_V_data_V_0_load_A          |    and   |      0|  0|   8|           1|           1|
    |i_data_V_data_V_0_load_B          |    and   |      0|  0|   8|           1|           1|
    |i_data_V_last_V_0_load_A          |    and   |      0|  0|   8|           1|           1|
    |i_data_V_last_V_0_load_B          |    and   |      0|  0|   8|           1|           1|
    |o_data_V_data_V_1_load_A          |    and   |      0|  0|   8|           1|           1|
    |o_data_V_data_V_1_load_B          |    and   |      0|  0|   8|           1|           1|
    |o_data_V_last_V_1_load_A          |    and   |      0|  0|   8|           1|           1|
    |o_data_V_last_V_1_load_B          |    and   |      0|  0|   8|           1|           1|
    |i_data_V_data_V_0_state_cmp_full  |   icmp   |      0|  0|   8|           2|           1|
    |i_data_V_last_V_0_state_cmp_full  |   icmp   |      0|  0|   8|           2|           1|
    |o_data_V_data_V_1_state_cmp_full  |   icmp   |      0|  0|   8|           2|           1|
    |o_data_V_last_V_1_state_cmp_full  |   icmp   |      0|  0|   8|           2|           1|
    |tmp_5_fu_2767_p2                  |   icmp   |      0|  0|  13|          10|           1|
    |tmp_s_fu_2807_p2                  |   icmp   |      0|  0|  18|          22|          14|
    |ap_block_state5_io                |    or    |      0|  0|   8|           1|           1|
    |ap_block_state6                   |    or    |      0|  0|   8|           1|           1|
    |ap_block_state6_io                |    or    |      0|  0|   8|           1|           1|
    |p_3_fu_2784_p3                    |  select  |      0|  0|  22|           1|          22|
    |p_s_fu_2777_p3                    |  select  |      0|  0|  22|           1|          22|
    +----------------------------------+----------+-------+---+----+------------+------------+
    |Total                             |          |      0|  0| 292|          58|         134|
    +----------------------------------+----------+-------+---+----+------------+------------+

    * Multiplexer: 
    +----------------------------+----+-----------+-----+-----------+
    |            Name            | LUT| Input Size| Bits| Total Bits|
    +----------------------------+----+-----------+-----+-----------+
    |ap_NS_fsm                   |  38|          7|    1|          7|
    |i_data_TDATA_blk_n          |   9|          2|    1|          2|
    |i_data_V_data_V_0_data_out  |   9|          2|   32|         64|
    |i_data_V_data_V_0_state     |  15|          3|    2|          6|
    |i_data_V_last_V_0_data_out  |   9|          2|    1|          2|
    |i_data_V_last_V_0_state     |  15|          3|    2|          6|
    |loadCount_V                 |   9|          2|   32|         64|
    |o_data_TDATA_blk_n          |   9|          2|    1|          2|
    |o_data_V_data_V_1_data_in   |  15|          3|   32|         96|
    |o_data_V_data_V_1_data_out  |   9|          2|   32|         64|
    |o_data_V_data_V_1_state     |  15|          3|    2|          6|
    |o_data_V_last_V_1_data_out  |   9|          2|    1|          2|
    |o_data_V_last_V_1_state     |  15|          3|    2|          6|
    |phaseClass_V                |   9|          2|    4|          8|
    +----------------------------+----+-----------+-----+-----------+
    |Total                       | 185|         38|  145|        335|
    +----------------------------+----+-----------+-----+-----------+

    * Register: 
    +---------------------------------------------+----+----+-----+-----------+
    |                     Name                    | FF | LUT| Bits| Const Bits|
    +---------------------------------------------+----+----+-----+-----------+
    |ap_CS_fsm                                    |   6|   0|    6|          0|
    |ap_reg_grp_correlatorSynch_fu_1119_ap_start  |   1|   0|    1|          0|
    |cor_phaseClass0i_V_0                         |  16|   0|   16|          0|
    |cor_phaseClass0i_V_1                         |  16|   0|   16|          0|
    |cor_phaseClass0i_V_10                        |  16|   0|   16|          0|
    |cor_phaseClass0i_V_11                        |  16|   0|   16|          0|
    |cor_phaseClass0i_V_12                        |  16|   0|   16|          0|
    |cor_phaseClass0i_V_13                        |  16|   0|   16|          0|
    |cor_phaseClass0i_V_14                        |  16|   0|   16|          0|
    |cor_phaseClass0i_V_15                        |  16|   0|   16|          0|
    |cor_phaseClass0i_V_2                         |  16|   0|   16|          0|
    |cor_phaseClass0i_V_3                         |  16|   0|   16|          0|
    |cor_phaseClass0i_V_4                         |  16|   0|   16|          0|
    |cor_phaseClass0i_V_5                         |  16|   0|   16|          0|
    |cor_phaseClass0i_V_6                         |  16|   0|   16|          0|
    |cor_phaseClass0i_V_7                         |  16|   0|   16|          0|
    |cor_phaseClass0i_V_8                         |  16|   0|   16|          0|
    |cor_phaseClass0i_V_9                         |  16|   0|   16|          0|
    |cor_phaseClass10i_V_1                        |  16|   0|   16|          0|
    |cor_phaseClass10i_V_10                       |  16|   0|   16|          0|
    |cor_phaseClass10i_V_11                       |  16|   0|   16|          0|
    |cor_phaseClass10i_V_12                       |  16|   0|   16|          0|
    |cor_phaseClass10i_V_13                       |  16|   0|   16|          0|
    |cor_phaseClass10i_V_14                       |  16|   0|   16|          0|
    |cor_phaseClass10i_V_15                       |  16|   0|   16|          0|
    |cor_phaseClass10i_V_2                        |  16|   0|   16|          0|
    |cor_phaseClass10i_V_3                        |  16|   0|   16|          0|
    |cor_phaseClass10i_V_4                        |  16|   0|   16|          0|
    |cor_phaseClass10i_V_5                        |  16|   0|   16|          0|
    |cor_phaseClass10i_V_6                        |  16|   0|   16|          0|
    |cor_phaseClass10i_V_7                        |  16|   0|   16|          0|
    |cor_phaseClass10i_V_8                        |  16|   0|   16|          0|
    |cor_phaseClass10i_V_9                        |  16|   0|   16|          0|
    |cor_phaseClass10i_V_s                        |  16|   0|   16|          0|
    |cor_phaseClass11i_V_1                        |  16|   0|   16|          0|
    |cor_phaseClass11i_V_10                       |  16|   0|   16|          0|
    |cor_phaseClass11i_V_11                       |  16|   0|   16|          0|
    |cor_phaseClass11i_V_12                       |  16|   0|   16|          0|
    |cor_phaseClass11i_V_13                       |  16|   0|   16|          0|
    |cor_phaseClass11i_V_14                       |  16|   0|   16|          0|
    |cor_phaseClass11i_V_15                       |  16|   0|   16|          0|
    |cor_phaseClass11i_V_2                        |  16|   0|   16|          0|
    |cor_phaseClass11i_V_3                        |  16|   0|   16|          0|
    |cor_phaseClass11i_V_4                        |  16|   0|   16|          0|
    |cor_phaseClass11i_V_5                        |  16|   0|   16|          0|
    |cor_phaseClass11i_V_6                        |  16|   0|   16|          0|
    |cor_phaseClass11i_V_7                        |  16|   0|   16|          0|
    |cor_phaseClass11i_V_8                        |  16|   0|   16|          0|
    |cor_phaseClass11i_V_9                        |  16|   0|   16|          0|
    |cor_phaseClass11i_V_s                        |  16|   0|   16|          0|
    |cor_phaseClass12i_V_1                        |  16|   0|   16|          0|
    |cor_phaseClass12i_V_10                       |  16|   0|   16|          0|
    |cor_phaseClass12i_V_11                       |  16|   0|   16|          0|
    |cor_phaseClass12i_V_12                       |  16|   0|   16|          0|
    |cor_phaseClass12i_V_13                       |  16|   0|   16|          0|
    |cor_phaseClass12i_V_14                       |  16|   0|   16|          0|
    |cor_phaseClass12i_V_15                       |  16|   0|   16|          0|
    |cor_phaseClass12i_V_2                        |  16|   0|   16|          0|
    |cor_phaseClass12i_V_3                        |  16|   0|   16|          0|
    |cor_phaseClass12i_V_4                        |  16|   0|   16|          0|
    |cor_phaseClass12i_V_5                        |  16|   0|   16|          0|
    |cor_phaseClass12i_V_6                        |  16|   0|   16|          0|
    |cor_phaseClass12i_V_7                        |  16|   0|   16|          0|
    |cor_phaseClass12i_V_8                        |  16|   0|   16|          0|
    |cor_phaseClass12i_V_9                        |  16|   0|   16|          0|
    |cor_phaseClass12i_V_s                        |  16|   0|   16|          0|
    |cor_phaseClass13i_V_1                        |  16|   0|   16|          0|
    |cor_phaseClass13i_V_10                       |  16|   0|   16|          0|
    |cor_phaseClass13i_V_11                       |  16|   0|   16|          0|
    |cor_phaseClass13i_V_12                       |  16|   0|   16|          0|
    |cor_phaseClass13i_V_13                       |  16|   0|   16|          0|
    |cor_phaseClass13i_V_14                       |  16|   0|   16|          0|
    |cor_phaseClass13i_V_15                       |  16|   0|   16|          0|
    |cor_phaseClass13i_V_2                        |  16|   0|   16|          0|
    |cor_phaseClass13i_V_3                        |  16|   0|   16|          0|
    |cor_phaseClass13i_V_4                        |  16|   0|   16|          0|
    |cor_phaseClass13i_V_5                        |  16|   0|   16|          0|
    |cor_phaseClass13i_V_6                        |  16|   0|   16|          0|
    |cor_phaseClass13i_V_7                        |  16|   0|   16|          0|
    |cor_phaseClass13i_V_8                        |  16|   0|   16|          0|
    |cor_phaseClass13i_V_9                        |  16|   0|   16|          0|
    |cor_phaseClass13i_V_s                        |  16|   0|   16|          0|
    |cor_phaseClass14i_V_1                        |  16|   0|   16|          0|
    |cor_phaseClass14i_V_10                       |  16|   0|   16|          0|
    |cor_phaseClass14i_V_11                       |  16|   0|   16|          0|
    |cor_phaseClass14i_V_12                       |  16|   0|   16|          0|
    |cor_phaseClass14i_V_13                       |  16|   0|   16|          0|
    |cor_phaseClass14i_V_14                       |  16|   0|   16|          0|
    |cor_phaseClass14i_V_15                       |  16|   0|   16|          0|
    |cor_phaseClass14i_V_2                        |  16|   0|   16|          0|
    |cor_phaseClass14i_V_3                        |  16|   0|   16|          0|
    |cor_phaseClass14i_V_4                        |  16|   0|   16|          0|
    |cor_phaseClass14i_V_5                        |  16|   0|   16|          0|
    |cor_phaseClass14i_V_6                        |  16|   0|   16|          0|
    |cor_phaseClass14i_V_7                        |  16|   0|   16|          0|
    |cor_phaseClass14i_V_8                        |  16|   0|   16|          0|
    |cor_phaseClass14i_V_9                        |  16|   0|   16|          0|
    |cor_phaseClass14i_V_s                        |  16|   0|   16|          0|
    |cor_phaseClass15i_V_1                        |  16|   0|   16|          0|
    |cor_phaseClass15i_V_10                       |  16|   0|   16|          0|
    |cor_phaseClass15i_V_11                       |  16|   0|   16|          0|
    |cor_phaseClass15i_V_12                       |  16|   0|   16|          0|
    |cor_phaseClass15i_V_13                       |  16|   0|   16|          0|
    |cor_phaseClass15i_V_14                       |  16|   0|   16|          0|
    |cor_phaseClass15i_V_15                       |  16|   0|   16|          0|
    |cor_phaseClass15i_V_2                        |  16|   0|   16|          0|
    |cor_phaseClass15i_V_3                        |  16|   0|   16|          0|
    |cor_phaseClass15i_V_4                        |  16|   0|   16|          0|
    |cor_phaseClass15i_V_5                        |  16|   0|   16|          0|
    |cor_phaseClass15i_V_6                        |  16|   0|   16|          0|
    |cor_phaseClass15i_V_7                        |  16|   0|   16|          0|
    |cor_phaseClass15i_V_8                        |  16|   0|   16|          0|
    |cor_phaseClass15i_V_9                        |  16|   0|   16|          0|
    |cor_phaseClass15i_V_s                        |  16|   0|   16|          0|
    |cor_phaseClass1i_V_0                         |  16|   0|   16|          0|
    |cor_phaseClass1i_V_1                         |  16|   0|   16|          0|
    |cor_phaseClass1i_V_10                        |  16|   0|   16|          0|
    |cor_phaseClass1i_V_11                        |  16|   0|   16|          0|
    |cor_phaseClass1i_V_12                        |  16|   0|   16|          0|
    |cor_phaseClass1i_V_13                        |  16|   0|   16|          0|
    |cor_phaseClass1i_V_14                        |  16|   0|   16|          0|
    |cor_phaseClass1i_V_15                        |  16|   0|   16|          0|
    |cor_phaseClass1i_V_2                         |  16|   0|   16|          0|
    |cor_phaseClass1i_V_3                         |  16|   0|   16|          0|
    |cor_phaseClass1i_V_4                         |  16|   0|   16|          0|
    |cor_phaseClass1i_V_5                         |  16|   0|   16|          0|
    |cor_phaseClass1i_V_6                         |  16|   0|   16|          0|
    |cor_phaseClass1i_V_7                         |  16|   0|   16|          0|
    |cor_phaseClass1i_V_8                         |  16|   0|   16|          0|
    |cor_phaseClass1i_V_9                         |  16|   0|   16|          0|
    |cor_phaseClass2i_V_0                         |  16|   0|   16|          0|
    |cor_phaseClass2i_V_1                         |  16|   0|   16|          0|
    |cor_phaseClass2i_V_10                        |  16|   0|   16|          0|
    |cor_phaseClass2i_V_11                        |  16|   0|   16|          0|
    |cor_phaseClass2i_V_12                        |  16|   0|   16|          0|
    |cor_phaseClass2i_V_13                        |  16|   0|   16|          0|
    |cor_phaseClass2i_V_14                        |  16|   0|   16|          0|
    |cor_phaseClass2i_V_15                        |  16|   0|   16|          0|
    |cor_phaseClass2i_V_2                         |  16|   0|   16|          0|
    |cor_phaseClass2i_V_3                         |  16|   0|   16|          0|
    |cor_phaseClass2i_V_4                         |  16|   0|   16|          0|
    |cor_phaseClass2i_V_5                         |  16|   0|   16|          0|
    |cor_phaseClass2i_V_6                         |  16|   0|   16|          0|
    |cor_phaseClass2i_V_7                         |  16|   0|   16|          0|
    |cor_phaseClass2i_V_8                         |  16|   0|   16|          0|
    |cor_phaseClass2i_V_9                         |  16|   0|   16|          0|
    |cor_phaseClass3i_V_0                         |  16|   0|   16|          0|
    |cor_phaseClass3i_V_1                         |  16|   0|   16|          0|
    |cor_phaseClass3i_V_10                        |  16|   0|   16|          0|
    |cor_phaseClass3i_V_11                        |  16|   0|   16|          0|
    |cor_phaseClass3i_V_12                        |  16|   0|   16|          0|
    |cor_phaseClass3i_V_13                        |  16|   0|   16|          0|
    |cor_phaseClass3i_V_14                        |  16|   0|   16|          0|
    |cor_phaseClass3i_V_15                        |  16|   0|   16|          0|
    |cor_phaseClass3i_V_2                         |  16|   0|   16|          0|
    |cor_phaseClass3i_V_3                         |  16|   0|   16|          0|
    |cor_phaseClass3i_V_4                         |  16|   0|   16|          0|
    |cor_phaseClass3i_V_5                         |  16|   0|   16|          0|
    |cor_phaseClass3i_V_6                         |  16|   0|   16|          0|
    |cor_phaseClass3i_V_7                         |  16|   0|   16|          0|
    |cor_phaseClass3i_V_8                         |  16|   0|   16|          0|
    |cor_phaseClass3i_V_9                         |  16|   0|   16|          0|
    |cor_phaseClass4i_V_0                         |  16|   0|   16|          0|
    |cor_phaseClass4i_V_1                         |  16|   0|   16|          0|
    |cor_phaseClass4i_V_10                        |  16|   0|   16|          0|
    |cor_phaseClass4i_V_11                        |  16|   0|   16|          0|
    |cor_phaseClass4i_V_12                        |  16|   0|   16|          0|
    |cor_phaseClass4i_V_13                        |  16|   0|   16|          0|
    |cor_phaseClass4i_V_14                        |  16|   0|   16|          0|
    |cor_phaseClass4i_V_15                        |  16|   0|   16|          0|
    |cor_phaseClass4i_V_2                         |  16|   0|   16|          0|
    |cor_phaseClass4i_V_3                         |  16|   0|   16|          0|
    |cor_phaseClass4i_V_4                         |  16|   0|   16|          0|
    |cor_phaseClass4i_V_5                         |  16|   0|   16|          0|
    |cor_phaseClass4i_V_6                         |  16|   0|   16|          0|
    |cor_phaseClass4i_V_7                         |  16|   0|   16|          0|
    |cor_phaseClass4i_V_8                         |  16|   0|   16|          0|
    |cor_phaseClass4i_V_9                         |  16|   0|   16|          0|
    |cor_phaseClass5i_V_0                         |  16|   0|   16|          0|
    |cor_phaseClass5i_V_1                         |  16|   0|   16|          0|
    |cor_phaseClass5i_V_10                        |  16|   0|   16|          0|
    |cor_phaseClass5i_V_11                        |  16|   0|   16|          0|
    |cor_phaseClass5i_V_12                        |  16|   0|   16|          0|
    |cor_phaseClass5i_V_13                        |  16|   0|   16|          0|
    |cor_phaseClass5i_V_14                        |  16|   0|   16|          0|
    |cor_phaseClass5i_V_15                        |  16|   0|   16|          0|
    |cor_phaseClass5i_V_2                         |  16|   0|   16|          0|
    |cor_phaseClass5i_V_3                         |  16|   0|   16|          0|
    |cor_phaseClass5i_V_4                         |  16|   0|   16|          0|
    |cor_phaseClass5i_V_5                         |  16|   0|   16|          0|
    |cor_phaseClass5i_V_6                         |  16|   0|   16|          0|
    |cor_phaseClass5i_V_7                         |  16|   0|   16|          0|
    |cor_phaseClass5i_V_8                         |  16|   0|   16|          0|
    |cor_phaseClass5i_V_9                         |  16|   0|   16|          0|
    |cor_phaseClass6i_V_0                         |  16|   0|   16|          0|
    |cor_phaseClass6i_V_1                         |  16|   0|   16|          0|
    |cor_phaseClass6i_V_10                        |  16|   0|   16|          0|
    |cor_phaseClass6i_V_11                        |  16|   0|   16|          0|
    |cor_phaseClass6i_V_12                        |  16|   0|   16|          0|
    |cor_phaseClass6i_V_13                        |  16|   0|   16|          0|
    |cor_phaseClass6i_V_14                        |  16|   0|   16|          0|
    |cor_phaseClass6i_V_15                        |  16|   0|   16|          0|
    |cor_phaseClass6i_V_2                         |  16|   0|   16|          0|
    |cor_phaseClass6i_V_3                         |  16|   0|   16|          0|
    |cor_phaseClass6i_V_4                         |  16|   0|   16|          0|
    |cor_phaseClass6i_V_5                         |  16|   0|   16|          0|
    |cor_phaseClass6i_V_6                         |  16|   0|   16|          0|
    |cor_phaseClass6i_V_7                         |  16|   0|   16|          0|
    |cor_phaseClass6i_V_8                         |  16|   0|   16|          0|
    |cor_phaseClass6i_V_9                         |  16|   0|   16|          0|
    |cor_phaseClass7i_V_0                         |  16|   0|   16|          0|
    |cor_phaseClass7i_V_1                         |  16|   0|   16|          0|
    |cor_phaseClass7i_V_10                        |  16|   0|   16|          0|
    |cor_phaseClass7i_V_11                        |  16|   0|   16|          0|
    |cor_phaseClass7i_V_12                        |  16|   0|   16|          0|
    |cor_phaseClass7i_V_13                        |  16|   0|   16|          0|
    |cor_phaseClass7i_V_14                        |  16|   0|   16|          0|
    |cor_phaseClass7i_V_15                        |  16|   0|   16|          0|
    |cor_phaseClass7i_V_2                         |  16|   0|   16|          0|
    |cor_phaseClass7i_V_3                         |  16|   0|   16|          0|
    |cor_phaseClass7i_V_4                         |  16|   0|   16|          0|
    |cor_phaseClass7i_V_5                         |  16|   0|   16|          0|
    |cor_phaseClass7i_V_6                         |  16|   0|   16|          0|
    |cor_phaseClass7i_V_7                         |  16|   0|   16|          0|
    |cor_phaseClass7i_V_8                         |  16|   0|   16|          0|
    |cor_phaseClass7i_V_9                         |  16|   0|   16|          0|
    |cor_phaseClass8i_V_0                         |  16|   0|   16|          0|
    |cor_phaseClass8i_V_1                         |  16|   0|   16|          0|
    |cor_phaseClass8i_V_10                        |  16|   0|   16|          0|
    |cor_phaseClass8i_V_11                        |  16|   0|   16|          0|
    |cor_phaseClass8i_V_12                        |  16|   0|   16|          0|
    |cor_phaseClass8i_V_13                        |  16|   0|   16|          0|
    |cor_phaseClass8i_V_14                        |  16|   0|   16|          0|
    |cor_phaseClass8i_V_15                        |  16|   0|   16|          0|
    |cor_phaseClass8i_V_2                         |  16|   0|   16|          0|
    |cor_phaseClass8i_V_3                         |  16|   0|   16|          0|
    |cor_phaseClass8i_V_4                         |  16|   0|   16|          0|
    |cor_phaseClass8i_V_5                         |  16|   0|   16|          0|
    |cor_phaseClass8i_V_6                         |  16|   0|   16|          0|
    |cor_phaseClass8i_V_7                         |  16|   0|   16|          0|
    |cor_phaseClass8i_V_8                         |  16|   0|   16|          0|
    |cor_phaseClass8i_V_9                         |  16|   0|   16|          0|
    |cor_phaseClass9i_V_0                         |  16|   0|   16|          0|
    |cor_phaseClass9i_V_1                         |  16|   0|   16|          0|
    |cor_phaseClass9i_V_10                        |  16|   0|   16|          0|
    |cor_phaseClass9i_V_11                        |  16|   0|   16|          0|
    |cor_phaseClass9i_V_12                        |  16|   0|   16|          0|
    |cor_phaseClass9i_V_13                        |  16|   0|   16|          0|
    |cor_phaseClass9i_V_14                        |  16|   0|   16|          0|
    |cor_phaseClass9i_V_15                        |  16|   0|   16|          0|
    |cor_phaseClass9i_V_2                         |  16|   0|   16|          0|
    |cor_phaseClass9i_V_3                         |  16|   0|   16|          0|
    |cor_phaseClass9i_V_4                         |  16|   0|   16|          0|
    |cor_phaseClass9i_V_5                         |  16|   0|   16|          0|
    |cor_phaseClass9i_V_6                         |  16|   0|   16|          0|
    |cor_phaseClass9i_V_7                         |  16|   0|   16|          0|
    |cor_phaseClass9i_V_8                         |  16|   0|   16|          0|
    |cor_phaseClass9i_V_9                         |  16|   0|   16|          0|
    |currentState                                 |   1|   0|    1|          0|
    |currentState_load_reg_2819                   |   1|   0|    1|          0|
    |i_data_V_data_V_0_payload_A                  |  32|   0|   32|          0|
    |i_data_V_data_V_0_payload_B                  |  32|   0|   32|          0|
    |i_data_V_data_V_0_sel_rd                     |   1|   0|    1|          0|
    |i_data_V_data_V_0_sel_wr                     |   1|   0|    1|          0|
    |i_data_V_data_V_0_state                      |   2|   0|    2|          0|
    |i_data_V_last_V_0_payload_A                  |   1|   0|    1|          0|
    |i_data_V_last_V_0_payload_B                  |   1|   0|    1|          0|
    |i_data_V_last_V_0_sel_rd                     |   1|   0|    1|          0|
    |i_data_V_last_V_0_sel_wr                     |   1|   0|    1|          0|
    |i_data_V_last_V_0_state                      |   2|   0|    2|          0|
    |loadCount_V                                  |  32|   0|   32|          0|
    |o_data_V_data_V_1_payload_A                  |  32|   0|   32|          0|
    |o_data_V_data_V_1_payload_B                  |  32|   0|   32|          0|
    |o_data_V_data_V_1_sel_rd                     |   1|   0|    1|          0|
    |o_data_V_data_V_1_sel_wr                     |   1|   0|    1|          0|
    |o_data_V_data_V_1_state                      |   2|   0|    2|          0|
    |o_data_V_last_V_1_payload_A                  |   1|   0|    1|          0|
    |o_data_V_last_V_1_payload_B                  |   1|   0|    1|          0|
    |o_data_V_last_V_1_sel_rd                     |   1|   0|    1|          0|
    |o_data_V_last_V_1_sel_wr                     |   1|   0|    1|          0|
    |o_data_V_last_V_1_state                      |   2|   0|    2|          0|
    |p_Val2_1_reg_2840                            |  32|   0|   32|          0|
    |phaseClass_V                                 |   4|   0|    4|          0|
    |phaseClass_V_load_reg_2823                   |   4|   0|    4|          0|
    |ret_V_reg_2845                               |  22|   0|   22|          0|
    |tmp_50_reg_2852                              |  10|   0|   10|          0|
    |tmp_data_V_reg_2830                          |  32|   0|   32|          0|
    |tmp_last_V_reg_2835                          |   1|   0|    1|          0|
    |tmp_s_reg_2857                               |   1|   0|    1|          0|
    +---------------------------------------------+----+----+-----+-----------+
    |Total                                        |4391|   0| 4391|          0|
    +---------------------------------------------+----+----+-----+-----------+



================================================================
== Interface
================================================================
* Summary: 
+---------------+-----+-----+--------------+-------------------+--------------+
|   RTL Ports   | Dir | Bits|   Protocol   |   Source Object   |    C Type    |
+---------------+-----+-----+--------------+-------------------+--------------+
|ap_clk         |  in |    1| ap_ctrl_none | correlateTopSynch | return value |
|ap_rst_n       |  in |    1| ap_ctrl_none | correlateTopSynch | return value |
|i_data_TDATA   |  in |   32|     axis     |  i_data_V_data_V  |    pointer   |
|i_data_TVALID  |  in |    1|     axis     |  i_data_V_last_V  |    pointer   |
|i_data_TREADY  | out |    1|     axis     |  i_data_V_last_V  |    pointer   |
|i_data_TLAST   |  in |    1|     axis     |  i_data_V_last_V  |    pointer   |
|o_data_TDATA   | out |   32|     axis     |  o_data_V_data_V  |    pointer   |
|o_data_TVALID  | out |    1|     axis     |  o_data_V_last_V  |    pointer   |
|o_data_TREADY  |  in |    1|     axis     |  o_data_V_last_V  |    pointer   |
|o_data_TLAST   | out |    1|     axis     |  o_data_V_last_V  |    pointer   |
+---------------+-----+-----+--------------+-------------------+--------------+

