

================================================================
== Vivado HLS Report for 'correlatorSynch'
================================================================
* Date:           Sun Apr 21 11:28:18 2019

* Version:        2017.4 (Build 2086221 on Fri Dec 15 21:13:33 MST 2017)
* Project:        CorrelatorSynch
* Solution:       solution1
* Product family: kintex7
* Target device:  xc7k160tfbg484-1


================================================================
== Performance Estimates
================================================================
+ Timing (ns): 
    * Summary: 
    +--------+-------+----------+------------+
    |  Clock | Target| Estimated| Uncertainty|
    +--------+-------+----------+------------+
    |ap_clk  |   5.00|      4.04|        0.62|
    +--------+-------+----------+------------+

+ Latency (clock cycles): 
    * Summary: 
    +-----+-----+-----+-----+---------+
    |  Latency  |  Interval | Pipeline|
    | min | max | min | max |   Type  |
    +-----+-----+-----+-----+---------+
    |    5|    6|    5|    6|   none  |
    +-----+-----+-----+-----+---------+

    + Detail: 
        * Instance: 
        N/A

        * Loop: 
        N/A



================================================================
== Utilization Estimates
================================================================
* Summary: 
+-----------------+---------+-------+--------+--------+
|       Name      | BRAM_18K| DSP48E|   FF   |   LUT  |
+-----------------+---------+-------+--------+--------+
|DSP              |        -|      -|       -|       -|
|Expression       |        -|      -|       0|    5644|
|FIFO             |        -|      -|       -|       -|
|Instance         |        -|      1|     171|      74|
|Memory           |        -|      -|       -|       -|
|Multiplexer      |        -|      -|       -|     390|
|Register         |        -|      -|    2130|       -|
+-----------------+---------+-------+--------+--------+
|Total            |        0|      1|    2301|    6108|
+-----------------+---------+-------+--------+--------+
|Available        |      650|    600|  202800|  101400|
+-----------------+---------+-------+--------+--------+
|Utilization (%)  |        0|   ~0  |       1|       6|
+-----------------+---------+-------+--------+--------+

+ Detail: 
    * Instance: 
    +---------------------------+----------------------+---------+-------+-----+----+
    |          Instance         |        Module        | BRAM_18K| DSP48E|  FF | LUT|
    +---------------------------+----------------------+---------+-------+-----+----+
    |correlateTopSynchbkb_U260  |correlateTopSynchbkb  |        0|      1|  171|  74|
    +---------------------------+----------------------+---------+-------+-----+----+
    |Total                      |                      |        0|      1|  171|  74|
    +---------------------------+----------------------+---------+-------+-----+----+

    * DSP48: 
    N/A

    * Memory: 
    N/A

    * FIFO: 
    N/A

    * Expression: 
    +-------------------------+----------+-------+---+----+------------+------------+
    |      Variable Name      | Operation| DSP48E| FF| LUT| Bitwidth P0| Bitwidth P1|
    +-------------------------+----------+-------+---+----+------------+------------+
    |p_Val2_100_7_fu_3901_p2  |     +    |      0|  0|  27|          20|          20|
    |p_Val2_103_s_fu_3876_p2  |     +    |      0|  0|  26|          19|          19|
    |p_Val2_14_7_fu_4671_p2   |     +    |      0|  0|  27|          20|          20|
    |p_Val2_19_s_fu_4646_p2   |     +    |      0|  0|  26|          19|          19|
    |p_Val2_22_7_fu_4616_p2   |     +    |      0|  0|  27|          20|          20|
    |p_Val2_25_s_fu_4591_p2   |     +    |      0|  0|  26|          19|          19|
    |p_Val2_28_7_fu_4561_p2   |     +    |      0|  0|  27|          20|          20|
    |p_Val2_2_7_fu_4726_p2    |     +    |      0|  0|  27|          20|          20|
    |p_Val2_31_s_fu_4536_p2   |     +    |      0|  0|  26|          19|          19|
    |p_Val2_34_7_fu_4506_p2   |     +    |      0|  0|  27|          20|          20|
    |p_Val2_37_s_fu_4481_p2   |     +    |      0|  0|  26|          19|          19|
    |p_Val2_40_7_fu_4451_p2   |     +    |      0|  0|  27|          20|          20|
    |p_Val2_43_s_fu_4426_p2   |     +    |      0|  0|  26|          19|          19|
    |p_Val2_46_7_fu_4396_p2   |     +    |      0|  0|  27|          20|          20|
    |p_Val2_49_s_fu_4371_p2   |     +    |      0|  0|  26|          19|          19|
    |p_Val2_52_7_fu_4341_p2   |     +    |      0|  0|  27|          20|          20|
    |p_Val2_55_s_fu_4316_p2   |     +    |      0|  0|  26|          19|          19|
    |p_Val2_58_7_fu_4286_p2   |     +    |      0|  0|  27|          20|          20|
    |p_Val2_61_s_fu_4261_p2   |     +    |      0|  0|  26|          19|          19|
    |p_Val2_64_7_fu_4231_p2   |     +    |      0|  0|  27|          20|          20|
    |p_Val2_67_s_fu_4206_p2   |     +    |      0|  0|  26|          19|          19|
    |p_Val2_70_7_fu_4176_p2   |     +    |      0|  0|  27|          20|          20|
    |p_Val2_73_s_fu_4151_p2   |     +    |      0|  0|  26|          19|          19|
    |p_Val2_76_7_fu_4121_p2   |     +    |      0|  0|  27|          20|          20|
    |p_Val2_79_s_fu_4096_p2   |     +    |      0|  0|  26|          19|          19|
    |p_Val2_82_7_fu_4066_p2   |     +    |      0|  0|  27|          20|          20|
    |p_Val2_85_s_fu_4041_p2   |     +    |      0|  0|  26|          19|          19|
    |p_Val2_88_7_fu_4011_p2   |     +    |      0|  0|  27|          20|          20|
    |p_Val2_8_s_fu_4701_p2    |     +    |      0|  0|  26|          19|          19|
    |p_Val2_91_s_fu_3986_p2   |     +    |      0|  0|  26|          19|          19|
    |p_Val2_94_7_fu_3956_p2   |     +    |      0|  0|  27|          20|          20|
    |p_Val2_97_s_fu_3931_p2   |     +    |      0|  0|  26|          19|          19|
    |tmp100_fu_2364_p2        |     +    |      0|  0|  24|          17|          17|
    |tmp101_fu_2424_p2        |     +    |      0|  0|  25|          18|          18|
    |tmp102_fu_2404_p2        |     +    |      0|  0|  24|          17|          17|
    |tmp103_fu_2414_p2        |     +    |      0|  0|  24|          17|          17|
    |tmp104_fu_4331_p2        |     +    |      0|  0|  26|          19|          19|
    |tmp105_fu_2430_p2        |     +    |      0|  0|  24|          17|          17|
    |tmp106_fu_2446_p2        |     +    |      0|  0|  25|          18|          18|
    |tmp107_fu_2436_p2        |     +    |      0|  0|  24|          17|          17|
    |tmp108_fu_4358_p2        |     +    |      0|  0|  25|          18|          18|
    |tmp109_fu_2548_p2        |     +    |      0|  0|  24|          17|          17|
    |tmp10_fu_846_p2          |     +    |      0|  0|  25|          18|          18|
    |tmp110_fu_2574_p2        |     +    |      0|  0|  25|          18|          18|
    |tmp111_fu_2554_p2        |     +    |      0|  0|  24|          17|          17|
    |tmp112_fu_2564_p2        |     +    |      0|  0|  24|          17|          17|
    |tmp113_fu_2624_p2        |     +    |      0|  0|  25|          18|          18|
    |tmp114_fu_2604_p2        |     +    |      0|  0|  24|          17|          17|
    |tmp115_fu_2614_p2        |     +    |      0|  0|  24|          17|          17|
    |tmp116_fu_4386_p2        |     +    |      0|  0|  26|          19|          19|
    |tmp117_fu_2630_p2        |     +    |      0|  0|  24|          17|          17|
    |tmp118_fu_2646_p2        |     +    |      0|  0|  25|          18|          18|
    |tmp119_fu_2636_p2        |     +    |      0|  0|  24|          17|          17|
    |tmp11_fu_836_p2          |     +    |      0|  0|  24|          17|          17|
    |tmp120_fu_4413_p2        |     +    |      0|  0|  25|          18|          18|
    |tmp121_fu_2748_p2        |     +    |      0|  0|  24|          17|          17|
    |tmp122_fu_2774_p2        |     +    |      0|  0|  25|          18|          18|
    |tmp123_fu_2754_p2        |     +    |      0|  0|  24|          17|          17|
    |tmp124_fu_2764_p2        |     +    |      0|  0|  24|          17|          17|
    |tmp125_fu_2824_p2        |     +    |      0|  0|  25|          18|          18|
    |tmp126_fu_2804_p2        |     +    |      0|  0|  24|          17|          17|
    |tmp127_fu_2814_p2        |     +    |      0|  0|  24|          17|          17|
    |tmp128_fu_4441_p2        |     +    |      0|  0|  26|          19|          19|
    |tmp129_fu_2830_p2        |     +    |      0|  0|  24|          17|          17|
    |tmp12_fu_3918_p2         |     +    |      0|  0|  25|          18|          18|
    |tmp130_fu_2846_p2        |     +    |      0|  0|  25|          18|          18|
    |tmp131_fu_2836_p2        |     +    |      0|  0|  24|          17|          17|
    |tmp132_fu_4468_p2        |     +    |      0|  0|  25|          18|          18|
    |tmp133_fu_2948_p2        |     +    |      0|  0|  24|          17|          17|
    |tmp134_fu_2974_p2        |     +    |      0|  0|  25|          18|          18|
    |tmp135_fu_2954_p2        |     +    |      0|  0|  24|          17|          17|
    |tmp136_fu_2964_p2        |     +    |      0|  0|  24|          17|          17|
    |tmp137_fu_3024_p2        |     +    |      0|  0|  25|          18|          18|
    |tmp138_fu_3004_p2        |     +    |      0|  0|  24|          17|          17|
    |tmp139_fu_3014_p2        |     +    |      0|  0|  24|          17|          17|
    |tmp13_fu_948_p2          |     +    |      0|  0|  24|          17|          17|
    |tmp140_fu_4496_p2        |     +    |      0|  0|  26|          19|          19|
    |tmp141_fu_3030_p2        |     +    |      0|  0|  24|          17|          17|
    |tmp142_fu_3046_p2        |     +    |      0|  0|  25|          18|          18|
    |tmp143_fu_3036_p2        |     +    |      0|  0|  24|          17|          17|
    |tmp144_fu_4523_p2        |     +    |      0|  0|  25|          18|          18|
    |tmp145_fu_3148_p2        |     +    |      0|  0|  24|          17|          17|
    |tmp146_fu_3174_p2        |     +    |      0|  0|  25|          18|          18|
    |tmp147_fu_3154_p2        |     +    |      0|  0|  24|          17|          17|
    |tmp148_fu_3164_p2        |     +    |      0|  0|  24|          17|          17|
    |tmp149_fu_3224_p2        |     +    |      0|  0|  25|          18|          18|
    |tmp14_fu_974_p2          |     +    |      0|  0|  25|          18|          18|
    |tmp150_fu_3204_p2        |     +    |      0|  0|  24|          17|          17|
    |tmp151_fu_3214_p2        |     +    |      0|  0|  24|          17|          17|
    |tmp152_fu_4551_p2        |     +    |      0|  0|  26|          19|          19|
    |tmp153_fu_3230_p2        |     +    |      0|  0|  24|          17|          17|
    |tmp154_fu_3246_p2        |     +    |      0|  0|  25|          18|          18|
    |tmp155_fu_3236_p2        |     +    |      0|  0|  24|          17|          17|
    |tmp156_fu_4578_p2        |     +    |      0|  0|  25|          18|          18|
    |tmp157_fu_3348_p2        |     +    |      0|  0|  24|          17|          17|
    |tmp158_fu_3374_p2        |     +    |      0|  0|  25|          18|          18|
    |tmp159_fu_3354_p2        |     +    |      0|  0|  24|          17|          17|
    |tmp15_fu_954_p2          |     +    |      0|  0|  24|          17|          17|
    |tmp160_fu_3364_p2        |     +    |      0|  0|  24|          17|          17|
    |tmp161_fu_3424_p2        |     +    |      0|  0|  25|          18|          18|
    |tmp162_fu_3404_p2        |     +    |      0|  0|  24|          17|          17|
    |tmp163_fu_3414_p2        |     +    |      0|  0|  24|          17|          17|
    |tmp164_fu_4606_p2        |     +    |      0|  0|  26|          19|          19|
    |tmp165_fu_3430_p2        |     +    |      0|  0|  24|          17|          17|
    |tmp166_fu_3446_p2        |     +    |      0|  0|  25|          18|          18|
    |tmp167_fu_3436_p2        |     +    |      0|  0|  24|          17|          17|
    |tmp168_fu_4633_p2        |     +    |      0|  0|  25|          18|          18|
    |tmp169_fu_3548_p2        |     +    |      0|  0|  24|          17|          17|
    |tmp16_fu_964_p2          |     +    |      0|  0|  24|          17|          17|
    |tmp170_fu_3574_p2        |     +    |      0|  0|  25|          18|          18|
    |tmp171_fu_3554_p2        |     +    |      0|  0|  24|          17|          17|
    |tmp172_fu_3564_p2        |     +    |      0|  0|  24|          17|          17|
    |tmp173_fu_3624_p2        |     +    |      0|  0|  25|          18|          18|
    |tmp174_fu_3604_p2        |     +    |      0|  0|  24|          17|          17|
    |tmp175_fu_3614_p2        |     +    |      0|  0|  24|          17|          17|
    |tmp176_fu_4661_p2        |     +    |      0|  0|  26|          19|          19|
    |tmp177_fu_3630_p2        |     +    |      0|  0|  24|          17|          17|
    |tmp178_fu_3646_p2        |     +    |      0|  0|  25|          18|          18|
    |tmp179_fu_3636_p2        |     +    |      0|  0|  24|          17|          17|
    |tmp17_fu_1024_p2         |     +    |      0|  0|  25|          18|          18|
    |tmp180_fu_4688_p2        |     +    |      0|  0|  25|          18|          18|
    |tmp181_fu_3748_p2        |     +    |      0|  0|  24|          17|          17|
    |tmp182_fu_3774_p2        |     +    |      0|  0|  25|          18|          18|
    |tmp183_fu_3754_p2        |     +    |      0|  0|  24|          17|          17|
    |tmp184_fu_3764_p2        |     +    |      0|  0|  24|          17|          17|
    |tmp185_fu_3824_p2        |     +    |      0|  0|  25|          18|          18|
    |tmp186_fu_3804_p2        |     +    |      0|  0|  24|          17|          17|
    |tmp187_fu_3814_p2        |     +    |      0|  0|  24|          17|          17|
    |tmp188_fu_4716_p2        |     +    |      0|  0|  26|          19|          19|
    |tmp189_fu_3830_p2        |     +    |      0|  0|  24|          17|          17|
    |tmp18_fu_1004_p2         |     +    |      0|  0|  24|          17|          17|
    |tmp190_fu_3846_p2        |     +    |      0|  0|  25|          18|          18|
    |tmp191_fu_3836_p2        |     +    |      0|  0|  24|          17|          17|
    |tmp19_fu_1014_p2         |     +    |      0|  0|  24|          17|          17|
    |tmp1_fu_748_p2           |     +    |      0|  0|  24|          17|          17|
    |tmp20_fu_3946_p2         |     +    |      0|  0|  26|          19|          19|
    |tmp21_fu_1030_p2         |     +    |      0|  0|  24|          17|          17|
    |tmp22_fu_1046_p2         |     +    |      0|  0|  25|          18|          18|
    |tmp23_fu_1036_p2         |     +    |      0|  0|  24|          17|          17|
    |tmp24_fu_3973_p2         |     +    |      0|  0|  25|          18|          18|
    |tmp25_fu_1148_p2         |     +    |      0|  0|  24|          17|          17|
    |tmp26_fu_1174_p2         |     +    |      0|  0|  25|          18|          18|
    |tmp27_fu_1154_p2         |     +    |      0|  0|  24|          17|          17|
    |tmp28_fu_1164_p2         |     +    |      0|  0|  24|          17|          17|
    |tmp29_fu_1224_p2         |     +    |      0|  0|  25|          18|          18|
    |tmp2_fu_774_p2           |     +    |      0|  0|  25|          18|          18|
    |tmp30_fu_1204_p2         |     +    |      0|  0|  24|          17|          17|
    |tmp31_fu_1214_p2         |     +    |      0|  0|  24|          17|          17|
    |tmp32_fu_4001_p2         |     +    |      0|  0|  26|          19|          19|
    |tmp33_fu_1230_p2         |     +    |      0|  0|  24|          17|          17|
    |tmp34_fu_1246_p2         |     +    |      0|  0|  25|          18|          18|
    |tmp35_fu_1236_p2         |     +    |      0|  0|  24|          17|          17|
    |tmp36_fu_4028_p2         |     +    |      0|  0|  25|          18|          18|
    |tmp37_fu_1348_p2         |     +    |      0|  0|  24|          17|          17|
    |tmp38_fu_1374_p2         |     +    |      0|  0|  25|          18|          18|
    |tmp39_fu_1354_p2         |     +    |      0|  0|  24|          17|          17|
    |tmp3_fu_754_p2           |     +    |      0|  0|  24|          17|          17|
    |tmp40_fu_1364_p2         |     +    |      0|  0|  24|          17|          17|
    |tmp41_fu_1424_p2         |     +    |      0|  0|  25|          18|          18|
    |tmp42_fu_1404_p2         |     +    |      0|  0|  24|          17|          17|
    |tmp43_fu_1414_p2         |     +    |      0|  0|  24|          17|          17|
    |tmp44_fu_4056_p2         |     +    |      0|  0|  26|          19|          19|
    |tmp45_fu_1430_p2         |     +    |      0|  0|  24|          17|          17|
    |tmp46_fu_1446_p2         |     +    |      0|  0|  25|          18|          18|
    |tmp47_fu_1436_p2         |     +    |      0|  0|  24|          17|          17|
    |tmp48_fu_4083_p2         |     +    |      0|  0|  25|          18|          18|
    |tmp49_fu_1548_p2         |     +    |      0|  0|  24|          17|          17|
    |tmp4_fu_764_p2           |     +    |      0|  0|  24|          17|          17|
    |tmp50_fu_1574_p2         |     +    |      0|  0|  25|          18|          18|
    |tmp51_fu_1554_p2         |     +    |      0|  0|  24|          17|          17|
    |tmp52_fu_1564_p2         |     +    |      0|  0|  24|          17|          17|
    |tmp53_fu_1624_p2         |     +    |      0|  0|  25|          18|          18|
    |tmp54_fu_1604_p2         |     +    |      0|  0|  24|          17|          17|
    |tmp55_fu_1614_p2         |     +    |      0|  0|  24|          17|          17|
    |tmp56_fu_4111_p2         |     +    |      0|  0|  26|          19|          19|
    |tmp57_fu_1630_p2         |     +    |      0|  0|  24|          17|          17|
    |tmp58_fu_1646_p2         |     +    |      0|  0|  25|          18|          18|
    |tmp59_fu_1636_p2         |     +    |      0|  0|  24|          17|          17|
    |tmp5_fu_824_p2           |     +    |      0|  0|  25|          18|          18|
    |tmp60_fu_4138_p2         |     +    |      0|  0|  25|          18|          18|
    |tmp61_fu_1748_p2         |     +    |      0|  0|  24|          17|          17|
    |tmp62_fu_1774_p2         |     +    |      0|  0|  25|          18|          18|
    |tmp63_fu_1754_p2         |     +    |      0|  0|  24|          17|          17|
    |tmp64_fu_1764_p2         |     +    |      0|  0|  24|          17|          17|
    |tmp65_fu_1824_p2         |     +    |      0|  0|  25|          18|          18|
    |tmp66_fu_1804_p2         |     +    |      0|  0|  24|          17|          17|
    |tmp67_fu_1814_p2         |     +    |      0|  0|  24|          17|          17|
    |tmp68_fu_4166_p2         |     +    |      0|  0|  26|          19|          19|
    |tmp69_fu_1830_p2         |     +    |      0|  0|  24|          17|          17|
    |tmp6_fu_804_p2           |     +    |      0|  0|  24|          17|          17|
    |tmp70_fu_1846_p2         |     +    |      0|  0|  25|          18|          18|
    |tmp71_fu_1836_p2         |     +    |      0|  0|  24|          17|          17|
    |tmp72_fu_4193_p2         |     +    |      0|  0|  25|          18|          18|
    |tmp73_fu_1948_p2         |     +    |      0|  0|  24|          17|          17|
    |tmp74_fu_1974_p2         |     +    |      0|  0|  25|          18|          18|
    |tmp75_fu_1954_p2         |     +    |      0|  0|  24|          17|          17|
    |tmp76_fu_1964_p2         |     +    |      0|  0|  24|          17|          17|
    |tmp77_fu_2024_p2         |     +    |      0|  0|  25|          18|          18|
    |tmp78_fu_2004_p2         |     +    |      0|  0|  24|          17|          17|
    |tmp79_fu_2014_p2         |     +    |      0|  0|  24|          17|          17|
    |tmp7_fu_814_p2           |     +    |      0|  0|  24|          17|          17|
    |tmp80_fu_4221_p2         |     +    |      0|  0|  26|          19|          19|
    |tmp81_fu_2030_p2         |     +    |      0|  0|  24|          17|          17|
    |tmp82_fu_2046_p2         |     +    |      0|  0|  25|          18|          18|
    |tmp83_fu_2036_p2         |     +    |      0|  0|  24|          17|          17|
    |tmp84_fu_4248_p2         |     +    |      0|  0|  25|          18|          18|
    |tmp85_fu_2148_p2         |     +    |      0|  0|  24|          17|          17|
    |tmp86_fu_2174_p2         |     +    |      0|  0|  25|          18|          18|
    |tmp87_fu_2154_p2         |     +    |      0|  0|  24|          17|          17|
    |tmp88_fu_2164_p2         |     +    |      0|  0|  24|          17|          17|
    |tmp89_fu_2224_p2         |     +    |      0|  0|  25|          18|          18|
    |tmp8_fu_3891_p2          |     +    |      0|  0|  26|          19|          19|
    |tmp90_fu_2204_p2         |     +    |      0|  0|  24|          17|          17|
    |tmp91_fu_2214_p2         |     +    |      0|  0|  24|          17|          17|
    |tmp92_fu_4276_p2         |     +    |      0|  0|  26|          19|          19|
    |tmp93_fu_2230_p2         |     +    |      0|  0|  24|          17|          17|
    |tmp94_fu_2246_p2         |     +    |      0|  0|  25|          18|          18|
    |tmp95_fu_2236_p2         |     +    |      0|  0|  24|          17|          17|
    |tmp96_fu_4303_p2         |     +    |      0|  0|  25|          18|          18|
    |tmp97_fu_2348_p2         |     +    |      0|  0|  24|          17|          17|
    |tmp98_fu_2374_p2         |     +    |      0|  0|  25|          18|          18|
    |tmp99_fu_2354_p2         |     +    |      0|  0|  24|          17|          17|
    |tmp9_fu_830_p2           |     +    |      0|  0|  24|          17|          17|
    |tmp_fu_3863_p2           |     +    |      0|  0|  25|          18|          18|
    |resi_V_1_fu_4748_p2      |     -    |      0|  0|  27|          20|          20|
    |resi_V_fu_4742_p2        |     -    |      0|  0|  27|          20|          20|
    |tmp_s_fu_4736_p2         |   icmp   |      0|  0|  18|          20|          20|
    |tmp_192_fu_4754_p3       |  select  |      0|  0|  20|           1|          20|
    +-------------------------+----------+-------+---+----+------------+------------+
    |Total                    |          |      0|  0|5644|        4045|        4064|
    +-------------------------+----------+-------+---+----+------------+------------+

    * Multiplexer: 
    +------------------------------------+----+-----------+-----+-----------+
    |                Name                | LUT| Input Size| Bits| Total Bits|
    +------------------------------------+----+-----------+-----+-----------+
    |ap_NS_fsm                           |  41|          8|    1|          8|
    |ap_phi_mux_p_Val2_1_phi_fu_574_p34  |  85|         17|   20|        340|
    |ap_phi_mux_p_Val2_s_phi_fu_615_p34  |  85|         17|   19|        323|
    |ap_return                           |   9|          2|   32|         64|
    |p_Val2_1_reg_570                    |  85|         17|   20|        340|
    |p_Val2_s_reg_611                    |  85|         17|   19|        323|
    +------------------------------------+----+-----------+-----+-----------+
    |Total                               | 390|         78|  111|       1398|
    +------------------------------------+----+-----------+-----+-----------+

    * Register: 
    +-----------------------+----+----+-----+-----------+
    |          Name         | FF | LUT| Bits| Const Bits|
    +-----------------------+----+----+-----+-----------+
    |ap_CS_fsm              |   7|   0|    7|          0|
    |ap_return_preg         |  32|   0|   32|          0|
    |p_Val2_100_7_reg_5194  |  20|   0|   20|          0|
    |p_Val2_103_s_reg_5189  |  19|   0|   19|          0|
    |p_Val2_14_7_reg_5334   |  20|   0|   20|          0|
    |p_Val2_19_s_reg_5329   |  19|   0|   19|          0|
    |p_Val2_1_reg_570       |  20|   0|   20|          0|
    |p_Val2_22_7_reg_5324   |  20|   0|   20|          0|
    |p_Val2_25_s_reg_5319   |  19|   0|   19|          0|
    |p_Val2_28_7_reg_5314   |  20|   0|   20|          0|
    |p_Val2_2_7_reg_5344    |  20|   0|   20|          0|
    |p_Val2_31_s_reg_5309   |  19|   0|   19|          0|
    |p_Val2_34_7_reg_5304   |  20|   0|   20|          0|
    |p_Val2_37_s_reg_5299   |  19|   0|   19|          0|
    |p_Val2_40_7_reg_5294   |  20|   0|   20|          0|
    |p_Val2_43_s_reg_5289   |  19|   0|   19|          0|
    |p_Val2_46_7_reg_5284   |  20|   0|   20|          0|
    |p_Val2_49_s_reg_5279   |  19|   0|   19|          0|
    |p_Val2_52_7_reg_5274   |  20|   0|   20|          0|
    |p_Val2_55_s_reg_5269   |  19|   0|   19|          0|
    |p_Val2_58_7_reg_5264   |  20|   0|   20|          0|
    |p_Val2_61_s_reg_5259   |  19|   0|   19|          0|
    |p_Val2_64_7_reg_5254   |  20|   0|   20|          0|
    |p_Val2_67_s_reg_5249   |  19|   0|   19|          0|
    |p_Val2_70_7_reg_5244   |  20|   0|   20|          0|
    |p_Val2_73_s_reg_5239   |  19|   0|   19|          0|
    |p_Val2_76_7_reg_5234   |  20|   0|   20|          0|
    |p_Val2_79_s_reg_5229   |  19|   0|   19|          0|
    |p_Val2_82_7_reg_5224   |  20|   0|   20|          0|
    |p_Val2_85_s_reg_5219   |  19|   0|   19|          0|
    |p_Val2_88_7_reg_5214   |  20|   0|   20|          0|
    |p_Val2_8_s_reg_5339    |  19|   0|   19|          0|
    |p_Val2_91_s_reg_5209   |  19|   0|   19|          0|
    |p_Val2_94_7_reg_5204   |  20|   0|   20|          0|
    |p_Val2_97_s_reg_5199   |  19|   0|   19|          0|
    |p_Val2_s_reg_611       |  19|   0|   19|          0|
    |tmp101_reg_4999        |  18|   0|   18|          0|
    |tmp105_reg_5004        |  17|   0|   17|          0|
    |tmp106_reg_5009        |  18|   0|   18|          0|
    |tmp109_reg_5014        |  17|   0|   17|          0|
    |tmp10_reg_4809         |  18|   0|   18|          0|
    |tmp110_reg_5019        |  18|   0|   18|          0|
    |tmp113_reg_5024        |  18|   0|   18|          0|
    |tmp117_reg_5029        |  17|   0|   17|          0|
    |tmp118_reg_5034        |  18|   0|   18|          0|
    |tmp121_reg_5039        |  17|   0|   17|          0|
    |tmp122_reg_5044        |  18|   0|   18|          0|
    |tmp125_reg_5049        |  18|   0|   18|          0|
    |tmp129_reg_5054        |  17|   0|   17|          0|
    |tmp130_reg_5059        |  18|   0|   18|          0|
    |tmp133_reg_5064        |  17|   0|   17|          0|
    |tmp134_reg_5069        |  18|   0|   18|          0|
    |tmp137_reg_5074        |  18|   0|   18|          0|
    |tmp13_reg_4814         |  17|   0|   17|          0|
    |tmp141_reg_5079        |  17|   0|   17|          0|
    |tmp142_reg_5084        |  18|   0|   18|          0|
    |tmp145_reg_5089        |  17|   0|   17|          0|
    |tmp146_reg_5094        |  18|   0|   18|          0|
    |tmp149_reg_5099        |  18|   0|   18|          0|
    |tmp14_reg_4819         |  18|   0|   18|          0|
    |tmp153_reg_5104        |  17|   0|   17|          0|
    |tmp154_reg_5109        |  18|   0|   18|          0|
    |tmp157_reg_5114        |  17|   0|   17|          0|
    |tmp158_reg_5119        |  18|   0|   18|          0|
    |tmp161_reg_5124        |  18|   0|   18|          0|
    |tmp165_reg_5129        |  17|   0|   17|          0|
    |tmp166_reg_5134        |  18|   0|   18|          0|
    |tmp169_reg_5139        |  17|   0|   17|          0|
    |tmp170_reg_5144        |  18|   0|   18|          0|
    |tmp173_reg_5149        |  18|   0|   18|          0|
    |tmp177_reg_5154        |  17|   0|   17|          0|
    |tmp178_reg_5159        |  18|   0|   18|          0|
    |tmp17_reg_4824         |  18|   0|   18|          0|
    |tmp181_reg_5164        |  17|   0|   17|          0|
    |tmp182_reg_5169        |  18|   0|   18|          0|
    |tmp185_reg_5174        |  18|   0|   18|          0|
    |tmp189_reg_5179        |  17|   0|   17|          0|
    |tmp190_reg_5184        |  18|   0|   18|          0|
    |tmp1_reg_4789          |  17|   0|   17|          0|
    |tmp21_reg_4829         |  17|   0|   17|          0|
    |tmp22_reg_4834         |  18|   0|   18|          0|
    |tmp25_reg_4839         |  17|   0|   17|          0|
    |tmp26_reg_4844         |  18|   0|   18|          0|
    |tmp29_reg_4849         |  18|   0|   18|          0|
    |tmp2_reg_4794          |  18|   0|   18|          0|
    |tmp33_reg_4854         |  17|   0|   17|          0|
    |tmp34_reg_4859         |  18|   0|   18|          0|
    |tmp37_reg_4864         |  17|   0|   17|          0|
    |tmp38_reg_4869         |  18|   0|   18|          0|
    |tmp41_reg_4874         |  18|   0|   18|          0|
    |tmp45_reg_4879         |  17|   0|   17|          0|
    |tmp46_reg_4884         |  18|   0|   18|          0|
    |tmp49_reg_4889         |  17|   0|   17|          0|
    |tmp50_reg_4894         |  18|   0|   18|          0|
    |tmp53_reg_4899         |  18|   0|   18|          0|
    |tmp57_reg_4904         |  17|   0|   17|          0|
    |tmp58_reg_4909         |  18|   0|   18|          0|
    |tmp5_reg_4799          |  18|   0|   18|          0|
    |tmp61_reg_4914         |  17|   0|   17|          0|
    |tmp62_reg_4919         |  18|   0|   18|          0|
    |tmp65_reg_4924         |  18|   0|   18|          0|
    |tmp69_reg_4929         |  17|   0|   17|          0|
    |tmp70_reg_4934         |  18|   0|   18|          0|
    |tmp73_reg_4939         |  17|   0|   17|          0|
    |tmp74_reg_4944         |  18|   0|   18|          0|
    |tmp77_reg_4949         |  18|   0|   18|          0|
    |tmp81_reg_4954         |  17|   0|   17|          0|
    |tmp82_reg_4959         |  18|   0|   18|          0|
    |tmp85_reg_4964         |  17|   0|   17|          0|
    |tmp86_reg_4969         |  18|   0|   18|          0|
    |tmp89_reg_4974         |  18|   0|   18|          0|
    |tmp93_reg_4979         |  17|   0|   17|          0|
    |tmp94_reg_4984         |  18|   0|   18|          0|
    |tmp97_reg_4989         |  17|   0|   17|          0|
    |tmp98_reg_4994         |  18|   0|   18|          0|
    |tmp9_reg_4804          |  17|   0|   17|          0|
    |tmp_192_reg_5349       |  20|   0|   20|          0|
    +-----------------------+----+----+-----+-----------+
    |Total                  |2130|   0| 2130|          0|
    +-----------------------+----+----+-----+-----------+



================================================================
== Interface
================================================================
* Summary: 
+------------------------+-----+-----+------------+------------------------+--------------+
|        RTL Ports       | Dir | Bits|  Protocol  |      Source Object     |    C Type    |
+------------------------+-----+-----+------------+------------------------+--------------+
|ap_clk                  |  in |    1| ap_ctrl_hs |     correlatorSynch    | return value |
|ap_rst                  |  in |    1| ap_ctrl_hs |     correlatorSynch    | return value |
|ap_start                |  in |    1| ap_ctrl_hs |     correlatorSynch    | return value |
|ap_done                 | out |    1| ap_ctrl_hs |     correlatorSynch    | return value |
|ap_idle                 | out |    1| ap_ctrl_hs |     correlatorSynch    | return value |
|ap_ready                | out |    1| ap_ctrl_hs |     correlatorSynch    | return value |
|ap_return               | out |   32| ap_ctrl_hs |     correlatorSynch    | return value |
|phaseClass_V            |  in |    4|   ap_none  |      phaseClass_V      |    scalar    |
|cor_phaseClass15i_V_15  |  in |   16|   ap_none  | cor_phaseClass15i_V_15 |    pointer   |
|cor_phaseClass15i_V_14  |  in |   16|   ap_none  | cor_phaseClass15i_V_14 |    pointer   |
|cor_phaseClass15i_V_13  |  in |   16|   ap_none  | cor_phaseClass15i_V_13 |    pointer   |
|cor_phaseClass15i_V_12  |  in |   16|   ap_none  | cor_phaseClass15i_V_12 |    pointer   |
|cor_phaseClass15i_V_11  |  in |   16|   ap_none  | cor_phaseClass15i_V_11 |    pointer   |
|cor_phaseClass15i_V_10  |  in |   16|   ap_none  | cor_phaseClass15i_V_10 |    pointer   |
|cor_phaseClass15i_V_9   |  in |   16|   ap_none  |  cor_phaseClass15i_V_9 |    pointer   |
|cor_phaseClass15i_V_8   |  in |   16|   ap_none  |  cor_phaseClass15i_V_8 |    pointer   |
|cor_phaseClass15i_V_7   |  in |   16|   ap_none  |  cor_phaseClass15i_V_7 |    pointer   |
|cor_phaseClass15i_V_6   |  in |   16|   ap_none  |  cor_phaseClass15i_V_6 |    pointer   |
|cor_phaseClass15i_V_5   |  in |   16|   ap_none  |  cor_phaseClass15i_V_5 |    pointer   |
|cor_phaseClass15i_V_4   |  in |   16|   ap_none  |  cor_phaseClass15i_V_4 |    pointer   |
|cor_phaseClass15i_V_3   |  in |   16|   ap_none  |  cor_phaseClass15i_V_3 |    pointer   |
|cor_phaseClass15i_V_2   |  in |   16|   ap_none  |  cor_phaseClass15i_V_2 |    pointer   |
|cor_phaseClass15i_V_1   |  in |   16|   ap_none  |  cor_phaseClass15i_V_1 |    pointer   |
|cor_phaseClass15i_V_s   |  in |   16|   ap_none  |  cor_phaseClass15i_V_s |    pointer   |
|cor_phaseClass14i_V_15  |  in |   16|   ap_none  | cor_phaseClass14i_V_15 |    pointer   |
|cor_phaseClass14i_V_14  |  in |   16|   ap_none  | cor_phaseClass14i_V_14 |    pointer   |
|cor_phaseClass14i_V_13  |  in |   16|   ap_none  | cor_phaseClass14i_V_13 |    pointer   |
|cor_phaseClass14i_V_12  |  in |   16|   ap_none  | cor_phaseClass14i_V_12 |    pointer   |
|cor_phaseClass14i_V_11  |  in |   16|   ap_none  | cor_phaseClass14i_V_11 |    pointer   |
|cor_phaseClass14i_V_10  |  in |   16|   ap_none  | cor_phaseClass14i_V_10 |    pointer   |
|cor_phaseClass14i_V_9   |  in |   16|   ap_none  |  cor_phaseClass14i_V_9 |    pointer   |
|cor_phaseClass14i_V_8   |  in |   16|   ap_none  |  cor_phaseClass14i_V_8 |    pointer   |
|cor_phaseClass14i_V_7   |  in |   16|   ap_none  |  cor_phaseClass14i_V_7 |    pointer   |
|cor_phaseClass14i_V_6   |  in |   16|   ap_none  |  cor_phaseClass14i_V_6 |    pointer   |
|cor_phaseClass14i_V_5   |  in |   16|   ap_none  |  cor_phaseClass14i_V_5 |    pointer   |
|cor_phaseClass14i_V_4   |  in |   16|   ap_none  |  cor_phaseClass14i_V_4 |    pointer   |
|cor_phaseClass14i_V_3   |  in |   16|   ap_none  |  cor_phaseClass14i_V_3 |    pointer   |
|cor_phaseClass14i_V_2   |  in |   16|   ap_none  |  cor_phaseClass14i_V_2 |    pointer   |
|cor_phaseClass14i_V_1   |  in |   16|   ap_none  |  cor_phaseClass14i_V_1 |    pointer   |
|cor_phaseClass14i_V_s   |  in |   16|   ap_none  |  cor_phaseClass14i_V_s |    pointer   |
|cor_phaseClass13i_V_15  |  in |   16|   ap_none  | cor_phaseClass13i_V_15 |    pointer   |
|cor_phaseClass13i_V_14  |  in |   16|   ap_none  | cor_phaseClass13i_V_14 |    pointer   |
|cor_phaseClass13i_V_13  |  in |   16|   ap_none  | cor_phaseClass13i_V_13 |    pointer   |
|cor_phaseClass13i_V_12  |  in |   16|   ap_none  | cor_phaseClass13i_V_12 |    pointer   |
|cor_phaseClass13i_V_11  |  in |   16|   ap_none  | cor_phaseClass13i_V_11 |    pointer   |
|cor_phaseClass13i_V_10  |  in |   16|   ap_none  | cor_phaseClass13i_V_10 |    pointer   |
|cor_phaseClass13i_V_9   |  in |   16|   ap_none  |  cor_phaseClass13i_V_9 |    pointer   |
|cor_phaseClass13i_V_8   |  in |   16|   ap_none  |  cor_phaseClass13i_V_8 |    pointer   |
|cor_phaseClass13i_V_7   |  in |   16|   ap_none  |  cor_phaseClass13i_V_7 |    pointer   |
|cor_phaseClass13i_V_6   |  in |   16|   ap_none  |  cor_phaseClass13i_V_6 |    pointer   |
|cor_phaseClass13i_V_5   |  in |   16|   ap_none  |  cor_phaseClass13i_V_5 |    pointer   |
|cor_phaseClass13i_V_4   |  in |   16|   ap_none  |  cor_phaseClass13i_V_4 |    pointer   |
|cor_phaseClass13i_V_3   |  in |   16|   ap_none  |  cor_phaseClass13i_V_3 |    pointer   |
|cor_phaseClass13i_V_2   |  in |   16|   ap_none  |  cor_phaseClass13i_V_2 |    pointer   |
|cor_phaseClass13i_V_1   |  in |   16|   ap_none  |  cor_phaseClass13i_V_1 |    pointer   |
|cor_phaseClass13i_V_s   |  in |   16|   ap_none  |  cor_phaseClass13i_V_s |    pointer   |
|cor_phaseClass12i_V_15  |  in |   16|   ap_none  | cor_phaseClass12i_V_15 |    pointer   |
|cor_phaseClass12i_V_14  |  in |   16|   ap_none  | cor_phaseClass12i_V_14 |    pointer   |
|cor_phaseClass12i_V_13  |  in |   16|   ap_none  | cor_phaseClass12i_V_13 |    pointer   |
|cor_phaseClass12i_V_12  |  in |   16|   ap_none  | cor_phaseClass12i_V_12 |    pointer   |
|cor_phaseClass12i_V_11  |  in |   16|   ap_none  | cor_phaseClass12i_V_11 |    pointer   |
|cor_phaseClass12i_V_10  |  in |   16|   ap_none  | cor_phaseClass12i_V_10 |    pointer   |
|cor_phaseClass12i_V_9   |  in |   16|   ap_none  |  cor_phaseClass12i_V_9 |    pointer   |
|cor_phaseClass12i_V_8   |  in |   16|   ap_none  |  cor_phaseClass12i_V_8 |    pointer   |
|cor_phaseClass12i_V_7   |  in |   16|   ap_none  |  cor_phaseClass12i_V_7 |    pointer   |
|cor_phaseClass12i_V_6   |  in |   16|   ap_none  |  cor_phaseClass12i_V_6 |    pointer   |
|cor_phaseClass12i_V_5   |  in |   16|   ap_none  |  cor_phaseClass12i_V_5 |    pointer   |
|cor_phaseClass12i_V_4   |  in |   16|   ap_none  |  cor_phaseClass12i_V_4 |    pointer   |
|cor_phaseClass12i_V_3   |  in |   16|   ap_none  |  cor_phaseClass12i_V_3 |    pointer   |
|cor_phaseClass12i_V_2   |  in |   16|   ap_none  |  cor_phaseClass12i_V_2 |    pointer   |
|cor_phaseClass12i_V_1   |  in |   16|   ap_none  |  cor_phaseClass12i_V_1 |    pointer   |
|cor_phaseClass12i_V_s   |  in |   16|   ap_none  |  cor_phaseClass12i_V_s |    pointer   |
|cor_phaseClass11i_V_15  |  in |   16|   ap_none  | cor_phaseClass11i_V_15 |    pointer   |
|cor_phaseClass11i_V_14  |  in |   16|   ap_none  | cor_phaseClass11i_V_14 |    pointer   |
|cor_phaseClass11i_V_13  |  in |   16|   ap_none  | cor_phaseClass11i_V_13 |    pointer   |
|cor_phaseClass11i_V_12  |  in |   16|   ap_none  | cor_phaseClass11i_V_12 |    pointer   |
|cor_phaseClass11i_V_11  |  in |   16|   ap_none  | cor_phaseClass11i_V_11 |    pointer   |
|cor_phaseClass11i_V_10  |  in |   16|   ap_none  | cor_phaseClass11i_V_10 |    pointer   |
|cor_phaseClass11i_V_9   |  in |   16|   ap_none  |  cor_phaseClass11i_V_9 |    pointer   |
|cor_phaseClass11i_V_8   |  in |   16|   ap_none  |  cor_phaseClass11i_V_8 |    pointer   |
|cor_phaseClass11i_V_7   |  in |   16|   ap_none  |  cor_phaseClass11i_V_7 |    pointer   |
|cor_phaseClass11i_V_6   |  in |   16|   ap_none  |  cor_phaseClass11i_V_6 |    pointer   |
|cor_phaseClass11i_V_5   |  in |   16|   ap_none  |  cor_phaseClass11i_V_5 |    pointer   |
|cor_phaseClass11i_V_4   |  in |   16|   ap_none  |  cor_phaseClass11i_V_4 |    pointer   |
|cor_phaseClass11i_V_3   |  in |   16|   ap_none  |  cor_phaseClass11i_V_3 |    pointer   |
|cor_phaseClass11i_V_2   |  in |   16|   ap_none  |  cor_phaseClass11i_V_2 |    pointer   |
|cor_phaseClass11i_V_1   |  in |   16|   ap_none  |  cor_phaseClass11i_V_1 |    pointer   |
|cor_phaseClass11i_V_s   |  in |   16|   ap_none  |  cor_phaseClass11i_V_s |    pointer   |
|cor_phaseClass10i_V_15  |  in |   16|   ap_none  | cor_phaseClass10i_V_15 |    pointer   |
|cor_phaseClass10i_V_14  |  in |   16|   ap_none  | cor_phaseClass10i_V_14 |    pointer   |
|cor_phaseClass10i_V_13  |  in |   16|   ap_none  | cor_phaseClass10i_V_13 |    pointer   |
|cor_phaseClass10i_V_12  |  in |   16|   ap_none  | cor_phaseClass10i_V_12 |    pointer   |
|cor_phaseClass10i_V_11  |  in |   16|   ap_none  | cor_phaseClass10i_V_11 |    pointer   |
|cor_phaseClass10i_V_10  |  in |   16|   ap_none  | cor_phaseClass10i_V_10 |    pointer   |
|cor_phaseClass10i_V_9   |  in |   16|   ap_none  |  cor_phaseClass10i_V_9 |    pointer   |
|cor_phaseClass10i_V_8   |  in |   16|   ap_none  |  cor_phaseClass10i_V_8 |    pointer   |
|cor_phaseClass10i_V_7   |  in |   16|   ap_none  |  cor_phaseClass10i_V_7 |    pointer   |
|cor_phaseClass10i_V_6   |  in |   16|   ap_none  |  cor_phaseClass10i_V_6 |    pointer   |
|cor_phaseClass10i_V_5   |  in |   16|   ap_none  |  cor_phaseClass10i_V_5 |    pointer   |
|cor_phaseClass10i_V_4   |  in |   16|   ap_none  |  cor_phaseClass10i_V_4 |    pointer   |
|cor_phaseClass10i_V_3   |  in |   16|   ap_none  |  cor_phaseClass10i_V_3 |    pointer   |
|cor_phaseClass10i_V_2   |  in |   16|   ap_none  |  cor_phaseClass10i_V_2 |    pointer   |
|cor_phaseClass10i_V_1   |  in |   16|   ap_none  |  cor_phaseClass10i_V_1 |    pointer   |
|cor_phaseClass10i_V_s   |  in |   16|   ap_none  |  cor_phaseClass10i_V_s |    pointer   |
|cor_phaseClass9i_V_15   |  in |   16|   ap_none  |  cor_phaseClass9i_V_15 |    pointer   |
|cor_phaseClass9i_V_14   |  in |   16|   ap_none  |  cor_phaseClass9i_V_14 |    pointer   |
|cor_phaseClass9i_V_13   |  in |   16|   ap_none  |  cor_phaseClass9i_V_13 |    pointer   |
|cor_phaseClass9i_V_12   |  in |   16|   ap_none  |  cor_phaseClass9i_V_12 |    pointer   |
|cor_phaseClass9i_V_11   |  in |   16|   ap_none  |  cor_phaseClass9i_V_11 |    pointer   |
|cor_phaseClass9i_V_10   |  in |   16|   ap_none  |  cor_phaseClass9i_V_10 |    pointer   |
|cor_phaseClass9i_V_9    |  in |   16|   ap_none  |  cor_phaseClass9i_V_9  |    pointer   |
|cor_phaseClass9i_V_8    |  in |   16|   ap_none  |  cor_phaseClass9i_V_8  |    pointer   |
|cor_phaseClass9i_V_7    |  in |   16|   ap_none  |  cor_phaseClass9i_V_7  |    pointer   |
|cor_phaseClass9i_V_6    |  in |   16|   ap_none  |  cor_phaseClass9i_V_6  |    pointer   |
|cor_phaseClass9i_V_5    |  in |   16|   ap_none  |  cor_phaseClass9i_V_5  |    pointer   |
|cor_phaseClass9i_V_4    |  in |   16|   ap_none  |  cor_phaseClass9i_V_4  |    pointer   |
|cor_phaseClass9i_V_3    |  in |   16|   ap_none  |  cor_phaseClass9i_V_3  |    pointer   |
|cor_phaseClass9i_V_2    |  in |   16|   ap_none  |  cor_phaseClass9i_V_2  |    pointer   |
|cor_phaseClass9i_V_1    |  in |   16|   ap_none  |  cor_phaseClass9i_V_1  |    pointer   |
|cor_phaseClass9i_V_0    |  in |   16|   ap_none  |  cor_phaseClass9i_V_0  |    pointer   |
|cor_phaseClass8i_V_15   |  in |   16|   ap_none  |  cor_phaseClass8i_V_15 |    pointer   |
|cor_phaseClass8i_V_14   |  in |   16|   ap_none  |  cor_phaseClass8i_V_14 |    pointer   |
|cor_phaseClass8i_V_13   |  in |   16|   ap_none  |  cor_phaseClass8i_V_13 |    pointer   |
|cor_phaseClass8i_V_12   |  in |   16|   ap_none  |  cor_phaseClass8i_V_12 |    pointer   |
|cor_phaseClass8i_V_11   |  in |   16|   ap_none  |  cor_phaseClass8i_V_11 |    pointer   |
|cor_phaseClass8i_V_10   |  in |   16|   ap_none  |  cor_phaseClass8i_V_10 |    pointer   |
|cor_phaseClass8i_V_9    |  in |   16|   ap_none  |  cor_phaseClass8i_V_9  |    pointer   |
|cor_phaseClass8i_V_8    |  in |   16|   ap_none  |  cor_phaseClass8i_V_8  |    pointer   |
|cor_phaseClass8i_V_7    |  in |   16|   ap_none  |  cor_phaseClass8i_V_7  |    pointer   |
|cor_phaseClass8i_V_6    |  in |   16|   ap_none  |  cor_phaseClass8i_V_6  |    pointer   |
|cor_phaseClass8i_V_5    |  in |   16|   ap_none  |  cor_phaseClass8i_V_5  |    pointer   |
|cor_phaseClass8i_V_4    |  in |   16|   ap_none  |  cor_phaseClass8i_V_4  |    pointer   |
|cor_phaseClass8i_V_3    |  in |   16|   ap_none  |  cor_phaseClass8i_V_3  |    pointer   |
|cor_phaseClass8i_V_2    |  in |   16|   ap_none  |  cor_phaseClass8i_V_2  |    pointer   |
|cor_phaseClass8i_V_1    |  in |   16|   ap_none  |  cor_phaseClass8i_V_1  |    pointer   |
|cor_phaseClass8i_V_0    |  in |   16|   ap_none  |  cor_phaseClass8i_V_0  |    pointer   |
|cor_phaseClass7i_V_15   |  in |   16|   ap_none  |  cor_phaseClass7i_V_15 |    pointer   |
|cor_phaseClass7i_V_14   |  in |   16|   ap_none  |  cor_phaseClass7i_V_14 |    pointer   |
|cor_phaseClass7i_V_13   |  in |   16|   ap_none  |  cor_phaseClass7i_V_13 |    pointer   |
|cor_phaseClass7i_V_12   |  in |   16|   ap_none  |  cor_phaseClass7i_V_12 |    pointer   |
|cor_phaseClass7i_V_11   |  in |   16|   ap_none  |  cor_phaseClass7i_V_11 |    pointer   |
|cor_phaseClass7i_V_10   |  in |   16|   ap_none  |  cor_phaseClass7i_V_10 |    pointer   |
|cor_phaseClass7i_V_9    |  in |   16|   ap_none  |  cor_phaseClass7i_V_9  |    pointer   |
|cor_phaseClass7i_V_8    |  in |   16|   ap_none  |  cor_phaseClass7i_V_8  |    pointer   |
|cor_phaseClass7i_V_7    |  in |   16|   ap_none  |  cor_phaseClass7i_V_7  |    pointer   |
|cor_phaseClass7i_V_6    |  in |   16|   ap_none  |  cor_phaseClass7i_V_6  |    pointer   |
|cor_phaseClass7i_V_5    |  in |   16|   ap_none  |  cor_phaseClass7i_V_5  |    pointer   |
|cor_phaseClass7i_V_4    |  in |   16|   ap_none  |  cor_phaseClass7i_V_4  |    pointer   |
|cor_phaseClass7i_V_3    |  in |   16|   ap_none  |  cor_phaseClass7i_V_3  |    pointer   |
|cor_phaseClass7i_V_2    |  in |   16|   ap_none  |  cor_phaseClass7i_V_2  |    pointer   |
|cor_phaseClass7i_V_1    |  in |   16|   ap_none  |  cor_phaseClass7i_V_1  |    pointer   |
|cor_phaseClass7i_V_0    |  in |   16|   ap_none  |  cor_phaseClass7i_V_0  |    pointer   |
|cor_phaseClass6i_V_15   |  in |   16|   ap_none  |  cor_phaseClass6i_V_15 |    pointer   |
|cor_phaseClass6i_V_14   |  in |   16|   ap_none  |  cor_phaseClass6i_V_14 |    pointer   |
|cor_phaseClass6i_V_13   |  in |   16|   ap_none  |  cor_phaseClass6i_V_13 |    pointer   |
|cor_phaseClass6i_V_12   |  in |   16|   ap_none  |  cor_phaseClass6i_V_12 |    pointer   |
|cor_phaseClass6i_V_11   |  in |   16|   ap_none  |  cor_phaseClass6i_V_11 |    pointer   |
|cor_phaseClass6i_V_10   |  in |   16|   ap_none  |  cor_phaseClass6i_V_10 |    pointer   |
|cor_phaseClass6i_V_9    |  in |   16|   ap_none  |  cor_phaseClass6i_V_9  |    pointer   |
|cor_phaseClass6i_V_8    |  in |   16|   ap_none  |  cor_phaseClass6i_V_8  |    pointer   |
|cor_phaseClass6i_V_7    |  in |   16|   ap_none  |  cor_phaseClass6i_V_7  |    pointer   |
|cor_phaseClass6i_V_6    |  in |   16|   ap_none  |  cor_phaseClass6i_V_6  |    pointer   |
|cor_phaseClass6i_V_5    |  in |   16|   ap_none  |  cor_phaseClass6i_V_5  |    pointer   |
|cor_phaseClass6i_V_4    |  in |   16|   ap_none  |  cor_phaseClass6i_V_4  |    pointer   |
|cor_phaseClass6i_V_3    |  in |   16|   ap_none  |  cor_phaseClass6i_V_3  |    pointer   |
|cor_phaseClass6i_V_2    |  in |   16|   ap_none  |  cor_phaseClass6i_V_2  |    pointer   |
|cor_phaseClass6i_V_1    |  in |   16|   ap_none  |  cor_phaseClass6i_V_1  |    pointer   |
|cor_phaseClass6i_V_0    |  in |   16|   ap_none  |  cor_phaseClass6i_V_0  |    pointer   |
|cor_phaseClass5i_V_15   |  in |   16|   ap_none  |  cor_phaseClass5i_V_15 |    pointer   |
|cor_phaseClass5i_V_14   |  in |   16|   ap_none  |  cor_phaseClass5i_V_14 |    pointer   |
|cor_phaseClass5i_V_13   |  in |   16|   ap_none  |  cor_phaseClass5i_V_13 |    pointer   |
|cor_phaseClass5i_V_12   |  in |   16|   ap_none  |  cor_phaseClass5i_V_12 |    pointer   |
|cor_phaseClass5i_V_11   |  in |   16|   ap_none  |  cor_phaseClass5i_V_11 |    pointer   |
|cor_phaseClass5i_V_10   |  in |   16|   ap_none  |  cor_phaseClass5i_V_10 |    pointer   |
|cor_phaseClass5i_V_9    |  in |   16|   ap_none  |  cor_phaseClass5i_V_9  |    pointer   |
|cor_phaseClass5i_V_8    |  in |   16|   ap_none  |  cor_phaseClass5i_V_8  |    pointer   |
|cor_phaseClass5i_V_7    |  in |   16|   ap_none  |  cor_phaseClass5i_V_7  |    pointer   |
|cor_phaseClass5i_V_6    |  in |   16|   ap_none  |  cor_phaseClass5i_V_6  |    pointer   |
|cor_phaseClass5i_V_5    |  in |   16|   ap_none  |  cor_phaseClass5i_V_5  |    pointer   |
|cor_phaseClass5i_V_4    |  in |   16|   ap_none  |  cor_phaseClass5i_V_4  |    pointer   |
|cor_phaseClass5i_V_3    |  in |   16|   ap_none  |  cor_phaseClass5i_V_3  |    pointer   |
|cor_phaseClass5i_V_2    |  in |   16|   ap_none  |  cor_phaseClass5i_V_2  |    pointer   |
|cor_phaseClass5i_V_1    |  in |   16|   ap_none  |  cor_phaseClass5i_V_1  |    pointer   |
|cor_phaseClass5i_V_0    |  in |   16|   ap_none  |  cor_phaseClass5i_V_0  |    pointer   |
|cor_phaseClass4i_V_15   |  in |   16|   ap_none  |  cor_phaseClass4i_V_15 |    pointer   |
|cor_phaseClass4i_V_14   |  in |   16|   ap_none  |  cor_phaseClass4i_V_14 |    pointer   |
|cor_phaseClass4i_V_13   |  in |   16|   ap_none  |  cor_phaseClass4i_V_13 |    pointer   |
|cor_phaseClass4i_V_12   |  in |   16|   ap_none  |  cor_phaseClass4i_V_12 |    pointer   |
|cor_phaseClass4i_V_11   |  in |   16|   ap_none  |  cor_phaseClass4i_V_11 |    pointer   |
|cor_phaseClass4i_V_10   |  in |   16|   ap_none  |  cor_phaseClass4i_V_10 |    pointer   |
|cor_phaseClass4i_V_9    |  in |   16|   ap_none  |  cor_phaseClass4i_V_9  |    pointer   |
|cor_phaseClass4i_V_8    |  in |   16|   ap_none  |  cor_phaseClass4i_V_8  |    pointer   |
|cor_phaseClass4i_V_7    |  in |   16|   ap_none  |  cor_phaseClass4i_V_7  |    pointer   |
|cor_phaseClass4i_V_6    |  in |   16|   ap_none  |  cor_phaseClass4i_V_6  |    pointer   |
|cor_phaseClass4i_V_5    |  in |   16|   ap_none  |  cor_phaseClass4i_V_5  |    pointer   |
|cor_phaseClass4i_V_4    |  in |   16|   ap_none  |  cor_phaseClass4i_V_4  |    pointer   |
|cor_phaseClass4i_V_3    |  in |   16|   ap_none  |  cor_phaseClass4i_V_3  |    pointer   |
|cor_phaseClass4i_V_2    |  in |   16|   ap_none  |  cor_phaseClass4i_V_2  |    pointer   |
|cor_phaseClass4i_V_1    |  in |   16|   ap_none  |  cor_phaseClass4i_V_1  |    pointer   |
|cor_phaseClass4i_V_0    |  in |   16|   ap_none  |  cor_phaseClass4i_V_0  |    pointer   |
|cor_phaseClass3i_V_15   |  in |   16|   ap_none  |  cor_phaseClass3i_V_15 |    pointer   |
|cor_phaseClass3i_V_14   |  in |   16|   ap_none  |  cor_phaseClass3i_V_14 |    pointer   |
|cor_phaseClass3i_V_13   |  in |   16|   ap_none  |  cor_phaseClass3i_V_13 |    pointer   |
|cor_phaseClass3i_V_12   |  in |   16|   ap_none  |  cor_phaseClass3i_V_12 |    pointer   |
|cor_phaseClass3i_V_11   |  in |   16|   ap_none  |  cor_phaseClass3i_V_11 |    pointer   |
|cor_phaseClass3i_V_10   |  in |   16|   ap_none  |  cor_phaseClass3i_V_10 |    pointer   |
|cor_phaseClass3i_V_9    |  in |   16|   ap_none  |  cor_phaseClass3i_V_9  |    pointer   |
|cor_phaseClass3i_V_8    |  in |   16|   ap_none  |  cor_phaseClass3i_V_8  |    pointer   |
|cor_phaseClass3i_V_7    |  in |   16|   ap_none  |  cor_phaseClass3i_V_7  |    pointer   |
|cor_phaseClass3i_V_6    |  in |   16|   ap_none  |  cor_phaseClass3i_V_6  |    pointer   |
|cor_phaseClass3i_V_5    |  in |   16|   ap_none  |  cor_phaseClass3i_V_5  |    pointer   |
|cor_phaseClass3i_V_4    |  in |   16|   ap_none  |  cor_phaseClass3i_V_4  |    pointer   |
|cor_phaseClass3i_V_3    |  in |   16|   ap_none  |  cor_phaseClass3i_V_3  |    pointer   |
|cor_phaseClass3i_V_2    |  in |   16|   ap_none  |  cor_phaseClass3i_V_2  |    pointer   |
|cor_phaseClass3i_V_1    |  in |   16|   ap_none  |  cor_phaseClass3i_V_1  |    pointer   |
|cor_phaseClass3i_V_0    |  in |   16|   ap_none  |  cor_phaseClass3i_V_0  |    pointer   |
|cor_phaseClass2i_V_15   |  in |   16|   ap_none  |  cor_phaseClass2i_V_15 |    pointer   |
|cor_phaseClass2i_V_14   |  in |   16|   ap_none  |  cor_phaseClass2i_V_14 |    pointer   |
|cor_phaseClass2i_V_13   |  in |   16|   ap_none  |  cor_phaseClass2i_V_13 |    pointer   |
|cor_phaseClass2i_V_12   |  in |   16|   ap_none  |  cor_phaseClass2i_V_12 |    pointer   |
|cor_phaseClass2i_V_11   |  in |   16|   ap_none  |  cor_phaseClass2i_V_11 |    pointer   |
|cor_phaseClass2i_V_10   |  in |   16|   ap_none  |  cor_phaseClass2i_V_10 |    pointer   |
|cor_phaseClass2i_V_9    |  in |   16|   ap_none  |  cor_phaseClass2i_V_9  |    pointer   |
|cor_phaseClass2i_V_8    |  in |   16|   ap_none  |  cor_phaseClass2i_V_8  |    pointer   |
|cor_phaseClass2i_V_7    |  in |   16|   ap_none  |  cor_phaseClass2i_V_7  |    pointer   |
|cor_phaseClass2i_V_6    |  in |   16|   ap_none  |  cor_phaseClass2i_V_6  |    pointer   |
|cor_phaseClass2i_V_5    |  in |   16|   ap_none  |  cor_phaseClass2i_V_5  |    pointer   |
|cor_phaseClass2i_V_4    |  in |   16|   ap_none  |  cor_phaseClass2i_V_4  |    pointer   |
|cor_phaseClass2i_V_3    |  in |   16|   ap_none  |  cor_phaseClass2i_V_3  |    pointer   |
|cor_phaseClass2i_V_2    |  in |   16|   ap_none  |  cor_phaseClass2i_V_2  |    pointer   |
|cor_phaseClass2i_V_1    |  in |   16|   ap_none  |  cor_phaseClass2i_V_1  |    pointer   |
|cor_phaseClass2i_V_0    |  in |   16|   ap_none  |  cor_phaseClass2i_V_0  |    pointer   |
|cor_phaseClass1i_V_15   |  in |   16|   ap_none  |  cor_phaseClass1i_V_15 |    pointer   |
|cor_phaseClass1i_V_14   |  in |   16|   ap_none  |  cor_phaseClass1i_V_14 |    pointer   |
|cor_phaseClass1i_V_13   |  in |   16|   ap_none  |  cor_phaseClass1i_V_13 |    pointer   |
|cor_phaseClass1i_V_12   |  in |   16|   ap_none  |  cor_phaseClass1i_V_12 |    pointer   |
|cor_phaseClass1i_V_11   |  in |   16|   ap_none  |  cor_phaseClass1i_V_11 |    pointer   |
|cor_phaseClass1i_V_10   |  in |   16|   ap_none  |  cor_phaseClass1i_V_10 |    pointer   |
|cor_phaseClass1i_V_9    |  in |   16|   ap_none  |  cor_phaseClass1i_V_9  |    pointer   |
|cor_phaseClass1i_V_8    |  in |   16|   ap_none  |  cor_phaseClass1i_V_8  |    pointer   |
|cor_phaseClass1i_V_7    |  in |   16|   ap_none  |  cor_phaseClass1i_V_7  |    pointer   |
|cor_phaseClass1i_V_6    |  in |   16|   ap_none  |  cor_phaseClass1i_V_6  |    pointer   |
|cor_phaseClass1i_V_5    |  in |   16|   ap_none  |  cor_phaseClass1i_V_5  |    pointer   |
|cor_phaseClass1i_V_4    |  in |   16|   ap_none  |  cor_phaseClass1i_V_4  |    pointer   |
|cor_phaseClass1i_V_3    |  in |   16|   ap_none  |  cor_phaseClass1i_V_3  |    pointer   |
|cor_phaseClass1i_V_2    |  in |   16|   ap_none  |  cor_phaseClass1i_V_2  |    pointer   |
|cor_phaseClass1i_V_1    |  in |   16|   ap_none  |  cor_phaseClass1i_V_1  |    pointer   |
|cor_phaseClass1i_V_0    |  in |   16|   ap_none  |  cor_phaseClass1i_V_0  |    pointer   |
|cor_phaseClass0i_V_15   |  in |   16|   ap_none  |  cor_phaseClass0i_V_15 |    pointer   |
|cor_phaseClass0i_V_14   |  in |   16|   ap_none  |  cor_phaseClass0i_V_14 |    pointer   |
|cor_phaseClass0i_V_13   |  in |   16|   ap_none  |  cor_phaseClass0i_V_13 |    pointer   |
|cor_phaseClass0i_V_12   |  in |   16|   ap_none  |  cor_phaseClass0i_V_12 |    pointer   |
|cor_phaseClass0i_V_11   |  in |   16|   ap_none  |  cor_phaseClass0i_V_11 |    pointer   |
|cor_phaseClass0i_V_10   |  in |   16|   ap_none  |  cor_phaseClass0i_V_10 |    pointer   |
|cor_phaseClass0i_V_9    |  in |   16|   ap_none  |  cor_phaseClass0i_V_9  |    pointer   |
|cor_phaseClass0i_V_8    |  in |   16|   ap_none  |  cor_phaseClass0i_V_8  |    pointer   |
|cor_phaseClass0i_V_7    |  in |   16|   ap_none  |  cor_phaseClass0i_V_7  |    pointer   |
|cor_phaseClass0i_V_6    |  in |   16|   ap_none  |  cor_phaseClass0i_V_6  |    pointer   |
|cor_phaseClass0i_V_5    |  in |   16|   ap_none  |  cor_phaseClass0i_V_5  |    pointer   |
|cor_phaseClass0i_V_4    |  in |   16|   ap_none  |  cor_phaseClass0i_V_4  |    pointer   |
|cor_phaseClass0i_V_3    |  in |   16|   ap_none  |  cor_phaseClass0i_V_3  |    pointer   |
|cor_phaseClass0i_V_2    |  in |   16|   ap_none  |  cor_phaseClass0i_V_2  |    pointer   |
|cor_phaseClass0i_V_1    |  in |   16|   ap_none  |  cor_phaseClass0i_V_1  |    pointer   |
|cor_phaseClass0i_V_0    |  in |   16|   ap_none  |  cor_phaseClass0i_V_0  |    pointer   |
+------------------------+-----+-----+------------+------------------------+--------------+

