

================================================================
== Vivado HLS Report for 'correlatorPre'
================================================================
* Date:           Tue Apr 23 16:31:10 2019

* Version:        2017.4 (Build 2086221 on Fri Dec 15 21:13:33 MST 2017)
* Project:        CorrelatorPreamble
* Solution:       solution1
* Product family: kintex7
* Target device:  xc7k410tffg900-1


================================================================
== Performance Estimates
================================================================
+ Timing (ns): 
    * Summary: 
    +--------+-------+----------+------------+
    |  Clock | Target| Estimated| Uncertainty|
    +--------+-------+----------+------------+
    |ap_clk  |   5.00|      4.24|        0.62|
    +--------+-------+----------+------------+

+ Latency (clock cycles): 
    * Summary: 
    +-----+-----+-----+-----+---------+
    |  Latency  |  Interval | Pipeline|
    | min | max | min | max |   Type  |
    +-----+-----+-----+-----+---------+
    |    4|    8|    4|    8|   none  |
    +-----+-----+-----+-----+---------+

    + Detail: 
        * Instance: 
        N/A

        * Loop: 
        N/A



================================================================
== Utilization Estimates
================================================================
* Summary: 
+-----------------+---------+-------+--------+--------+
|       Name      | BRAM_18K| DSP48E|   FF   |   LUT  |
+-----------------+---------+-------+--------+--------+
|DSP              |        -|      -|       -|       -|
|Expression       |        -|      -|       0|    5600|
|FIFO             |        -|      -|       -|       -|
|Instance         |        -|      1|     171|      74|
|Memory           |        -|      -|       -|       -|
|Multiplexer      |        -|      -|       -|     141|
|Register         |        -|      -|    1565|       -|
+-----------------+---------+-------+--------+--------+
|Total            |        0|      1|    1736|    5815|
+-----------------+---------+-------+--------+--------+
|Available        |     1590|   1540|  508400|  254200|
+-----------------+---------+-------+--------+--------+
|Utilization (%)  |        0|   ~0  |   ~0   |       2|
+-----------------+---------+-------+--------+--------+

+ Detail: 
    * Instance: 
    +---------------------------+----------------------+---------+-------+-----+----+
    |          Instance         |        Module        | BRAM_18K| DSP48E|  FF | LUT|
    +---------------------------+----------------------+---------+-------+-----+----+
    |correlateTopPreambkb_U260  |correlateTopPreambkb  |        0|      1|  171|  74|
    +---------------------------+----------------------+---------+-------+-----+----+
    |Total                      |                      |        0|      1|  171|  74|
    +---------------------------+----------------------+---------+-------+-----+----+

    * DSP48: 
    N/A

    * Memory: 
    N/A

    * FIFO: 
    N/A

    * Expression: 
    +-------------------------+----------+-------+---+----+------------+------------+
    |      Variable Name      | Operation| DSP48E| FF| LUT| Bitwidth P0| Bitwidth P1|
    +-------------------------+----------+-------+---+----+------------+------------+
    |p_Val2_109_1_fu_3598_p2  |     +    |      0|  0|  20|          20|          20|
    |p_Val2_109_2_fu_4210_p2  |     +    |      0|  0|  20|          20|          20|
    |p_Val2_109_7_fu_2041_p2  |     +    |      0|  0|  20|          19|          19|
    |p_Val2_109_9_fu_2877_p2  |     +    |      0|  0|  20|          20|          20|
    |p_Val2_119_1_fu_3553_p2  |     +    |      0|  0|  20|          20|          20|
    |p_Val2_119_2_fu_4183_p2  |     +    |      0|  0|  20|          20|          20|
    |p_Val2_119_7_fu_1983_p2  |     +    |      0|  0|  20|          19|          19|
    |p_Val2_119_9_fu_2832_p2  |     +    |      0|  0|  20|          20|          20|
    |p_Val2_129_1_fu_3508_p2  |     +    |      0|  0|  20|          20|          20|
    |p_Val2_129_2_fu_4156_p2  |     +    |      0|  0|  20|          20|          20|
    |p_Val2_129_7_fu_1925_p2  |     +    |      0|  0|  20|          19|          19|
    |p_Val2_129_9_fu_2787_p2  |     +    |      0|  0|  20|          20|          20|
    |p_Val2_139_1_fu_3463_p2  |     +    |      0|  0|  20|          20|          20|
    |p_Val2_139_2_fu_4129_p2  |     +    |      0|  0|  20|          20|          20|
    |p_Val2_139_7_fu_1867_p2  |     +    |      0|  0|  20|          19|          19|
    |p_Val2_139_9_fu_2742_p2  |     +    |      0|  0|  20|          20|          20|
    |p_Val2_149_1_fu_3418_p2  |     +    |      0|  0|  20|          20|          20|
    |p_Val2_149_2_fu_4102_p2  |     +    |      0|  0|  20|          20|          20|
    |p_Val2_149_7_fu_1809_p2  |     +    |      0|  0|  20|          19|          19|
    |p_Val2_149_9_fu_2697_p2  |     +    |      0|  0|  20|          20|          20|
    |p_Val2_159_1_fu_3373_p2  |     +    |      0|  0|  20|          20|          20|
    |p_Val2_159_2_fu_4075_p2  |     +    |      0|  0|  20|          20|          20|
    |p_Val2_159_7_fu_1751_p2  |     +    |      0|  0|  20|          19|          19|
    |p_Val2_159_9_fu_2652_p2  |     +    |      0|  0|  20|          20|          20|
    |p_Val2_19_1_fu_4003_p2   |     +    |      0|  0|  20|          20|          20|
    |p_Val2_19_2_fu_4453_p2   |     +    |      0|  0|  20|          20|          20|
    |p_Val2_19_7_fu_2563_p2   |     +    |      0|  0|  20|          19|          19|
    |p_Val2_19_9_fu_3282_p2   |     +    |      0|  0|  20|          20|          20|
    |p_Val2_29_1_fu_3958_p2   |     +    |      0|  0|  20|          20|          20|
    |p_Val2_29_2_fu_4426_p2   |     +    |      0|  0|  20|          20|          20|
    |p_Val2_29_7_fu_2505_p2   |     +    |      0|  0|  20|          19|          19|
    |p_Val2_29_9_fu_3237_p2   |     +    |      0|  0|  20|          20|          20|
    |p_Val2_39_1_fu_3913_p2   |     +    |      0|  0|  20|          20|          20|
    |p_Val2_39_2_fu_4399_p2   |     +    |      0|  0|  20|          20|          20|
    |p_Val2_39_7_fu_2447_p2   |     +    |      0|  0|  20|          19|          19|
    |p_Val2_39_9_fu_3192_p2   |     +    |      0|  0|  20|          20|          20|
    |p_Val2_49_1_fu_3868_p2   |     +    |      0|  0|  20|          20|          20|
    |p_Val2_49_2_fu_4372_p2   |     +    |      0|  0|  20|          20|          20|
    |p_Val2_49_7_fu_2389_p2   |     +    |      0|  0|  20|          19|          19|
    |p_Val2_49_9_fu_3147_p2   |     +    |      0|  0|  20|          20|          20|
    |p_Val2_59_1_fu_3823_p2   |     +    |      0|  0|  20|          20|          20|
    |p_Val2_59_2_fu_4345_p2   |     +    |      0|  0|  20|          20|          20|
    |p_Val2_59_7_fu_2331_p2   |     +    |      0|  0|  20|          19|          19|
    |p_Val2_59_9_fu_3102_p2   |     +    |      0|  0|  20|          20|          20|
    |p_Val2_69_1_fu_3778_p2   |     +    |      0|  0|  20|          20|          20|
    |p_Val2_69_2_fu_4318_p2   |     +    |      0|  0|  20|          20|          20|
    |p_Val2_69_7_fu_2273_p2   |     +    |      0|  0|  20|          19|          19|
    |p_Val2_69_9_fu_3057_p2   |     +    |      0|  0|  20|          20|          20|
    |p_Val2_79_1_fu_3733_p2   |     +    |      0|  0|  20|          20|          20|
    |p_Val2_79_2_fu_4291_p2   |     +    |      0|  0|  20|          20|          20|
    |p_Val2_79_7_fu_2215_p2   |     +    |      0|  0|  20|          19|          19|
    |p_Val2_79_9_fu_3012_p2   |     +    |      0|  0|  20|          20|          20|
    |p_Val2_7_1_fu_4048_p2    |     +    |      0|  0|  20|          20|          20|
    |p_Val2_7_2_fu_4480_p2    |     +    |      0|  0|  20|          20|          20|
    |p_Val2_7_7_fu_2621_p2    |     +    |      0|  0|  20|          19|          19|
    |p_Val2_7_9_fu_3327_p2    |     +    |      0|  0|  20|          20|          20|
    |p_Val2_89_1_fu_3688_p2   |     +    |      0|  0|  20|          20|          20|
    |p_Val2_89_2_fu_4264_p2   |     +    |      0|  0|  20|          20|          20|
    |p_Val2_89_7_fu_2157_p2   |     +    |      0|  0|  20|          19|          19|
    |p_Val2_89_9_fu_2967_p2   |     +    |      0|  0|  20|          20|          20|
    |p_Val2_99_1_fu_3643_p2   |     +    |      0|  0|  20|          20|          20|
    |p_Val2_99_2_fu_4237_p2   |     +    |      0|  0|  20|          20|          20|
    |p_Val2_99_7_fu_2099_p2   |     +    |      0|  0|  20|          19|          19|
    |p_Val2_99_9_fu_2922_p2   |     +    |      0|  0|  20|          20|          20|
    |tmp10_fu_809_p2          |     +    |      0|  0|  24|          17|          17|
    |tmp11_fu_3453_p2         |     +    |      0|  0|  24|          17|          17|
    |tmp12_fu_1906_p2         |     +    |      0|  0|  20|          19|          19|
    |tmp13_fu_1915_p2         |     +    |      0|  0|  25|          18|          18|
    |tmp14_fu_877_p2          |     +    |      0|  0|  24|          17|          17|
    |tmp15_fu_3498_p2         |     +    |      0|  0|  24|          17|          17|
    |tmp16_fu_1964_p2         |     +    |      0|  0|  20|          19|          19|
    |tmp17_fu_1973_p2         |     +    |      0|  0|  25|          18|          18|
    |tmp18_fu_945_p2          |     +    |      0|  0|  24|          17|          17|
    |tmp19_fu_3543_p2         |     +    |      0|  0|  24|          17|          17|
    |tmp1_fu_1741_p2          |     +    |      0|  0|  25|          18|          18|
    |tmp20_fu_2022_p2         |     +    |      0|  0|  20|          19|          19|
    |tmp21_fu_2031_p2         |     +    |      0|  0|  25|          18|          18|
    |tmp22_fu_1013_p2         |     +    |      0|  0|  24|          17|          17|
    |tmp23_fu_3588_p2         |     +    |      0|  0|  24|          17|          17|
    |tmp24_fu_2080_p2         |     +    |      0|  0|  20|          19|          19|
    |tmp25_fu_2089_p2         |     +    |      0|  0|  25|          18|          18|
    |tmp26_fu_1081_p2         |     +    |      0|  0|  24|          17|          17|
    |tmp27_fu_3633_p2         |     +    |      0|  0|  24|          17|          17|
    |tmp28_fu_2138_p2         |     +    |      0|  0|  20|          19|          19|
    |tmp29_fu_2147_p2         |     +    |      0|  0|  25|          18|          18|
    |tmp2_fu_673_p2           |     +    |      0|  0|  24|          17|          17|
    |tmp30_fu_1149_p2         |     +    |      0|  0|  24|          17|          17|
    |tmp31_fu_3678_p2         |     +    |      0|  0|  24|          17|          17|
    |tmp32_fu_2196_p2         |     +    |      0|  0|  20|          19|          19|
    |tmp33_fu_2205_p2         |     +    |      0|  0|  25|          18|          18|
    |tmp34_fu_1217_p2         |     +    |      0|  0|  24|          17|          17|
    |tmp35_fu_3723_p2         |     +    |      0|  0|  24|          17|          17|
    |tmp36_fu_2254_p2         |     +    |      0|  0|  20|          19|          19|
    |tmp37_fu_2263_p2         |     +    |      0|  0|  25|          18|          18|
    |tmp38_fu_1285_p2         |     +    |      0|  0|  24|          17|          17|
    |tmp39_fu_3768_p2         |     +    |      0|  0|  24|          17|          17|
    |tmp3_fu_3363_p2          |     +    |      0|  0|  24|          17|          17|
    |tmp40_fu_2312_p2         |     +    |      0|  0|  20|          19|          19|
    |tmp41_fu_2321_p2         |     +    |      0|  0|  25|          18|          18|
    |tmp42_fu_1353_p2         |     +    |      0|  0|  24|          17|          17|
    |tmp43_fu_3813_p2         |     +    |      0|  0|  24|          17|          17|
    |tmp44_fu_2370_p2         |     +    |      0|  0|  20|          19|          19|
    |tmp45_fu_2379_p2         |     +    |      0|  0|  25|          18|          18|
    |tmp46_fu_1421_p2         |     +    |      0|  0|  24|          17|          17|
    |tmp47_fu_3858_p2         |     +    |      0|  0|  24|          17|          17|
    |tmp48_fu_2428_p2         |     +    |      0|  0|  20|          19|          19|
    |tmp49_fu_2437_p2         |     +    |      0|  0|  25|          18|          18|
    |tmp4_fu_1790_p2          |     +    |      0|  0|  20|          19|          19|
    |tmp50_fu_1489_p2         |     +    |      0|  0|  24|          17|          17|
    |tmp51_fu_3903_p2         |     +    |      0|  0|  24|          17|          17|
    |tmp52_fu_2486_p2         |     +    |      0|  0|  20|          19|          19|
    |tmp53_fu_2495_p2         |     +    |      0|  0|  25|          18|          18|
    |tmp54_fu_1557_p2         |     +    |      0|  0|  24|          17|          17|
    |tmp55_fu_3948_p2         |     +    |      0|  0|  24|          17|          17|
    |tmp56_fu_2544_p2         |     +    |      0|  0|  20|          19|          19|
    |tmp57_fu_2553_p2         |     +    |      0|  0|  25|          18|          18|
    |tmp58_fu_1625_p2         |     +    |      0|  0|  24|          17|          17|
    |tmp59_fu_3993_p2         |     +    |      0|  0|  24|          17|          17|
    |tmp5_fu_1799_p2          |     +    |      0|  0|  25|          18|          18|
    |tmp60_fu_2602_p2         |     +    |      0|  0|  20|          19|          19|
    |tmp61_fu_2611_p2         |     +    |      0|  0|  25|          18|          18|
    |tmp62_fu_1693_p2         |     +    |      0|  0|  24|          17|          17|
    |tmp63_fu_4038_p2         |     +    |      0|  0|  24|          17|          17|
    |tmp6_fu_741_p2           |     +    |      0|  0|  24|          17|          17|
    |tmp7_fu_3408_p2          |     +    |      0|  0|  24|          17|          17|
    |tmp8_fu_1848_p2          |     +    |      0|  0|  20|          19|          19|
    |tmp9_fu_1857_p2          |     +    |      0|  0|  25|          18|          18|
    |tmp_fu_1732_p2           |     +    |      0|  0|  20|          19|          19|
    |p_Val2_104_1_fu_977_p2   |     -    |      0|  0|  20|          18|          18|
    |p_Val2_104_2_fu_991_p2   |     -    |      0|  0|  20|          18|          18|
    |p_Val2_104_3_fu_2000_p2  |     -    |      0|  0|  26|          19|          19|
    |p_Val2_104_4_fu_3611_p2  |     -    |      0|  0|  20|          20|          20|
    |p_Val2_104_5_fu_4223_p2  |     -    |      0|  0|  20|          20|          20|
    |p_Val2_104_8_fu_2863_p2  |     -    |      0|  0|  27|          20|          20|
    |p_Val2_104_s_fu_2891_p2  |     -    |      0|  0|  20|          20|          20|
    |p_Val2_10_fu_959_p2      |     -    |      0|  0|  24|           1|          17|
    |p_Val2_114_1_fu_909_p2   |     -    |      0|  0|  20|          18|          18|
    |p_Val2_114_2_fu_923_p2   |     -    |      0|  0|  20|          18|          18|
    |p_Val2_114_3_fu_1942_p2  |     -    |      0|  0|  26|          19|          19|
    |p_Val2_114_4_fu_3566_p2  |     -    |      0|  0|  20|          20|          20|
    |p_Val2_114_5_fu_4196_p2  |     -    |      0|  0|  20|          20|          20|
    |p_Val2_114_8_fu_2818_p2  |     -    |      0|  0|  27|          20|          20|
    |p_Val2_114_s_fu_2846_p2  |     -    |      0|  0|  20|          20|          20|
    |p_Val2_11_fu_891_p2      |     -    |      0|  0|  24|           1|          17|
    |p_Val2_124_1_fu_841_p2   |     -    |      0|  0|  20|          18|          18|
    |p_Val2_124_2_fu_855_p2   |     -    |      0|  0|  20|          18|          18|
    |p_Val2_124_3_fu_1884_p2  |     -    |      0|  0|  26|          19|          19|
    |p_Val2_124_4_fu_3521_p2  |     -    |      0|  0|  20|          20|          20|
    |p_Val2_124_5_fu_4169_p2  |     -    |      0|  0|  20|          20|          20|
    |p_Val2_124_8_fu_2773_p2  |     -    |      0|  0|  27|          20|          20|
    |p_Val2_124_s_fu_2801_p2  |     -    |      0|  0|  20|          20|          20|
    |p_Val2_12_fu_823_p2      |     -    |      0|  0|  24|           1|          17|
    |p_Val2_134_1_fu_773_p2   |     -    |      0|  0|  20|          18|          18|
    |p_Val2_134_2_fu_787_p2   |     -    |      0|  0|  20|          18|          18|
    |p_Val2_134_3_fu_1826_p2  |     -    |      0|  0|  26|          19|          19|
    |p_Val2_134_4_fu_3476_p2  |     -    |      0|  0|  20|          20|          20|
    |p_Val2_134_5_fu_4142_p2  |     -    |      0|  0|  20|          20|          20|
    |p_Val2_134_8_fu_2728_p2  |     -    |      0|  0|  27|          20|          20|
    |p_Val2_134_s_fu_2756_p2  |     -    |      0|  0|  20|          20|          20|
    |p_Val2_13_fu_755_p2      |     -    |      0|  0|  24|           1|          17|
    |p_Val2_144_1_fu_705_p2   |     -    |      0|  0|  20|          18|          18|
    |p_Val2_144_2_fu_719_p2   |     -    |      0|  0|  20|          18|          18|
    |p_Val2_144_3_fu_1768_p2  |     -    |      0|  0|  26|          19|          19|
    |p_Val2_144_4_fu_3431_p2  |     -    |      0|  0|  20|          20|          20|
    |p_Val2_144_5_fu_4115_p2  |     -    |      0|  0|  20|          20|          20|
    |p_Val2_144_8_fu_2683_p2  |     -    |      0|  0|  27|          20|          20|
    |p_Val2_144_s_fu_2711_p2  |     -    |      0|  0|  20|          20|          20|
    |p_Val2_14_1_fu_1589_p2   |     -    |      0|  0|  20|          18|          18|
    |p_Val2_14_2_fu_1603_p2   |     -    |      0|  0|  20|          18|          18|
    |p_Val2_14_3_fu_2522_p2   |     -    |      0|  0|  26|          19|          19|
    |p_Val2_14_4_fu_4016_p2   |     -    |      0|  0|  20|          20|          20|
    |p_Val2_14_5_fu_4466_p2   |     -    |      0|  0|  20|          20|          20|
    |p_Val2_14_8_fu_3268_p2   |     -    |      0|  0|  27|          20|          20|
    |p_Val2_14_fu_687_p2      |     -    |      0|  0|  24|           1|          17|
    |p_Val2_14_s_fu_3296_p2   |     -    |      0|  0|  20|          20|          20|
    |p_Val2_154_1_fu_637_p2   |     -    |      0|  0|  20|          18|          18|
    |p_Val2_154_2_fu_651_p2   |     -    |      0|  0|  20|          18|          18|
    |p_Val2_154_3_fu_1710_p2  |     -    |      0|  0|  26|          19|          19|
    |p_Val2_154_4_fu_3386_p2  |     -    |      0|  0|  20|          20|          20|
    |p_Val2_154_5_fu_4088_p2  |     -    |      0|  0|  20|          20|          20|
    |p_Val2_154_8_fu_2638_p2  |     -    |      0|  0|  27|          20|          20|
    |p_Val2_154_s_fu_2666_p2  |     -    |      0|  0|  20|          20|          20|
    |p_Val2_15_fu_619_p2      |     -    |      0|  0|  24|           1|          17|
    |p_Val2_1_fu_1503_p2      |     -    |      0|  0|  24|           1|          17|
    |p_Val2_24_1_fu_1521_p2   |     -    |      0|  0|  20|          18|          18|
    |p_Val2_24_2_fu_1535_p2   |     -    |      0|  0|  20|          18|          18|
    |p_Val2_24_3_fu_2464_p2   |     -    |      0|  0|  26|          19|          19|
    |p_Val2_24_4_fu_3971_p2   |     -    |      0|  0|  20|          20|          20|
    |p_Val2_24_5_fu_4439_p2   |     -    |      0|  0|  20|          20|          20|
    |p_Val2_24_8_fu_3223_p2   |     -    |      0|  0|  27|          20|          20|
    |p_Val2_24_s_fu_3251_p2   |     -    |      0|  0|  20|          20|          20|
    |p_Val2_2_1_fu_1657_p2    |     -    |      0|  0|  20|          18|          18|
    |p_Val2_2_2_fu_1671_p2    |     -    |      0|  0|  20|          18|          18|
    |p_Val2_2_3_fu_2580_p2    |     -    |      0|  0|  26|          19|          19|
    |p_Val2_2_4_fu_4061_p2    |     -    |      0|  0|  20|          20|          20|
    |p_Val2_2_5_fu_4493_p2    |     -    |      0|  0|  20|          20|          20|
    |p_Val2_2_8_fu_3313_p2    |     -    |      0|  0|  27|          20|          20|
    |p_Val2_2_fu_1639_p2      |     -    |      0|  0|  24|           1|          17|
    |p_Val2_2_s_fu_3341_p2    |     -    |      0|  0|  20|          20|          20|
    |p_Val2_34_1_fu_1453_p2   |     -    |      0|  0|  20|          18|          18|
    |p_Val2_34_2_fu_1467_p2   |     -    |      0|  0|  20|          18|          18|
    |p_Val2_34_3_fu_2406_p2   |     -    |      0|  0|  26|          19|          19|
    |p_Val2_34_4_fu_3926_p2   |     -    |      0|  0|  20|          20|          20|
    |p_Val2_34_5_fu_4412_p2   |     -    |      0|  0|  20|          20|          20|
    |p_Val2_34_8_fu_3178_p2   |     -    |      0|  0|  27|          20|          20|
    |p_Val2_34_s_fu_3206_p2   |     -    |      0|  0|  20|          20|          20|
    |p_Val2_3_fu_1435_p2      |     -    |      0|  0|  24|           1|          17|
    |p_Val2_44_1_fu_1385_p2   |     -    |      0|  0|  20|          18|          18|
    |p_Val2_44_2_fu_1399_p2   |     -    |      0|  0|  20|          18|          18|
    |p_Val2_44_3_fu_2348_p2   |     -    |      0|  0|  26|          19|          19|
    |p_Val2_44_4_fu_3881_p2   |     -    |      0|  0|  20|          20|          20|
    |p_Val2_44_5_fu_4385_p2   |     -    |      0|  0|  20|          20|          20|
    |p_Val2_44_8_fu_3133_p2   |     -    |      0|  0|  27|          20|          20|
    |p_Val2_44_s_fu_3161_p2   |     -    |      0|  0|  20|          20|          20|
    |p_Val2_4_fu_1367_p2      |     -    |      0|  0|  24|           1|          17|
    |p_Val2_54_1_fu_1317_p2   |     -    |      0|  0|  20|          18|          18|
    |p_Val2_54_2_fu_1331_p2   |     -    |      0|  0|  20|          18|          18|
    |p_Val2_54_3_fu_2290_p2   |     -    |      0|  0|  26|          19|          19|
    |p_Val2_54_4_fu_3836_p2   |     -    |      0|  0|  20|          20|          20|
    |p_Val2_54_5_fu_4358_p2   |     -    |      0|  0|  20|          20|          20|
    |p_Val2_54_8_fu_3088_p2   |     -    |      0|  0|  27|          20|          20|
    |p_Val2_54_s_fu_3116_p2   |     -    |      0|  0|  20|          20|          20|
    |p_Val2_5_fu_1299_p2      |     -    |      0|  0|  24|           1|          17|
    |p_Val2_64_1_fu_1249_p2   |     -    |      0|  0|  20|          18|          18|
    |p_Val2_64_2_fu_1263_p2   |     -    |      0|  0|  20|          18|          18|
    |p_Val2_64_3_fu_2232_p2   |     -    |      0|  0|  26|          19|          19|
    |p_Val2_64_4_fu_3791_p2   |     -    |      0|  0|  20|          20|          20|
    |p_Val2_64_5_fu_4331_p2   |     -    |      0|  0|  20|          20|          20|
    |p_Val2_64_8_fu_3043_p2   |     -    |      0|  0|  27|          20|          20|
    |p_Val2_64_s_fu_3071_p2   |     -    |      0|  0|  20|          20|          20|
    |p_Val2_6_fu_1231_p2      |     -    |      0|  0|  24|           1|          17|
    |p_Val2_74_1_fu_1181_p2   |     -    |      0|  0|  20|          18|          18|
    |p_Val2_74_2_fu_1195_p2   |     -    |      0|  0|  20|          18|          18|
    |p_Val2_74_3_fu_2174_p2   |     -    |      0|  0|  26|          19|          19|
    |p_Val2_74_4_fu_3746_p2   |     -    |      0|  0|  20|          20|          20|
    |p_Val2_74_5_fu_4304_p2   |     -    |      0|  0|  20|          20|          20|
    |p_Val2_74_8_fu_2998_p2   |     -    |      0|  0|  27|          20|          20|
    |p_Val2_74_s_fu_3026_p2   |     -    |      0|  0|  20|          20|          20|
    |p_Val2_7_fu_1163_p2      |     -    |      0|  0|  24|           1|          17|
    |p_Val2_84_1_fu_1113_p2   |     -    |      0|  0|  20|          18|          18|
    |p_Val2_84_2_fu_1127_p2   |     -    |      0|  0|  20|          18|          18|
    |p_Val2_84_3_fu_2116_p2   |     -    |      0|  0|  26|          19|          19|
    |p_Val2_84_4_fu_3701_p2   |     -    |      0|  0|  20|          20|          20|
    |p_Val2_84_5_fu_4277_p2   |     -    |      0|  0|  20|          20|          20|
    |p_Val2_84_8_fu_2953_p2   |     -    |      0|  0|  27|          20|          20|
    |p_Val2_84_s_fu_2981_p2   |     -    |      0|  0|  20|          20|          20|
    |p_Val2_8_fu_1095_p2      |     -    |      0|  0|  24|           1|          17|
    |p_Val2_94_1_fu_1045_p2   |     -    |      0|  0|  20|          18|          18|
    |p_Val2_94_2_fu_1059_p2   |     -    |      0|  0|  20|          18|          18|
    |p_Val2_94_3_fu_2058_p2   |     -    |      0|  0|  26|          19|          19|
    |p_Val2_94_4_fu_3656_p2   |     -    |      0|  0|  20|          20|          20|
    |p_Val2_94_5_fu_4250_p2   |     -    |      0|  0|  20|          20|          20|
    |p_Val2_94_8_fu_2908_p2   |     -    |      0|  0|  27|          20|          20|
    |p_Val2_94_s_fu_2936_p2   |     -    |      0|  0|  20|          20|          20|
    |p_Val2_9_fu_1027_p2      |     -    |      0|  0|  24|           1|          17|
    |p_Val2_s_fu_1571_p2      |     -    |      0|  0|  24|           1|          17|
    +-------------------------+----------+-------+---+----+------------+------------+
    |Total                    |          |      0|  0|5600|        4576|        4832|
    +-------------------------+----------+-------+---+----+------------+------------+

    * Multiplexer: 
    +---------------+----+-----------+-----+-----------+
    |      Name     | LUT| Input Size| Bits| Total Bits|
    +---------------+----+-----------+-----+-----------+
    |ap_NS_fsm      |  47|         10|    1|         10|
    |ap_return      |   9|          2|   32|         64|
    |tmp_s_reg_570  |  85|         17|   20|        340|
    +---------------+----+-----------+-----+-----------+
    |Total          | 141|         29|   53|        414|
    +---------------+----+-----------+-----+-----------+

    * Register: 
    +-----------------------+----+----+-----+-----------+
    |          Name         | FF | LUT| Bits| Const Bits|
    +-----------------------+----+----+-----+-----------+
    |ap_CS_fsm              |   9|   0|    9|          0|
    |ap_return_preg         |  32|   0|   32|          0|
    |p_Val2_104_2_reg_4577  |  18|   0|   18|          0|
    |p_Val2_104_4_reg_4872  |  20|   0|   20|          0|
    |p_Val2_104_s_reg_4792  |  20|   0|   20|          0|
    |p_Val2_109_7_reg_4712  |  19|   0|   19|          0|
    |p_Val2_114_2_reg_4567  |  18|   0|   18|          0|
    |p_Val2_114_4_reg_4867  |  20|   0|   20|          0|
    |p_Val2_114_s_reg_4787  |  20|   0|   20|          0|
    |p_Val2_119_7_reg_4707  |  19|   0|   19|          0|
    |p_Val2_124_2_reg_4557  |  18|   0|   18|          0|
    |p_Val2_124_4_reg_4862  |  20|   0|   20|          0|
    |p_Val2_124_s_reg_4782  |  20|   0|   20|          0|
    |p_Val2_129_7_reg_4702  |  19|   0|   19|          0|
    |p_Val2_134_2_reg_4547  |  18|   0|   18|          0|
    |p_Val2_134_4_reg_4857  |  20|   0|   20|          0|
    |p_Val2_134_s_reg_4777  |  20|   0|   20|          0|
    |p_Val2_139_7_reg_4697  |  19|   0|   19|          0|
    |p_Val2_144_2_reg_4537  |  18|   0|   18|          0|
    |p_Val2_144_4_reg_4852  |  20|   0|   20|          0|
    |p_Val2_144_s_reg_4772  |  20|   0|   20|          0|
    |p_Val2_149_7_reg_4692  |  19|   0|   19|          0|
    |p_Val2_14_2_reg_4667   |  18|   0|   18|          0|
    |p_Val2_14_4_reg_4917   |  20|   0|   20|          0|
    |p_Val2_14_s_reg_4837   |  20|   0|   20|          0|
    |p_Val2_154_2_reg_4527  |  18|   0|   18|          0|
    |p_Val2_154_4_reg_4847  |  20|   0|   20|          0|
    |p_Val2_154_s_reg_4767  |  20|   0|   20|          0|
    |p_Val2_159_7_reg_4687  |  19|   0|   19|          0|
    |p_Val2_19_7_reg_4757   |  19|   0|   19|          0|
    |p_Val2_24_2_reg_4657   |  18|   0|   18|          0|
    |p_Val2_24_4_reg_4912   |  20|   0|   20|          0|
    |p_Val2_24_s_reg_4832   |  20|   0|   20|          0|
    |p_Val2_29_7_reg_4752   |  19|   0|   19|          0|
    |p_Val2_2_2_reg_4677    |  18|   0|   18|          0|
    |p_Val2_2_4_reg_4922    |  20|   0|   20|          0|
    |p_Val2_2_s_reg_4842    |  20|   0|   20|          0|
    |p_Val2_34_2_reg_4647   |  18|   0|   18|          0|
    |p_Val2_34_4_reg_4907   |  20|   0|   20|          0|
    |p_Val2_34_s_reg_4827   |  20|   0|   20|          0|
    |p_Val2_39_7_reg_4747   |  19|   0|   19|          0|
    |p_Val2_44_2_reg_4637   |  18|   0|   18|          0|
    |p_Val2_44_4_reg_4902   |  20|   0|   20|          0|
    |p_Val2_44_s_reg_4822   |  20|   0|   20|          0|
    |p_Val2_49_7_reg_4742   |  19|   0|   19|          0|
    |p_Val2_54_2_reg_4627   |  18|   0|   18|          0|
    |p_Val2_54_4_reg_4897   |  20|   0|   20|          0|
    |p_Val2_54_s_reg_4817   |  20|   0|   20|          0|
    |p_Val2_59_7_reg_4737   |  19|   0|   19|          0|
    |p_Val2_64_2_reg_4617   |  18|   0|   18|          0|
    |p_Val2_64_4_reg_4892   |  20|   0|   20|          0|
    |p_Val2_64_s_reg_4812   |  20|   0|   20|          0|
    |p_Val2_69_7_reg_4732   |  19|   0|   19|          0|
    |p_Val2_74_2_reg_4607   |  18|   0|   18|          0|
    |p_Val2_74_4_reg_4887   |  20|   0|   20|          0|
    |p_Val2_74_s_reg_4807   |  20|   0|   20|          0|
    |p_Val2_79_7_reg_4727   |  19|   0|   19|          0|
    |p_Val2_7_7_reg_4762    |  19|   0|   19|          0|
    |p_Val2_84_2_reg_4597   |  18|   0|   18|          0|
    |p_Val2_84_4_reg_4882   |  20|   0|   20|          0|
    |p_Val2_84_s_reg_4802   |  20|   0|   20|          0|
    |p_Val2_89_7_reg_4722   |  19|   0|   19|          0|
    |p_Val2_94_2_reg_4587   |  18|   0|   18|          0|
    |p_Val2_94_4_reg_4877   |  20|   0|   20|          0|
    |p_Val2_94_s_reg_4797   |  20|   0|   20|          0|
    |p_Val2_99_7_reg_4717   |  19|   0|   19|          0|
    |tmp10_reg_4552         |  17|   0|   17|          0|
    |tmp14_reg_4562         |  17|   0|   17|          0|
    |tmp18_reg_4572         |  17|   0|   17|          0|
    |tmp22_reg_4582         |  17|   0|   17|          0|
    |tmp26_reg_4592         |  17|   0|   17|          0|
    |tmp2_reg_4532          |  17|   0|   17|          0|
    |tmp30_reg_4602         |  17|   0|   17|          0|
    |tmp34_reg_4612         |  17|   0|   17|          0|
    |tmp38_reg_4622         |  17|   0|   17|          0|
    |tmp42_reg_4632         |  17|   0|   17|          0|
    |tmp46_reg_4642         |  17|   0|   17|          0|
    |tmp50_reg_4652         |  17|   0|   17|          0|
    |tmp54_reg_4662         |  17|   0|   17|          0|
    |tmp58_reg_4672         |  17|   0|   17|          0|
    |tmp62_reg_4682         |  17|   0|   17|          0|
    |tmp6_reg_4542          |  17|   0|   17|          0|
    |tmp_s_reg_570          |  20|   0|   20|          0|
    +-----------------------+----+----+-----+-----------+
    |Total                  |1565|   0| 1565|          0|
    +-----------------------+----+----+-----+-----------+



================================================================
== Interface
================================================================
* Summary: 
+------------------------+-----+-----+------------+------------------------+--------------+
|        RTL Ports       | Dir | Bits|  Protocol  |      Source Object     |    C Type    |
+------------------------+-----+-----+------------+------------------------+--------------+
|ap_clk                  |  in |    1| ap_ctrl_hs |      correlatorPre     | return value |
|ap_rst                  |  in |    1| ap_ctrl_hs |      correlatorPre     | return value |
|ap_start                |  in |    1| ap_ctrl_hs |      correlatorPre     | return value |
|ap_done                 | out |    1| ap_ctrl_hs |      correlatorPre     | return value |
|ap_idle                 | out |    1| ap_ctrl_hs |      correlatorPre     | return value |
|ap_ready                | out |    1| ap_ctrl_hs |      correlatorPre     | return value |
|ap_return               | out |   32| ap_ctrl_hs |      correlatorPre     | return value |
|phaseClass_V            |  in |    4|   ap_none  |      phaseClass_V      |    scalar    |
|cor_phaseClass15i_V_15  |  in |   16|   ap_none  | cor_phaseClass15i_V_15 |    pointer   |
|cor_phaseClass15i_V_14  |  in |   16|   ap_none  | cor_phaseClass15i_V_14 |    pointer   |
|cor_phaseClass15i_V_13  |  in |   16|   ap_none  | cor_phaseClass15i_V_13 |    pointer   |
|cor_phaseClass15i_V_12  |  in |   16|   ap_none  | cor_phaseClass15i_V_12 |    pointer   |
|cor_phaseClass15i_V_11  |  in |   16|   ap_none  | cor_phaseClass15i_V_11 |    pointer   |
|cor_phaseClass15i_V_10  |  in |   16|   ap_none  | cor_phaseClass15i_V_10 |    pointer   |
|cor_phaseClass15i_V_9   |  in |   16|   ap_none  |  cor_phaseClass15i_V_9 |    pointer   |
|cor_phaseClass15i_V_8   |  in |   16|   ap_none  |  cor_phaseClass15i_V_8 |    pointer   |
|cor_phaseClass15i_V_7   |  in |   16|   ap_none  |  cor_phaseClass15i_V_7 |    pointer   |
|cor_phaseClass15i_V_6   |  in |   16|   ap_none  |  cor_phaseClass15i_V_6 |    pointer   |
|cor_phaseClass15i_V_5   |  in |   16|   ap_none  |  cor_phaseClass15i_V_5 |    pointer   |
|cor_phaseClass15i_V_4   |  in |   16|   ap_none  |  cor_phaseClass15i_V_4 |    pointer   |
|cor_phaseClass15i_V_3   |  in |   16|   ap_none  |  cor_phaseClass15i_V_3 |    pointer   |
|cor_phaseClass15i_V_2   |  in |   16|   ap_none  |  cor_phaseClass15i_V_2 |    pointer   |
|cor_phaseClass15i_V_1   |  in |   16|   ap_none  |  cor_phaseClass15i_V_1 |    pointer   |
|cor_phaseClass15i_V_s   |  in |   16|   ap_none  |  cor_phaseClass15i_V_s |    pointer   |
|cor_phaseClass14i_V_15  |  in |   16|   ap_none  | cor_phaseClass14i_V_15 |    pointer   |
|cor_phaseClass14i_V_14  |  in |   16|   ap_none  | cor_phaseClass14i_V_14 |    pointer   |
|cor_phaseClass14i_V_13  |  in |   16|   ap_none  | cor_phaseClass14i_V_13 |    pointer   |
|cor_phaseClass14i_V_12  |  in |   16|   ap_none  | cor_phaseClass14i_V_12 |    pointer   |
|cor_phaseClass14i_V_11  |  in |   16|   ap_none  | cor_phaseClass14i_V_11 |    pointer   |
|cor_phaseClass14i_V_10  |  in |   16|   ap_none  | cor_phaseClass14i_V_10 |    pointer   |
|cor_phaseClass14i_V_9   |  in |   16|   ap_none  |  cor_phaseClass14i_V_9 |    pointer   |
|cor_phaseClass14i_V_8   |  in |   16|   ap_none  |  cor_phaseClass14i_V_8 |    pointer   |
|cor_phaseClass14i_V_7   |  in |   16|   ap_none  |  cor_phaseClass14i_V_7 |    pointer   |
|cor_phaseClass14i_V_6   |  in |   16|   ap_none  |  cor_phaseClass14i_V_6 |    pointer   |
|cor_phaseClass14i_V_5   |  in |   16|   ap_none  |  cor_phaseClass14i_V_5 |    pointer   |
|cor_phaseClass14i_V_4   |  in |   16|   ap_none  |  cor_phaseClass14i_V_4 |    pointer   |
|cor_phaseClass14i_V_3   |  in |   16|   ap_none  |  cor_phaseClass14i_V_3 |    pointer   |
|cor_phaseClass14i_V_2   |  in |   16|   ap_none  |  cor_phaseClass14i_V_2 |    pointer   |
|cor_phaseClass14i_V_1   |  in |   16|   ap_none  |  cor_phaseClass14i_V_1 |    pointer   |
|cor_phaseClass14i_V_s   |  in |   16|   ap_none  |  cor_phaseClass14i_V_s |    pointer   |
|cor_phaseClass13i_V_15  |  in |   16|   ap_none  | cor_phaseClass13i_V_15 |    pointer   |
|cor_phaseClass13i_V_14  |  in |   16|   ap_none  | cor_phaseClass13i_V_14 |    pointer   |
|cor_phaseClass13i_V_13  |  in |   16|   ap_none  | cor_phaseClass13i_V_13 |    pointer   |
|cor_phaseClass13i_V_12  |  in |   16|   ap_none  | cor_phaseClass13i_V_12 |    pointer   |
|cor_phaseClass13i_V_11  |  in |   16|   ap_none  | cor_phaseClass13i_V_11 |    pointer   |
|cor_phaseClass13i_V_10  |  in |   16|   ap_none  | cor_phaseClass13i_V_10 |    pointer   |
|cor_phaseClass13i_V_9   |  in |   16|   ap_none  |  cor_phaseClass13i_V_9 |    pointer   |
|cor_phaseClass13i_V_8   |  in |   16|   ap_none  |  cor_phaseClass13i_V_8 |    pointer   |
|cor_phaseClass13i_V_7   |  in |   16|   ap_none  |  cor_phaseClass13i_V_7 |    pointer   |
|cor_phaseClass13i_V_6   |  in |   16|   ap_none  |  cor_phaseClass13i_V_6 |    pointer   |
|cor_phaseClass13i_V_5   |  in |   16|   ap_none  |  cor_phaseClass13i_V_5 |    pointer   |
|cor_phaseClass13i_V_4   |  in |   16|   ap_none  |  cor_phaseClass13i_V_4 |    pointer   |
|cor_phaseClass13i_V_3   |  in |   16|   ap_none  |  cor_phaseClass13i_V_3 |    pointer   |
|cor_phaseClass13i_V_2   |  in |   16|   ap_none  |  cor_phaseClass13i_V_2 |    pointer   |
|cor_phaseClass13i_V_1   |  in |   16|   ap_none  |  cor_phaseClass13i_V_1 |    pointer   |
|cor_phaseClass13i_V_s   |  in |   16|   ap_none  |  cor_phaseClass13i_V_s |    pointer   |
|cor_phaseClass12i_V_15  |  in |   16|   ap_none  | cor_phaseClass12i_V_15 |    pointer   |
|cor_phaseClass12i_V_14  |  in |   16|   ap_none  | cor_phaseClass12i_V_14 |    pointer   |
|cor_phaseClass12i_V_13  |  in |   16|   ap_none  | cor_phaseClass12i_V_13 |    pointer   |
|cor_phaseClass12i_V_12  |  in |   16|   ap_none  | cor_phaseClass12i_V_12 |    pointer   |
|cor_phaseClass12i_V_11  |  in |   16|   ap_none  | cor_phaseClass12i_V_11 |    pointer   |
|cor_phaseClass12i_V_10  |  in |   16|   ap_none  | cor_phaseClass12i_V_10 |    pointer   |
|cor_phaseClass12i_V_9   |  in |   16|   ap_none  |  cor_phaseClass12i_V_9 |    pointer   |
|cor_phaseClass12i_V_8   |  in |   16|   ap_none  |  cor_phaseClass12i_V_8 |    pointer   |
|cor_phaseClass12i_V_7   |  in |   16|   ap_none  |  cor_phaseClass12i_V_7 |    pointer   |
|cor_phaseClass12i_V_6   |  in |   16|   ap_none  |  cor_phaseClass12i_V_6 |    pointer   |
|cor_phaseClass12i_V_5   |  in |   16|   ap_none  |  cor_phaseClass12i_V_5 |    pointer   |
|cor_phaseClass12i_V_4   |  in |   16|   ap_none  |  cor_phaseClass12i_V_4 |    pointer   |
|cor_phaseClass12i_V_3   |  in |   16|   ap_none  |  cor_phaseClass12i_V_3 |    pointer   |
|cor_phaseClass12i_V_2   |  in |   16|   ap_none  |  cor_phaseClass12i_V_2 |    pointer   |
|cor_phaseClass12i_V_1   |  in |   16|   ap_none  |  cor_phaseClass12i_V_1 |    pointer   |
|cor_phaseClass12i_V_s   |  in |   16|   ap_none  |  cor_phaseClass12i_V_s |    pointer   |
|cor_phaseClass11i_V_15  |  in |   16|   ap_none  | cor_phaseClass11i_V_15 |    pointer   |
|cor_phaseClass11i_V_14  |  in |   16|   ap_none  | cor_phaseClass11i_V_14 |    pointer   |
|cor_phaseClass11i_V_13  |  in |   16|   ap_none  | cor_phaseClass11i_V_13 |    pointer   |
|cor_phaseClass11i_V_12  |  in |   16|   ap_none  | cor_phaseClass11i_V_12 |    pointer   |
|cor_phaseClass11i_V_11  |  in |   16|   ap_none  | cor_phaseClass11i_V_11 |    pointer   |
|cor_phaseClass11i_V_10  |  in |   16|   ap_none  | cor_phaseClass11i_V_10 |    pointer   |
|cor_phaseClass11i_V_9   |  in |   16|   ap_none  |  cor_phaseClass11i_V_9 |    pointer   |
|cor_phaseClass11i_V_8   |  in |   16|   ap_none  |  cor_phaseClass11i_V_8 |    pointer   |
|cor_phaseClass11i_V_7   |  in |   16|   ap_none  |  cor_phaseClass11i_V_7 |    pointer   |
|cor_phaseClass11i_V_6   |  in |   16|   ap_none  |  cor_phaseClass11i_V_6 |    pointer   |
|cor_phaseClass11i_V_5   |  in |   16|   ap_none  |  cor_phaseClass11i_V_5 |    pointer   |
|cor_phaseClass11i_V_4   |  in |   16|   ap_none  |  cor_phaseClass11i_V_4 |    pointer   |
|cor_phaseClass11i_V_3   |  in |   16|   ap_none  |  cor_phaseClass11i_V_3 |    pointer   |
|cor_phaseClass11i_V_2   |  in |   16|   ap_none  |  cor_phaseClass11i_V_2 |    pointer   |
|cor_phaseClass11i_V_1   |  in |   16|   ap_none  |  cor_phaseClass11i_V_1 |    pointer   |
|cor_phaseClass11i_V_s   |  in |   16|   ap_none  |  cor_phaseClass11i_V_s |    pointer   |
|cor_phaseClass10i_V_15  |  in |   16|   ap_none  | cor_phaseClass10i_V_15 |    pointer   |
|cor_phaseClass10i_V_14  |  in |   16|   ap_none  | cor_phaseClass10i_V_14 |    pointer   |
|cor_phaseClass10i_V_13  |  in |   16|   ap_none  | cor_phaseClass10i_V_13 |    pointer   |
|cor_phaseClass10i_V_12  |  in |   16|   ap_none  | cor_phaseClass10i_V_12 |    pointer   |
|cor_phaseClass10i_V_11  |  in |   16|   ap_none  | cor_phaseClass10i_V_11 |    pointer   |
|cor_phaseClass10i_V_10  |  in |   16|   ap_none  | cor_phaseClass10i_V_10 |    pointer   |
|cor_phaseClass10i_V_9   |  in |   16|   ap_none  |  cor_phaseClass10i_V_9 |    pointer   |
|cor_phaseClass10i_V_8   |  in |   16|   ap_none  |  cor_phaseClass10i_V_8 |    pointer   |
|cor_phaseClass10i_V_7   |  in |   16|   ap_none  |  cor_phaseClass10i_V_7 |    pointer   |
|cor_phaseClass10i_V_6   |  in |   16|   ap_none  |  cor_phaseClass10i_V_6 |    pointer   |
|cor_phaseClass10i_V_5   |  in |   16|   ap_none  |  cor_phaseClass10i_V_5 |    pointer   |
|cor_phaseClass10i_V_4   |  in |   16|   ap_none  |  cor_phaseClass10i_V_4 |    pointer   |
|cor_phaseClass10i_V_3   |  in |   16|   ap_none  |  cor_phaseClass10i_V_3 |    pointer   |
|cor_phaseClass10i_V_2   |  in |   16|   ap_none  |  cor_phaseClass10i_V_2 |    pointer   |
|cor_phaseClass10i_V_1   |  in |   16|   ap_none  |  cor_phaseClass10i_V_1 |    pointer   |
|cor_phaseClass10i_V_s   |  in |   16|   ap_none  |  cor_phaseClass10i_V_s |    pointer   |
|cor_phaseClass9i_V_15   |  in |   16|   ap_none  |  cor_phaseClass9i_V_15 |    pointer   |
|cor_phaseClass9i_V_14   |  in |   16|   ap_none  |  cor_phaseClass9i_V_14 |    pointer   |
|cor_phaseClass9i_V_13   |  in |   16|   ap_none  |  cor_phaseClass9i_V_13 |    pointer   |
|cor_phaseClass9i_V_12   |  in |   16|   ap_none  |  cor_phaseClass9i_V_12 |    pointer   |
|cor_phaseClass9i_V_11   |  in |   16|   ap_none  |  cor_phaseClass9i_V_11 |    pointer   |
|cor_phaseClass9i_V_10   |  in |   16|   ap_none  |  cor_phaseClass9i_V_10 |    pointer   |
|cor_phaseClass9i_V_9    |  in |   16|   ap_none  |  cor_phaseClass9i_V_9  |    pointer   |
|cor_phaseClass9i_V_8    |  in |   16|   ap_none  |  cor_phaseClass9i_V_8  |    pointer   |
|cor_phaseClass9i_V_7    |  in |   16|   ap_none  |  cor_phaseClass9i_V_7  |    pointer   |
|cor_phaseClass9i_V_6    |  in |   16|   ap_none  |  cor_phaseClass9i_V_6  |    pointer   |
|cor_phaseClass9i_V_5    |  in |   16|   ap_none  |  cor_phaseClass9i_V_5  |    pointer   |
|cor_phaseClass9i_V_4    |  in |   16|   ap_none  |  cor_phaseClass9i_V_4  |    pointer   |
|cor_phaseClass9i_V_3    |  in |   16|   ap_none  |  cor_phaseClass9i_V_3  |    pointer   |
|cor_phaseClass9i_V_2    |  in |   16|   ap_none  |  cor_phaseClass9i_V_2  |    pointer   |
|cor_phaseClass9i_V_1    |  in |   16|   ap_none  |  cor_phaseClass9i_V_1  |    pointer   |
|cor_phaseClass9i_V_0    |  in |   16|   ap_none  |  cor_phaseClass9i_V_0  |    pointer   |
|cor_phaseClass8i_V_15   |  in |   16|   ap_none  |  cor_phaseClass8i_V_15 |    pointer   |
|cor_phaseClass8i_V_14   |  in |   16|   ap_none  |  cor_phaseClass8i_V_14 |    pointer   |
|cor_phaseClass8i_V_13   |  in |   16|   ap_none  |  cor_phaseClass8i_V_13 |    pointer   |
|cor_phaseClass8i_V_12   |  in |   16|   ap_none  |  cor_phaseClass8i_V_12 |    pointer   |
|cor_phaseClass8i_V_11   |  in |   16|   ap_none  |  cor_phaseClass8i_V_11 |    pointer   |
|cor_phaseClass8i_V_10   |  in |   16|   ap_none  |  cor_phaseClass8i_V_10 |    pointer   |
|cor_phaseClass8i_V_9    |  in |   16|   ap_none  |  cor_phaseClass8i_V_9  |    pointer   |
|cor_phaseClass8i_V_8    |  in |   16|   ap_none  |  cor_phaseClass8i_V_8  |    pointer   |
|cor_phaseClass8i_V_7    |  in |   16|   ap_none  |  cor_phaseClass8i_V_7  |    pointer   |
|cor_phaseClass8i_V_6    |  in |   16|   ap_none  |  cor_phaseClass8i_V_6  |    pointer   |
|cor_phaseClass8i_V_5    |  in |   16|   ap_none  |  cor_phaseClass8i_V_5  |    pointer   |
|cor_phaseClass8i_V_4    |  in |   16|   ap_none  |  cor_phaseClass8i_V_4  |    pointer   |
|cor_phaseClass8i_V_3    |  in |   16|   ap_none  |  cor_phaseClass8i_V_3  |    pointer   |
|cor_phaseClass8i_V_2    |  in |   16|   ap_none  |  cor_phaseClass8i_V_2  |    pointer   |
|cor_phaseClass8i_V_1    |  in |   16|   ap_none  |  cor_phaseClass8i_V_1  |    pointer   |
|cor_phaseClass8i_V_0    |  in |   16|   ap_none  |  cor_phaseClass8i_V_0  |    pointer   |
|cor_phaseClass7i_V_15   |  in |   16|   ap_none  |  cor_phaseClass7i_V_15 |    pointer   |
|cor_phaseClass7i_V_14   |  in |   16|   ap_none  |  cor_phaseClass7i_V_14 |    pointer   |
|cor_phaseClass7i_V_13   |  in |   16|   ap_none  |  cor_phaseClass7i_V_13 |    pointer   |
|cor_phaseClass7i_V_12   |  in |   16|   ap_none  |  cor_phaseClass7i_V_12 |    pointer   |
|cor_phaseClass7i_V_11   |  in |   16|   ap_none  |  cor_phaseClass7i_V_11 |    pointer   |
|cor_phaseClass7i_V_10   |  in |   16|   ap_none  |  cor_phaseClass7i_V_10 |    pointer   |
|cor_phaseClass7i_V_9    |  in |   16|   ap_none  |  cor_phaseClass7i_V_9  |    pointer   |
|cor_phaseClass7i_V_8    |  in |   16|   ap_none  |  cor_phaseClass7i_V_8  |    pointer   |
|cor_phaseClass7i_V_7    |  in |   16|   ap_none  |  cor_phaseClass7i_V_7  |    pointer   |
|cor_phaseClass7i_V_6    |  in |   16|   ap_none  |  cor_phaseClass7i_V_6  |    pointer   |
|cor_phaseClass7i_V_5    |  in |   16|   ap_none  |  cor_phaseClass7i_V_5  |    pointer   |
|cor_phaseClass7i_V_4    |  in |   16|   ap_none  |  cor_phaseClass7i_V_4  |    pointer   |
|cor_phaseClass7i_V_3    |  in |   16|   ap_none  |  cor_phaseClass7i_V_3  |    pointer   |
|cor_phaseClass7i_V_2    |  in |   16|   ap_none  |  cor_phaseClass7i_V_2  |    pointer   |
|cor_phaseClass7i_V_1    |  in |   16|   ap_none  |  cor_phaseClass7i_V_1  |    pointer   |
|cor_phaseClass7i_V_0    |  in |   16|   ap_none  |  cor_phaseClass7i_V_0  |    pointer   |
|cor_phaseClass6i_V_15   |  in |   16|   ap_none  |  cor_phaseClass6i_V_15 |    pointer   |
|cor_phaseClass6i_V_14   |  in |   16|   ap_none  |  cor_phaseClass6i_V_14 |    pointer   |
|cor_phaseClass6i_V_13   |  in |   16|   ap_none  |  cor_phaseClass6i_V_13 |    pointer   |
|cor_phaseClass6i_V_12   |  in |   16|   ap_none  |  cor_phaseClass6i_V_12 |    pointer   |
|cor_phaseClass6i_V_11   |  in |   16|   ap_none  |  cor_phaseClass6i_V_11 |    pointer   |
|cor_phaseClass6i_V_10   |  in |   16|   ap_none  |  cor_phaseClass6i_V_10 |    pointer   |
|cor_phaseClass6i_V_9    |  in |   16|   ap_none  |  cor_phaseClass6i_V_9  |    pointer   |
|cor_phaseClass6i_V_8    |  in |   16|   ap_none  |  cor_phaseClass6i_V_8  |    pointer   |
|cor_phaseClass6i_V_7    |  in |   16|   ap_none  |  cor_phaseClass6i_V_7  |    pointer   |
|cor_phaseClass6i_V_6    |  in |   16|   ap_none  |  cor_phaseClass6i_V_6  |    pointer   |
|cor_phaseClass6i_V_5    |  in |   16|   ap_none  |  cor_phaseClass6i_V_5  |    pointer   |
|cor_phaseClass6i_V_4    |  in |   16|   ap_none  |  cor_phaseClass6i_V_4  |    pointer   |
|cor_phaseClass6i_V_3    |  in |   16|   ap_none  |  cor_phaseClass6i_V_3  |    pointer   |
|cor_phaseClass6i_V_2    |  in |   16|   ap_none  |  cor_phaseClass6i_V_2  |    pointer   |
|cor_phaseClass6i_V_1    |  in |   16|   ap_none  |  cor_phaseClass6i_V_1  |    pointer   |
|cor_phaseClass6i_V_0    |  in |   16|   ap_none  |  cor_phaseClass6i_V_0  |    pointer   |
|cor_phaseClass5i_V_15   |  in |   16|   ap_none  |  cor_phaseClass5i_V_15 |    pointer   |
|cor_phaseClass5i_V_14   |  in |   16|   ap_none  |  cor_phaseClass5i_V_14 |    pointer   |
|cor_phaseClass5i_V_13   |  in |   16|   ap_none  |  cor_phaseClass5i_V_13 |    pointer   |
|cor_phaseClass5i_V_12   |  in |   16|   ap_none  |  cor_phaseClass5i_V_12 |    pointer   |
|cor_phaseClass5i_V_11   |  in |   16|   ap_none  |  cor_phaseClass5i_V_11 |    pointer   |
|cor_phaseClass5i_V_10   |  in |   16|   ap_none  |  cor_phaseClass5i_V_10 |    pointer   |
|cor_phaseClass5i_V_9    |  in |   16|   ap_none  |  cor_phaseClass5i_V_9  |    pointer   |
|cor_phaseClass5i_V_8    |  in |   16|   ap_none  |  cor_phaseClass5i_V_8  |    pointer   |
|cor_phaseClass5i_V_7    |  in |   16|   ap_none  |  cor_phaseClass5i_V_7  |    pointer   |
|cor_phaseClass5i_V_6    |  in |   16|   ap_none  |  cor_phaseClass5i_V_6  |    pointer   |
|cor_phaseClass5i_V_5    |  in |   16|   ap_none  |  cor_phaseClass5i_V_5  |    pointer   |
|cor_phaseClass5i_V_4    |  in |   16|   ap_none  |  cor_phaseClass5i_V_4  |    pointer   |
|cor_phaseClass5i_V_3    |  in |   16|   ap_none  |  cor_phaseClass5i_V_3  |    pointer   |
|cor_phaseClass5i_V_2    |  in |   16|   ap_none  |  cor_phaseClass5i_V_2  |    pointer   |
|cor_phaseClass5i_V_1    |  in |   16|   ap_none  |  cor_phaseClass5i_V_1  |    pointer   |
|cor_phaseClass5i_V_0    |  in |   16|   ap_none  |  cor_phaseClass5i_V_0  |    pointer   |
|cor_phaseClass4i_V_15   |  in |   16|   ap_none  |  cor_phaseClass4i_V_15 |    pointer   |
|cor_phaseClass4i_V_14   |  in |   16|   ap_none  |  cor_phaseClass4i_V_14 |    pointer   |
|cor_phaseClass4i_V_13   |  in |   16|   ap_none  |  cor_phaseClass4i_V_13 |    pointer   |
|cor_phaseClass4i_V_12   |  in |   16|   ap_none  |  cor_phaseClass4i_V_12 |    pointer   |
|cor_phaseClass4i_V_11   |  in |   16|   ap_none  |  cor_phaseClass4i_V_11 |    pointer   |
|cor_phaseClass4i_V_10   |  in |   16|   ap_none  |  cor_phaseClass4i_V_10 |    pointer   |
|cor_phaseClass4i_V_9    |  in |   16|   ap_none  |  cor_phaseClass4i_V_9  |    pointer   |
|cor_phaseClass4i_V_8    |  in |   16|   ap_none  |  cor_phaseClass4i_V_8  |    pointer   |
|cor_phaseClass4i_V_7    |  in |   16|   ap_none  |  cor_phaseClass4i_V_7  |    pointer   |
|cor_phaseClass4i_V_6    |  in |   16|   ap_none  |  cor_phaseClass4i_V_6  |    pointer   |
|cor_phaseClass4i_V_5    |  in |   16|   ap_none  |  cor_phaseClass4i_V_5  |    pointer   |
|cor_phaseClass4i_V_4    |  in |   16|   ap_none  |  cor_phaseClass4i_V_4  |    pointer   |
|cor_phaseClass4i_V_3    |  in |   16|   ap_none  |  cor_phaseClass4i_V_3  |    pointer   |
|cor_phaseClass4i_V_2    |  in |   16|   ap_none  |  cor_phaseClass4i_V_2  |    pointer   |
|cor_phaseClass4i_V_1    |  in |   16|   ap_none  |  cor_phaseClass4i_V_1  |    pointer   |
|cor_phaseClass4i_V_0    |  in |   16|   ap_none  |  cor_phaseClass4i_V_0  |    pointer   |
|cor_phaseClass3i_V_15   |  in |   16|   ap_none  |  cor_phaseClass3i_V_15 |    pointer   |
|cor_phaseClass3i_V_14   |  in |   16|   ap_none  |  cor_phaseClass3i_V_14 |    pointer   |
|cor_phaseClass3i_V_13   |  in |   16|   ap_none  |  cor_phaseClass3i_V_13 |    pointer   |
|cor_phaseClass3i_V_12   |  in |   16|   ap_none  |  cor_phaseClass3i_V_12 |    pointer   |
|cor_phaseClass3i_V_11   |  in |   16|   ap_none  |  cor_phaseClass3i_V_11 |    pointer   |
|cor_phaseClass3i_V_10   |  in |   16|   ap_none  |  cor_phaseClass3i_V_10 |    pointer   |
|cor_phaseClass3i_V_9    |  in |   16|   ap_none  |  cor_phaseClass3i_V_9  |    pointer   |
|cor_phaseClass3i_V_8    |  in |   16|   ap_none  |  cor_phaseClass3i_V_8  |    pointer   |
|cor_phaseClass3i_V_7    |  in |   16|   ap_none  |  cor_phaseClass3i_V_7  |    pointer   |
|cor_phaseClass3i_V_6    |  in |   16|   ap_none  |  cor_phaseClass3i_V_6  |    pointer   |
|cor_phaseClass3i_V_5    |  in |   16|   ap_none  |  cor_phaseClass3i_V_5  |    pointer   |
|cor_phaseClass3i_V_4    |  in |   16|   ap_none  |  cor_phaseClass3i_V_4  |    pointer   |
|cor_phaseClass3i_V_3    |  in |   16|   ap_none  |  cor_phaseClass3i_V_3  |    pointer   |
|cor_phaseClass3i_V_2    |  in |   16|   ap_none  |  cor_phaseClass3i_V_2  |    pointer   |
|cor_phaseClass3i_V_1    |  in |   16|   ap_none  |  cor_phaseClass3i_V_1  |    pointer   |
|cor_phaseClass3i_V_0    |  in |   16|   ap_none  |  cor_phaseClass3i_V_0  |    pointer   |
|cor_phaseClass2i_V_15   |  in |   16|   ap_none  |  cor_phaseClass2i_V_15 |    pointer   |
|cor_phaseClass2i_V_14   |  in |   16|   ap_none  |  cor_phaseClass2i_V_14 |    pointer   |
|cor_phaseClass2i_V_13   |  in |   16|   ap_none  |  cor_phaseClass2i_V_13 |    pointer   |
|cor_phaseClass2i_V_12   |  in |   16|   ap_none  |  cor_phaseClass2i_V_12 |    pointer   |
|cor_phaseClass2i_V_11   |  in |   16|   ap_none  |  cor_phaseClass2i_V_11 |    pointer   |
|cor_phaseClass2i_V_10   |  in |   16|   ap_none  |  cor_phaseClass2i_V_10 |    pointer   |
|cor_phaseClass2i_V_9    |  in |   16|   ap_none  |  cor_phaseClass2i_V_9  |    pointer   |
|cor_phaseClass2i_V_8    |  in |   16|   ap_none  |  cor_phaseClass2i_V_8  |    pointer   |
|cor_phaseClass2i_V_7    |  in |   16|   ap_none  |  cor_phaseClass2i_V_7  |    pointer   |
|cor_phaseClass2i_V_6    |  in |   16|   ap_none  |  cor_phaseClass2i_V_6  |    pointer   |
|cor_phaseClass2i_V_5    |  in |   16|   ap_none  |  cor_phaseClass2i_V_5  |    pointer   |
|cor_phaseClass2i_V_4    |  in |   16|   ap_none  |  cor_phaseClass2i_V_4  |    pointer   |
|cor_phaseClass2i_V_3    |  in |   16|   ap_none  |  cor_phaseClass2i_V_3  |    pointer   |
|cor_phaseClass2i_V_2    |  in |   16|   ap_none  |  cor_phaseClass2i_V_2  |    pointer   |
|cor_phaseClass2i_V_1    |  in |   16|   ap_none  |  cor_phaseClass2i_V_1  |    pointer   |
|cor_phaseClass2i_V_0    |  in |   16|   ap_none  |  cor_phaseClass2i_V_0  |    pointer   |
|cor_phaseClass1i_V_15   |  in |   16|   ap_none  |  cor_phaseClass1i_V_15 |    pointer   |
|cor_phaseClass1i_V_14   |  in |   16|   ap_none  |  cor_phaseClass1i_V_14 |    pointer   |
|cor_phaseClass1i_V_13   |  in |   16|   ap_none  |  cor_phaseClass1i_V_13 |    pointer   |
|cor_phaseClass1i_V_12   |  in |   16|   ap_none  |  cor_phaseClass1i_V_12 |    pointer   |
|cor_phaseClass1i_V_11   |  in |   16|   ap_none  |  cor_phaseClass1i_V_11 |    pointer   |
|cor_phaseClass1i_V_10   |  in |   16|   ap_none  |  cor_phaseClass1i_V_10 |    pointer   |
|cor_phaseClass1i_V_9    |  in |   16|   ap_none  |  cor_phaseClass1i_V_9  |    pointer   |
|cor_phaseClass1i_V_8    |  in |   16|   ap_none  |  cor_phaseClass1i_V_8  |    pointer   |
|cor_phaseClass1i_V_7    |  in |   16|   ap_none  |  cor_phaseClass1i_V_7  |    pointer   |
|cor_phaseClass1i_V_6    |  in |   16|   ap_none  |  cor_phaseClass1i_V_6  |    pointer   |
|cor_phaseClass1i_V_5    |  in |   16|   ap_none  |  cor_phaseClass1i_V_5  |    pointer   |
|cor_phaseClass1i_V_4    |  in |   16|   ap_none  |  cor_phaseClass1i_V_4  |    pointer   |
|cor_phaseClass1i_V_3    |  in |   16|   ap_none  |  cor_phaseClass1i_V_3  |    pointer   |
|cor_phaseClass1i_V_2    |  in |   16|   ap_none  |  cor_phaseClass1i_V_2  |    pointer   |
|cor_phaseClass1i_V_1    |  in |   16|   ap_none  |  cor_phaseClass1i_V_1  |    pointer   |
|cor_phaseClass1i_V_0    |  in |   16|   ap_none  |  cor_phaseClass1i_V_0  |    pointer   |
|cor_phaseClass0i_V_15   |  in |   16|   ap_none  |  cor_phaseClass0i_V_15 |    pointer   |
|cor_phaseClass0i_V_14   |  in |   16|   ap_none  |  cor_phaseClass0i_V_14 |    pointer   |
|cor_phaseClass0i_V_13   |  in |   16|   ap_none  |  cor_phaseClass0i_V_13 |    pointer   |
|cor_phaseClass0i_V_12   |  in |   16|   ap_none  |  cor_phaseClass0i_V_12 |    pointer   |
|cor_phaseClass0i_V_11   |  in |   16|   ap_none  |  cor_phaseClass0i_V_11 |    pointer   |
|cor_phaseClass0i_V_10   |  in |   16|   ap_none  |  cor_phaseClass0i_V_10 |    pointer   |
|cor_phaseClass0i_V_9    |  in |   16|   ap_none  |  cor_phaseClass0i_V_9  |    pointer   |
|cor_phaseClass0i_V_8    |  in |   16|   ap_none  |  cor_phaseClass0i_V_8  |    pointer   |
|cor_phaseClass0i_V_7    |  in |   16|   ap_none  |  cor_phaseClass0i_V_7  |    pointer   |
|cor_phaseClass0i_V_6    |  in |   16|   ap_none  |  cor_phaseClass0i_V_6  |    pointer   |
|cor_phaseClass0i_V_5    |  in |   16|   ap_none  |  cor_phaseClass0i_V_5  |    pointer   |
|cor_phaseClass0i_V_4    |  in |   16|   ap_none  |  cor_phaseClass0i_V_4  |    pointer   |
|cor_phaseClass0i_V_3    |  in |   16|   ap_none  |  cor_phaseClass0i_V_3  |    pointer   |
|cor_phaseClass0i_V_2    |  in |   16|   ap_none  |  cor_phaseClass0i_V_2  |    pointer   |
|cor_phaseClass0i_V_1    |  in |   16|   ap_none  |  cor_phaseClass0i_V_1  |    pointer   |
|cor_phaseClass0i_V_0    |  in |   16|   ap_none  |  cor_phaseClass0i_V_0  |    pointer   |
+------------------------+-----+-----+------------+------------------------+--------------+

