

================================================================
== Vivado HLS Report for 'shiftPhaseClassPre'
================================================================
* Date:           Tue Apr 23 16:31:09 2019

* Version:        2017.4 (Build 2086221 on Fri Dec 15 21:13:33 MST 2017)
* Project:        CorrelatorPreamble
* Solution:       solution1
* Product family: kintex7
* Target device:  xc7k410tffg900-1


================================================================
== Performance Estimates
================================================================
+ Timing (ns): 
    * Summary: 
    +--------+-------+----------+------------+
    |  Clock | Target| Estimated| Uncertainty|
    +--------+-------+----------+------------+
    |ap_clk  |   5.00|      1.15|        0.62|
    +--------+-------+----------+------------+

+ Latency (clock cycles): 
    * Summary: 
    +-----+-----+-----+-----+---------+
    |  Latency  |  Interval | Pipeline|
    | min | max | min | max |   Type  |
    +-----+-----+-----+-----+---------+
    |    0|    0|    0|    0|   none  |
    +-----+-----+-----+-----+---------+

    + Detail: 
        * Instance: 
        N/A

        * Loop: 
        N/A



================================================================
== Utilization Estimates
================================================================
* Summary: 
+-----------------+---------+-------+--------+--------+
|       Name      | BRAM_18K| DSP48E|   FF   |   LUT  |
+-----------------+---------+-------+--------+--------+
|DSP              |        -|      -|       -|       -|
|Expression       |        -|      -|       -|       -|
|FIFO             |        -|      -|       -|       -|
|Instance         |        -|      -|       -|       -|
|Memory           |        -|      -|       -|       -|
|Multiplexer      |        -|      -|       -|    2160|
|Register         |        -|      -|       1|       -|
+-----------------+---------+-------+--------+--------+
|Total            |        0|      0|       1|    2160|
+-----------------+---------+-------+--------+--------+
|Available        |     1590|   1540|  508400|  254200|
+-----------------+---------+-------+--------+--------+
|Utilization (%)  |        0|      0|   ~0   |   ~0   |
+-----------------+---------+-------+--------+--------+

+ Detail: 
    * Instance: 
    N/A

    * DSP48: 
    N/A

    * Memory: 
    N/A

    * FIFO: 
    N/A

    * Expression: 
    N/A

    * Multiplexer: 
    +--------------------------+----+-----------+-----+-----------+
    |           Name           | LUT| Input Size| Bits| Total Bits|
    +--------------------------+----+-----------+-----+-----------+
    |cor_phaseClass0i_V_0_o    |   9|          2|   16|         32|
    |cor_phaseClass0i_V_10_o   |   9|          2|   16|         32|
    |cor_phaseClass0i_V_11_o   |   9|          2|   16|         32|
    |cor_phaseClass0i_V_12_o   |   9|          2|   16|         32|
    |cor_phaseClass0i_V_13_o   |   9|          2|   16|         32|
    |cor_phaseClass0i_V_14_o   |   9|          2|   16|         32|
    |cor_phaseClass0i_V_1_o    |   9|          2|   16|         32|
    |cor_phaseClass0i_V_2_o    |   9|          2|   16|         32|
    |cor_phaseClass0i_V_3_o    |   9|          2|   16|         32|
    |cor_phaseClass0i_V_4_o    |   9|          2|   16|         32|
    |cor_phaseClass0i_V_5_o    |   9|          2|   16|         32|
    |cor_phaseClass0i_V_6_o    |   9|          2|   16|         32|
    |cor_phaseClass0i_V_7_o    |   9|          2|   16|         32|
    |cor_phaseClass0i_V_8_o    |   9|          2|   16|         32|
    |cor_phaseClass0i_V_9_o    |   9|          2|   16|         32|
    |cor_phaseClass10i_V_10_o  |   9|          2|   16|         32|
    |cor_phaseClass10i_V_11_o  |   9|          2|   16|         32|
    |cor_phaseClass10i_V_12_o  |   9|          2|   16|         32|
    |cor_phaseClass10i_V_13_o  |   9|          2|   16|         32|
    |cor_phaseClass10i_V_14_o  |   9|          2|   16|         32|
    |cor_phaseClass10i_V_1_o   |   9|          2|   16|         32|
    |cor_phaseClass10i_V_2_o   |   9|          2|   16|         32|
    |cor_phaseClass10i_V_3_o   |   9|          2|   16|         32|
    |cor_phaseClass10i_V_4_o   |   9|          2|   16|         32|
    |cor_phaseClass10i_V_5_o   |   9|          2|   16|         32|
    |cor_phaseClass10i_V_6_o   |   9|          2|   16|         32|
    |cor_phaseClass10i_V_7_o   |   9|          2|   16|         32|
    |cor_phaseClass10i_V_8_o   |   9|          2|   16|         32|
    |cor_phaseClass10i_V_9_o   |   9|          2|   16|         32|
    |cor_phaseClass10i_V_s_o   |   9|          2|   16|         32|
    |cor_phaseClass11i_V_10_o  |   9|          2|   16|         32|
    |cor_phaseClass11i_V_11_o  |   9|          2|   16|         32|
    |cor_phaseClass11i_V_12_o  |   9|          2|   16|         32|
    |cor_phaseClass11i_V_13_o  |   9|          2|   16|         32|
    |cor_phaseClass11i_V_14_o  |   9|          2|   16|         32|
    |cor_phaseClass11i_V_1_o   |   9|          2|   16|         32|
    |cor_phaseClass11i_V_2_o   |   9|          2|   16|         32|
    |cor_phaseClass11i_V_3_o   |   9|          2|   16|         32|
    |cor_phaseClass11i_V_4_o   |   9|          2|   16|         32|
    |cor_phaseClass11i_V_5_o   |   9|          2|   16|         32|
    |cor_phaseClass11i_V_6_o   |   9|          2|   16|         32|
    |cor_phaseClass11i_V_7_o   |   9|          2|   16|         32|
    |cor_phaseClass11i_V_8_o   |   9|          2|   16|         32|
    |cor_phaseClass11i_V_9_o   |   9|          2|   16|         32|
    |cor_phaseClass11i_V_s_o   |   9|          2|   16|         32|
    |cor_phaseClass12i_V_10_o  |   9|          2|   16|         32|
    |cor_phaseClass12i_V_11_o  |   9|          2|   16|         32|
    |cor_phaseClass12i_V_12_o  |   9|          2|   16|         32|
    |cor_phaseClass12i_V_13_o  |   9|          2|   16|         32|
    |cor_phaseClass12i_V_14_o  |   9|          2|   16|         32|
    |cor_phaseClass12i_V_1_o   |   9|          2|   16|         32|
    |cor_phaseClass12i_V_2_o   |   9|          2|   16|         32|
    |cor_phaseClass12i_V_3_o   |   9|          2|   16|         32|
    |cor_phaseClass12i_V_4_o   |   9|          2|   16|         32|
    |cor_phaseClass12i_V_5_o   |   9|          2|   16|         32|
    |cor_phaseClass12i_V_6_o   |   9|          2|   16|         32|
    |cor_phaseClass12i_V_7_o   |   9|          2|   16|         32|
    |cor_phaseClass12i_V_8_o   |   9|          2|   16|         32|
    |cor_phaseClass12i_V_9_o   |   9|          2|   16|         32|
    |cor_phaseClass12i_V_s_o   |   9|          2|   16|         32|
    |cor_phaseClass13i_V_10_o  |   9|          2|   16|         32|
    |cor_phaseClass13i_V_11_o  |   9|          2|   16|         32|
    |cor_phaseClass13i_V_12_o  |   9|          2|   16|         32|
    |cor_phaseClass13i_V_13_o  |   9|          2|   16|         32|
    |cor_phaseClass13i_V_14_o  |   9|          2|   16|         32|
    |cor_phaseClass13i_V_1_o   |   9|          2|   16|         32|
    |cor_phaseClass13i_V_2_o   |   9|          2|   16|         32|
    |cor_phaseClass13i_V_3_o   |   9|          2|   16|         32|
    |cor_phaseClass13i_V_4_o   |   9|          2|   16|         32|
    |cor_phaseClass13i_V_5_o   |   9|          2|   16|         32|
    |cor_phaseClass13i_V_6_o   |   9|          2|   16|         32|
    |cor_phaseClass13i_V_7_o   |   9|          2|   16|         32|
    |cor_phaseClass13i_V_8_o   |   9|          2|   16|         32|
    |cor_phaseClass13i_V_9_o   |   9|          2|   16|         32|
    |cor_phaseClass13i_V_s_o   |   9|          2|   16|         32|
    |cor_phaseClass14i_V_10_o  |   9|          2|   16|         32|
    |cor_phaseClass14i_V_11_o  |   9|          2|   16|         32|
    |cor_phaseClass14i_V_12_o  |   9|          2|   16|         32|
    |cor_phaseClass14i_V_13_o  |   9|          2|   16|         32|
    |cor_phaseClass14i_V_14_o  |   9|          2|   16|         32|
    |cor_phaseClass14i_V_1_o   |   9|          2|   16|         32|
    |cor_phaseClass14i_V_2_o   |   9|          2|   16|         32|
    |cor_phaseClass14i_V_3_o   |   9|          2|   16|         32|
    |cor_phaseClass14i_V_4_o   |   9|          2|   16|         32|
    |cor_phaseClass14i_V_5_o   |   9|          2|   16|         32|
    |cor_phaseClass14i_V_6_o   |   9|          2|   16|         32|
    |cor_phaseClass14i_V_7_o   |   9|          2|   16|         32|
    |cor_phaseClass14i_V_8_o   |   9|          2|   16|         32|
    |cor_phaseClass14i_V_9_o   |   9|          2|   16|         32|
    |cor_phaseClass14i_V_s_o   |   9|          2|   16|         32|
    |cor_phaseClass15i_V_10_o  |   9|          2|   16|         32|
    |cor_phaseClass15i_V_11_o  |   9|          2|   16|         32|
    |cor_phaseClass15i_V_12_o  |   9|          2|   16|         32|
    |cor_phaseClass15i_V_13_o  |   9|          2|   16|         32|
    |cor_phaseClass15i_V_14_o  |   9|          2|   16|         32|
    |cor_phaseClass15i_V_1_o   |   9|          2|   16|         32|
    |cor_phaseClass15i_V_2_o   |   9|          2|   16|         32|
    |cor_phaseClass15i_V_3_o   |   9|          2|   16|         32|
    |cor_phaseClass15i_V_4_o   |   9|          2|   16|         32|
    |cor_phaseClass15i_V_5_o   |   9|          2|   16|         32|
    |cor_phaseClass15i_V_6_o   |   9|          2|   16|         32|
    |cor_phaseClass15i_V_7_o   |   9|          2|   16|         32|
    |cor_phaseClass15i_V_8_o   |   9|          2|   16|         32|
    |cor_phaseClass15i_V_9_o   |   9|          2|   16|         32|
    |cor_phaseClass15i_V_s_o   |   9|          2|   16|         32|
    |cor_phaseClass1i_V_0_o    |   9|          2|   16|         32|
    |cor_phaseClass1i_V_10_o   |   9|          2|   16|         32|
    |cor_phaseClass1i_V_11_o   |   9|          2|   16|         32|
    |cor_phaseClass1i_V_12_o   |   9|          2|   16|         32|
    |cor_phaseClass1i_V_13_o   |   9|          2|   16|         32|
    |cor_phaseClass1i_V_14_o   |   9|          2|   16|         32|
    |cor_phaseClass1i_V_1_o    |   9|          2|   16|         32|
    |cor_phaseClass1i_V_2_o    |   9|          2|   16|         32|
    |cor_phaseClass1i_V_3_o    |   9|          2|   16|         32|
    |cor_phaseClass1i_V_4_o    |   9|          2|   16|         32|
    |cor_phaseClass1i_V_5_o    |   9|          2|   16|         32|
    |cor_phaseClass1i_V_6_o    |   9|          2|   16|         32|
    |cor_phaseClass1i_V_7_o    |   9|          2|   16|         32|
    |cor_phaseClass1i_V_8_o    |   9|          2|   16|         32|
    |cor_phaseClass1i_V_9_o    |   9|          2|   16|         32|
    |cor_phaseClass2i_V_0_o    |   9|          2|   16|         32|
    |cor_phaseClass2i_V_10_o   |   9|          2|   16|         32|
    |cor_phaseClass2i_V_11_o   |   9|          2|   16|         32|
    |cor_phaseClass2i_V_12_o   |   9|          2|   16|         32|
    |cor_phaseClass2i_V_13_o   |   9|          2|   16|         32|
    |cor_phaseClass2i_V_14_o   |   9|          2|   16|         32|
    |cor_phaseClass2i_V_1_o    |   9|          2|   16|         32|
    |cor_phaseClass2i_V_2_o    |   9|          2|   16|         32|
    |cor_phaseClass2i_V_3_o    |   9|          2|   16|         32|
    |cor_phaseClass2i_V_4_o    |   9|          2|   16|         32|
    |cor_phaseClass2i_V_5_o    |   9|          2|   16|         32|
    |cor_phaseClass2i_V_6_o    |   9|          2|   16|         32|
    |cor_phaseClass2i_V_7_o    |   9|          2|   16|         32|
    |cor_phaseClass2i_V_8_o    |   9|          2|   16|         32|
    |cor_phaseClass2i_V_9_o    |   9|          2|   16|         32|
    |cor_phaseClass3i_V_0_o    |   9|          2|   16|         32|
    |cor_phaseClass3i_V_10_o   |   9|          2|   16|         32|
    |cor_phaseClass3i_V_11_o   |   9|          2|   16|         32|
    |cor_phaseClass3i_V_12_o   |   9|          2|   16|         32|
    |cor_phaseClass3i_V_13_o   |   9|          2|   16|         32|
    |cor_phaseClass3i_V_14_o   |   9|          2|   16|         32|
    |cor_phaseClass3i_V_1_o    |   9|          2|   16|         32|
    |cor_phaseClass3i_V_2_o    |   9|          2|   16|         32|
    |cor_phaseClass3i_V_3_o    |   9|          2|   16|         32|
    |cor_phaseClass3i_V_4_o    |   9|          2|   16|         32|
    |cor_phaseClass3i_V_5_o    |   9|          2|   16|         32|
    |cor_phaseClass3i_V_6_o    |   9|          2|   16|         32|
    |cor_phaseClass3i_V_7_o    |   9|          2|   16|         32|
    |cor_phaseClass3i_V_8_o    |   9|          2|   16|         32|
    |cor_phaseClass3i_V_9_o    |   9|          2|   16|         32|
    |cor_phaseClass4i_V_0_o    |   9|          2|   16|         32|
    |cor_phaseClass4i_V_10_o   |   9|          2|   16|         32|
    |cor_phaseClass4i_V_11_o   |   9|          2|   16|         32|
    |cor_phaseClass4i_V_12_o   |   9|          2|   16|         32|
    |cor_phaseClass4i_V_13_o   |   9|          2|   16|         32|
    |cor_phaseClass4i_V_14_o   |   9|          2|   16|         32|
    |cor_phaseClass4i_V_1_o    |   9|          2|   16|         32|
    |cor_phaseClass4i_V_2_o    |   9|          2|   16|         32|
    |cor_phaseClass4i_V_3_o    |   9|          2|   16|         32|
    |cor_phaseClass4i_V_4_o    |   9|          2|   16|         32|
    |cor_phaseClass4i_V_5_o    |   9|          2|   16|         32|
    |cor_phaseClass4i_V_6_o    |   9|          2|   16|         32|
    |cor_phaseClass4i_V_7_o    |   9|          2|   16|         32|
    |cor_phaseClass4i_V_8_o    |   9|          2|   16|         32|
    |cor_phaseClass4i_V_9_o    |   9|          2|   16|         32|
    |cor_phaseClass5i_V_0_o    |   9|          2|   16|         32|
    |cor_phaseClass5i_V_10_o   |   9|          2|   16|         32|
    |cor_phaseClass5i_V_11_o   |   9|          2|   16|         32|
    |cor_phaseClass5i_V_12_o   |   9|          2|   16|         32|
    |cor_phaseClass5i_V_13_o   |   9|          2|   16|         32|
    |cor_phaseClass5i_V_14_o   |   9|          2|   16|         32|
    |cor_phaseClass5i_V_1_o    |   9|          2|   16|         32|
    |cor_phaseClass5i_V_2_o    |   9|          2|   16|         32|
    |cor_phaseClass5i_V_3_o    |   9|          2|   16|         32|
    |cor_phaseClass5i_V_4_o    |   9|          2|   16|         32|
    |cor_phaseClass5i_V_5_o    |   9|          2|   16|         32|
    |cor_phaseClass5i_V_6_o    |   9|          2|   16|         32|
    |cor_phaseClass5i_V_7_o    |   9|          2|   16|         32|
    |cor_phaseClass5i_V_8_o    |   9|          2|   16|         32|
    |cor_phaseClass5i_V_9_o    |   9|          2|   16|         32|
    |cor_phaseClass6i_V_0_o    |   9|          2|   16|         32|
    |cor_phaseClass6i_V_10_o   |   9|          2|   16|         32|
    |cor_phaseClass6i_V_11_o   |   9|          2|   16|         32|
    |cor_phaseClass6i_V_12_o   |   9|          2|   16|         32|
    |cor_phaseClass6i_V_13_o   |   9|          2|   16|         32|
    |cor_phaseClass6i_V_14_o   |   9|          2|   16|         32|
    |cor_phaseClass6i_V_1_o    |   9|          2|   16|         32|
    |cor_phaseClass6i_V_2_o    |   9|          2|   16|         32|
    |cor_phaseClass6i_V_3_o    |   9|          2|   16|         32|
    |cor_phaseClass6i_V_4_o    |   9|          2|   16|         32|
    |cor_phaseClass6i_V_5_o    |   9|          2|   16|         32|
    |cor_phaseClass6i_V_6_o    |   9|          2|   16|         32|
    |cor_phaseClass6i_V_7_o    |   9|          2|   16|         32|
    |cor_phaseClass6i_V_8_o    |   9|          2|   16|         32|
    |cor_phaseClass6i_V_9_o    |   9|          2|   16|         32|
    |cor_phaseClass7i_V_0_o    |   9|          2|   16|         32|
    |cor_phaseClass7i_V_10_o   |   9|          2|   16|         32|
    |cor_phaseClass7i_V_11_o   |   9|          2|   16|         32|
    |cor_phaseClass7i_V_12_o   |   9|          2|   16|         32|
    |cor_phaseClass7i_V_13_o   |   9|          2|   16|         32|
    |cor_phaseClass7i_V_14_o   |   9|          2|   16|         32|
    |cor_phaseClass7i_V_1_o    |   9|          2|   16|         32|
    |cor_phaseClass7i_V_2_o    |   9|          2|   16|         32|
    |cor_phaseClass7i_V_3_o    |   9|          2|   16|         32|
    |cor_phaseClass7i_V_4_o    |   9|          2|   16|         32|
    |cor_phaseClass7i_V_5_o    |   9|          2|   16|         32|
    |cor_phaseClass7i_V_6_o    |   9|          2|   16|         32|
    |cor_phaseClass7i_V_7_o    |   9|          2|   16|         32|
    |cor_phaseClass7i_V_8_o    |   9|          2|   16|         32|
    |cor_phaseClass7i_V_9_o    |   9|          2|   16|         32|
    |cor_phaseClass8i_V_0_o    |   9|          2|   16|         32|
    |cor_phaseClass8i_V_10_o   |   9|          2|   16|         32|
    |cor_phaseClass8i_V_11_o   |   9|          2|   16|         32|
    |cor_phaseClass8i_V_12_o   |   9|          2|   16|         32|
    |cor_phaseClass8i_V_13_o   |   9|          2|   16|         32|
    |cor_phaseClass8i_V_14_o   |   9|          2|   16|         32|
    |cor_phaseClass8i_V_1_o    |   9|          2|   16|         32|
    |cor_phaseClass8i_V_2_o    |   9|          2|   16|         32|
    |cor_phaseClass8i_V_3_o    |   9|          2|   16|         32|
    |cor_phaseClass8i_V_4_o    |   9|          2|   16|         32|
    |cor_phaseClass8i_V_5_o    |   9|          2|   16|         32|
    |cor_phaseClass8i_V_6_o    |   9|          2|   16|         32|
    |cor_phaseClass8i_V_7_o    |   9|          2|   16|         32|
    |cor_phaseClass8i_V_8_o    |   9|          2|   16|         32|
    |cor_phaseClass8i_V_9_o    |   9|          2|   16|         32|
    |cor_phaseClass9i_V_0_o    |   9|          2|   16|         32|
    |cor_phaseClass9i_V_10_o   |   9|          2|   16|         32|
    |cor_phaseClass9i_V_11_o   |   9|          2|   16|         32|
    |cor_phaseClass9i_V_12_o   |   9|          2|   16|         32|
    |cor_phaseClass9i_V_13_o   |   9|          2|   16|         32|
    |cor_phaseClass9i_V_14_o   |   9|          2|   16|         32|
    |cor_phaseClass9i_V_1_o    |   9|          2|   16|         32|
    |cor_phaseClass9i_V_2_o    |   9|          2|   16|         32|
    |cor_phaseClass9i_V_3_o    |   9|          2|   16|         32|
    |cor_phaseClass9i_V_4_o    |   9|          2|   16|         32|
    |cor_phaseClass9i_V_5_o    |   9|          2|   16|         32|
    |cor_phaseClass9i_V_6_o    |   9|          2|   16|         32|
    |cor_phaseClass9i_V_7_o    |   9|          2|   16|         32|
    |cor_phaseClass9i_V_8_o    |   9|          2|   16|         32|
    |cor_phaseClass9i_V_9_o    |   9|          2|   16|         32|
    +--------------------------+----+-----------+-----+-----------+
    |Total                     |2160|        480| 3840|       7680|
    +--------------------------+----+-----------+-----+-----------+

    * Register: 
    +-----------+---+----+-----+-----------+
    |    Name   | FF| LUT| Bits| Const Bits|
    +-----------+---+----+-----+-----------+
    |ap_CS_fsm  |  1|   0|    1|          0|
    +-----------+---+----+-----+-----------+
    |Total      |  1|   0|    1|          0|
    +-----------+---+----+-----+-----------+



================================================================
== Interface
================================================================
* Summary: 
+---------------------------------+-----+-----+------------+------------------------+--------------+
|            RTL Ports            | Dir | Bits|  Protocol  |      Source Object     |    C Type    |
+---------------------------------+-----+-----+------------+------------------------+--------------+
|ap_clk                           |  in |    1| ap_ctrl_hs |   shiftPhaseClassPre   | return value |
|ap_rst                           |  in |    1| ap_ctrl_hs |   shiftPhaseClassPre   | return value |
|ap_start                         |  in |    1| ap_ctrl_hs |   shiftPhaseClassPre   | return value |
|ap_done                          | out |    1| ap_ctrl_hs |   shiftPhaseClassPre   | return value |
|ap_idle                          | out |    1| ap_ctrl_hs |   shiftPhaseClassPre   | return value |
|ap_ready                         | out |    1| ap_ctrl_hs |   shiftPhaseClassPre   | return value |
|newValuei_V                      |  in |   16|   ap_none  |       newValuei_V      |    scalar    |
|newValueq_V                      |  in |   16|   ap_none  |       newValueq_V      |    scalar    |
|phaseClass_V                     |  in |    4|   ap_none  |      phaseClass_V      |    scalar    |
|cor_phaseClass0i_V_14_i          |  in |   16|   ap_ovld  |  cor_phaseClass0i_V_14 |    pointer   |
|cor_phaseClass0i_V_14_o          | out |   16|   ap_ovld  |  cor_phaseClass0i_V_14 |    pointer   |
|cor_phaseClass0i_V_14_o_ap_vld   | out |    1|   ap_ovld  |  cor_phaseClass0i_V_14 |    pointer   |
|cor_phaseClass0i_V_15            | out |   16|   ap_vld   |  cor_phaseClass0i_V_15 |    pointer   |
|cor_phaseClass0i_V_15_ap_vld     | out |    1|   ap_vld   |  cor_phaseClass0i_V_15 |    pointer   |
|cor_phaseClass0i_V_13_i          |  in |   16|   ap_ovld  |  cor_phaseClass0i_V_13 |    pointer   |
|cor_phaseClass0i_V_13_o          | out |   16|   ap_ovld  |  cor_phaseClass0i_V_13 |    pointer   |
|cor_phaseClass0i_V_13_o_ap_vld   | out |    1|   ap_ovld  |  cor_phaseClass0i_V_13 |    pointer   |
|cor_phaseClass0i_V_12_i          |  in |   16|   ap_ovld  |  cor_phaseClass0i_V_12 |    pointer   |
|cor_phaseClass0i_V_12_o          | out |   16|   ap_ovld  |  cor_phaseClass0i_V_12 |    pointer   |
|cor_phaseClass0i_V_12_o_ap_vld   | out |    1|   ap_ovld  |  cor_phaseClass0i_V_12 |    pointer   |
|cor_phaseClass0i_V_11_i          |  in |   16|   ap_ovld  |  cor_phaseClass0i_V_11 |    pointer   |
|cor_phaseClass0i_V_11_o          | out |   16|   ap_ovld  |  cor_phaseClass0i_V_11 |    pointer   |
|cor_phaseClass0i_V_11_o_ap_vld   | out |    1|   ap_ovld  |  cor_phaseClass0i_V_11 |    pointer   |
|cor_phaseClass0i_V_10_i          |  in |   16|   ap_ovld  |  cor_phaseClass0i_V_10 |    pointer   |
|cor_phaseClass0i_V_10_o          | out |   16|   ap_ovld  |  cor_phaseClass0i_V_10 |    pointer   |
|cor_phaseClass0i_V_10_o_ap_vld   | out |    1|   ap_ovld  |  cor_phaseClass0i_V_10 |    pointer   |
|cor_phaseClass0i_V_9_i           |  in |   16|   ap_ovld  |  cor_phaseClass0i_V_9  |    pointer   |
|cor_phaseClass0i_V_9_o           | out |   16|   ap_ovld  |  cor_phaseClass0i_V_9  |    pointer   |
|cor_phaseClass0i_V_9_o_ap_vld    | out |    1|   ap_ovld  |  cor_phaseClass0i_V_9  |    pointer   |
|cor_phaseClass0i_V_8_i           |  in |   16|   ap_ovld  |  cor_phaseClass0i_V_8  |    pointer   |
|cor_phaseClass0i_V_8_o           | out |   16|   ap_ovld  |  cor_phaseClass0i_V_8  |    pointer   |
|cor_phaseClass0i_V_8_o_ap_vld    | out |    1|   ap_ovld  |  cor_phaseClass0i_V_8  |    pointer   |
|cor_phaseClass0i_V_7_i           |  in |   16|   ap_ovld  |  cor_phaseClass0i_V_7  |    pointer   |
|cor_phaseClass0i_V_7_o           | out |   16|   ap_ovld  |  cor_phaseClass0i_V_7  |    pointer   |
|cor_phaseClass0i_V_7_o_ap_vld    | out |    1|   ap_ovld  |  cor_phaseClass0i_V_7  |    pointer   |
|cor_phaseClass0i_V_6_i           |  in |   16|   ap_ovld  |  cor_phaseClass0i_V_6  |    pointer   |
|cor_phaseClass0i_V_6_o           | out |   16|   ap_ovld  |  cor_phaseClass0i_V_6  |    pointer   |
|cor_phaseClass0i_V_6_o_ap_vld    | out |    1|   ap_ovld  |  cor_phaseClass0i_V_6  |    pointer   |
|cor_phaseClass0i_V_5_i           |  in |   16|   ap_ovld  |  cor_phaseClass0i_V_5  |    pointer   |
|cor_phaseClass0i_V_5_o           | out |   16|   ap_ovld  |  cor_phaseClass0i_V_5  |    pointer   |
|cor_phaseClass0i_V_5_o_ap_vld    | out |    1|   ap_ovld  |  cor_phaseClass0i_V_5  |    pointer   |
|cor_phaseClass0i_V_4_i           |  in |   16|   ap_ovld  |  cor_phaseClass0i_V_4  |    pointer   |
|cor_phaseClass0i_V_4_o           | out |   16|   ap_ovld  |  cor_phaseClass0i_V_4  |    pointer   |
|cor_phaseClass0i_V_4_o_ap_vld    | out |    1|   ap_ovld  |  cor_phaseClass0i_V_4  |    pointer   |
|cor_phaseClass0i_V_3_i           |  in |   16|   ap_ovld  |  cor_phaseClass0i_V_3  |    pointer   |
|cor_phaseClass0i_V_3_o           | out |   16|   ap_ovld  |  cor_phaseClass0i_V_3  |    pointer   |
|cor_phaseClass0i_V_3_o_ap_vld    | out |    1|   ap_ovld  |  cor_phaseClass0i_V_3  |    pointer   |
|cor_phaseClass0i_V_2_i           |  in |   16|   ap_ovld  |  cor_phaseClass0i_V_2  |    pointer   |
|cor_phaseClass0i_V_2_o           | out |   16|   ap_ovld  |  cor_phaseClass0i_V_2  |    pointer   |
|cor_phaseClass0i_V_2_o_ap_vld    | out |    1|   ap_ovld  |  cor_phaseClass0i_V_2  |    pointer   |
|cor_phaseClass0i_V_1_i           |  in |   16|   ap_ovld  |  cor_phaseClass0i_V_1  |    pointer   |
|cor_phaseClass0i_V_1_o           | out |   16|   ap_ovld  |  cor_phaseClass0i_V_1  |    pointer   |
|cor_phaseClass0i_V_1_o_ap_vld    | out |    1|   ap_ovld  |  cor_phaseClass0i_V_1  |    pointer   |
|cor_phaseClass0i_V_0_i           |  in |   16|   ap_ovld  |  cor_phaseClass0i_V_0  |    pointer   |
|cor_phaseClass0i_V_0_o           | out |   16|   ap_ovld  |  cor_phaseClass0i_V_0  |    pointer   |
|cor_phaseClass0i_V_0_o_ap_vld    | out |    1|   ap_ovld  |  cor_phaseClass0i_V_0  |    pointer   |
|cor_phaseClass1i_V_14_i          |  in |   16|   ap_ovld  |  cor_phaseClass1i_V_14 |    pointer   |
|cor_phaseClass1i_V_14_o          | out |   16|   ap_ovld  |  cor_phaseClass1i_V_14 |    pointer   |
|cor_phaseClass1i_V_14_o_ap_vld   | out |    1|   ap_ovld  |  cor_phaseClass1i_V_14 |    pointer   |
|cor_phaseClass1i_V_15            | out |   16|   ap_vld   |  cor_phaseClass1i_V_15 |    pointer   |
|cor_phaseClass1i_V_15_ap_vld     | out |    1|   ap_vld   |  cor_phaseClass1i_V_15 |    pointer   |
|cor_phaseClass1i_V_13_i          |  in |   16|   ap_ovld  |  cor_phaseClass1i_V_13 |    pointer   |
|cor_phaseClass1i_V_13_o          | out |   16|   ap_ovld  |  cor_phaseClass1i_V_13 |    pointer   |
|cor_phaseClass1i_V_13_o_ap_vld   | out |    1|   ap_ovld  |  cor_phaseClass1i_V_13 |    pointer   |
|cor_phaseClass1i_V_12_i          |  in |   16|   ap_ovld  |  cor_phaseClass1i_V_12 |    pointer   |
|cor_phaseClass1i_V_12_o          | out |   16|   ap_ovld  |  cor_phaseClass1i_V_12 |    pointer   |
|cor_phaseClass1i_V_12_o_ap_vld   | out |    1|   ap_ovld  |  cor_phaseClass1i_V_12 |    pointer   |
|cor_phaseClass1i_V_11_i          |  in |   16|   ap_ovld  |  cor_phaseClass1i_V_11 |    pointer   |
|cor_phaseClass1i_V_11_o          | out |   16|   ap_ovld  |  cor_phaseClass1i_V_11 |    pointer   |
|cor_phaseClass1i_V_11_o_ap_vld   | out |    1|   ap_ovld  |  cor_phaseClass1i_V_11 |    pointer   |
|cor_phaseClass1i_V_10_i          |  in |   16|   ap_ovld  |  cor_phaseClass1i_V_10 |    pointer   |
|cor_phaseClass1i_V_10_o          | out |   16|   ap_ovld  |  cor_phaseClass1i_V_10 |    pointer   |
|cor_phaseClass1i_V_10_o_ap_vld   | out |    1|   ap_ovld  |  cor_phaseClass1i_V_10 |    pointer   |
|cor_phaseClass1i_V_9_i           |  in |   16|   ap_ovld  |  cor_phaseClass1i_V_9  |    pointer   |
|cor_phaseClass1i_V_9_o           | out |   16|   ap_ovld  |  cor_phaseClass1i_V_9  |    pointer   |
|cor_phaseClass1i_V_9_o_ap_vld    | out |    1|   ap_ovld  |  cor_phaseClass1i_V_9  |    pointer   |
|cor_phaseClass1i_V_8_i           |  in |   16|   ap_ovld  |  cor_phaseClass1i_V_8  |    pointer   |
|cor_phaseClass1i_V_8_o           | out |   16|   ap_ovld  |  cor_phaseClass1i_V_8  |    pointer   |
|cor_phaseClass1i_V_8_o_ap_vld    | out |    1|   ap_ovld  |  cor_phaseClass1i_V_8  |    pointer   |
|cor_phaseClass1i_V_7_i           |  in |   16|   ap_ovld  |  cor_phaseClass1i_V_7  |    pointer   |
|cor_phaseClass1i_V_7_o           | out |   16|   ap_ovld  |  cor_phaseClass1i_V_7  |    pointer   |
|cor_phaseClass1i_V_7_o_ap_vld    | out |    1|   ap_ovld  |  cor_phaseClass1i_V_7  |    pointer   |
|cor_phaseClass1i_V_6_i           |  in |   16|   ap_ovld  |  cor_phaseClass1i_V_6  |    pointer   |
|cor_phaseClass1i_V_6_o           | out |   16|   ap_ovld  |  cor_phaseClass1i_V_6  |    pointer   |
|cor_phaseClass1i_V_6_o_ap_vld    | out |    1|   ap_ovld  |  cor_phaseClass1i_V_6  |    pointer   |
|cor_phaseClass1i_V_5_i           |  in |   16|   ap_ovld  |  cor_phaseClass1i_V_5  |    pointer   |
|cor_phaseClass1i_V_5_o           | out |   16|   ap_ovld  |  cor_phaseClass1i_V_5  |    pointer   |
|cor_phaseClass1i_V_5_o_ap_vld    | out |    1|   ap_ovld  |  cor_phaseClass1i_V_5  |    pointer   |
|cor_phaseClass1i_V_4_i           |  in |   16|   ap_ovld  |  cor_phaseClass1i_V_4  |    pointer   |
|cor_phaseClass1i_V_4_o           | out |   16|   ap_ovld  |  cor_phaseClass1i_V_4  |    pointer   |
|cor_phaseClass1i_V_4_o_ap_vld    | out |    1|   ap_ovld  |  cor_phaseClass1i_V_4  |    pointer   |
|cor_phaseClass1i_V_3_i           |  in |   16|   ap_ovld  |  cor_phaseClass1i_V_3  |    pointer   |
|cor_phaseClass1i_V_3_o           | out |   16|   ap_ovld  |  cor_phaseClass1i_V_3  |    pointer   |
|cor_phaseClass1i_V_3_o_ap_vld    | out |    1|   ap_ovld  |  cor_phaseClass1i_V_3  |    pointer   |
|cor_phaseClass1i_V_2_i           |  in |   16|   ap_ovld  |  cor_phaseClass1i_V_2  |    pointer   |
|cor_phaseClass1i_V_2_o           | out |   16|   ap_ovld  |  cor_phaseClass1i_V_2  |    pointer   |
|cor_phaseClass1i_V_2_o_ap_vld    | out |    1|   ap_ovld  |  cor_phaseClass1i_V_2  |    pointer   |
|cor_phaseClass1i_V_1_i           |  in |   16|   ap_ovld  |  cor_phaseClass1i_V_1  |    pointer   |
|cor_phaseClass1i_V_1_o           | out |   16|   ap_ovld  |  cor_phaseClass1i_V_1  |    pointer   |
|cor_phaseClass1i_V_1_o_ap_vld    | out |    1|   ap_ovld  |  cor_phaseClass1i_V_1  |    pointer   |
|cor_phaseClass1i_V_0_i           |  in |   16|   ap_ovld  |  cor_phaseClass1i_V_0  |    pointer   |
|cor_phaseClass1i_V_0_o           | out |   16|   ap_ovld  |  cor_phaseClass1i_V_0  |    pointer   |
|cor_phaseClass1i_V_0_o_ap_vld    | out |    1|   ap_ovld  |  cor_phaseClass1i_V_0  |    pointer   |
|cor_phaseClass2i_V_14_i          |  in |   16|   ap_ovld  |  cor_phaseClass2i_V_14 |    pointer   |
|cor_phaseClass2i_V_14_o          | out |   16|   ap_ovld  |  cor_phaseClass2i_V_14 |    pointer   |
|cor_phaseClass2i_V_14_o_ap_vld   | out |    1|   ap_ovld  |  cor_phaseClass2i_V_14 |    pointer   |
|cor_phaseClass2i_V_15            | out |   16|   ap_vld   |  cor_phaseClass2i_V_15 |    pointer   |
|cor_phaseClass2i_V_15_ap_vld     | out |    1|   ap_vld   |  cor_phaseClass2i_V_15 |    pointer   |
|cor_phaseClass2i_V_13_i          |  in |   16|   ap_ovld  |  cor_phaseClass2i_V_13 |    pointer   |
|cor_phaseClass2i_V_13_o          | out |   16|   ap_ovld  |  cor_phaseClass2i_V_13 |    pointer   |
|cor_phaseClass2i_V_13_o_ap_vld   | out |    1|   ap_ovld  |  cor_phaseClass2i_V_13 |    pointer   |
|cor_phaseClass2i_V_12_i          |  in |   16|   ap_ovld  |  cor_phaseClass2i_V_12 |    pointer   |
|cor_phaseClass2i_V_12_o          | out |   16|   ap_ovld  |  cor_phaseClass2i_V_12 |    pointer   |
|cor_phaseClass2i_V_12_o_ap_vld   | out |    1|   ap_ovld  |  cor_phaseClass2i_V_12 |    pointer   |
|cor_phaseClass2i_V_11_i          |  in |   16|   ap_ovld  |  cor_phaseClass2i_V_11 |    pointer   |
|cor_phaseClass2i_V_11_o          | out |   16|   ap_ovld  |  cor_phaseClass2i_V_11 |    pointer   |
|cor_phaseClass2i_V_11_o_ap_vld   | out |    1|   ap_ovld  |  cor_phaseClass2i_V_11 |    pointer   |
|cor_phaseClass2i_V_10_i          |  in |   16|   ap_ovld  |  cor_phaseClass2i_V_10 |    pointer   |
|cor_phaseClass2i_V_10_o          | out |   16|   ap_ovld  |  cor_phaseClass2i_V_10 |    pointer   |
|cor_phaseClass2i_V_10_o_ap_vld   | out |    1|   ap_ovld  |  cor_phaseClass2i_V_10 |    pointer   |
|cor_phaseClass2i_V_9_i           |  in |   16|   ap_ovld  |  cor_phaseClass2i_V_9  |    pointer   |
|cor_phaseClass2i_V_9_o           | out |   16|   ap_ovld  |  cor_phaseClass2i_V_9  |    pointer   |
|cor_phaseClass2i_V_9_o_ap_vld    | out |    1|   ap_ovld  |  cor_phaseClass2i_V_9  |    pointer   |
|cor_phaseClass2i_V_8_i           |  in |   16|   ap_ovld  |  cor_phaseClass2i_V_8  |    pointer   |
|cor_phaseClass2i_V_8_o           | out |   16|   ap_ovld  |  cor_phaseClass2i_V_8  |    pointer   |
|cor_phaseClass2i_V_8_o_ap_vld    | out |    1|   ap_ovld  |  cor_phaseClass2i_V_8  |    pointer   |
|cor_phaseClass2i_V_7_i           |  in |   16|   ap_ovld  |  cor_phaseClass2i_V_7  |    pointer   |
|cor_phaseClass2i_V_7_o           | out |   16|   ap_ovld  |  cor_phaseClass2i_V_7  |    pointer   |
|cor_phaseClass2i_V_7_o_ap_vld    | out |    1|   ap_ovld  |  cor_phaseClass2i_V_7  |    pointer   |
|cor_phaseClass2i_V_6_i           |  in |   16|   ap_ovld  |  cor_phaseClass2i_V_6  |    pointer   |
|cor_phaseClass2i_V_6_o           | out |   16|   ap_ovld  |  cor_phaseClass2i_V_6  |    pointer   |
|cor_phaseClass2i_V_6_o_ap_vld    | out |    1|   ap_ovld  |  cor_phaseClass2i_V_6  |    pointer   |
|cor_phaseClass2i_V_5_i           |  in |   16|   ap_ovld  |  cor_phaseClass2i_V_5  |    pointer   |
|cor_phaseClass2i_V_5_o           | out |   16|   ap_ovld  |  cor_phaseClass2i_V_5  |    pointer   |
|cor_phaseClass2i_V_5_o_ap_vld    | out |    1|   ap_ovld  |  cor_phaseClass2i_V_5  |    pointer   |
|cor_phaseClass2i_V_4_i           |  in |   16|   ap_ovld  |  cor_phaseClass2i_V_4  |    pointer   |
|cor_phaseClass2i_V_4_o           | out |   16|   ap_ovld  |  cor_phaseClass2i_V_4  |    pointer   |
|cor_phaseClass2i_V_4_o_ap_vld    | out |    1|   ap_ovld  |  cor_phaseClass2i_V_4  |    pointer   |
|cor_phaseClass2i_V_3_i           |  in |   16|   ap_ovld  |  cor_phaseClass2i_V_3  |    pointer   |
|cor_phaseClass2i_V_3_o           | out |   16|   ap_ovld  |  cor_phaseClass2i_V_3  |    pointer   |
|cor_phaseClass2i_V_3_o_ap_vld    | out |    1|   ap_ovld  |  cor_phaseClass2i_V_3  |    pointer   |
|cor_phaseClass2i_V_2_i           |  in |   16|   ap_ovld  |  cor_phaseClass2i_V_2  |    pointer   |
|cor_phaseClass2i_V_2_o           | out |   16|   ap_ovld  |  cor_phaseClass2i_V_2  |    pointer   |
|cor_phaseClass2i_V_2_o_ap_vld    | out |    1|   ap_ovld  |  cor_phaseClass2i_V_2  |    pointer   |
|cor_phaseClass2i_V_1_i           |  in |   16|   ap_ovld  |  cor_phaseClass2i_V_1  |    pointer   |
|cor_phaseClass2i_V_1_o           | out |   16|   ap_ovld  |  cor_phaseClass2i_V_1  |    pointer   |
|cor_phaseClass2i_V_1_o_ap_vld    | out |    1|   ap_ovld  |  cor_phaseClass2i_V_1  |    pointer   |
|cor_phaseClass2i_V_0_i           |  in |   16|   ap_ovld  |  cor_phaseClass2i_V_0  |    pointer   |
|cor_phaseClass2i_V_0_o           | out |   16|   ap_ovld  |  cor_phaseClass2i_V_0  |    pointer   |
|cor_phaseClass2i_V_0_o_ap_vld    | out |    1|   ap_ovld  |  cor_phaseClass2i_V_0  |    pointer   |
|cor_phaseClass3i_V_14_i          |  in |   16|   ap_ovld  |  cor_phaseClass3i_V_14 |    pointer   |
|cor_phaseClass3i_V_14_o          | out |   16|   ap_ovld  |  cor_phaseClass3i_V_14 |    pointer   |
|cor_phaseClass3i_V_14_o_ap_vld   | out |    1|   ap_ovld  |  cor_phaseClass3i_V_14 |    pointer   |
|cor_phaseClass3i_V_15            | out |   16|   ap_vld   |  cor_phaseClass3i_V_15 |    pointer   |
|cor_phaseClass3i_V_15_ap_vld     | out |    1|   ap_vld   |  cor_phaseClass3i_V_15 |    pointer   |
|cor_phaseClass3i_V_13_i          |  in |   16|   ap_ovld  |  cor_phaseClass3i_V_13 |    pointer   |
|cor_phaseClass3i_V_13_o          | out |   16|   ap_ovld  |  cor_phaseClass3i_V_13 |    pointer   |
|cor_phaseClass3i_V_13_o_ap_vld   | out |    1|   ap_ovld  |  cor_phaseClass3i_V_13 |    pointer   |
|cor_phaseClass3i_V_12_i          |  in |   16|   ap_ovld  |  cor_phaseClass3i_V_12 |    pointer   |
|cor_phaseClass3i_V_12_o          | out |   16|   ap_ovld  |  cor_phaseClass3i_V_12 |    pointer   |
|cor_phaseClass3i_V_12_o_ap_vld   | out |    1|   ap_ovld  |  cor_phaseClass3i_V_12 |    pointer   |
|cor_phaseClass3i_V_11_i          |  in |   16|   ap_ovld  |  cor_phaseClass3i_V_11 |    pointer   |
|cor_phaseClass3i_V_11_o          | out |   16|   ap_ovld  |  cor_phaseClass3i_V_11 |    pointer   |
|cor_phaseClass3i_V_11_o_ap_vld   | out |    1|   ap_ovld  |  cor_phaseClass3i_V_11 |    pointer   |
|cor_phaseClass3i_V_10_i          |  in |   16|   ap_ovld  |  cor_phaseClass3i_V_10 |    pointer   |
|cor_phaseClass3i_V_10_o          | out |   16|   ap_ovld  |  cor_phaseClass3i_V_10 |    pointer   |
|cor_phaseClass3i_V_10_o_ap_vld   | out |    1|   ap_ovld  |  cor_phaseClass3i_V_10 |    pointer   |
|cor_phaseClass3i_V_9_i           |  in |   16|   ap_ovld  |  cor_phaseClass3i_V_9  |    pointer   |
|cor_phaseClass3i_V_9_o           | out |   16|   ap_ovld  |  cor_phaseClass3i_V_9  |    pointer   |
|cor_phaseClass3i_V_9_o_ap_vld    | out |    1|   ap_ovld  |  cor_phaseClass3i_V_9  |    pointer   |
|cor_phaseClass3i_V_8_i           |  in |   16|   ap_ovld  |  cor_phaseClass3i_V_8  |    pointer   |
|cor_phaseClass3i_V_8_o           | out |   16|   ap_ovld  |  cor_phaseClass3i_V_8  |    pointer   |
|cor_phaseClass3i_V_8_o_ap_vld    | out |    1|   ap_ovld  |  cor_phaseClass3i_V_8  |    pointer   |
|cor_phaseClass3i_V_7_i           |  in |   16|   ap_ovld  |  cor_phaseClass3i_V_7  |    pointer   |
|cor_phaseClass3i_V_7_o           | out |   16|   ap_ovld  |  cor_phaseClass3i_V_7  |    pointer   |
|cor_phaseClass3i_V_7_o_ap_vld    | out |    1|   ap_ovld  |  cor_phaseClass3i_V_7  |    pointer   |
|cor_phaseClass3i_V_6_i           |  in |   16|   ap_ovld  |  cor_phaseClass3i_V_6  |    pointer   |
|cor_phaseClass3i_V_6_o           | out |   16|   ap_ovld  |  cor_phaseClass3i_V_6  |    pointer   |
|cor_phaseClass3i_V_6_o_ap_vld    | out |    1|   ap_ovld  |  cor_phaseClass3i_V_6  |    pointer   |
|cor_phaseClass3i_V_5_i           |  in |   16|   ap_ovld  |  cor_phaseClass3i_V_5  |    pointer   |
|cor_phaseClass3i_V_5_o           | out |   16|   ap_ovld  |  cor_phaseClass3i_V_5  |    pointer   |
|cor_phaseClass3i_V_5_o_ap_vld    | out |    1|   ap_ovld  |  cor_phaseClass3i_V_5  |    pointer   |
|cor_phaseClass3i_V_4_i           |  in |   16|   ap_ovld  |  cor_phaseClass3i_V_4  |    pointer   |
|cor_phaseClass3i_V_4_o           | out |   16|   ap_ovld  |  cor_phaseClass3i_V_4  |    pointer   |
|cor_phaseClass3i_V_4_o_ap_vld    | out |    1|   ap_ovld  |  cor_phaseClass3i_V_4  |    pointer   |
|cor_phaseClass3i_V_3_i           |  in |   16|   ap_ovld  |  cor_phaseClass3i_V_3  |    pointer   |
|cor_phaseClass3i_V_3_o           | out |   16|   ap_ovld  |  cor_phaseClass3i_V_3  |    pointer   |
|cor_phaseClass3i_V_3_o_ap_vld    | out |    1|   ap_ovld  |  cor_phaseClass3i_V_3  |    pointer   |
|cor_phaseClass3i_V_2_i           |  in |   16|   ap_ovld  |  cor_phaseClass3i_V_2  |    pointer   |
|cor_phaseClass3i_V_2_o           | out |   16|   ap_ovld  |  cor_phaseClass3i_V_2  |    pointer   |
|cor_phaseClass3i_V_2_o_ap_vld    | out |    1|   ap_ovld  |  cor_phaseClass3i_V_2  |    pointer   |
|cor_phaseClass3i_V_1_i           |  in |   16|   ap_ovld  |  cor_phaseClass3i_V_1  |    pointer   |
|cor_phaseClass3i_V_1_o           | out |   16|   ap_ovld  |  cor_phaseClass3i_V_1  |    pointer   |
|cor_phaseClass3i_V_1_o_ap_vld    | out |    1|   ap_ovld  |  cor_phaseClass3i_V_1  |    pointer   |
|cor_phaseClass3i_V_0_i           |  in |   16|   ap_ovld  |  cor_phaseClass3i_V_0  |    pointer   |
|cor_phaseClass3i_V_0_o           | out |   16|   ap_ovld  |  cor_phaseClass3i_V_0  |    pointer   |
|cor_phaseClass3i_V_0_o_ap_vld    | out |    1|   ap_ovld  |  cor_phaseClass3i_V_0  |    pointer   |
|cor_phaseClass4i_V_14_i          |  in |   16|   ap_ovld  |  cor_phaseClass4i_V_14 |    pointer   |
|cor_phaseClass4i_V_14_o          | out |   16|   ap_ovld  |  cor_phaseClass4i_V_14 |    pointer   |
|cor_phaseClass4i_V_14_o_ap_vld   | out |    1|   ap_ovld  |  cor_phaseClass4i_V_14 |    pointer   |
|cor_phaseClass4i_V_15            | out |   16|   ap_vld   |  cor_phaseClass4i_V_15 |    pointer   |
|cor_phaseClass4i_V_15_ap_vld     | out |    1|   ap_vld   |  cor_phaseClass4i_V_15 |    pointer   |
|cor_phaseClass4i_V_13_i          |  in |   16|   ap_ovld  |  cor_phaseClass4i_V_13 |    pointer   |
|cor_phaseClass4i_V_13_o          | out |   16|   ap_ovld  |  cor_phaseClass4i_V_13 |    pointer   |
|cor_phaseClass4i_V_13_o_ap_vld   | out |    1|   ap_ovld  |  cor_phaseClass4i_V_13 |    pointer   |
|cor_phaseClass4i_V_12_i          |  in |   16|   ap_ovld  |  cor_phaseClass4i_V_12 |    pointer   |
|cor_phaseClass4i_V_12_o          | out |   16|   ap_ovld  |  cor_phaseClass4i_V_12 |    pointer   |
|cor_phaseClass4i_V_12_o_ap_vld   | out |    1|   ap_ovld  |  cor_phaseClass4i_V_12 |    pointer   |
|cor_phaseClass4i_V_11_i          |  in |   16|   ap_ovld  |  cor_phaseClass4i_V_11 |    pointer   |
|cor_phaseClass4i_V_11_o          | out |   16|   ap_ovld  |  cor_phaseClass4i_V_11 |    pointer   |
|cor_phaseClass4i_V_11_o_ap_vld   | out |    1|   ap_ovld  |  cor_phaseClass4i_V_11 |    pointer   |
|cor_phaseClass4i_V_10_i          |  in |   16|   ap_ovld  |  cor_phaseClass4i_V_10 |    pointer   |
|cor_phaseClass4i_V_10_o          | out |   16|   ap_ovld  |  cor_phaseClass4i_V_10 |    pointer   |
|cor_phaseClass4i_V_10_o_ap_vld   | out |    1|   ap_ovld  |  cor_phaseClass4i_V_10 |    pointer   |
|cor_phaseClass4i_V_9_i           |  in |   16|   ap_ovld  |  cor_phaseClass4i_V_9  |    pointer   |
|cor_phaseClass4i_V_9_o           | out |   16|   ap_ovld  |  cor_phaseClass4i_V_9  |    pointer   |
|cor_phaseClass4i_V_9_o_ap_vld    | out |    1|   ap_ovld  |  cor_phaseClass4i_V_9  |    pointer   |
|cor_phaseClass4i_V_8_i           |  in |   16|   ap_ovld  |  cor_phaseClass4i_V_8  |    pointer   |
|cor_phaseClass4i_V_8_o           | out |   16|   ap_ovld  |  cor_phaseClass4i_V_8  |    pointer   |
|cor_phaseClass4i_V_8_o_ap_vld    | out |    1|   ap_ovld  |  cor_phaseClass4i_V_8  |    pointer   |
|cor_phaseClass4i_V_7_i           |  in |   16|   ap_ovld  |  cor_phaseClass4i_V_7  |    pointer   |
|cor_phaseClass4i_V_7_o           | out |   16|   ap_ovld  |  cor_phaseClass4i_V_7  |    pointer   |
|cor_phaseClass4i_V_7_o_ap_vld    | out |    1|   ap_ovld  |  cor_phaseClass4i_V_7  |    pointer   |
|cor_phaseClass4i_V_6_i           |  in |   16|   ap_ovld  |  cor_phaseClass4i_V_6  |    pointer   |
|cor_phaseClass4i_V_6_o           | out |   16|   ap_ovld  |  cor_phaseClass4i_V_6  |    pointer   |
|cor_phaseClass4i_V_6_o_ap_vld    | out |    1|   ap_ovld  |  cor_phaseClass4i_V_6  |    pointer   |
|cor_phaseClass4i_V_5_i           |  in |   16|   ap_ovld  |  cor_phaseClass4i_V_5  |    pointer   |
|cor_phaseClass4i_V_5_o           | out |   16|   ap_ovld  |  cor_phaseClass4i_V_5  |    pointer   |
|cor_phaseClass4i_V_5_o_ap_vld    | out |    1|   ap_ovld  |  cor_phaseClass4i_V_5  |    pointer   |
|cor_phaseClass4i_V_4_i           |  in |   16|   ap_ovld  |  cor_phaseClass4i_V_4  |    pointer   |
|cor_phaseClass4i_V_4_o           | out |   16|   ap_ovld  |  cor_phaseClass4i_V_4  |    pointer   |
|cor_phaseClass4i_V_4_o_ap_vld    | out |    1|   ap_ovld  |  cor_phaseClass4i_V_4  |    pointer   |
|cor_phaseClass4i_V_3_i           |  in |   16|   ap_ovld  |  cor_phaseClass4i_V_3  |    pointer   |
|cor_phaseClass4i_V_3_o           | out |   16|   ap_ovld  |  cor_phaseClass4i_V_3  |    pointer   |
|cor_phaseClass4i_V_3_o_ap_vld    | out |    1|   ap_ovld  |  cor_phaseClass4i_V_3  |    pointer   |
|cor_phaseClass4i_V_2_i           |  in |   16|   ap_ovld  |  cor_phaseClass4i_V_2  |    pointer   |
|cor_phaseClass4i_V_2_o           | out |   16|   ap_ovld  |  cor_phaseClass4i_V_2  |    pointer   |
|cor_phaseClass4i_V_2_o_ap_vld    | out |    1|   ap_ovld  |  cor_phaseClass4i_V_2  |    pointer   |
|cor_phaseClass4i_V_1_i           |  in |   16|   ap_ovld  |  cor_phaseClass4i_V_1  |    pointer   |
|cor_phaseClass4i_V_1_o           | out |   16|   ap_ovld  |  cor_phaseClass4i_V_1  |    pointer   |
|cor_phaseClass4i_V_1_o_ap_vld    | out |    1|   ap_ovld  |  cor_phaseClass4i_V_1  |    pointer   |
|cor_phaseClass4i_V_0_i           |  in |   16|   ap_ovld  |  cor_phaseClass4i_V_0  |    pointer   |
|cor_phaseClass4i_V_0_o           | out |   16|   ap_ovld  |  cor_phaseClass4i_V_0  |    pointer   |
|cor_phaseClass4i_V_0_o_ap_vld    | out |    1|   ap_ovld  |  cor_phaseClass4i_V_0  |    pointer   |
|cor_phaseClass5i_V_14_i          |  in |   16|   ap_ovld  |  cor_phaseClass5i_V_14 |    pointer   |
|cor_phaseClass5i_V_14_o          | out |   16|   ap_ovld  |  cor_phaseClass5i_V_14 |    pointer   |
|cor_phaseClass5i_V_14_o_ap_vld   | out |    1|   ap_ovld  |  cor_phaseClass5i_V_14 |    pointer   |
|cor_phaseClass5i_V_15            | out |   16|   ap_vld   |  cor_phaseClass5i_V_15 |    pointer   |
|cor_phaseClass5i_V_15_ap_vld     | out |    1|   ap_vld   |  cor_phaseClass5i_V_15 |    pointer   |
|cor_phaseClass5i_V_13_i          |  in |   16|   ap_ovld  |  cor_phaseClass5i_V_13 |    pointer   |
|cor_phaseClass5i_V_13_o          | out |   16|   ap_ovld  |  cor_phaseClass5i_V_13 |    pointer   |
|cor_phaseClass5i_V_13_o_ap_vld   | out |    1|   ap_ovld  |  cor_phaseClass5i_V_13 |    pointer   |
|cor_phaseClass5i_V_12_i          |  in |   16|   ap_ovld  |  cor_phaseClass5i_V_12 |    pointer   |
|cor_phaseClass5i_V_12_o          | out |   16|   ap_ovld  |  cor_phaseClass5i_V_12 |    pointer   |
|cor_phaseClass5i_V_12_o_ap_vld   | out |    1|   ap_ovld  |  cor_phaseClass5i_V_12 |    pointer   |
|cor_phaseClass5i_V_11_i          |  in |   16|   ap_ovld  |  cor_phaseClass5i_V_11 |    pointer   |
|cor_phaseClass5i_V_11_o          | out |   16|   ap_ovld  |  cor_phaseClass5i_V_11 |    pointer   |
|cor_phaseClass5i_V_11_o_ap_vld   | out |    1|   ap_ovld  |  cor_phaseClass5i_V_11 |    pointer   |
|cor_phaseClass5i_V_10_i          |  in |   16|   ap_ovld  |  cor_phaseClass5i_V_10 |    pointer   |
|cor_phaseClass5i_V_10_o          | out |   16|   ap_ovld  |  cor_phaseClass5i_V_10 |    pointer   |
|cor_phaseClass5i_V_10_o_ap_vld   | out |    1|   ap_ovld  |  cor_phaseClass5i_V_10 |    pointer   |
|cor_phaseClass5i_V_9_i           |  in |   16|   ap_ovld  |  cor_phaseClass5i_V_9  |    pointer   |
|cor_phaseClass5i_V_9_o           | out |   16|   ap_ovld  |  cor_phaseClass5i_V_9  |    pointer   |
|cor_phaseClass5i_V_9_o_ap_vld    | out |    1|   ap_ovld  |  cor_phaseClass5i_V_9  |    pointer   |
|cor_phaseClass5i_V_8_i           |  in |   16|   ap_ovld  |  cor_phaseClass5i_V_8  |    pointer   |
|cor_phaseClass5i_V_8_o           | out |   16|   ap_ovld  |  cor_phaseClass5i_V_8  |    pointer   |
|cor_phaseClass5i_V_8_o_ap_vld    | out |    1|   ap_ovld  |  cor_phaseClass5i_V_8  |    pointer   |
|cor_phaseClass5i_V_7_i           |  in |   16|   ap_ovld  |  cor_phaseClass5i_V_7  |    pointer   |
|cor_phaseClass5i_V_7_o           | out |   16|   ap_ovld  |  cor_phaseClass5i_V_7  |    pointer   |
|cor_phaseClass5i_V_7_o_ap_vld    | out |    1|   ap_ovld  |  cor_phaseClass5i_V_7  |    pointer   |
|cor_phaseClass5i_V_6_i           |  in |   16|   ap_ovld  |  cor_phaseClass5i_V_6  |    pointer   |
|cor_phaseClass5i_V_6_o           | out |   16|   ap_ovld  |  cor_phaseClass5i_V_6  |    pointer   |
|cor_phaseClass5i_V_6_o_ap_vld    | out |    1|   ap_ovld  |  cor_phaseClass5i_V_6  |    pointer   |
|cor_phaseClass5i_V_5_i           |  in |   16|   ap_ovld  |  cor_phaseClass5i_V_5  |    pointer   |
|cor_phaseClass5i_V_5_o           | out |   16|   ap_ovld  |  cor_phaseClass5i_V_5  |    pointer   |
|cor_phaseClass5i_V_5_o_ap_vld    | out |    1|   ap_ovld  |  cor_phaseClass5i_V_5  |    pointer   |
|cor_phaseClass5i_V_4_i           |  in |   16|   ap_ovld  |  cor_phaseClass5i_V_4  |    pointer   |
|cor_phaseClass5i_V_4_o           | out |   16|   ap_ovld  |  cor_phaseClass5i_V_4  |    pointer   |
|cor_phaseClass5i_V_4_o_ap_vld    | out |    1|   ap_ovld  |  cor_phaseClass5i_V_4  |    pointer   |
|cor_phaseClass5i_V_3_i           |  in |   16|   ap_ovld  |  cor_phaseClass5i_V_3  |    pointer   |
|cor_phaseClass5i_V_3_o           | out |   16|   ap_ovld  |  cor_phaseClass5i_V_3  |    pointer   |
|cor_phaseClass5i_V_3_o_ap_vld    | out |    1|   ap_ovld  |  cor_phaseClass5i_V_3  |    pointer   |
|cor_phaseClass5i_V_2_i           |  in |   16|   ap_ovld  |  cor_phaseClass5i_V_2  |    pointer   |
|cor_phaseClass5i_V_2_o           | out |   16|   ap_ovld  |  cor_phaseClass5i_V_2  |    pointer   |
|cor_phaseClass5i_V_2_o_ap_vld    | out |    1|   ap_ovld  |  cor_phaseClass5i_V_2  |    pointer   |
|cor_phaseClass5i_V_1_i           |  in |   16|   ap_ovld  |  cor_phaseClass5i_V_1  |    pointer   |
|cor_phaseClass5i_V_1_o           | out |   16|   ap_ovld  |  cor_phaseClass5i_V_1  |    pointer   |
|cor_phaseClass5i_V_1_o_ap_vld    | out |    1|   ap_ovld  |  cor_phaseClass5i_V_1  |    pointer   |
|cor_phaseClass5i_V_0_i           |  in |   16|   ap_ovld  |  cor_phaseClass5i_V_0  |    pointer   |
|cor_phaseClass5i_V_0_o           | out |   16|   ap_ovld  |  cor_phaseClass5i_V_0  |    pointer   |
|cor_phaseClass5i_V_0_o_ap_vld    | out |    1|   ap_ovld  |  cor_phaseClass5i_V_0  |    pointer   |
|cor_phaseClass6i_V_14_i          |  in |   16|   ap_ovld  |  cor_phaseClass6i_V_14 |    pointer   |
|cor_phaseClass6i_V_14_o          | out |   16|   ap_ovld  |  cor_phaseClass6i_V_14 |    pointer   |
|cor_phaseClass6i_V_14_o_ap_vld   | out |    1|   ap_ovld  |  cor_phaseClass6i_V_14 |    pointer   |
|cor_phaseClass6i_V_15            | out |   16|   ap_vld   |  cor_phaseClass6i_V_15 |    pointer   |
|cor_phaseClass6i_V_15_ap_vld     | out |    1|   ap_vld   |  cor_phaseClass6i_V_15 |    pointer   |
|cor_phaseClass6i_V_13_i          |  in |   16|   ap_ovld  |  cor_phaseClass6i_V_13 |    pointer   |
|cor_phaseClass6i_V_13_o          | out |   16|   ap_ovld  |  cor_phaseClass6i_V_13 |    pointer   |
|cor_phaseClass6i_V_13_o_ap_vld   | out |    1|   ap_ovld  |  cor_phaseClass6i_V_13 |    pointer   |
|cor_phaseClass6i_V_12_i          |  in |   16|   ap_ovld  |  cor_phaseClass6i_V_12 |    pointer   |
|cor_phaseClass6i_V_12_o          | out |   16|   ap_ovld  |  cor_phaseClass6i_V_12 |    pointer   |
|cor_phaseClass6i_V_12_o_ap_vld   | out |    1|   ap_ovld  |  cor_phaseClass6i_V_12 |    pointer   |
|cor_phaseClass6i_V_11_i          |  in |   16|   ap_ovld  |  cor_phaseClass6i_V_11 |    pointer   |
|cor_phaseClass6i_V_11_o          | out |   16|   ap_ovld  |  cor_phaseClass6i_V_11 |    pointer   |
|cor_phaseClass6i_V_11_o_ap_vld   | out |    1|   ap_ovld  |  cor_phaseClass6i_V_11 |    pointer   |
|cor_phaseClass6i_V_10_i          |  in |   16|   ap_ovld  |  cor_phaseClass6i_V_10 |    pointer   |
|cor_phaseClass6i_V_10_o          | out |   16|   ap_ovld  |  cor_phaseClass6i_V_10 |    pointer   |
|cor_phaseClass6i_V_10_o_ap_vld   | out |    1|   ap_ovld  |  cor_phaseClass6i_V_10 |    pointer   |
|cor_phaseClass6i_V_9_i           |  in |   16|   ap_ovld  |  cor_phaseClass6i_V_9  |    pointer   |
|cor_phaseClass6i_V_9_o           | out |   16|   ap_ovld  |  cor_phaseClass6i_V_9  |    pointer   |
|cor_phaseClass6i_V_9_o_ap_vld    | out |    1|   ap_ovld  |  cor_phaseClass6i_V_9  |    pointer   |
|cor_phaseClass6i_V_8_i           |  in |   16|   ap_ovld  |  cor_phaseClass6i_V_8  |    pointer   |
|cor_phaseClass6i_V_8_o           | out |   16|   ap_ovld  |  cor_phaseClass6i_V_8  |    pointer   |
|cor_phaseClass6i_V_8_o_ap_vld    | out |    1|   ap_ovld  |  cor_phaseClass6i_V_8  |    pointer   |
|cor_phaseClass6i_V_7_i           |  in |   16|   ap_ovld  |  cor_phaseClass6i_V_7  |    pointer   |
|cor_phaseClass6i_V_7_o           | out |   16|   ap_ovld  |  cor_phaseClass6i_V_7  |    pointer   |
|cor_phaseClass6i_V_7_o_ap_vld    | out |    1|   ap_ovld  |  cor_phaseClass6i_V_7  |    pointer   |
|cor_phaseClass6i_V_6_i           |  in |   16|   ap_ovld  |  cor_phaseClass6i_V_6  |    pointer   |
|cor_phaseClass6i_V_6_o           | out |   16|   ap_ovld  |  cor_phaseClass6i_V_6  |    pointer   |
|cor_phaseClass6i_V_6_o_ap_vld    | out |    1|   ap_ovld  |  cor_phaseClass6i_V_6  |    pointer   |
|cor_phaseClass6i_V_5_i           |  in |   16|   ap_ovld  |  cor_phaseClass6i_V_5  |    pointer   |
|cor_phaseClass6i_V_5_o           | out |   16|   ap_ovld  |  cor_phaseClass6i_V_5  |    pointer   |
|cor_phaseClass6i_V_5_o_ap_vld    | out |    1|   ap_ovld  |  cor_phaseClass6i_V_5  |    pointer   |
|cor_phaseClass6i_V_4_i           |  in |   16|   ap_ovld  |  cor_phaseClass6i_V_4  |    pointer   |
|cor_phaseClass6i_V_4_o           | out |   16|   ap_ovld  |  cor_phaseClass6i_V_4  |    pointer   |
|cor_phaseClass6i_V_4_o_ap_vld    | out |    1|   ap_ovld  |  cor_phaseClass6i_V_4  |    pointer   |
|cor_phaseClass6i_V_3_i           |  in |   16|   ap_ovld  |  cor_phaseClass6i_V_3  |    pointer   |
|cor_phaseClass6i_V_3_o           | out |   16|   ap_ovld  |  cor_phaseClass6i_V_3  |    pointer   |
|cor_phaseClass6i_V_3_o_ap_vld    | out |    1|   ap_ovld  |  cor_phaseClass6i_V_3  |    pointer   |
|cor_phaseClass6i_V_2_i           |  in |   16|   ap_ovld  |  cor_phaseClass6i_V_2  |    pointer   |
|cor_phaseClass6i_V_2_o           | out |   16|   ap_ovld  |  cor_phaseClass6i_V_2  |    pointer   |
|cor_phaseClass6i_V_2_o_ap_vld    | out |    1|   ap_ovld  |  cor_phaseClass6i_V_2  |    pointer   |
|cor_phaseClass6i_V_1_i           |  in |   16|   ap_ovld  |  cor_phaseClass6i_V_1  |    pointer   |
|cor_phaseClass6i_V_1_o           | out |   16|   ap_ovld  |  cor_phaseClass6i_V_1  |    pointer   |
|cor_phaseClass6i_V_1_o_ap_vld    | out |    1|   ap_ovld  |  cor_phaseClass6i_V_1  |    pointer   |
|cor_phaseClass6i_V_0_i           |  in |   16|   ap_ovld  |  cor_phaseClass6i_V_0  |    pointer   |
|cor_phaseClass6i_V_0_o           | out |   16|   ap_ovld  |  cor_phaseClass6i_V_0  |    pointer   |
|cor_phaseClass6i_V_0_o_ap_vld    | out |    1|   ap_ovld  |  cor_phaseClass6i_V_0  |    pointer   |
|cor_phaseClass7i_V_14_i          |  in |   16|   ap_ovld  |  cor_phaseClass7i_V_14 |    pointer   |
|cor_phaseClass7i_V_14_o          | out |   16|   ap_ovld  |  cor_phaseClass7i_V_14 |    pointer   |
|cor_phaseClass7i_V_14_o_ap_vld   | out |    1|   ap_ovld  |  cor_phaseClass7i_V_14 |    pointer   |
|cor_phaseClass7i_V_15            | out |   16|   ap_vld   |  cor_phaseClass7i_V_15 |    pointer   |
|cor_phaseClass7i_V_15_ap_vld     | out |    1|   ap_vld   |  cor_phaseClass7i_V_15 |    pointer   |
|cor_phaseClass7i_V_13_i          |  in |   16|   ap_ovld  |  cor_phaseClass7i_V_13 |    pointer   |
|cor_phaseClass7i_V_13_o          | out |   16|   ap_ovld  |  cor_phaseClass7i_V_13 |    pointer   |
|cor_phaseClass7i_V_13_o_ap_vld   | out |    1|   ap_ovld  |  cor_phaseClass7i_V_13 |    pointer   |
|cor_phaseClass7i_V_12_i          |  in |   16|   ap_ovld  |  cor_phaseClass7i_V_12 |    pointer   |
|cor_phaseClass7i_V_12_o          | out |   16|   ap_ovld  |  cor_phaseClass7i_V_12 |    pointer   |
|cor_phaseClass7i_V_12_o_ap_vld   | out |    1|   ap_ovld  |  cor_phaseClass7i_V_12 |    pointer   |
|cor_phaseClass7i_V_11_i          |  in |   16|   ap_ovld  |  cor_phaseClass7i_V_11 |    pointer   |
|cor_phaseClass7i_V_11_o          | out |   16|   ap_ovld  |  cor_phaseClass7i_V_11 |    pointer   |
|cor_phaseClass7i_V_11_o_ap_vld   | out |    1|   ap_ovld  |  cor_phaseClass7i_V_11 |    pointer   |
|cor_phaseClass7i_V_10_i          |  in |   16|   ap_ovld  |  cor_phaseClass7i_V_10 |    pointer   |
|cor_phaseClass7i_V_10_o          | out |   16|   ap_ovld  |  cor_phaseClass7i_V_10 |    pointer   |
|cor_phaseClass7i_V_10_o_ap_vld   | out |    1|   ap_ovld  |  cor_phaseClass7i_V_10 |    pointer   |
|cor_phaseClass7i_V_9_i           |  in |   16|   ap_ovld  |  cor_phaseClass7i_V_9  |    pointer   |
|cor_phaseClass7i_V_9_o           | out |   16|   ap_ovld  |  cor_phaseClass7i_V_9  |    pointer   |
|cor_phaseClass7i_V_9_o_ap_vld    | out |    1|   ap_ovld  |  cor_phaseClass7i_V_9  |    pointer   |
|cor_phaseClass7i_V_8_i           |  in |   16|   ap_ovld  |  cor_phaseClass7i_V_8  |    pointer   |
|cor_phaseClass7i_V_8_o           | out |   16|   ap_ovld  |  cor_phaseClass7i_V_8  |    pointer   |
|cor_phaseClass7i_V_8_o_ap_vld    | out |    1|   ap_ovld  |  cor_phaseClass7i_V_8  |    pointer   |
|cor_phaseClass7i_V_7_i           |  in |   16|   ap_ovld  |  cor_phaseClass7i_V_7  |    pointer   |
|cor_phaseClass7i_V_7_o           | out |   16|   ap_ovld  |  cor_phaseClass7i_V_7  |    pointer   |
|cor_phaseClass7i_V_7_o_ap_vld    | out |    1|   ap_ovld  |  cor_phaseClass7i_V_7  |    pointer   |
|cor_phaseClass7i_V_6_i           |  in |   16|   ap_ovld  |  cor_phaseClass7i_V_6  |    pointer   |
|cor_phaseClass7i_V_6_o           | out |   16|   ap_ovld  |  cor_phaseClass7i_V_6  |    pointer   |
|cor_phaseClass7i_V_6_o_ap_vld    | out |    1|   ap_ovld  |  cor_phaseClass7i_V_6  |    pointer   |
|cor_phaseClass7i_V_5_i           |  in |   16|   ap_ovld  |  cor_phaseClass7i_V_5  |    pointer   |
|cor_phaseClass7i_V_5_o           | out |   16|   ap_ovld  |  cor_phaseClass7i_V_5  |    pointer   |
|cor_phaseClass7i_V_5_o_ap_vld    | out |    1|   ap_ovld  |  cor_phaseClass7i_V_5  |    pointer   |
|cor_phaseClass7i_V_4_i           |  in |   16|   ap_ovld  |  cor_phaseClass7i_V_4  |    pointer   |
|cor_phaseClass7i_V_4_o           | out |   16|   ap_ovld  |  cor_phaseClass7i_V_4  |    pointer   |
|cor_phaseClass7i_V_4_o_ap_vld    | out |    1|   ap_ovld  |  cor_phaseClass7i_V_4  |    pointer   |
|cor_phaseClass7i_V_3_i           |  in |   16|   ap_ovld  |  cor_phaseClass7i_V_3  |    pointer   |
|cor_phaseClass7i_V_3_o           | out |   16|   ap_ovld  |  cor_phaseClass7i_V_3  |    pointer   |
|cor_phaseClass7i_V_3_o_ap_vld    | out |    1|   ap_ovld  |  cor_phaseClass7i_V_3  |    pointer   |
|cor_phaseClass7i_V_2_i           |  in |   16|   ap_ovld  |  cor_phaseClass7i_V_2  |    pointer   |
|cor_phaseClass7i_V_2_o           | out |   16|   ap_ovld  |  cor_phaseClass7i_V_2  |    pointer   |
|cor_phaseClass7i_V_2_o_ap_vld    | out |    1|   ap_ovld  |  cor_phaseClass7i_V_2  |    pointer   |
|cor_phaseClass7i_V_1_i           |  in |   16|   ap_ovld  |  cor_phaseClass7i_V_1  |    pointer   |
|cor_phaseClass7i_V_1_o           | out |   16|   ap_ovld  |  cor_phaseClass7i_V_1  |    pointer   |
|cor_phaseClass7i_V_1_o_ap_vld    | out |    1|   ap_ovld  |  cor_phaseClass7i_V_1  |    pointer   |
|cor_phaseClass7i_V_0_i           |  in |   16|   ap_ovld  |  cor_phaseClass7i_V_0  |    pointer   |
|cor_phaseClass7i_V_0_o           | out |   16|   ap_ovld  |  cor_phaseClass7i_V_0  |    pointer   |
|cor_phaseClass7i_V_0_o_ap_vld    | out |    1|   ap_ovld  |  cor_phaseClass7i_V_0  |    pointer   |
|cor_phaseClass8i_V_14_i          |  in |   16|   ap_ovld  |  cor_phaseClass8i_V_14 |    pointer   |
|cor_phaseClass8i_V_14_o          | out |   16|   ap_ovld  |  cor_phaseClass8i_V_14 |    pointer   |
|cor_phaseClass8i_V_14_o_ap_vld   | out |    1|   ap_ovld  |  cor_phaseClass8i_V_14 |    pointer   |
|cor_phaseClass8i_V_15            | out |   16|   ap_vld   |  cor_phaseClass8i_V_15 |    pointer   |
|cor_phaseClass8i_V_15_ap_vld     | out |    1|   ap_vld   |  cor_phaseClass8i_V_15 |    pointer   |
|cor_phaseClass8i_V_13_i          |  in |   16|   ap_ovld  |  cor_phaseClass8i_V_13 |    pointer   |
|cor_phaseClass8i_V_13_o          | out |   16|   ap_ovld  |  cor_phaseClass8i_V_13 |    pointer   |
|cor_phaseClass8i_V_13_o_ap_vld   | out |    1|   ap_ovld  |  cor_phaseClass8i_V_13 |    pointer   |
|cor_phaseClass8i_V_12_i          |  in |   16|   ap_ovld  |  cor_phaseClass8i_V_12 |    pointer   |
|cor_phaseClass8i_V_12_o          | out |   16|   ap_ovld  |  cor_phaseClass8i_V_12 |    pointer   |
|cor_phaseClass8i_V_12_o_ap_vld   | out |    1|   ap_ovld  |  cor_phaseClass8i_V_12 |    pointer   |
|cor_phaseClass8i_V_11_i          |  in |   16|   ap_ovld  |  cor_phaseClass8i_V_11 |    pointer   |
|cor_phaseClass8i_V_11_o          | out |   16|   ap_ovld  |  cor_phaseClass8i_V_11 |    pointer   |
|cor_phaseClass8i_V_11_o_ap_vld   | out |    1|   ap_ovld  |  cor_phaseClass8i_V_11 |    pointer   |
|cor_phaseClass8i_V_10_i          |  in |   16|   ap_ovld  |  cor_phaseClass8i_V_10 |    pointer   |
|cor_phaseClass8i_V_10_o          | out |   16|   ap_ovld  |  cor_phaseClass8i_V_10 |    pointer   |
|cor_phaseClass8i_V_10_o_ap_vld   | out |    1|   ap_ovld  |  cor_phaseClass8i_V_10 |    pointer   |
|cor_phaseClass8i_V_9_i           |  in |   16|   ap_ovld  |  cor_phaseClass8i_V_9  |    pointer   |
|cor_phaseClass8i_V_9_o           | out |   16|   ap_ovld  |  cor_phaseClass8i_V_9  |    pointer   |
|cor_phaseClass8i_V_9_o_ap_vld    | out |    1|   ap_ovld  |  cor_phaseClass8i_V_9  |    pointer   |
|cor_phaseClass8i_V_8_i           |  in |   16|   ap_ovld  |  cor_phaseClass8i_V_8  |    pointer   |
|cor_phaseClass8i_V_8_o           | out |   16|   ap_ovld  |  cor_phaseClass8i_V_8  |    pointer   |
|cor_phaseClass8i_V_8_o_ap_vld    | out |    1|   ap_ovld  |  cor_phaseClass8i_V_8  |    pointer   |
|cor_phaseClass8i_V_7_i           |  in |   16|   ap_ovld  |  cor_phaseClass8i_V_7  |    pointer   |
|cor_phaseClass8i_V_7_o           | out |   16|   ap_ovld  |  cor_phaseClass8i_V_7  |    pointer   |
|cor_phaseClass8i_V_7_o_ap_vld    | out |    1|   ap_ovld  |  cor_phaseClass8i_V_7  |    pointer   |
|cor_phaseClass8i_V_6_i           |  in |   16|   ap_ovld  |  cor_phaseClass8i_V_6  |    pointer   |
|cor_phaseClass8i_V_6_o           | out |   16|   ap_ovld  |  cor_phaseClass8i_V_6  |    pointer   |
|cor_phaseClass8i_V_6_o_ap_vld    | out |    1|   ap_ovld  |  cor_phaseClass8i_V_6  |    pointer   |
|cor_phaseClass8i_V_5_i           |  in |   16|   ap_ovld  |  cor_phaseClass8i_V_5  |    pointer   |
|cor_phaseClass8i_V_5_o           | out |   16|   ap_ovld  |  cor_phaseClass8i_V_5  |    pointer   |
|cor_phaseClass8i_V_5_o_ap_vld    | out |    1|   ap_ovld  |  cor_phaseClass8i_V_5  |    pointer   |
|cor_phaseClass8i_V_4_i           |  in |   16|   ap_ovld  |  cor_phaseClass8i_V_4  |    pointer   |
|cor_phaseClass8i_V_4_o           | out |   16|   ap_ovld  |  cor_phaseClass8i_V_4  |    pointer   |
|cor_phaseClass8i_V_4_o_ap_vld    | out |    1|   ap_ovld  |  cor_phaseClass8i_V_4  |    pointer   |
|cor_phaseClass8i_V_3_i           |  in |   16|   ap_ovld  |  cor_phaseClass8i_V_3  |    pointer   |
|cor_phaseClass8i_V_3_o           | out |   16|   ap_ovld  |  cor_phaseClass8i_V_3  |    pointer   |
|cor_phaseClass8i_V_3_o_ap_vld    | out |    1|   ap_ovld  |  cor_phaseClass8i_V_3  |    pointer   |
|cor_phaseClass8i_V_2_i           |  in |   16|   ap_ovld  |  cor_phaseClass8i_V_2  |    pointer   |
|cor_phaseClass8i_V_2_o           | out |   16|   ap_ovld  |  cor_phaseClass8i_V_2  |    pointer   |
|cor_phaseClass8i_V_2_o_ap_vld    | out |    1|   ap_ovld  |  cor_phaseClass8i_V_2  |    pointer   |
|cor_phaseClass8i_V_1_i           |  in |   16|   ap_ovld  |  cor_phaseClass8i_V_1  |    pointer   |
|cor_phaseClass8i_V_1_o           | out |   16|   ap_ovld  |  cor_phaseClass8i_V_1  |    pointer   |
|cor_phaseClass8i_V_1_o_ap_vld    | out |    1|   ap_ovld  |  cor_phaseClass8i_V_1  |    pointer   |
|cor_phaseClass8i_V_0_i           |  in |   16|   ap_ovld  |  cor_phaseClass8i_V_0  |    pointer   |
|cor_phaseClass8i_V_0_o           | out |   16|   ap_ovld  |  cor_phaseClass8i_V_0  |    pointer   |
|cor_phaseClass8i_V_0_o_ap_vld    | out |    1|   ap_ovld  |  cor_phaseClass8i_V_0  |    pointer   |
|cor_phaseClass9i_V_14_i          |  in |   16|   ap_ovld  |  cor_phaseClass9i_V_14 |    pointer   |
|cor_phaseClass9i_V_14_o          | out |   16|   ap_ovld  |  cor_phaseClass9i_V_14 |    pointer   |
|cor_phaseClass9i_V_14_o_ap_vld   | out |    1|   ap_ovld  |  cor_phaseClass9i_V_14 |    pointer   |
|cor_phaseClass9i_V_15            | out |   16|   ap_vld   |  cor_phaseClass9i_V_15 |    pointer   |
|cor_phaseClass9i_V_15_ap_vld     | out |    1|   ap_vld   |  cor_phaseClass9i_V_15 |    pointer   |
|cor_phaseClass9i_V_13_i          |  in |   16|   ap_ovld  |  cor_phaseClass9i_V_13 |    pointer   |
|cor_phaseClass9i_V_13_o          | out |   16|   ap_ovld  |  cor_phaseClass9i_V_13 |    pointer   |
|cor_phaseClass9i_V_13_o_ap_vld   | out |    1|   ap_ovld  |  cor_phaseClass9i_V_13 |    pointer   |
|cor_phaseClass9i_V_12_i          |  in |   16|   ap_ovld  |  cor_phaseClass9i_V_12 |    pointer   |
|cor_phaseClass9i_V_12_o          | out |   16|   ap_ovld  |  cor_phaseClass9i_V_12 |    pointer   |
|cor_phaseClass9i_V_12_o_ap_vld   | out |    1|   ap_ovld  |  cor_phaseClass9i_V_12 |    pointer   |
|cor_phaseClass9i_V_11_i          |  in |   16|   ap_ovld  |  cor_phaseClass9i_V_11 |    pointer   |
|cor_phaseClass9i_V_11_o          | out |   16|   ap_ovld  |  cor_phaseClass9i_V_11 |    pointer   |
|cor_phaseClass9i_V_11_o_ap_vld   | out |    1|   ap_ovld  |  cor_phaseClass9i_V_11 |    pointer   |
|cor_phaseClass9i_V_10_i          |  in |   16|   ap_ovld  |  cor_phaseClass9i_V_10 |    pointer   |
|cor_phaseClass9i_V_10_o          | out |   16|   ap_ovld  |  cor_phaseClass9i_V_10 |    pointer   |
|cor_phaseClass9i_V_10_o_ap_vld   | out |    1|   ap_ovld  |  cor_phaseClass9i_V_10 |    pointer   |
|cor_phaseClass9i_V_9_i           |  in |   16|   ap_ovld  |  cor_phaseClass9i_V_9  |    pointer   |
|cor_phaseClass9i_V_9_o           | out |   16|   ap_ovld  |  cor_phaseClass9i_V_9  |    pointer   |
|cor_phaseClass9i_V_9_o_ap_vld    | out |    1|   ap_ovld  |  cor_phaseClass9i_V_9  |    pointer   |
|cor_phaseClass9i_V_8_i           |  in |   16|   ap_ovld  |  cor_phaseClass9i_V_8  |    pointer   |
|cor_phaseClass9i_V_8_o           | out |   16|   ap_ovld  |  cor_phaseClass9i_V_8  |    pointer   |
|cor_phaseClass9i_V_8_o_ap_vld    | out |    1|   ap_ovld  |  cor_phaseClass9i_V_8  |    pointer   |
|cor_phaseClass9i_V_7_i           |  in |   16|   ap_ovld  |  cor_phaseClass9i_V_7  |    pointer   |
|cor_phaseClass9i_V_7_o           | out |   16|   ap_ovld  |  cor_phaseClass9i_V_7  |    pointer   |
|cor_phaseClass9i_V_7_o_ap_vld    | out |    1|   ap_ovld  |  cor_phaseClass9i_V_7  |    pointer   |
|cor_phaseClass9i_V_6_i           |  in |   16|   ap_ovld  |  cor_phaseClass9i_V_6  |    pointer   |
|cor_phaseClass9i_V_6_o           | out |   16|   ap_ovld  |  cor_phaseClass9i_V_6  |    pointer   |
|cor_phaseClass9i_V_6_o_ap_vld    | out |    1|   ap_ovld  |  cor_phaseClass9i_V_6  |    pointer   |
|cor_phaseClass9i_V_5_i           |  in |   16|   ap_ovld  |  cor_phaseClass9i_V_5  |    pointer   |
|cor_phaseClass9i_V_5_o           | out |   16|   ap_ovld  |  cor_phaseClass9i_V_5  |    pointer   |
|cor_phaseClass9i_V_5_o_ap_vld    | out |    1|   ap_ovld  |  cor_phaseClass9i_V_5  |    pointer   |
|cor_phaseClass9i_V_4_i           |  in |   16|   ap_ovld  |  cor_phaseClass9i_V_4  |    pointer   |
|cor_phaseClass9i_V_4_o           | out |   16|   ap_ovld  |  cor_phaseClass9i_V_4  |    pointer   |
|cor_phaseClass9i_V_4_o_ap_vld    | out |    1|   ap_ovld  |  cor_phaseClass9i_V_4  |    pointer   |
|cor_phaseClass9i_V_3_i           |  in |   16|   ap_ovld  |  cor_phaseClass9i_V_3  |    pointer   |
|cor_phaseClass9i_V_3_o           | out |   16|   ap_ovld  |  cor_phaseClass9i_V_3  |    pointer   |
|cor_phaseClass9i_V_3_o_ap_vld    | out |    1|   ap_ovld  |  cor_phaseClass9i_V_3  |    pointer   |
|cor_phaseClass9i_V_2_i           |  in |   16|   ap_ovld  |  cor_phaseClass9i_V_2  |    pointer   |
|cor_phaseClass9i_V_2_o           | out |   16|   ap_ovld  |  cor_phaseClass9i_V_2  |    pointer   |
|cor_phaseClass9i_V_2_o_ap_vld    | out |    1|   ap_ovld  |  cor_phaseClass9i_V_2  |    pointer   |
|cor_phaseClass9i_V_1_i           |  in |   16|   ap_ovld  |  cor_phaseClass9i_V_1  |    pointer   |
|cor_phaseClass9i_V_1_o           | out |   16|   ap_ovld  |  cor_phaseClass9i_V_1  |    pointer   |
|cor_phaseClass9i_V_1_o_ap_vld    | out |    1|   ap_ovld  |  cor_phaseClass9i_V_1  |    pointer   |
|cor_phaseClass9i_V_0_i           |  in |   16|   ap_ovld  |  cor_phaseClass9i_V_0  |    pointer   |
|cor_phaseClass9i_V_0_o           | out |   16|   ap_ovld  |  cor_phaseClass9i_V_0  |    pointer   |
|cor_phaseClass9i_V_0_o_ap_vld    | out |    1|   ap_ovld  |  cor_phaseClass9i_V_0  |    pointer   |
|cor_phaseClass10i_V_14_i         |  in |   16|   ap_ovld  | cor_phaseClass10i_V_14 |    pointer   |
|cor_phaseClass10i_V_14_o         | out |   16|   ap_ovld  | cor_phaseClass10i_V_14 |    pointer   |
|cor_phaseClass10i_V_14_o_ap_vld  | out |    1|   ap_ovld  | cor_phaseClass10i_V_14 |    pointer   |
|cor_phaseClass10i_V_15           | out |   16|   ap_vld   | cor_phaseClass10i_V_15 |    pointer   |
|cor_phaseClass10i_V_15_ap_vld    | out |    1|   ap_vld   | cor_phaseClass10i_V_15 |    pointer   |
|cor_phaseClass10i_V_13_i         |  in |   16|   ap_ovld  | cor_phaseClass10i_V_13 |    pointer   |
|cor_phaseClass10i_V_13_o         | out |   16|   ap_ovld  | cor_phaseClass10i_V_13 |    pointer   |
|cor_phaseClass10i_V_13_o_ap_vld  | out |    1|   ap_ovld  | cor_phaseClass10i_V_13 |    pointer   |
|cor_phaseClass10i_V_12_i         |  in |   16|   ap_ovld  | cor_phaseClass10i_V_12 |    pointer   |
|cor_phaseClass10i_V_12_o         | out |   16|   ap_ovld  | cor_phaseClass10i_V_12 |    pointer   |
|cor_phaseClass10i_V_12_o_ap_vld  | out |    1|   ap_ovld  | cor_phaseClass10i_V_12 |    pointer   |
|cor_phaseClass10i_V_11_i         |  in |   16|   ap_ovld  | cor_phaseClass10i_V_11 |    pointer   |
|cor_phaseClass10i_V_11_o         | out |   16|   ap_ovld  | cor_phaseClass10i_V_11 |    pointer   |
|cor_phaseClass10i_V_11_o_ap_vld  | out |    1|   ap_ovld  | cor_phaseClass10i_V_11 |    pointer   |
|cor_phaseClass10i_V_10_i         |  in |   16|   ap_ovld  | cor_phaseClass10i_V_10 |    pointer   |
|cor_phaseClass10i_V_10_o         | out |   16|   ap_ovld  | cor_phaseClass10i_V_10 |    pointer   |
|cor_phaseClass10i_V_10_o_ap_vld  | out |    1|   ap_ovld  | cor_phaseClass10i_V_10 |    pointer   |
|cor_phaseClass10i_V_9_i          |  in |   16|   ap_ovld  |  cor_phaseClass10i_V_9 |    pointer   |
|cor_phaseClass10i_V_9_o          | out |   16|   ap_ovld  |  cor_phaseClass10i_V_9 |    pointer   |
|cor_phaseClass10i_V_9_o_ap_vld   | out |    1|   ap_ovld  |  cor_phaseClass10i_V_9 |    pointer   |
|cor_phaseClass10i_V_8_i          |  in |   16|   ap_ovld  |  cor_phaseClass10i_V_8 |    pointer   |
|cor_phaseClass10i_V_8_o          | out |   16|   ap_ovld  |  cor_phaseClass10i_V_8 |    pointer   |
|cor_phaseClass10i_V_8_o_ap_vld   | out |    1|   ap_ovld  |  cor_phaseClass10i_V_8 |    pointer   |
|cor_phaseClass10i_V_7_i          |  in |   16|   ap_ovld  |  cor_phaseClass10i_V_7 |    pointer   |
|cor_phaseClass10i_V_7_o          | out |   16|   ap_ovld  |  cor_phaseClass10i_V_7 |    pointer   |
|cor_phaseClass10i_V_7_o_ap_vld   | out |    1|   ap_ovld  |  cor_phaseClass10i_V_7 |    pointer   |
|cor_phaseClass10i_V_6_i          |  in |   16|   ap_ovld  |  cor_phaseClass10i_V_6 |    pointer   |
|cor_phaseClass10i_V_6_o          | out |   16|   ap_ovld  |  cor_phaseClass10i_V_6 |    pointer   |
|cor_phaseClass10i_V_6_o_ap_vld   | out |    1|   ap_ovld  |  cor_phaseClass10i_V_6 |    pointer   |
|cor_phaseClass10i_V_5_i          |  in |   16|   ap_ovld  |  cor_phaseClass10i_V_5 |    pointer   |
|cor_phaseClass10i_V_5_o          | out |   16|   ap_ovld  |  cor_phaseClass10i_V_5 |    pointer   |
|cor_phaseClass10i_V_5_o_ap_vld   | out |    1|   ap_ovld  |  cor_phaseClass10i_V_5 |    pointer   |
|cor_phaseClass10i_V_4_i          |  in |   16|   ap_ovld  |  cor_phaseClass10i_V_4 |    pointer   |
|cor_phaseClass10i_V_4_o          | out |   16|   ap_ovld  |  cor_phaseClass10i_V_4 |    pointer   |
|cor_phaseClass10i_V_4_o_ap_vld   | out |    1|   ap_ovld  |  cor_phaseClass10i_V_4 |    pointer   |
|cor_phaseClass10i_V_3_i          |  in |   16|   ap_ovld  |  cor_phaseClass10i_V_3 |    pointer   |
|cor_phaseClass10i_V_3_o          | out |   16|   ap_ovld  |  cor_phaseClass10i_V_3 |    pointer   |
|cor_phaseClass10i_V_3_o_ap_vld   | out |    1|   ap_ovld  |  cor_phaseClass10i_V_3 |    pointer   |
|cor_phaseClass10i_V_2_i          |  in |   16|   ap_ovld  |  cor_phaseClass10i_V_2 |    pointer   |
|cor_phaseClass10i_V_2_o          | out |   16|   ap_ovld  |  cor_phaseClass10i_V_2 |    pointer   |
|cor_phaseClass10i_V_2_o_ap_vld   | out |    1|   ap_ovld  |  cor_phaseClass10i_V_2 |    pointer   |
|cor_phaseClass10i_V_1_i          |  in |   16|   ap_ovld  |  cor_phaseClass10i_V_1 |    pointer   |
|cor_phaseClass10i_V_1_o          | out |   16|   ap_ovld  |  cor_phaseClass10i_V_1 |    pointer   |
|cor_phaseClass10i_V_1_o_ap_vld   | out |    1|   ap_ovld  |  cor_phaseClass10i_V_1 |    pointer   |
|cor_phaseClass10i_V_s_i          |  in |   16|   ap_ovld  |  cor_phaseClass10i_V_s |    pointer   |
|cor_phaseClass10i_V_s_o          | out |   16|   ap_ovld  |  cor_phaseClass10i_V_s |    pointer   |
|cor_phaseClass10i_V_s_o_ap_vld   | out |    1|   ap_ovld  |  cor_phaseClass10i_V_s |    pointer   |
|cor_phaseClass11i_V_14_i         |  in |   16|   ap_ovld  | cor_phaseClass11i_V_14 |    pointer   |
|cor_phaseClass11i_V_14_o         | out |   16|   ap_ovld  | cor_phaseClass11i_V_14 |    pointer   |
|cor_phaseClass11i_V_14_o_ap_vld  | out |    1|   ap_ovld  | cor_phaseClass11i_V_14 |    pointer   |
|cor_phaseClass11i_V_15           | out |   16|   ap_vld   | cor_phaseClass11i_V_15 |    pointer   |
|cor_phaseClass11i_V_15_ap_vld    | out |    1|   ap_vld   | cor_phaseClass11i_V_15 |    pointer   |
|cor_phaseClass11i_V_13_i         |  in |   16|   ap_ovld  | cor_phaseClass11i_V_13 |    pointer   |
|cor_phaseClass11i_V_13_o         | out |   16|   ap_ovld  | cor_phaseClass11i_V_13 |    pointer   |
|cor_phaseClass11i_V_13_o_ap_vld  | out |    1|   ap_ovld  | cor_phaseClass11i_V_13 |    pointer   |
|cor_phaseClass11i_V_12_i         |  in |   16|   ap_ovld  | cor_phaseClass11i_V_12 |    pointer   |
|cor_phaseClass11i_V_12_o         | out |   16|   ap_ovld  | cor_phaseClass11i_V_12 |    pointer   |
|cor_phaseClass11i_V_12_o_ap_vld  | out |    1|   ap_ovld  | cor_phaseClass11i_V_12 |    pointer   |
|cor_phaseClass11i_V_11_i         |  in |   16|   ap_ovld  | cor_phaseClass11i_V_11 |    pointer   |
|cor_phaseClass11i_V_11_o         | out |   16|   ap_ovld  | cor_phaseClass11i_V_11 |    pointer   |
|cor_phaseClass11i_V_11_o_ap_vld  | out |    1|   ap_ovld  | cor_phaseClass11i_V_11 |    pointer   |
|cor_phaseClass11i_V_10_i         |  in |   16|   ap_ovld  | cor_phaseClass11i_V_10 |    pointer   |
|cor_phaseClass11i_V_10_o         | out |   16|   ap_ovld  | cor_phaseClass11i_V_10 |    pointer   |
|cor_phaseClass11i_V_10_o_ap_vld  | out |    1|   ap_ovld  | cor_phaseClass11i_V_10 |    pointer   |
|cor_phaseClass11i_V_9_i          |  in |   16|   ap_ovld  |  cor_phaseClass11i_V_9 |    pointer   |
|cor_phaseClass11i_V_9_o          | out |   16|   ap_ovld  |  cor_phaseClass11i_V_9 |    pointer   |
|cor_phaseClass11i_V_9_o_ap_vld   | out |    1|   ap_ovld  |  cor_phaseClass11i_V_9 |    pointer   |
|cor_phaseClass11i_V_8_i          |  in |   16|   ap_ovld  |  cor_phaseClass11i_V_8 |    pointer   |
|cor_phaseClass11i_V_8_o          | out |   16|   ap_ovld  |  cor_phaseClass11i_V_8 |    pointer   |
|cor_phaseClass11i_V_8_o_ap_vld   | out |    1|   ap_ovld  |  cor_phaseClass11i_V_8 |    pointer   |
|cor_phaseClass11i_V_7_i          |  in |   16|   ap_ovld  |  cor_phaseClass11i_V_7 |    pointer   |
|cor_phaseClass11i_V_7_o          | out |   16|   ap_ovld  |  cor_phaseClass11i_V_7 |    pointer   |
|cor_phaseClass11i_V_7_o_ap_vld   | out |    1|   ap_ovld  |  cor_phaseClass11i_V_7 |    pointer   |
|cor_phaseClass11i_V_6_i          |  in |   16|   ap_ovld  |  cor_phaseClass11i_V_6 |    pointer   |
|cor_phaseClass11i_V_6_o          | out |   16|   ap_ovld  |  cor_phaseClass11i_V_6 |    pointer   |
|cor_phaseClass11i_V_6_o_ap_vld   | out |    1|   ap_ovld  |  cor_phaseClass11i_V_6 |    pointer   |
|cor_phaseClass11i_V_5_i          |  in |   16|   ap_ovld  |  cor_phaseClass11i_V_5 |    pointer   |
|cor_phaseClass11i_V_5_o          | out |   16|   ap_ovld  |  cor_phaseClass11i_V_5 |    pointer   |
|cor_phaseClass11i_V_5_o_ap_vld   | out |    1|   ap_ovld  |  cor_phaseClass11i_V_5 |    pointer   |
|cor_phaseClass11i_V_4_i          |  in |   16|   ap_ovld  |  cor_phaseClass11i_V_4 |    pointer   |
|cor_phaseClass11i_V_4_o          | out |   16|   ap_ovld  |  cor_phaseClass11i_V_4 |    pointer   |
|cor_phaseClass11i_V_4_o_ap_vld   | out |    1|   ap_ovld  |  cor_phaseClass11i_V_4 |    pointer   |
|cor_phaseClass11i_V_3_i          |  in |   16|   ap_ovld  |  cor_phaseClass11i_V_3 |    pointer   |
|cor_phaseClass11i_V_3_o          | out |   16|   ap_ovld  |  cor_phaseClass11i_V_3 |    pointer   |
|cor_phaseClass11i_V_3_o_ap_vld   | out |    1|   ap_ovld  |  cor_phaseClass11i_V_3 |    pointer   |
|cor_phaseClass11i_V_2_i          |  in |   16|   ap_ovld  |  cor_phaseClass11i_V_2 |    pointer   |
|cor_phaseClass11i_V_2_o          | out |   16|   ap_ovld  |  cor_phaseClass11i_V_2 |    pointer   |
|cor_phaseClass11i_V_2_o_ap_vld   | out |    1|   ap_ovld  |  cor_phaseClass11i_V_2 |    pointer   |
|cor_phaseClass11i_V_1_i          |  in |   16|   ap_ovld  |  cor_phaseClass11i_V_1 |    pointer   |
|cor_phaseClass11i_V_1_o          | out |   16|   ap_ovld  |  cor_phaseClass11i_V_1 |    pointer   |
|cor_phaseClass11i_V_1_o_ap_vld   | out |    1|   ap_ovld  |  cor_phaseClass11i_V_1 |    pointer   |
|cor_phaseClass11i_V_s_i          |  in |   16|   ap_ovld  |  cor_phaseClass11i_V_s |    pointer   |
|cor_phaseClass11i_V_s_o          | out |   16|   ap_ovld  |  cor_phaseClass11i_V_s |    pointer   |
|cor_phaseClass11i_V_s_o_ap_vld   | out |    1|   ap_ovld  |  cor_phaseClass11i_V_s |    pointer   |
|cor_phaseClass12i_V_14_i         |  in |   16|   ap_ovld  | cor_phaseClass12i_V_14 |    pointer   |
|cor_phaseClass12i_V_14_o         | out |   16|   ap_ovld  | cor_phaseClass12i_V_14 |    pointer   |
|cor_phaseClass12i_V_14_o_ap_vld  | out |    1|   ap_ovld  | cor_phaseClass12i_V_14 |    pointer   |
|cor_phaseClass12i_V_15           | out |   16|   ap_vld   | cor_phaseClass12i_V_15 |    pointer   |
|cor_phaseClass12i_V_15_ap_vld    | out |    1|   ap_vld   | cor_phaseClass12i_V_15 |    pointer   |
|cor_phaseClass12i_V_13_i         |  in |   16|   ap_ovld  | cor_phaseClass12i_V_13 |    pointer   |
|cor_phaseClass12i_V_13_o         | out |   16|   ap_ovld  | cor_phaseClass12i_V_13 |    pointer   |
|cor_phaseClass12i_V_13_o_ap_vld  | out |    1|   ap_ovld  | cor_phaseClass12i_V_13 |    pointer   |
|cor_phaseClass12i_V_12_i         |  in |   16|   ap_ovld  | cor_phaseClass12i_V_12 |    pointer   |
|cor_phaseClass12i_V_12_o         | out |   16|   ap_ovld  | cor_phaseClass12i_V_12 |    pointer   |
|cor_phaseClass12i_V_12_o_ap_vld  | out |    1|   ap_ovld  | cor_phaseClass12i_V_12 |    pointer   |
|cor_phaseClass12i_V_11_i         |  in |   16|   ap_ovld  | cor_phaseClass12i_V_11 |    pointer   |
|cor_phaseClass12i_V_11_o         | out |   16|   ap_ovld  | cor_phaseClass12i_V_11 |    pointer   |
|cor_phaseClass12i_V_11_o_ap_vld  | out |    1|   ap_ovld  | cor_phaseClass12i_V_11 |    pointer   |
|cor_phaseClass12i_V_10_i         |  in |   16|   ap_ovld  | cor_phaseClass12i_V_10 |    pointer   |
|cor_phaseClass12i_V_10_o         | out |   16|   ap_ovld  | cor_phaseClass12i_V_10 |    pointer   |
|cor_phaseClass12i_V_10_o_ap_vld  | out |    1|   ap_ovld  | cor_phaseClass12i_V_10 |    pointer   |
|cor_phaseClass12i_V_9_i          |  in |   16|   ap_ovld  |  cor_phaseClass12i_V_9 |    pointer   |
|cor_phaseClass12i_V_9_o          | out |   16|   ap_ovld  |  cor_phaseClass12i_V_9 |    pointer   |
|cor_phaseClass12i_V_9_o_ap_vld   | out |    1|   ap_ovld  |  cor_phaseClass12i_V_9 |    pointer   |
|cor_phaseClass12i_V_8_i          |  in |   16|   ap_ovld  |  cor_phaseClass12i_V_8 |    pointer   |
|cor_phaseClass12i_V_8_o          | out |   16|   ap_ovld  |  cor_phaseClass12i_V_8 |    pointer   |
|cor_phaseClass12i_V_8_o_ap_vld   | out |    1|   ap_ovld  |  cor_phaseClass12i_V_8 |    pointer   |
|cor_phaseClass12i_V_7_i          |  in |   16|   ap_ovld  |  cor_phaseClass12i_V_7 |    pointer   |
|cor_phaseClass12i_V_7_o          | out |   16|   ap_ovld  |  cor_phaseClass12i_V_7 |    pointer   |
|cor_phaseClass12i_V_7_o_ap_vld   | out |    1|   ap_ovld  |  cor_phaseClass12i_V_7 |    pointer   |
|cor_phaseClass12i_V_6_i          |  in |   16|   ap_ovld  |  cor_phaseClass12i_V_6 |    pointer   |
|cor_phaseClass12i_V_6_o          | out |   16|   ap_ovld  |  cor_phaseClass12i_V_6 |    pointer   |
|cor_phaseClass12i_V_6_o_ap_vld   | out |    1|   ap_ovld  |  cor_phaseClass12i_V_6 |    pointer   |
|cor_phaseClass12i_V_5_i          |  in |   16|   ap_ovld  |  cor_phaseClass12i_V_5 |    pointer   |
|cor_phaseClass12i_V_5_o          | out |   16|   ap_ovld  |  cor_phaseClass12i_V_5 |    pointer   |
|cor_phaseClass12i_V_5_o_ap_vld   | out |    1|   ap_ovld  |  cor_phaseClass12i_V_5 |    pointer   |
|cor_phaseClass12i_V_4_i          |  in |   16|   ap_ovld  |  cor_phaseClass12i_V_4 |    pointer   |
|cor_phaseClass12i_V_4_o          | out |   16|   ap_ovld  |  cor_phaseClass12i_V_4 |    pointer   |
|cor_phaseClass12i_V_4_o_ap_vld   | out |    1|   ap_ovld  |  cor_phaseClass12i_V_4 |    pointer   |
|cor_phaseClass12i_V_3_i          |  in |   16|   ap_ovld  |  cor_phaseClass12i_V_3 |    pointer   |
|cor_phaseClass12i_V_3_o          | out |   16|   ap_ovld  |  cor_phaseClass12i_V_3 |    pointer   |
|cor_phaseClass12i_V_3_o_ap_vld   | out |    1|   ap_ovld  |  cor_phaseClass12i_V_3 |    pointer   |
|cor_phaseClass12i_V_2_i          |  in |   16|   ap_ovld  |  cor_phaseClass12i_V_2 |    pointer   |
|cor_phaseClass12i_V_2_o          | out |   16|   ap_ovld  |  cor_phaseClass12i_V_2 |    pointer   |
|cor_phaseClass12i_V_2_o_ap_vld   | out |    1|   ap_ovld  |  cor_phaseClass12i_V_2 |    pointer   |
|cor_phaseClass12i_V_1_i          |  in |   16|   ap_ovld  |  cor_phaseClass12i_V_1 |    pointer   |
|cor_phaseClass12i_V_1_o          | out |   16|   ap_ovld  |  cor_phaseClass12i_V_1 |    pointer   |
|cor_phaseClass12i_V_1_o_ap_vld   | out |    1|   ap_ovld  |  cor_phaseClass12i_V_1 |    pointer   |
|cor_phaseClass12i_V_s_i          |  in |   16|   ap_ovld  |  cor_phaseClass12i_V_s |    pointer   |
|cor_phaseClass12i_V_s_o          | out |   16|   ap_ovld  |  cor_phaseClass12i_V_s |    pointer   |
|cor_phaseClass12i_V_s_o_ap_vld   | out |    1|   ap_ovld  |  cor_phaseClass12i_V_s |    pointer   |
|cor_phaseClass13i_V_14_i         |  in |   16|   ap_ovld  | cor_phaseClass13i_V_14 |    pointer   |
|cor_phaseClass13i_V_14_o         | out |   16|   ap_ovld  | cor_phaseClass13i_V_14 |    pointer   |
|cor_phaseClass13i_V_14_o_ap_vld  | out |    1|   ap_ovld  | cor_phaseClass13i_V_14 |    pointer   |
|cor_phaseClass13i_V_15           | out |   16|   ap_vld   | cor_phaseClass13i_V_15 |    pointer   |
|cor_phaseClass13i_V_15_ap_vld    | out |    1|   ap_vld   | cor_phaseClass13i_V_15 |    pointer   |
|cor_phaseClass13i_V_13_i         |  in |   16|   ap_ovld  | cor_phaseClass13i_V_13 |    pointer   |
|cor_phaseClass13i_V_13_o         | out |   16|   ap_ovld  | cor_phaseClass13i_V_13 |    pointer   |
|cor_phaseClass13i_V_13_o_ap_vld  | out |    1|   ap_ovld  | cor_phaseClass13i_V_13 |    pointer   |
|cor_phaseClass13i_V_12_i         |  in |   16|   ap_ovld  | cor_phaseClass13i_V_12 |    pointer   |
|cor_phaseClass13i_V_12_o         | out |   16|   ap_ovld  | cor_phaseClass13i_V_12 |    pointer   |
|cor_phaseClass13i_V_12_o_ap_vld  | out |    1|   ap_ovld  | cor_phaseClass13i_V_12 |    pointer   |
|cor_phaseClass13i_V_11_i         |  in |   16|   ap_ovld  | cor_phaseClass13i_V_11 |    pointer   |
|cor_phaseClass13i_V_11_o         | out |   16|   ap_ovld  | cor_phaseClass13i_V_11 |    pointer   |
|cor_phaseClass13i_V_11_o_ap_vld  | out |    1|   ap_ovld  | cor_phaseClass13i_V_11 |    pointer   |
|cor_phaseClass13i_V_10_i         |  in |   16|   ap_ovld  | cor_phaseClass13i_V_10 |    pointer   |
|cor_phaseClass13i_V_10_o         | out |   16|   ap_ovld  | cor_phaseClass13i_V_10 |    pointer   |
|cor_phaseClass13i_V_10_o_ap_vld  | out |    1|   ap_ovld  | cor_phaseClass13i_V_10 |    pointer   |
|cor_phaseClass13i_V_9_i          |  in |   16|   ap_ovld  |  cor_phaseClass13i_V_9 |    pointer   |
|cor_phaseClass13i_V_9_o          | out |   16|   ap_ovld  |  cor_phaseClass13i_V_9 |    pointer   |
|cor_phaseClass13i_V_9_o_ap_vld   | out |    1|   ap_ovld  |  cor_phaseClass13i_V_9 |    pointer   |
|cor_phaseClass13i_V_8_i          |  in |   16|   ap_ovld  |  cor_phaseClass13i_V_8 |    pointer   |
|cor_phaseClass13i_V_8_o          | out |   16|   ap_ovld  |  cor_phaseClass13i_V_8 |    pointer   |
|cor_phaseClass13i_V_8_o_ap_vld   | out |    1|   ap_ovld  |  cor_phaseClass13i_V_8 |    pointer   |
|cor_phaseClass13i_V_7_i          |  in |   16|   ap_ovld  |  cor_phaseClass13i_V_7 |    pointer   |
|cor_phaseClass13i_V_7_o          | out |   16|   ap_ovld  |  cor_phaseClass13i_V_7 |    pointer   |
|cor_phaseClass13i_V_7_o_ap_vld   | out |    1|   ap_ovld  |  cor_phaseClass13i_V_7 |    pointer   |
|cor_phaseClass13i_V_6_i          |  in |   16|   ap_ovld  |  cor_phaseClass13i_V_6 |    pointer   |
|cor_phaseClass13i_V_6_o          | out |   16|   ap_ovld  |  cor_phaseClass13i_V_6 |    pointer   |
|cor_phaseClass13i_V_6_o_ap_vld   | out |    1|   ap_ovld  |  cor_phaseClass13i_V_6 |    pointer   |
|cor_phaseClass13i_V_5_i          |  in |   16|   ap_ovld  |  cor_phaseClass13i_V_5 |    pointer   |
|cor_phaseClass13i_V_5_o          | out |   16|   ap_ovld  |  cor_phaseClass13i_V_5 |    pointer   |
|cor_phaseClass13i_V_5_o_ap_vld   | out |    1|   ap_ovld  |  cor_phaseClass13i_V_5 |    pointer   |
|cor_phaseClass13i_V_4_i          |  in |   16|   ap_ovld  |  cor_phaseClass13i_V_4 |    pointer   |
|cor_phaseClass13i_V_4_o          | out |   16|   ap_ovld  |  cor_phaseClass13i_V_4 |    pointer   |
|cor_phaseClass13i_V_4_o_ap_vld   | out |    1|   ap_ovld  |  cor_phaseClass13i_V_4 |    pointer   |
|cor_phaseClass13i_V_3_i          |  in |   16|   ap_ovld  |  cor_phaseClass13i_V_3 |    pointer   |
|cor_phaseClass13i_V_3_o          | out |   16|   ap_ovld  |  cor_phaseClass13i_V_3 |    pointer   |
|cor_phaseClass13i_V_3_o_ap_vld   | out |    1|   ap_ovld  |  cor_phaseClass13i_V_3 |    pointer   |
|cor_phaseClass13i_V_2_i          |  in |   16|   ap_ovld  |  cor_phaseClass13i_V_2 |    pointer   |
|cor_phaseClass13i_V_2_o          | out |   16|   ap_ovld  |  cor_phaseClass13i_V_2 |    pointer   |
|cor_phaseClass13i_V_2_o_ap_vld   | out |    1|   ap_ovld  |  cor_phaseClass13i_V_2 |    pointer   |
|cor_phaseClass13i_V_1_i          |  in |   16|   ap_ovld  |  cor_phaseClass13i_V_1 |    pointer   |
|cor_phaseClass13i_V_1_o          | out |   16|   ap_ovld  |  cor_phaseClass13i_V_1 |    pointer   |
|cor_phaseClass13i_V_1_o_ap_vld   | out |    1|   ap_ovld  |  cor_phaseClass13i_V_1 |    pointer   |
|cor_phaseClass13i_V_s_i          |  in |   16|   ap_ovld  |  cor_phaseClass13i_V_s |    pointer   |
|cor_phaseClass13i_V_s_o          | out |   16|   ap_ovld  |  cor_phaseClass13i_V_s |    pointer   |
|cor_phaseClass13i_V_s_o_ap_vld   | out |    1|   ap_ovld  |  cor_phaseClass13i_V_s |    pointer   |
|cor_phaseClass14i_V_14_i         |  in |   16|   ap_ovld  | cor_phaseClass14i_V_14 |    pointer   |
|cor_phaseClass14i_V_14_o         | out |   16|   ap_ovld  | cor_phaseClass14i_V_14 |    pointer   |
|cor_phaseClass14i_V_14_o_ap_vld  | out |    1|   ap_ovld  | cor_phaseClass14i_V_14 |    pointer   |
|cor_phaseClass14i_V_15           | out |   16|   ap_vld   | cor_phaseClass14i_V_15 |    pointer   |
|cor_phaseClass14i_V_15_ap_vld    | out |    1|   ap_vld   | cor_phaseClass14i_V_15 |    pointer   |
|cor_phaseClass14i_V_13_i         |  in |   16|   ap_ovld  | cor_phaseClass14i_V_13 |    pointer   |
|cor_phaseClass14i_V_13_o         | out |   16|   ap_ovld  | cor_phaseClass14i_V_13 |    pointer   |
|cor_phaseClass14i_V_13_o_ap_vld  | out |    1|   ap_ovld  | cor_phaseClass14i_V_13 |    pointer   |
|cor_phaseClass14i_V_12_i         |  in |   16|   ap_ovld  | cor_phaseClass14i_V_12 |    pointer   |
|cor_phaseClass14i_V_12_o         | out |   16|   ap_ovld  | cor_phaseClass14i_V_12 |    pointer   |
|cor_phaseClass14i_V_12_o_ap_vld  | out |    1|   ap_ovld  | cor_phaseClass14i_V_12 |    pointer   |
|cor_phaseClass14i_V_11_i         |  in |   16|   ap_ovld  | cor_phaseClass14i_V_11 |    pointer   |
|cor_phaseClass14i_V_11_o         | out |   16|   ap_ovld  | cor_phaseClass14i_V_11 |    pointer   |
|cor_phaseClass14i_V_11_o_ap_vld  | out |    1|   ap_ovld  | cor_phaseClass14i_V_11 |    pointer   |
|cor_phaseClass14i_V_10_i         |  in |   16|   ap_ovld  | cor_phaseClass14i_V_10 |    pointer   |
|cor_phaseClass14i_V_10_o         | out |   16|   ap_ovld  | cor_phaseClass14i_V_10 |    pointer   |
|cor_phaseClass14i_V_10_o_ap_vld  | out |    1|   ap_ovld  | cor_phaseClass14i_V_10 |    pointer   |
|cor_phaseClass14i_V_9_i          |  in |   16|   ap_ovld  |  cor_phaseClass14i_V_9 |    pointer   |
|cor_phaseClass14i_V_9_o          | out |   16|   ap_ovld  |  cor_phaseClass14i_V_9 |    pointer   |
|cor_phaseClass14i_V_9_o_ap_vld   | out |    1|   ap_ovld  |  cor_phaseClass14i_V_9 |    pointer   |
|cor_phaseClass14i_V_8_i          |  in |   16|   ap_ovld  |  cor_phaseClass14i_V_8 |    pointer   |
|cor_phaseClass14i_V_8_o          | out |   16|   ap_ovld  |  cor_phaseClass14i_V_8 |    pointer   |
|cor_phaseClass14i_V_8_o_ap_vld   | out |    1|   ap_ovld  |  cor_phaseClass14i_V_8 |    pointer   |
|cor_phaseClass14i_V_7_i          |  in |   16|   ap_ovld  |  cor_phaseClass14i_V_7 |    pointer   |
|cor_phaseClass14i_V_7_o          | out |   16|   ap_ovld  |  cor_phaseClass14i_V_7 |    pointer   |
|cor_phaseClass14i_V_7_o_ap_vld   | out |    1|   ap_ovld  |  cor_phaseClass14i_V_7 |    pointer   |
|cor_phaseClass14i_V_6_i          |  in |   16|   ap_ovld  |  cor_phaseClass14i_V_6 |    pointer   |
|cor_phaseClass14i_V_6_o          | out |   16|   ap_ovld  |  cor_phaseClass14i_V_6 |    pointer   |
|cor_phaseClass14i_V_6_o_ap_vld   | out |    1|   ap_ovld  |  cor_phaseClass14i_V_6 |    pointer   |
|cor_phaseClass14i_V_5_i          |  in |   16|   ap_ovld  |  cor_phaseClass14i_V_5 |    pointer   |
|cor_phaseClass14i_V_5_o          | out |   16|   ap_ovld  |  cor_phaseClass14i_V_5 |    pointer   |
|cor_phaseClass14i_V_5_o_ap_vld   | out |    1|   ap_ovld  |  cor_phaseClass14i_V_5 |    pointer   |
|cor_phaseClass14i_V_4_i          |  in |   16|   ap_ovld  |  cor_phaseClass14i_V_4 |    pointer   |
|cor_phaseClass14i_V_4_o          | out |   16|   ap_ovld  |  cor_phaseClass14i_V_4 |    pointer   |
|cor_phaseClass14i_V_4_o_ap_vld   | out |    1|   ap_ovld  |  cor_phaseClass14i_V_4 |    pointer   |
|cor_phaseClass14i_V_3_i          |  in |   16|   ap_ovld  |  cor_phaseClass14i_V_3 |    pointer   |
|cor_phaseClass14i_V_3_o          | out |   16|   ap_ovld  |  cor_phaseClass14i_V_3 |    pointer   |
|cor_phaseClass14i_V_3_o_ap_vld   | out |    1|   ap_ovld  |  cor_phaseClass14i_V_3 |    pointer   |
|cor_phaseClass14i_V_2_i          |  in |   16|   ap_ovld  |  cor_phaseClass14i_V_2 |    pointer   |
|cor_phaseClass14i_V_2_o          | out |   16|   ap_ovld  |  cor_phaseClass14i_V_2 |    pointer   |
|cor_phaseClass14i_V_2_o_ap_vld   | out |    1|   ap_ovld  |  cor_phaseClass14i_V_2 |    pointer   |
|cor_phaseClass14i_V_1_i          |  in |   16|   ap_ovld  |  cor_phaseClass14i_V_1 |    pointer   |
|cor_phaseClass14i_V_1_o          | out |   16|   ap_ovld  |  cor_phaseClass14i_V_1 |    pointer   |
|cor_phaseClass14i_V_1_o_ap_vld   | out |    1|   ap_ovld  |  cor_phaseClass14i_V_1 |    pointer   |
|cor_phaseClass14i_V_s_i          |  in |   16|   ap_ovld  |  cor_phaseClass14i_V_s |    pointer   |
|cor_phaseClass14i_V_s_o          | out |   16|   ap_ovld  |  cor_phaseClass14i_V_s |    pointer   |
|cor_phaseClass14i_V_s_o_ap_vld   | out |    1|   ap_ovld  |  cor_phaseClass14i_V_s |    pointer   |
|cor_phaseClass15i_V_14_i         |  in |   16|   ap_ovld  | cor_phaseClass15i_V_14 |    pointer   |
|cor_phaseClass15i_V_14_o         | out |   16|   ap_ovld  | cor_phaseClass15i_V_14 |    pointer   |
|cor_phaseClass15i_V_14_o_ap_vld  | out |    1|   ap_ovld  | cor_phaseClass15i_V_14 |    pointer   |
|cor_phaseClass15i_V_15           | out |   16|   ap_vld   | cor_phaseClass15i_V_15 |    pointer   |
|cor_phaseClass15i_V_15_ap_vld    | out |    1|   ap_vld   | cor_phaseClass15i_V_15 |    pointer   |
|cor_phaseClass15i_V_13_i         |  in |   16|   ap_ovld  | cor_phaseClass15i_V_13 |    pointer   |
|cor_phaseClass15i_V_13_o         | out |   16|   ap_ovld  | cor_phaseClass15i_V_13 |    pointer   |
|cor_phaseClass15i_V_13_o_ap_vld  | out |    1|   ap_ovld  | cor_phaseClass15i_V_13 |    pointer   |
|cor_phaseClass15i_V_12_i         |  in |   16|   ap_ovld  | cor_phaseClass15i_V_12 |    pointer   |
|cor_phaseClass15i_V_12_o         | out |   16|   ap_ovld  | cor_phaseClass15i_V_12 |    pointer   |
|cor_phaseClass15i_V_12_o_ap_vld  | out |    1|   ap_ovld  | cor_phaseClass15i_V_12 |    pointer   |
|cor_phaseClass15i_V_11_i         |  in |   16|   ap_ovld  | cor_phaseClass15i_V_11 |    pointer   |
|cor_phaseClass15i_V_11_o         | out |   16|   ap_ovld  | cor_phaseClass15i_V_11 |    pointer   |
|cor_phaseClass15i_V_11_o_ap_vld  | out |    1|   ap_ovld  | cor_phaseClass15i_V_11 |    pointer   |
|cor_phaseClass15i_V_10_i         |  in |   16|   ap_ovld  | cor_phaseClass15i_V_10 |    pointer   |
|cor_phaseClass15i_V_10_o         | out |   16|   ap_ovld  | cor_phaseClass15i_V_10 |    pointer   |
|cor_phaseClass15i_V_10_o_ap_vld  | out |    1|   ap_ovld  | cor_phaseClass15i_V_10 |    pointer   |
|cor_phaseClass15i_V_9_i          |  in |   16|   ap_ovld  |  cor_phaseClass15i_V_9 |    pointer   |
|cor_phaseClass15i_V_9_o          | out |   16|   ap_ovld  |  cor_phaseClass15i_V_9 |    pointer   |
|cor_phaseClass15i_V_9_o_ap_vld   | out |    1|   ap_ovld  |  cor_phaseClass15i_V_9 |    pointer   |
|cor_phaseClass15i_V_8_i          |  in |   16|   ap_ovld  |  cor_phaseClass15i_V_8 |    pointer   |
|cor_phaseClass15i_V_8_o          | out |   16|   ap_ovld  |  cor_phaseClass15i_V_8 |    pointer   |
|cor_phaseClass15i_V_8_o_ap_vld   | out |    1|   ap_ovld  |  cor_phaseClass15i_V_8 |    pointer   |
|cor_phaseClass15i_V_7_i          |  in |   16|   ap_ovld  |  cor_phaseClass15i_V_7 |    pointer   |
|cor_phaseClass15i_V_7_o          | out |   16|   ap_ovld  |  cor_phaseClass15i_V_7 |    pointer   |
|cor_phaseClass15i_V_7_o_ap_vld   | out |    1|   ap_ovld  |  cor_phaseClass15i_V_7 |    pointer   |
|cor_phaseClass15i_V_6_i          |  in |   16|   ap_ovld  |  cor_phaseClass15i_V_6 |    pointer   |
|cor_phaseClass15i_V_6_o          | out |   16|   ap_ovld  |  cor_phaseClass15i_V_6 |    pointer   |
|cor_phaseClass15i_V_6_o_ap_vld   | out |    1|   ap_ovld  |  cor_phaseClass15i_V_6 |    pointer   |
|cor_phaseClass15i_V_5_i          |  in |   16|   ap_ovld  |  cor_phaseClass15i_V_5 |    pointer   |
|cor_phaseClass15i_V_5_o          | out |   16|   ap_ovld  |  cor_phaseClass15i_V_5 |    pointer   |
|cor_phaseClass15i_V_5_o_ap_vld   | out |    1|   ap_ovld  |  cor_phaseClass15i_V_5 |    pointer   |
|cor_phaseClass15i_V_4_i          |  in |   16|   ap_ovld  |  cor_phaseClass15i_V_4 |    pointer   |
|cor_phaseClass15i_V_4_o          | out |   16|   ap_ovld  |  cor_phaseClass15i_V_4 |    pointer   |
|cor_phaseClass15i_V_4_o_ap_vld   | out |    1|   ap_ovld  |  cor_phaseClass15i_V_4 |    pointer   |
|cor_phaseClass15i_V_3_i          |  in |   16|   ap_ovld  |  cor_phaseClass15i_V_3 |    pointer   |
|cor_phaseClass15i_V_3_o          | out |   16|   ap_ovld  |  cor_phaseClass15i_V_3 |    pointer   |
|cor_phaseClass15i_V_3_o_ap_vld   | out |    1|   ap_ovld  |  cor_phaseClass15i_V_3 |    pointer   |
|cor_phaseClass15i_V_2_i          |  in |   16|   ap_ovld  |  cor_phaseClass15i_V_2 |    pointer   |
|cor_phaseClass15i_V_2_o          | out |   16|   ap_ovld  |  cor_phaseClass15i_V_2 |    pointer   |
|cor_phaseClass15i_V_2_o_ap_vld   | out |    1|   ap_ovld  |  cor_phaseClass15i_V_2 |    pointer   |
|cor_phaseClass15i_V_1_i          |  in |   16|   ap_ovld  |  cor_phaseClass15i_V_1 |    pointer   |
|cor_phaseClass15i_V_1_o          | out |   16|   ap_ovld  |  cor_phaseClass15i_V_1 |    pointer   |
|cor_phaseClass15i_V_1_o_ap_vld   | out |    1|   ap_ovld  |  cor_phaseClass15i_V_1 |    pointer   |
|cor_phaseClass15i_V_s_i          |  in |   16|   ap_ovld  |  cor_phaseClass15i_V_s |    pointer   |
|cor_phaseClass15i_V_s_o          | out |   16|   ap_ovld  |  cor_phaseClass15i_V_s |    pointer   |
|cor_phaseClass15i_V_s_o_ap_vld   | out |    1|   ap_ovld  |  cor_phaseClass15i_V_s |    pointer   |
+---------------------------------+-----+-----+------------+------------------------+--------------+

