#-----------------------------------------------------------
# Vivado v2017.4 (64-bit)
# SW Build 2086221 on Fri Dec 15 20:54:30 MST 2017
# IP Build 2085800 on Fri Dec 15 22:25:07 MST 2017
# Start of session at: Sat Feb  9 12:34:53 2019
# Process ID: 3620
# Current directory: /home/ece492fa18/RFNoCFrameSynchHWAccel/correlatorDev
# Command line: vivado -mode tcl
# Log file: /home/ece492fa18/RFNoCFrameSynchHWAccel/correlatorDev/vivado.log
# Journal file: /home/ece492fa18/RFNoCFrameSynchHWAccel/correlatorDev/vivado.jou
#-----------------------------------------------------------
vivado_hls script.tcl 
WARNING: [Common 17-259] Unknown Tcl command 'vivado_hls script.tcl' sending command to the OS shell for execution. It is recommended to use 'exec' to send the command to the OS shell.
child process exited abnormally
ls
WARNING: [Common 17-259] Unknown Tcl command 'ls' sending command to the OS shell for execution. It is recommended to use 'exec' to send the command to the OS shell.
gedit correlator.cpp &
WARNING: [Common 17-259] Unknown Tcl command 'gedit correlator.cpp &' sending command to the OS shell for execution. It is recommended to use 'exec' to send the command to the OS shell.
3865
vivado_hls script.tcl
WARNING: [Common 17-259] Unknown Tcl command 'vivado_hls script.tcl' sending command to the OS shell for execution. It is recommended to use 'exec' to send the command to the OS shell.
child process exited abnormally
gedit correlator.cpp 
WARNING: [Common 17-259] Unknown Tcl command 'gedit correlator.cpp' sending command to the OS shell for execution. It is recommended to use 'exec' to send the command to the OS shell.
vivado_hls script.tcl
WARNING: [Common 17-259] Unknown Tcl command 'vivado_hls script.tcl' sending command to the OS shell for execution. It is recommended to use 'exec' to send the command to the OS shell.
gedit correlator.cpp
WARNING: [Common 17-259] Unknown Tcl command 'gedit correlator.cpp' sending command to the OS shell for execution. It is recommended to use 'exec' to send the command to the OS shell.
exit
INFO: [Common 17-206] Exiting Vivado at Sat Feb  9 12:44:44 2019...
