@I [SIM-47] Using XSIM for RTL simulation.
@I [SIM-14] Instrumenting C test bench ...
@W [SIM-75] Fifo port 'in_data_V' has a default depth of 1. Insufficient depth may cause simulation mismatch or freeze. Please specify the depth in 'set_directive_interface' using the option '-depth'.
@W [SIM-75] Fifo port 'in_last_V' has a default depth of 1. Insufficient depth may cause simulation mismatch or freeze. Please specify the depth in 'set_directive_interface' using the option '-depth'.
@W [SIM-75] Fifo port 'out_data_V' has a default depth of 1. Insufficient depth may cause simulation mismatch or freeze. Please specify the depth in 'set_directive_interface' using the option '-depth'.
@W [SIM-75] Fifo port 'out_last_V' has a default depth of 1. Insufficient depth may cause simulation mismatch or freeze. Please specify the depth in 'set_directive_interface' using the option '-depth'.
   Build using "/opt/Xilinx/Vivado_HLS/2017.2/lnx64/tools/gcc/bin/g++"
   Compiling tb_main.cpp_pre.cpp.tb.cpp
   Compiling apatb_matchFilter.cpp
   Compiling matchFilter.cpp_pre.cpp.tb.cpp
   Generating cosim.tv.exe
@I [SIM-302] Starting C TB testing ... 
@I [SIM-333] Generating C post check test bench ...
@I [SIM-12] Generating RTL test bench ...
@I [SIM-323] Starting verilog simulation. 
@I [SIM-15] Starting XSIM ...
@I [SIM-316] Starting C post checking ...
INFO: [XSIM 43-3496] Using init file passed via -initfile option "/opt/Xilinx/Vivado/2017.2/data/xsim/ip/xsim_ip.ini".
Vivado Simulator 2017.2
Copyright 1986-1999, 2001-2016 Xilinx, Inc. All Rights Reserved.
Running: /opt/Xilinx/Vivado/2017.2/bin/unwrapped/lnx64.o/xelab xil_defaultlib.apatb_matchFilter_top -prj matchFilter.prj -L axi_protocol_checker_v1_1_12 -L axi_protocol_checker_v1_1_13 -L axis_protocol_checker_v1_1_11 -L axis_protocol_checker_v1_1_12 --initfile /opt/Xilinx/Vivado/2017.2/data/xsim/ip/xsim_ip.ini --lib ieee_proposed=./ieee_proposed -s matchFilter -debug wave 
Multi-threading is on. Using 2 slave threads.
WARNING: [XSIM 43-3431] One or more environment variables have been detected which affect the operation of the C compiler. These are typically not set in standard installations and are not tested by Xilinx, however they may be appropriate for your system, so the flow will attempt to continue.  If errors occur, try running fuse with the "-mt off -v 1" switches to see more information from the C compiler. The following environment variables have been detected:
    LIBRARY_PATH
INFO: [VRFC 10-2263] Analyzing SystemVerilog file "/home/alex/Documents/RFNoCFrameSynchHWAccel/matchedRee/solution1/sim/verilog/AESL_axi_s_in_r.v" into library xil_defaultlib
INFO: [VRFC 10-311] analyzing module AESL_axi_s_in_r
INFO: [VRFC 10-2263] Analyzing SystemVerilog file "/home/alex/Documents/RFNoCFrameSynchHWAccel/matchedRee/solution1/sim/verilog/AESL_axi_s_out_r.v" into library xil_defaultlib
INFO: [VRFC 10-311] analyzing module AESL_axi_s_out_r
INFO: [VRFC 10-2263] Analyzing SystemVerilog file "/home/alex/Documents/RFNoCFrameSynchHWAccel/matchedRee/solution1/sim/verilog/matchFilter.autotb.v" into library xil_defaultlib
INFO: [VRFC 10-311] analyzing module apatb_matchFilter_top
INFO: [VRFC 10-2263] Analyzing SystemVerilog file "/home/alex/Documents/RFNoCFrameSynchHWAccel/matchedRee/solution1/sim/verilog/matchFilter_buffIbkb.v" into library xil_defaultlib
INFO: [VRFC 10-311] analyzing module matchFilter_buffIbkb_ram
INFO: [VRFC 10-311] analyzing module matchFilter_buffIbkb
INFO: [VRFC 10-2263] Analyzing SystemVerilog file "/home/alex/Documents/RFNoCFrameSynchHWAccel/matchedRee/solution1/sim/verilog/AESL_fifo.v" into library xil_defaultlib
INFO: [VRFC 10-311] analyzing module fifo
INFO: [VRFC 10-2263] Analyzing SystemVerilog file "/home/alex/Documents/RFNoCFrameSynchHWAccel/matchedRee/solution1/sim/verilog/matchFilter_buffIcud.v" into library xil_defaultlib
INFO: [VRFC 10-311] analyzing module matchFilter_buffIcud_ram
INFO: [VRFC 10-311] analyzing module matchFilter_buffIcud
INFO: [VRFC 10-2263] Analyzing SystemVerilog file "/home/alex/Documents/RFNoCFrameSynchHWAccel/matchedRee/solution1/sim/verilog/matchFilter.v" into library xil_defaultlib
INFO: [VRFC 10-311] analyzing module matchFilter
Starting static elaboration
Completed static elaboration
Starting simulation data flow analysis
Completed simulation data flow analysis
Time Resolution for simulation is 1ps
Compiling module xil_defaultlib.matchFilter_buffIbkb_ram
Compiling module xil_defaultlib.matchFilter_buffIbkb(DataWidth=3...
Compiling module xil_defaultlib.matchFilter_buffIcud_ram
Compiling module xil_defaultlib.matchFilter_buffIcud(DataWidth=1...
Compiling module xil_defaultlib.matchFilter
Compiling module xil_defaultlib.fifo(DEPTH=1,WIDTH=32)
Compiling module xil_defaultlib.fifo(DEPTH=1,WIDTH=1)
Compiling module xil_defaultlib.AESL_axi_s_in_r
Compiling module xil_defaultlib.AESL_axi_s_out_r
Compiling module xil_defaultlib.apatb_matchFilter_top
Built simulation snapshot matchFilter

****** Webtalk v2017.2 (64-bit)
  **** SW Build 1909853 on Thu Jun 15 18:39:10 MDT 2017
  **** IP Build 1909766 on Thu Jun 15 19:58:00 MDT 2017
    ** Copyright 1986-2017 Xilinx, Inc. All Rights Reserved.

source /home/alex/Documents/RFNoCFrameSynchHWAccel/matchedRee/solution1/sim/verilog/xsim.dir/matchFilter/webtalk/xsim_webtalk.tcl -notrace
INFO: [Common 17-186] '/home/alex/Documents/RFNoCFrameSynchHWAccel/matchedRee/solution1/sim/verilog/xsim.dir/matchFilter/webtalk/usage_statistics_ext_xsim.xml' has been successfully sent to Xilinx on Fri Mar 22 15:46:51 2019. For additional details about this file, please refer to the WebTalk help file at /opt/Xilinx/Vivado/2017.2/doc/webtalk_introduction.html.
INFO: [Common 17-206] Exiting Webtalk at Fri Mar 22 15:46:51 2019...

****** xsim v2017.2 (64-bit)
  **** SW Build 1909853 on Thu Jun 15 18:39:10 MDT 2017
  **** IP Build 1909766 on Thu Jun 15 19:58:00 MDT 2017
    ** Copyright 1986-2017 Xilinx, Inc. All Rights Reserved.

source xsim.dir/matchFilter/xsim_script.tcl
# xsim {matchFilter} -autoloadwcfg -tclbatch {matchFilter.tcl}
Vivado Simulator 2017.2
Time resolution is 1 ps
source matchFilter.tcl
## log_wave -r /
## set designtopgroup [add_wave_group "Design Top Signals"]
## set coutputgroup [add_wave_group "C Outputs" -into $designtopgroup]
## set out_group [add_wave_group out(axis) -into $coutputgroup]
## add_wave /apatb_matchFilter_top/AESL_inst_matchFilter/out_r_TLAST -into $out_group -color #ffff00 -radix hex
## add_wave /apatb_matchFilter_top/AESL_inst_matchFilter/out_r_TREADY -into $out_group -color #ffff00 -radix hex
## add_wave /apatb_matchFilter_top/AESL_inst_matchFilter/out_r_TVALID -into $out_group -color #ffff00 -radix hex
## add_wave /apatb_matchFilter_top/AESL_inst_matchFilter/out_r_TDATA -into $out_group -radix hex
## set cinputgroup [add_wave_group "C Inputs" -into $designtopgroup]
## set in_group [add_wave_group in(axis) -into $cinputgroup]
## add_wave /apatb_matchFilter_top/AESL_inst_matchFilter/in_r_TLAST -into $in_group -color #ffff00 -radix hex
## add_wave /apatb_matchFilter_top/AESL_inst_matchFilter/in_r_TREADY -into $in_group -color #ffff00 -radix hex
## add_wave /apatb_matchFilter_top/AESL_inst_matchFilter/in_r_TVALID -into $in_group -color #ffff00 -radix hex
## add_wave /apatb_matchFilter_top/AESL_inst_matchFilter/in_r_TDATA -into $in_group -radix hex
## set resetgroup [add_wave_group "Reset" -into $designtopgroup]
## add_wave /apatb_matchFilter_top/AESL_inst_matchFilter/ap_rst_n -into $resetgroup
## set clockgroup [add_wave_group "Clock" -into $designtopgroup]
## add_wave /apatb_matchFilter_top/AESL_inst_matchFilter/ap_clk -into $clockgroup
## set testbenchgroup [add_wave_group "Test Bench Signals"]
## set tbinternalsiggroup [add_wave_group "Internal Signals" -into $testbenchgroup]
## set tb_simstatus_group [add_wave_group "Simulation Status" -into $tbinternalsiggroup]
## set tb_portdepth_group [add_wave_group "Port Depth" -into $tbinternalsiggroup]
## add_wave /apatb_matchFilter_top/AUTOTB_TRANSACTION_NUM -into $tb_simstatus_group -radix hex
## add_wave /apatb_matchFilter_top/ready_cnt -into $tb_simstatus_group -radix hex
## add_wave /apatb_matchFilter_top/done_cnt -into $tb_simstatus_group -radix hex
## add_wave /apatb_matchFilter_top/ap_c_n_tvin_trans_num_in_data_V -into $tb_simstatus_group -radix hex
## add_wave /apatb_matchFilter_top/ap_c_n_tvin_trans_num_in_last_V -into $tb_simstatus_group -radix hex
## add_wave /apatb_matchFilter_top/ap_c_n_tvout_trans_num_out_data_V -into $tb_simstatus_group -radix hex
## add_wave /apatb_matchFilter_top/ap_c_n_tvout_trans_num_out_last_V -into $tb_simstatus_group -radix hex
## add_wave /apatb_matchFilter_top/LENGTH_in_data_V -into $tb_portdepth_group -radix hex
## add_wave /apatb_matchFilter_top/LENGTH_in_last_V -into $tb_portdepth_group -radix hex
## add_wave /apatb_matchFilter_top/LENGTH_out_data_V -into $tb_portdepth_group -radix hex
## add_wave /apatb_matchFilter_top/LENGTH_out_last_V -into $tb_portdepth_group -radix hex
## set tbcoutputgroup [add_wave_group "C Outputs" -into $testbenchgroup]
## set tb_out_group [add_wave_group out(axis) -into $tbcoutputgroup]
## add_wave /apatb_matchFilter_top/out_r_TLAST -into $tb_out_group -color #ffff00 -radix hex
## add_wave /apatb_matchFilter_top/out_r_TREADY -into $tb_out_group -color #ffff00 -radix hex
## add_wave /apatb_matchFilter_top/out_r_TVALID -into $tb_out_group -color #ffff00 -radix hex
## add_wave /apatb_matchFilter_top/out_r_TDATA -into $tb_out_group -radix hex
## set tbcinputgroup [add_wave_group "C Inputs" -into $testbenchgroup]
## set tb_in_group [add_wave_group in(axis) -into $tbcinputgroup]
## add_wave /apatb_matchFilter_top/in_r_TLAST -into $tb_in_group -color #ffff00 -radix hex
## add_wave /apatb_matchFilter_top/in_r_TREADY -into $tb_in_group -color #ffff00 -radix hex
## add_wave /apatb_matchFilter_top/in_r_TVALID -into $tb_in_group -color #ffff00 -radix hex
## add_wave /apatb_matchFilter_top/in_r_TDATA -into $tb_in_group -radix hex
## save_wave_config matchFilter.wcfg
## run all
////////////////////////////////////////////////////////////////////////////////////
// Inter-Transaction Progress: Completed Transaction / Total Transaction
// Intra-Transaction Progress: Measured Latency / Latency Estimation * 100%
//
// RTL Simulation : "Inter-Transaction Progress" ["Intra-Transaction Progress"] @ "Simulation Time"
////////////////////////////////////////////////////////////////////////////////////
// RTL Simulation : 0 / 1166 [0.00%] @ "125000"
// RTL Simulation : 1 / 1166 [0.00%] @ "5275000"
// RTL Simulation : 2 / 1166 [0.00%] @ "10425000"
// RTL Simulation : 3 / 1166 [0.00%] @ "15575000"
// RTL Simulation : 4 / 1166 [0.00%] @ "20725000"
// RTL Simulation : 5 / 1166 [0.00%] @ "25875000"
// RTL Simulation : 6 / 1166 [0.00%] @ "31025000"
// RTL Simulation : 7 / 1166 [0.00%] @ "36175000"
// RTL Simulation : 8 / 1166 [0.00%] @ "41325000"
// RTL Simulation : 9 / 1166 [0.00%] @ "46475000"
// RTL Simulation : 10 / 1166 [0.00%] @ "51625000"
// RTL Simulation : 11 / 1166 [0.00%] @ "56775000"
// RTL Simulation : 12 / 1166 [0.00%] @ "61925000"
// RTL Simulation : 13 / 1166 [0.00%] @ "67075000"
// RTL Simulation : 14 / 1166 [0.00%] @ "72225000"
// RTL Simulation : 15 / 1166 [0.00%] @ "77375000"
// RTL Simulation : 16 / 1166 [0.00%] @ "82525000"
// RTL Simulation : 17 / 1166 [0.00%] @ "87675000"
// RTL Simulation : 18 / 1166 [0.00%] @ "92825000"
// RTL Simulation : 19 / 1166 [0.00%] @ "97975000"
// RTL Simulation : 20 / 1166 [0.00%] @ "103125000"
// RTL Simulation : 21 / 1166 [0.00%] @ "108275000"
// RTL Simulation : 22 / 1166 [0.00%] @ "113425000"
// RTL Simulation : 23 / 1166 [0.00%] @ "118575000"
// RTL Simulation : 24 / 1166 [0.00%] @ "123725000"
// RTL Simulation : 25 / 1166 [0.00%] @ "128875000"
// RTL Simulation : 26 / 1166 [0.00%] @ "134025000"
// RTL Simulation : 27 / 1166 [0.00%] @ "139175000"
// RTL Simulation : 28 / 1166 [0.00%] @ "144325000"
// RTL Simulation : 29 / 1166 [0.00%] @ "149475000"
// RTL Simulation : 30 / 1166 [0.00%] @ "154625000"
// RTL Simulation : 31 / 1166 [0.00%] @ "159775000"
// RTL Simulation : 32 / 1166 [0.00%] @ "164925000"
// RTL Simulation : 33 / 1166 [0.00%] @ "170075000"
// RTL Simulation : 34 / 1166 [0.00%] @ "175225000"
// RTL Simulation : 35 / 1166 [0.00%] @ "180375000"
// RTL Simulation : 36 / 1166 [0.00%] @ "185525000"
// RTL Simulation : 37 / 1166 [0.00%] @ "190675000"
// RTL Simulation : 38 / 1166 [0.00%] @ "195825000"
// RTL Simulation : 39 / 1166 [0.00%] @ "200975000"
// RTL Simulation : 40 / 1166 [0.00%] @ "206125000"
// RTL Simulation : 41 / 1166 [0.00%] @ "211275000"
// RTL Simulation : 42 / 1166 [0.00%] @ "216425000"
// RTL Simulation : 43 / 1166 [0.00%] @ "221575000"
// RTL Simulation : 44 / 1166 [0.00%] @ "226725000"
// RTL Simulation : 45 / 1166 [0.00%] @ "231875000"
// RTL Simulation : 46 / 1166 [0.00%] @ "237025000"
// RTL Simulation : 47 / 1166 [0.00%] @ "242175000"
// RTL Simulation : 48 / 1166 [0.00%] @ "247325000"
// RTL Simulation : 49 / 1166 [0.00%] @ "252475000"
// RTL Simulation : 50 / 1166 [0.00%] @ "257625000"
// RTL Simulation : 51 / 1166 [0.00%] @ "262775000"
// RTL Simulation : 52 / 1166 [0.00%] @ "267925000"
// RTL Simulation : 53 / 1166 [0.00%] @ "273075000"
// RTL Simulation : 54 / 1166 [0.00%] @ "278225000"
// RTL Simulation : 55 / 1166 [0.00%] @ "283375000"
// RTL Simulation : 56 / 1166 [0.00%] @ "288525000"
// RTL Simulation : 57 / 1166 [0.00%] @ "293675000"
// RTL Simulation : 58 / 1166 [0.00%] @ "298825000"
// RTL Simulation : 59 / 1166 [0.00%] @ "303975000"
// RTL Simulation : 60 / 1166 [0.00%] @ "309125000"
// RTL Simulation : 61 / 1166 [0.00%] @ "314275000"
// RTL Simulation : 62 / 1166 [0.00%] @ "319425000"
// RTL Simulation : 63 / 1166 [0.00%] @ "324575000"
// RTL Simulation : 64 / 1166 [0.00%] @ "329725000"
// RTL Simulation : 65 / 1166 [0.00%] @ "334875000"
// RTL Simulation : 66 / 1166 [0.00%] @ "340025000"
// RTL Simulation : 67 / 1166 [0.00%] @ "345175000"
// RTL Simulation : 68 / 1166 [0.00%] @ "350325000"
// RTL Simulation : 69 / 1166 [0.00%] @ "355475000"
// RTL Simulation : 70 / 1166 [0.00%] @ "360625000"
// RTL Simulation : 71 / 1166 [0.00%] @ "365775000"
// RTL Simulation : 72 / 1166 [0.00%] @ "370925000"
// RTL Simulation : 73 / 1166 [0.00%] @ "376075000"
// RTL Simulation : 74 / 1166 [0.00%] @ "381225000"
// RTL Simulation : 75 / 1166 [0.00%] @ "386375000"
// RTL Simulation : 76 / 1166 [0.00%] @ "391525000"
// RTL Simulation : 77 / 1166 [0.00%] @ "396675000"
// RTL Simulation : 78 / 1166 [0.00%] @ "401825000"
// RTL Simulation : 79 / 1166 [0.00%] @ "406975000"
// RTL Simulation : 80 / 1166 [0.00%] @ "412125000"
// RTL Simulation : 81 / 1166 [0.00%] @ "417275000"
// RTL Simulation : 82 / 1166 [0.00%] @ "422425000"
// RTL Simulation : 83 / 1166 [0.00%] @ "427575000"
// RTL Simulation : 84 / 1166 [0.00%] @ "432725000"
// RTL Simulation : 85 / 1166 [0.00%] @ "437875000"
// RTL Simulation : 86 / 1166 [0.00%] @ "443025000"
// RTL Simulation : 87 / 1166 [0.00%] @ "448175000"
// RTL Simulation : 88 / 1166 [0.00%] @ "453325000"
// RTL Simulation : 89 / 1166 [0.00%] @ "458475000"
// RTL Simulation : 90 / 1166 [0.00%] @ "463625000"
// RTL Simulation : 91 / 1166 [0.00%] @ "468775000"
// RTL Simulation : 92 / 1166 [0.00%] @ "473925000"
// RTL Simulation : 93 / 1166 [0.00%] @ "479075000"
// RTL Simulation : 94 / 1166 [0.00%] @ "484225000"
// RTL Simulation : 95 / 1166 [0.00%] @ "489375000"
// RTL Simulation : 96 / 1166 [0.00%] @ "494525000"
// RTL Simulation : 97 / 1166 [0.00%] @ "499675000"
// RTL Simulation : 98 / 1166 [0.00%] @ "504825000"
// RTL Simulation : 99 / 1166 [0.00%] @ "509975000"
// RTL Simulation : 100 / 1166 [0.00%] @ "515125000"
// RTL Simulation : 101 / 1166 [0.00%] @ "520275000"
// RTL Simulation : 102 / 1166 [0.00%] @ "525425000"
// RTL Simulation : 103 / 1166 [0.00%] @ "530575000"
// RTL Simulation : 104 / 1166 [0.00%] @ "535725000"
// RTL Simulation : 105 / 1166 [0.00%] @ "540875000"
// RTL Simulation : 106 / 1166 [0.00%] @ "546025000"
// RTL Simulation : 107 / 1166 [0.00%] @ "551175000"
// RTL Simulation : 108 / 1166 [0.00%] @ "556325000"
// RTL Simulation : 109 / 1166 [0.00%] @ "561475000"
// RTL Simulation : 110 / 1166 [0.00%] @ "566625000"
// RTL Simulation : 111 / 1166 [0.00%] @ "571775000"
// RTL Simulation : 112 / 1166 [0.00%] @ "576925000"
// RTL Simulation : 113 / 1166 [0.00%] @ "582075000"
// RTL Simulation : 114 / 1166 [0.00%] @ "587225000"
// RTL Simulation : 115 / 1166 [0.00%] @ "592375000"
// RTL Simulation : 116 / 1166 [0.00%] @ "597525000"
// RTL Simulation : 117 / 1166 [0.00%] @ "602675000"
// RTL Simulation : 118 / 1166 [0.00%] @ "607825000"
// RTL Simulation : 119 / 1166 [0.00%] @ "612975000"
// RTL Simulation : 120 / 1166 [0.00%] @ "618125000"
// RTL Simulation : 121 / 1166 [0.00%] @ "623275000"
// RTL Simulation : 122 / 1166 [0.00%] @ "628425000"
// RTL Simulation : 123 / 1166 [0.00%] @ "633575000"
// RTL Simulation : 124 / 1166 [0.00%] @ "638725000"
// RTL Simulation : 125 / 1166 [0.00%] @ "643875000"
// RTL Simulation : 126 / 1166 [0.00%] @ "649025000"
// RTL Simulation : 127 / 1166 [0.00%] @ "654175000"
// RTL Simulation : 128 / 1166 [0.00%] @ "659325000"
// RTL Simulation : 129 / 1166 [0.00%] @ "664475000"
// RTL Simulation : 130 / 1166 [0.00%] @ "669625000"
// RTL Simulation : 131 / 1166 [0.00%] @ "674775000"
// RTL Simulation : 132 / 1166 [0.00%] @ "679925000"
// RTL Simulation : 133 / 1166 [0.00%] @ "685075000"
// RTL Simulation : 134 / 1166 [0.00%] @ "690225000"
// RTL Simulation : 135 / 1166 [0.00%] @ "695375000"
// RTL Simulation : 136 / 1166 [0.00%] @ "700525000"
// RTL Simulation : 137 / 1166 [0.00%] @ "705675000"
// RTL Simulation : 138 / 1166 [0.00%] @ "710825000"
// RTL Simulation : 139 / 1166 [0.00%] @ "715975000"
// RTL Simulation : 140 / 1166 [0.00%] @ "721125000"
// RTL Simulation : 141 / 1166 [0.00%] @ "726275000"
// RTL Simulation : 142 / 1166 [0.00%] @ "731425000"
// RTL Simulation : 143 / 1166 [0.00%] @ "736575000"
// RTL Simulation : 144 / 1166 [0.00%] @ "741725000"
// RTL Simulation : 145 / 1166 [0.00%] @ "746875000"
// RTL Simulation : 146 / 1166 [0.00%] @ "752025000"
// RTL Simulation : 147 / 1166 [0.00%] @ "757175000"
// RTL Simulation : 148 / 1166 [0.00%] @ "762325000"
// RTL Simulation : 149 / 1166 [0.00%] @ "767475000"
// RTL Simulation : 150 / 1166 [0.00%] @ "772625000"
// RTL Simulation : 151 / 1166 [0.00%] @ "777775000"
// RTL Simulation : 152 / 1166 [0.00%] @ "782925000"
// RTL Simulation : 153 / 1166 [0.00%] @ "788075000"
// RTL Simulation : 154 / 1166 [0.00%] @ "793225000"
// RTL Simulation : 155 / 1166 [0.00%] @ "798375000"
// RTL Simulation : 156 / 1166 [0.00%] @ "803525000"
// RTL Simulation : 157 / 1166 [0.00%] @ "808675000"
// RTL Simulation : 158 / 1166 [0.00%] @ "813825000"
// RTL Simulation : 159 / 1166 [0.00%] @ "818975000"
// RTL Simulation : 160 / 1166 [0.00%] @ "824125000"
// RTL Simulation : 161 / 1166 [0.00%] @ "829275000"
// RTL Simulation : 162 / 1166 [0.00%] @ "834425000"
// RTL Simulation : 163 / 1166 [0.00%] @ "839575000"
// RTL Simulation : 164 / 1166 [0.00%] @ "844725000"
// RTL Simulation : 165 / 1166 [0.00%] @ "849875000"
// RTL Simulation : 166 / 1166 [0.00%] @ "855025000"
// RTL Simulation : 167 / 1166 [0.00%] @ "860175000"
// RTL Simulation : 168 / 1166 [0.00%] @ "865325000"
// RTL Simulation : 169 / 1166 [0.00%] @ "870475000"
// RTL Simulation : 170 / 1166 [0.00%] @ "875625000"
// RTL Simulation : 171 / 1166 [0.00%] @ "880775000"
// RTL Simulation : 172 / 1166 [0.00%] @ "885925000"
// RTL Simulation : 173 / 1166 [0.00%] @ "891075000"
// RTL Simulation : 174 / 1166 [0.00%] @ "896225000"
// RTL Simulation : 175 / 1166 [0.00%] @ "901375000"
// RTL Simulation : 176 / 1166 [0.00%] @ "906525000"
// RTL Simulation : 177 / 1166 [0.00%] @ "911675000"
// RTL Simulation : 178 / 1166 [0.00%] @ "916825000"
// RTL Simulation : 179 / 1166 [0.00%] @ "921975000"
// RTL Simulation : 180 / 1166 [0.00%] @ "927125000"
// RTL Simulation : 181 / 1166 [0.00%] @ "932275000"
// RTL Simulation : 182 / 1166 [0.00%] @ "937425000"
// RTL Simulation : 183 / 1166 [0.00%] @ "942575000"
// RTL Simulation : 184 / 1166 [0.00%] @ "947725000"
// RTL Simulation : 185 / 1166 [0.00%] @ "952875000"
// RTL Simulation : 186 / 1166 [0.00%] @ "958025000"
// RTL Simulation : 187 / 1166 [0.00%] @ "963175000"
// RTL Simulation : 188 / 1166 [0.00%] @ "968325000"
// RTL Simulation : 189 / 1166 [0.00%] @ "973475000"
// RTL Simulation : 190 / 1166 [0.00%] @ "978625000"
// RTL Simulation : 191 / 1166 [0.00%] @ "983775000"
// RTL Simulation : 192 / 1166 [0.00%] @ "988925000"
// RTL Simulation : 193 / 1166 [0.00%] @ "994075000"
// RTL Simulation : 194 / 1166 [0.00%] @ "999225000"
// RTL Simulation : 195 / 1166 [0.00%] @ "1004375000"
// RTL Simulation : 196 / 1166 [0.00%] @ "1009525000"
// RTL Simulation : 197 / 1166 [0.00%] @ "1014675000"
// RTL Simulation : 198 / 1166 [0.00%] @ "1019825000"
// RTL Simulation : 199 / 1166 [0.00%] @ "1024975000"
// RTL Simulation : 200 / 1166 [0.00%] @ "1030125000"
// RTL Simulation : 201 / 1166 [0.00%] @ "1035275000"
// RTL Simulation : 202 / 1166 [0.00%] @ "1040425000"
// RTL Simulation : 203 / 1166 [0.00%] @ "1045575000"
// RTL Simulation : 204 / 1166 [0.00%] @ "1050725000"
// RTL Simulation : 205 / 1166 [0.00%] @ "1055875000"
// RTL Simulation : 206 / 1166 [0.00%] @ "1061025000"
// RTL Simulation : 207 / 1166 [0.00%] @ "1066175000"
// RTL Simulation : 208 / 1166 [0.00%] @ "1071325000"
// RTL Simulation : 209 / 1166 [0.00%] @ "1076475000"
// RTL Simulation : 210 / 1166 [0.00%] @ "1081625000"
// RTL Simulation : 211 / 1166 [0.00%] @ "1086775000"
// RTL Simulation : 212 / 1166 [0.00%] @ "1091925000"
// RTL Simulation : 213 / 1166 [0.00%] @ "1097075000"
// RTL Simulation : 214 / 1166 [0.00%] @ "1102225000"
// RTL Simulation : 215 / 1166 [0.00%] @ "1107375000"
// RTL Simulation : 216 / 1166 [0.00%] @ "1112525000"
// RTL Simulation : 217 / 1166 [0.00%] @ "1117675000"
// RTL Simulation : 218 / 1166 [0.00%] @ "1122825000"
// RTL Simulation : 219 / 1166 [0.00%] @ "1127975000"
// RTL Simulation : 220 / 1166 [0.00%] @ "1133125000"
// RTL Simulation : 221 / 1166 [0.00%] @ "1138275000"
// RTL Simulation : 222 / 1166 [0.00%] @ "1143425000"
// RTL Simulation : 223 / 1166 [0.00%] @ "1148575000"
// RTL Simulation : 224 / 1166 [0.00%] @ "1153725000"
// RTL Simulation : 225 / 1166 [0.00%] @ "1158875000"
// RTL Simulation : 226 / 1166 [0.00%] @ "1164025000"
// RTL Simulation : 227 / 1166 [0.00%] @ "1169175000"
// RTL Simulation : 228 / 1166 [0.00%] @ "1174325000"
// RTL Simulation : 229 / 1166 [0.00%] @ "1179475000"
// RTL Simulation : 230 / 1166 [0.00%] @ "1184625000"
// RTL Simulation : 231 / 1166 [0.00%] @ "1189775000"
// RTL Simulation : 232 / 1166 [0.00%] @ "1194925000"
// RTL Simulation : 233 / 1166 [0.00%] @ "1200075000"
// RTL Simulation : 234 / 1166 [0.00%] @ "1205225000"
// RTL Simulation : 235 / 1166 [0.00%] @ "1210375000"
// RTL Simulation : 236 / 1166 [0.00%] @ "1215525000"
// RTL Simulation : 237 / 1166 [0.00%] @ "1220675000"
// RTL Simulation : 238 / 1166 [0.00%] @ "1225825000"
// RTL Simulation : 239 / 1166 [0.00%] @ "1230975000"
// RTL Simulation : 240 / 1166 [0.00%] @ "1236125000"
// RTL Simulation : 241 / 1166 [0.00%] @ "1241275000"
// RTL Simulation : 242 / 1166 [0.00%] @ "1246425000"
// RTL Simulation : 243 / 1166 [0.00%] @ "1251575000"
// RTL Simulation : 244 / 1166 [0.00%] @ "1256725000"
// RTL Simulation : 245 / 1166 [0.00%] @ "1261875000"
// RTL Simulation : 246 / 1166 [0.00%] @ "1267025000"
// RTL Simulation : 247 / 1166 [0.00%] @ "1272175000"
// RTL Simulation : 248 / 1166 [0.00%] @ "1277325000"
// RTL Simulation : 249 / 1166 [0.00%] @ "1282475000"
// RTL Simulation : 250 / 1166 [0.00%] @ "1287625000"
// RTL Simulation : 251 / 1166 [0.00%] @ "1292775000"
// RTL Simulation : 252 / 1166 [0.00%] @ "1297925000"
// RTL Simulation : 253 / 1166 [0.00%] @ "1303075000"
// RTL Simulation : 254 / 1166 [0.00%] @ "1308225000"
// RTL Simulation : 255 / 1166 [0.00%] @ "1313375000"
// RTL Simulation : 256 / 1166 [0.00%] @ "1318525000"
// RTL Simulation : 257 / 1166 [0.00%] @ "1323675000"
// RTL Simulation : 258 / 1166 [0.00%] @ "1328825000"
// RTL Simulation : 259 / 1166 [0.00%] @ "1333975000"
// RTL Simulation : 260 / 1166 [0.00%] @ "1339125000"
// RTL Simulation : 261 / 1166 [0.00%] @ "1344275000"
// RTL Simulation : 262 / 1166 [0.00%] @ "1349425000"
// RTL Simulation : 263 / 1166 [0.00%] @ "1354575000"
// RTL Simulation : 264 / 1166 [0.00%] @ "1359725000"
// RTL Simulation : 265 / 1166 [0.00%] @ "1364875000"
// RTL Simulation : 266 / 1166 [0.00%] @ "1370025000"
// RTL Simulation : 267 / 1166 [0.00%] @ "1375175000"
// RTL Simulation : 268 / 1166 [0.00%] @ "1380325000"
// RTL Simulation : 269 / 1166 [0.00%] @ "1385475000"
// RTL Simulation : 270 / 1166 [0.00%] @ "1390625000"
// RTL Simulation : 271 / 1166 [0.00%] @ "1395775000"
// RTL Simulation : 272 / 1166 [0.00%] @ "1400925000"
// RTL Simulation : 273 / 1166 [0.00%] @ "1406075000"
// RTL Simulation : 274 / 1166 [0.00%] @ "1411225000"
// RTL Simulation : 275 / 1166 [0.00%] @ "1416375000"
// RTL Simulation : 276 / 1166 [0.00%] @ "1421525000"
// RTL Simulation : 277 / 1166 [0.00%] @ "1426675000"
// RTL Simulation : 278 / 1166 [0.00%] @ "1431825000"
// RTL Simulation : 279 / 1166 [0.00%] @ "1436975000"
// RTL Simulation : 280 / 1166 [0.00%] @ "1442125000"
// RTL Simulation : 281 / 1166 [0.00%] @ "1447275000"
// RTL Simulation : 282 / 1166 [0.00%] @ "1452425000"
// RTL Simulation : 283 / 1166 [0.00%] @ "1457575000"
// RTL Simulation : 284 / 1166 [0.00%] @ "1462725000"
// RTL Simulation : 285 / 1166 [0.00%] @ "1467875000"
// RTL Simulation : 286 / 1166 [0.00%] @ "1473025000"
// RTL Simulation : 287 / 1166 [0.00%] @ "1478175000"
// RTL Simulation : 288 / 1166 [0.00%] @ "1483325000"
// RTL Simulation : 289 / 1166 [0.00%] @ "1488475000"
// RTL Simulation : 290 / 1166 [0.00%] @ "1493625000"
// RTL Simulation : 291 / 1166 [0.00%] @ "1498775000"
// RTL Simulation : 292 / 1166 [0.00%] @ "1503925000"
// RTL Simulation : 293 / 1166 [0.00%] @ "1509075000"
// RTL Simulation : 294 / 1166 [0.00%] @ "1514225000"
// RTL Simulation : 295 / 1166 [0.00%] @ "1519375000"
// RTL Simulation : 296 / 1166 [0.00%] @ "1524525000"
// RTL Simulation : 297 / 1166 [0.00%] @ "1529675000"
// RTL Simulation : 298 / 1166 [0.00%] @ "1534825000"
// RTL Simulation : 299 / 1166 [0.00%] @ "1539975000"
// RTL Simulation : 300 / 1166 [0.00%] @ "1545125000"
// RTL Simulation : 301 / 1166 [0.00%] @ "1550275000"
// RTL Simulation : 302 / 1166 [0.00%] @ "1555425000"
// RTL Simulation : 303 / 1166 [0.00%] @ "1560575000"
// RTL Simulation : 304 / 1166 [0.00%] @ "1565725000"
// RTL Simulation : 305 / 1166 [0.00%] @ "1570875000"
// RTL Simulation : 306 / 1166 [0.00%] @ "1576025000"
// RTL Simulation : 307 / 1166 [0.00%] @ "1581175000"
// RTL Simulation : 308 / 1166 [0.00%] @ "1586325000"
// RTL Simulation : 309 / 1166 [0.00%] @ "1591475000"
// RTL Simulation : 310 / 1166 [0.00%] @ "1596625000"
// RTL Simulation : 311 / 1166 [0.00%] @ "1601775000"
// RTL Simulation : 312 / 1166 [0.00%] @ "1606925000"
// RTL Simulation : 313 / 1166 [0.00%] @ "1612075000"
// RTL Simulation : 314 / 1166 [0.00%] @ "1617225000"
// RTL Simulation : 315 / 1166 [0.00%] @ "1622375000"
// RTL Simulation : 316 / 1166 [0.00%] @ "1627525000"
// RTL Simulation : 317 / 1166 [0.00%] @ "1632675000"
// RTL Simulation : 318 / 1166 [0.00%] @ "1637825000"
// RTL Simulation : 319 / 1166 [0.00%] @ "1642975000"
// RTL Simulation : 320 / 1166 [0.00%] @ "1648125000"
// RTL Simulation : 321 / 1166 [0.00%] @ "1653275000"
// RTL Simulation : 322 / 1166 [0.00%] @ "1658425000"
// RTL Simulation : 323 / 1166 [0.00%] @ "1663575000"
// RTL Simulation : 324 / 1166 [0.00%] @ "1668725000"
// RTL Simulation : 325 / 1166 [0.00%] @ "1673875000"
// RTL Simulation : 326 / 1166 [0.00%] @ "1679025000"
// RTL Simulation : 327 / 1166 [0.00%] @ "1684175000"
// RTL Simulation : 328 / 1166 [0.00%] @ "1689325000"
// RTL Simulation : 329 / 1166 [0.00%] @ "1694475000"
// RTL Simulation : 330 / 1166 [0.00%] @ "1699625000"
// RTL Simulation : 331 / 1166 [0.00%] @ "1704775000"
// RTL Simulation : 332 / 1166 [0.00%] @ "1709925000"
// RTL Simulation : 333 / 1166 [0.00%] @ "1715075000"
// RTL Simulation : 334 / 1166 [0.00%] @ "1720225000"
// RTL Simulation : 335 / 1166 [0.00%] @ "1725375000"
// RTL Simulation : 336 / 1166 [0.00%] @ "1730525000"
// RTL Simulation : 337 / 1166 [0.00%] @ "1735675000"
// RTL Simulation : 338 / 1166 [0.00%] @ "1740825000"
// RTL Simulation : 339 / 1166 [0.00%] @ "1745975000"
// RTL Simulation : 340 / 1166 [0.00%] @ "1751125000"
// RTL Simulation : 341 / 1166 [0.00%] @ "1756275000"
// RTL Simulation : 342 / 1166 [0.00%] @ "1761425000"
// RTL Simulation : 343 / 1166 [0.00%] @ "1766575000"
// RTL Simulation : 344 / 1166 [0.00%] @ "1771725000"
// RTL Simulation : 345 / 1166 [0.00%] @ "1776875000"
// RTL Simulation : 346 / 1166 [0.00%] @ "1782025000"
// RTL Simulation : 347 / 1166 [0.00%] @ "1787175000"
// RTL Simulation : 348 / 1166 [0.00%] @ "1792325000"
// RTL Simulation : 349 / 1166 [0.00%] @ "1797475000"
// RTL Simulation : 350 / 1166 [0.00%] @ "1802625000"
// RTL Simulation : 351 / 1166 [0.00%] @ "1807775000"
// RTL Simulation : 352 / 1166 [0.00%] @ "1812925000"
// RTL Simulation : 353 / 1166 [0.00%] @ "1818075000"
// RTL Simulation : 354 / 1166 [0.00%] @ "1823225000"
// RTL Simulation : 355 / 1166 [0.00%] @ "1828375000"
// RTL Simulation : 356 / 1166 [0.00%] @ "1833525000"
// RTL Simulation : 357 / 1166 [0.00%] @ "1838675000"
// RTL Simulation : 358 / 1166 [0.00%] @ "1843825000"
// RTL Simulation : 359 / 1166 [0.00%] @ "1848975000"
// RTL Simulation : 360 / 1166 [0.00%] @ "1854125000"
// RTL Simulation : 361 / 1166 [0.00%] @ "1859275000"
// RTL Simulation : 362 / 1166 [0.00%] @ "1864425000"
// RTL Simulation : 363 / 1166 [0.00%] @ "1869575000"
// RTL Simulation : 364 / 1166 [0.00%] @ "1874725000"
// RTL Simulation : 365 / 1166 [0.00%] @ "1879875000"
// RTL Simulation : 366 / 1166 [0.00%] @ "1885025000"
// RTL Simulation : 367 / 1166 [0.00%] @ "1890175000"
// RTL Simulation : 368 / 1166 [0.00%] @ "1895325000"
// RTL Simulation : 369 / 1166 [0.00%] @ "1900475000"
// RTL Simulation : 370 / 1166 [0.00%] @ "1905625000"
// RTL Simulation : 371 / 1166 [0.00%] @ "1910775000"
// RTL Simulation : 372 / 1166 [0.00%] @ "1915925000"
// RTL Simulation : 373 / 1166 [0.00%] @ "1921075000"
// RTL Simulation : 374 / 1166 [0.00%] @ "1926225000"
// RTL Simulation : 375 / 1166 [0.00%] @ "1931375000"
// RTL Simulation : 376 / 1166 [0.00%] @ "1936525000"
// RTL Simulation : 377 / 1166 [0.00%] @ "1941675000"
// RTL Simulation : 378 / 1166 [0.00%] @ "1946825000"
// RTL Simulation : 379 / 1166 [0.00%] @ "1951975000"
// RTL Simulation : 380 / 1166 [0.00%] @ "1957125000"
// RTL Simulation : 381 / 1166 [0.00%] @ "1962275000"
// RTL Simulation : 382 / 1166 [0.00%] @ "1967425000"
// RTL Simulation : 383 / 1166 [0.00%] @ "1972575000"
// RTL Simulation : 384 / 1166 [0.00%] @ "1977725000"
// RTL Simulation : 385 / 1166 [0.00%] @ "1982875000"
// RTL Simulation : 386 / 1166 [0.00%] @ "1988025000"
// RTL Simulation : 387 / 1166 [0.00%] @ "1993175000"
// RTL Simulation : 388 / 1166 [0.00%] @ "1998325000"
// RTL Simulation : 389 / 1166 [0.00%] @ "2003475000"
// RTL Simulation : 390 / 1166 [0.00%] @ "2008625000"
// RTL Simulation : 391 / 1166 [0.00%] @ "2013775000"
// RTL Simulation : 392 / 1166 [0.00%] @ "2018925000"
// RTL Simulation : 393 / 1166 [0.00%] @ "2024075000"
// RTL Simulation : 394 / 1166 [0.00%] @ "2029225000"
// RTL Simulation : 395 / 1166 [0.00%] @ "2034375000"
// RTL Simulation : 396 / 1166 [0.00%] @ "2039525000"
// RTL Simulation : 397 / 1166 [0.00%] @ "2044675000"
// RTL Simulation : 398 / 1166 [0.00%] @ "2049825000"
// RTL Simulation : 399 / 1166 [0.00%] @ "2054975000"
// RTL Simulation : 400 / 1166 [0.00%] @ "2060125000"
// RTL Simulation : 401 / 1166 [0.00%] @ "2065275000"
// RTL Simulation : 402 / 1166 [0.00%] @ "2070425000"
// RTL Simulation : 403 / 1166 [0.00%] @ "2075575000"
// RTL Simulation : 404 / 1166 [0.00%] @ "2080725000"
// RTL Simulation : 405 / 1166 [0.00%] @ "2085875000"
// RTL Simulation : 406 / 1166 [0.00%] @ "2091025000"
// RTL Simulation : 407 / 1166 [0.00%] @ "2096175000"
// RTL Simulation : 408 / 1166 [0.00%] @ "2101325000"
// RTL Simulation : 409 / 1166 [0.00%] @ "2106475000"
// RTL Simulation : 410 / 1166 [0.00%] @ "2111625000"
// RTL Simulation : 411 / 1166 [0.00%] @ "2116775000"
// RTL Simulation : 412 / 1166 [0.00%] @ "2121925000"
// RTL Simulation : 413 / 1166 [0.00%] @ "2127075000"
// RTL Simulation : 414 / 1166 [0.00%] @ "2132225000"
// RTL Simulation : 415 / 1166 [0.00%] @ "2137375000"
// RTL Simulation : 416 / 1166 [0.00%] @ "2142525000"
// RTL Simulation : 417 / 1166 [0.00%] @ "2147675000"
// RTL Simulation : 418 / 1166 [0.00%] @ "2152825000"
// RTL Simulation : 419 / 1166 [0.00%] @ "2157975000"
// RTL Simulation : 420 / 1166 [0.00%] @ "2163125000"
// RTL Simulation : 421 / 1166 [0.00%] @ "2168275000"
// RTL Simulation : 422 / 1166 [0.00%] @ "2173425000"
// RTL Simulation : 423 / 1166 [0.00%] @ "2178575000"
// RTL Simulation : 424 / 1166 [0.00%] @ "2183725000"
// RTL Simulation : 425 / 1166 [0.00%] @ "2188875000"
// RTL Simulation : 426 / 1166 [0.00%] @ "2194025000"
// RTL Simulation : 427 / 1166 [0.00%] @ "2199175000"
// RTL Simulation : 428 / 1166 [0.00%] @ "2204325000"
// RTL Simulation : 429 / 1166 [0.00%] @ "2209475000"
// RTL Simulation : 430 / 1166 [0.00%] @ "2214625000"
// RTL Simulation : 431 / 1166 [0.00%] @ "2219775000"
// RTL Simulation : 432 / 1166 [0.00%] @ "2224925000"
// RTL Simulation : 433 / 1166 [0.00%] @ "2230075000"
// RTL Simulation : 434 / 1166 [0.00%] @ "2235225000"
// RTL Simulation : 435 / 1166 [0.00%] @ "2240375000"
// RTL Simulation : 436 / 1166 [0.00%] @ "2245525000"
// RTL Simulation : 437 / 1166 [0.00%] @ "2250675000"
// RTL Simulation : 438 / 1166 [0.00%] @ "2255825000"
// RTL Simulation : 439 / 1166 [0.00%] @ "2260975000"
// RTL Simulation : 440 / 1166 [0.00%] @ "2266125000"
// RTL Simulation : 441 / 1166 [0.00%] @ "2271275000"
// RTL Simulation : 442 / 1166 [0.00%] @ "2276425000"
// RTL Simulation : 443 / 1166 [0.00%] @ "2281575000"
// RTL Simulation : 444 / 1166 [0.00%] @ "2286725000"
// RTL Simulation : 445 / 1166 [0.00%] @ "2291875000"
// RTL Simulation : 446 / 1166 [0.00%] @ "2297025000"
// RTL Simulation : 447 / 1166 [0.00%] @ "2302175000"
// RTL Simulation : 448 / 1166 [0.00%] @ "2307325000"
// RTL Simulation : 449 / 1166 [0.00%] @ "2312475000"
// RTL Simulation : 450 / 1166 [0.00%] @ "2317625000"
// RTL Simulation : 451 / 1166 [0.00%] @ "2322775000"
// RTL Simulation : 452 / 1166 [0.00%] @ "2327925000"
// RTL Simulation : 453 / 1166 [0.00%] @ "2333075000"
// RTL Simulation : 454 / 1166 [0.00%] @ "2338225000"
// RTL Simulation : 455 / 1166 [0.00%] @ "2343375000"
// RTL Simulation : 456 / 1166 [0.00%] @ "2348525000"
// RTL Simulation : 457 / 1166 [0.00%] @ "2353675000"
// RTL Simulation : 458 / 1166 [0.00%] @ "2358825000"
// RTL Simulation : 459 / 1166 [0.00%] @ "2363975000"
// RTL Simulation : 460 / 1166 [0.00%] @ "2369125000"
// RTL Simulation : 461 / 1166 [0.00%] @ "2374275000"
// RTL Simulation : 462 / 1166 [0.00%] @ "2379425000"
// RTL Simulation : 463 / 1166 [0.00%] @ "2384575000"
// RTL Simulation : 464 / 1166 [0.00%] @ "2389725000"
// RTL Simulation : 465 / 1166 [0.00%] @ "2394875000"
// RTL Simulation : 466 / 1166 [0.00%] @ "2400025000"
// RTL Simulation : 467 / 1166 [0.00%] @ "2405175000"
// RTL Simulation : 468 / 1166 [0.00%] @ "2410325000"
// RTL Simulation : 469 / 1166 [0.00%] @ "2415475000"
// RTL Simulation : 470 / 1166 [0.00%] @ "2420625000"
// RTL Simulation : 471 / 1166 [0.00%] @ "2425775000"
// RTL Simulation : 472 / 1166 [0.00%] @ "2430925000"
// RTL Simulation : 473 / 1166 [0.00%] @ "2436075000"
// RTL Simulation : 474 / 1166 [0.00%] @ "2441225000"
// RTL Simulation : 475 / 1166 [0.00%] @ "2446375000"
// RTL Simulation : 476 / 1166 [0.00%] @ "2451525000"
// RTL Simulation : 477 / 1166 [0.00%] @ "2456675000"
// RTL Simulation : 478 / 1166 [0.00%] @ "2461825000"
// RTL Simulation : 479 / 1166 [0.00%] @ "2466975000"
// RTL Simulation : 480 / 1166 [0.00%] @ "2472125000"
// RTL Simulation : 481 / 1166 [0.00%] @ "2477275000"
// RTL Simulation : 482 / 1166 [0.00%] @ "2482425000"
// RTL Simulation : 483 / 1166 [0.00%] @ "2487575000"
// RTL Simulation : 484 / 1166 [0.00%] @ "2492725000"
// RTL Simulation : 485 / 1166 [0.00%] @ "2497875000"
// RTL Simulation : 486 / 1166 [0.00%] @ "2503025000"
// RTL Simulation : 487 / 1166 [0.00%] @ "2508175000"
// RTL Simulation : 488 / 1166 [0.00%] @ "2513325000"
// RTL Simulation : 489 / 1166 [0.00%] @ "2518475000"
// RTL Simulation : 490 / 1166 [0.00%] @ "2523625000"
// RTL Simulation : 491 / 1166 [0.00%] @ "2528775000"
// RTL Simulation : 492 / 1166 [0.00%] @ "2533925000"
// RTL Simulation : 493 / 1166 [0.00%] @ "2539075000"
// RTL Simulation : 494 / 1166 [0.00%] @ "2544225000"
// RTL Simulation : 495 / 1166 [0.00%] @ "2549375000"
// RTL Simulation : 496 / 1166 [0.00%] @ "2554525000"
// RTL Simulation : 497 / 1166 [0.00%] @ "2559675000"
// RTL Simulation : 498 / 1166 [0.00%] @ "2564825000"
// RTL Simulation : 499 / 1166 [0.00%] @ "2569975000"
// RTL Simulation : 500 / 1166 [0.00%] @ "2575125000"
// RTL Simulation : 501 / 1166 [0.00%] @ "2580275000"
// RTL Simulation : 502 / 1166 [0.00%] @ "2585425000"
// RTL Simulation : 503 / 1166 [0.00%] @ "2590575000"
// RTL Simulation : 504 / 1166 [0.00%] @ "2595725000"
// RTL Simulation : 505 / 1166 [0.00%] @ "2600875000"
// RTL Simulation : 506 / 1166 [0.00%] @ "2606025000"
// RTL Simulation : 507 / 1166 [0.00%] @ "2611175000"
// RTL Simulation : 508 / 1166 [0.00%] @ "2616325000"
// RTL Simulation : 509 / 1166 [0.00%] @ "2621475000"
// RTL Simulation : 510 / 1166 [0.00%] @ "2626625000"
// RTL Simulation : 511 / 1166 [0.00%] @ "2631775000"
// RTL Simulation : 512 / 1166 [0.00%] @ "2636925000"
// RTL Simulation : 513 / 1166 [0.00%] @ "2642075000"
// RTL Simulation : 514 / 1166 [0.00%] @ "2647225000"
// RTL Simulation : 515 / 1166 [0.00%] @ "2652375000"
// RTL Simulation : 516 / 1166 [0.00%] @ "2657525000"
// RTL Simulation : 517 / 1166 [0.00%] @ "2662675000"
// RTL Simulation : 518 / 1166 [0.00%] @ "2667825000"
// RTL Simulation : 519 / 1166 [0.00%] @ "2672975000"
// RTL Simulation : 520 / 1166 [0.00%] @ "2678125000"
// RTL Simulation : 521 / 1166 [0.00%] @ "2683275000"
// RTL Simulation : 522 / 1166 [0.00%] @ "2688425000"
// RTL Simulation : 523 / 1166 [0.00%] @ "2693575000"
// RTL Simulation : 524 / 1166 [0.00%] @ "2698725000"
// RTL Simulation : 525 / 1166 [0.00%] @ "2703875000"
// RTL Simulation : 526 / 1166 [0.00%] @ "2709025000"
// RTL Simulation : 527 / 1166 [0.00%] @ "2714175000"
// RTL Simulation : 528 / 1166 [0.00%] @ "2719325000"
// RTL Simulation : 529 / 1166 [0.00%] @ "2724475000"
// RTL Simulation : 530 / 1166 [0.00%] @ "2729625000"
// RTL Simulation : 531 / 1166 [0.00%] @ "2734775000"
// RTL Simulation : 532 / 1166 [0.00%] @ "2739925000"
// RTL Simulation : 533 / 1166 [0.00%] @ "2745075000"
// RTL Simulation : 534 / 1166 [0.00%] @ "2750225000"
// RTL Simulation : 535 / 1166 [0.00%] @ "2755375000"
// RTL Simulation : 536 / 1166 [0.00%] @ "2760525000"
// RTL Simulation : 537 / 1166 [0.00%] @ "2765675000"
// RTL Simulation : 538 / 1166 [0.00%] @ "2770825000"
// RTL Simulation : 539 / 1166 [0.00%] @ "2775975000"
// RTL Simulation : 540 / 1166 [0.00%] @ "2781125000"
// RTL Simulation : 541 / 1166 [0.00%] @ "2786275000"
// RTL Simulation : 542 / 1166 [0.00%] @ "2791425000"
// RTL Simulation : 543 / 1166 [0.00%] @ "2796575000"
// RTL Simulation : 544 / 1166 [0.00%] @ "2801725000"
// RTL Simulation : 545 / 1166 [0.00%] @ "2806875000"
// RTL Simulation : 546 / 1166 [0.00%] @ "2812025000"
// RTL Simulation : 547 / 1166 [0.00%] @ "2817175000"
// RTL Simulation : 548 / 1166 [0.00%] @ "2822325000"
// RTL Simulation : 549 / 1166 [0.00%] @ "2827475000"
// RTL Simulation : 550 / 1166 [0.00%] @ "2832625000"
// RTL Simulation : 551 / 1166 [0.00%] @ "2837775000"
// RTL Simulation : 552 / 1166 [0.00%] @ "2842925000"
// RTL Simulation : 553 / 1166 [0.00%] @ "2848075000"
// RTL Simulation : 554 / 1166 [0.00%] @ "2853225000"
// RTL Simulation : 555 / 1166 [0.00%] @ "2858375000"
// RTL Simulation : 556 / 1166 [0.00%] @ "2863525000"
// RTL Simulation : 557 / 1166 [0.00%] @ "2868675000"
// RTL Simulation : 558 / 1166 [0.00%] @ "2873825000"
// RTL Simulation : 559 / 1166 [0.00%] @ "2878975000"
// RTL Simulation : 560 / 1166 [0.00%] @ "2884125000"
// RTL Simulation : 561 / 1166 [0.00%] @ "2889275000"
// RTL Simulation : 562 / 1166 [0.00%] @ "2894425000"
// RTL Simulation : 563 / 1166 [0.00%] @ "2899575000"
// RTL Simulation : 564 / 1166 [0.00%] @ "2904725000"
// RTL Simulation : 565 / 1166 [0.00%] @ "2909875000"
// RTL Simulation : 566 / 1166 [0.00%] @ "2915025000"
// RTL Simulation : 567 / 1166 [0.00%] @ "2920175000"
// RTL Simulation : 568 / 1166 [0.00%] @ "2925325000"
// RTL Simulation : 569 / 1166 [0.00%] @ "2930475000"
// RTL Simulation : 570 / 1166 [0.00%] @ "2935625000"
// RTL Simulation : 571 / 1166 [0.00%] @ "2940775000"
// RTL Simulation : 572 / 1166 [0.00%] @ "2945925000"
// RTL Simulation : 573 / 1166 [0.00%] @ "2951075000"
// RTL Simulation : 574 / 1166 [0.00%] @ "2956225000"
// RTL Simulation : 575 / 1166 [0.00%] @ "2961375000"
// RTL Simulation : 576 / 1166 [0.00%] @ "2966525000"
// RTL Simulation : 577 / 1166 [0.00%] @ "2971675000"
// RTL Simulation : 578 / 1166 [0.00%] @ "2976825000"
// RTL Simulation : 579 / 1166 [0.00%] @ "2981975000"
// RTL Simulation : 580 / 1166 [0.00%] @ "2987125000"
// RTL Simulation : 581 / 1166 [0.00%] @ "2992275000"
// RTL Simulation : 582 / 1166 [0.00%] @ "2997425000"
// RTL Simulation : 583 / 1166 [0.00%] @ "3002575000"
// RTL Simulation : 584 / 1166 [0.00%] @ "3007725000"
// RTL Simulation : 585 / 1166 [0.00%] @ "3012875000"
// RTL Simulation : 586 / 1166 [0.00%] @ "3018025000"
// RTL Simulation : 587 / 1166 [0.00%] @ "3023175000"
// RTL Simulation : 588 / 1166 [0.00%] @ "3028325000"
// RTL Simulation : 589 / 1166 [0.00%] @ "3033475000"
// RTL Simulation : 590 / 1166 [0.00%] @ "3038625000"
// RTL Simulation : 591 / 1166 [0.00%] @ "3043775000"
// RTL Simulation : 592 / 1166 [0.00%] @ "3048925000"
// RTL Simulation : 593 / 1166 [0.00%] @ "3054075000"
// RTL Simulation : 594 / 1166 [0.00%] @ "3059225000"
// RTL Simulation : 595 / 1166 [0.00%] @ "3064375000"
// RTL Simulation : 596 / 1166 [0.00%] @ "3069525000"
// RTL Simulation : 597 / 1166 [0.00%] @ "3074675000"
// RTL Simulation : 598 / 1166 [0.00%] @ "3079825000"
// RTL Simulation : 599 / 1166 [0.00%] @ "3084975000"
// RTL Simulation : 600 / 1166 [0.00%] @ "3090125000"
// RTL Simulation : 601 / 1166 [0.00%] @ "3095275000"
// RTL Simulation : 602 / 1166 [0.00%] @ "3100425000"
// RTL Simulation : 603 / 1166 [0.00%] @ "3105575000"
// RTL Simulation : 604 / 1166 [0.00%] @ "3110725000"
// RTL Simulation : 605 / 1166 [0.00%] @ "3115875000"
// RTL Simulation : 606 / 1166 [0.00%] @ "3121025000"
// RTL Simulation : 607 / 1166 [0.00%] @ "3126175000"
// RTL Simulation : 608 / 1166 [0.00%] @ "3131325000"
// RTL Simulation : 609 / 1166 [0.00%] @ "3136475000"
// RTL Simulation : 610 / 1166 [0.00%] @ "3141625000"
// RTL Simulation : 611 / 1166 [0.00%] @ "3146775000"
// RTL Simulation : 612 / 1166 [0.00%] @ "3151925000"
// RTL Simulation : 613 / 1166 [0.00%] @ "3157075000"
// RTL Simulation : 614 / 1166 [0.00%] @ "3162225000"
// RTL Simulation : 615 / 1166 [0.00%] @ "3167375000"
// RTL Simulation : 616 / 1166 [0.00%] @ "3172525000"
// RTL Simulation : 617 / 1166 [0.00%] @ "3177675000"
// RTL Simulation : 618 / 1166 [0.00%] @ "3182825000"
// RTL Simulation : 619 / 1166 [0.00%] @ "3187975000"
// RTL Simulation : 620 / 1166 [0.00%] @ "3193125000"
// RTL Simulation : 621 / 1166 [0.00%] @ "3198275000"
// RTL Simulation : 622 / 1166 [0.00%] @ "3203425000"
// RTL Simulation : 623 / 1166 [0.00%] @ "3208575000"
// RTL Simulation : 624 / 1166 [0.00%] @ "3213725000"
// RTL Simulation : 625 / 1166 [0.00%] @ "3218875000"
// RTL Simulation : 626 / 1166 [0.00%] @ "3224025000"
// RTL Simulation : 627 / 1166 [0.00%] @ "3229175000"
// RTL Simulation : 628 / 1166 [0.00%] @ "3234325000"
// RTL Simulation : 629 / 1166 [0.00%] @ "3239475000"
// RTL Simulation : 630 / 1166 [0.00%] @ "3244625000"
// RTL Simulation : 631 / 1166 [0.00%] @ "3249775000"
// RTL Simulation : 632 / 1166 [0.00%] @ "3254925000"
// RTL Simulation : 633 / 1166 [0.00%] @ "3260075000"
// RTL Simulation : 634 / 1166 [0.00%] @ "3265225000"
// RTL Simulation : 635 / 1166 [0.00%] @ "3270375000"
// RTL Simulation : 636 / 1166 [0.00%] @ "3275525000"
// RTL Simulation : 637 / 1166 [0.00%] @ "3280675000"
// RTL Simulation : 638 / 1166 [0.00%] @ "3285825000"
// RTL Simulation : 639 / 1166 [0.00%] @ "3290975000"
// RTL Simulation : 640 / 1166 [0.00%] @ "3296125000"
// RTL Simulation : 641 / 1166 [0.00%] @ "3301275000"
// RTL Simulation : 642 / 1166 [0.00%] @ "3306425000"
// RTL Simulation : 643 / 1166 [0.00%] @ "3311575000"
// RTL Simulation : 644 / 1166 [0.00%] @ "3316725000"
// RTL Simulation : 645 / 1166 [0.00%] @ "3321875000"
// RTL Simulation : 646 / 1166 [0.00%] @ "3327025000"
// RTL Simulation : 647 / 1166 [0.00%] @ "3332175000"
// RTL Simulation : 648 / 1166 [0.00%] @ "3337325000"
// RTL Simulation : 649 / 1166 [0.00%] @ "3342475000"
// RTL Simulation : 650 / 1166 [0.00%] @ "3347625000"
// RTL Simulation : 651 / 1166 [0.00%] @ "3352775000"
// RTL Simulation : 652 / 1166 [0.00%] @ "3357925000"
// RTL Simulation : 653 / 1166 [0.00%] @ "3363075000"
// RTL Simulation : 654 / 1166 [0.00%] @ "3368225000"
// RTL Simulation : 655 / 1166 [0.00%] @ "3373375000"
// RTL Simulation : 656 / 1166 [0.00%] @ "3378525000"
// RTL Simulation : 657 / 1166 [0.00%] @ "3383675000"
// RTL Simulation : 658 / 1166 [0.00%] @ "3388825000"
// RTL Simulation : 659 / 1166 [0.00%] @ "3393975000"
// RTL Simulation : 660 / 1166 [0.00%] @ "3399125000"
// RTL Simulation : 661 / 1166 [0.00%] @ "3404275000"
// RTL Simulation : 662 / 1166 [0.00%] @ "3409425000"
// RTL Simulation : 663 / 1166 [0.00%] @ "3414575000"
// RTL Simulation : 664 / 1166 [0.00%] @ "3419725000"
// RTL Simulation : 665 / 1166 [0.00%] @ "3424875000"
// RTL Simulation : 666 / 1166 [0.00%] @ "3430025000"
// RTL Simulation : 667 / 1166 [0.00%] @ "3435175000"
// RTL Simulation : 668 / 1166 [0.00%] @ "3440325000"
// RTL Simulation : 669 / 1166 [0.00%] @ "3445475000"
// RTL Simulation : 670 / 1166 [0.00%] @ "3450625000"
// RTL Simulation : 671 / 1166 [0.00%] @ "3455775000"
// RTL Simulation : 672 / 1166 [0.00%] @ "3460925000"
// RTL Simulation : 673 / 1166 [0.00%] @ "3466075000"
// RTL Simulation : 674 / 1166 [0.00%] @ "3471225000"
// RTL Simulation : 675 / 1166 [0.00%] @ "3476375000"
// RTL Simulation : 676 / 1166 [0.00%] @ "3481525000"
// RTL Simulation : 677 / 1166 [0.00%] @ "3486675000"
// RTL Simulation : 678 / 1166 [0.00%] @ "3491825000"
// RTL Simulation : 679 / 1166 [0.00%] @ "3496975000"
// RTL Simulation : 680 / 1166 [0.00%] @ "3502125000"
// RTL Simulation : 681 / 1166 [0.00%] @ "3507275000"
// RTL Simulation : 682 / 1166 [0.00%] @ "3512425000"
// RTL Simulation : 683 / 1166 [0.00%] @ "3517575000"
// RTL Simulation : 684 / 1166 [0.00%] @ "3522725000"
// RTL Simulation : 685 / 1166 [0.00%] @ "3527875000"
// RTL Simulation : 686 / 1166 [0.00%] @ "3533025000"
// RTL Simulation : 687 / 1166 [0.00%] @ "3538175000"
// RTL Simulation : 688 / 1166 [0.00%] @ "3543325000"
// RTL Simulation : 689 / 1166 [0.00%] @ "3548475000"
// RTL Simulation : 690 / 1166 [0.00%] @ "3553625000"
// RTL Simulation : 691 / 1166 [0.00%] @ "3558775000"
// RTL Simulation : 692 / 1166 [0.00%] @ "3563925000"
// RTL Simulation : 693 / 1166 [0.00%] @ "3569075000"
// RTL Simulation : 694 / 1166 [0.00%] @ "3574225000"
// RTL Simulation : 695 / 1166 [0.00%] @ "3579375000"
// RTL Simulation : 696 / 1166 [0.00%] @ "3584525000"
// RTL Simulation : 697 / 1166 [0.00%] @ "3589675000"
// RTL Simulation : 698 / 1166 [0.00%] @ "3594825000"
// RTL Simulation : 699 / 1166 [0.00%] @ "3599975000"
// RTL Simulation : 700 / 1166 [0.00%] @ "3605125000"
// RTL Simulation : 701 / 1166 [0.00%] @ "3610275000"
// RTL Simulation : 702 / 1166 [0.00%] @ "3615425000"
// RTL Simulation : 703 / 1166 [0.00%] @ "3620575000"
// RTL Simulation : 704 / 1166 [0.00%] @ "3625725000"
// RTL Simulation : 705 / 1166 [0.00%] @ "3630875000"
// RTL Simulation : 706 / 1166 [0.00%] @ "3636025000"
// RTL Simulation : 707 / 1166 [0.00%] @ "3641175000"
// RTL Simulation : 708 / 1166 [0.00%] @ "3646325000"
// RTL Simulation : 709 / 1166 [0.00%] @ "3651475000"
// RTL Simulation : 710 / 1166 [0.00%] @ "3656625000"
// RTL Simulation : 711 / 1166 [0.00%] @ "3661775000"
// RTL Simulation : 712 / 1166 [0.00%] @ "3666925000"
// RTL Simulation : 713 / 1166 [0.00%] @ "3672075000"
// RTL Simulation : 714 / 1166 [0.00%] @ "3677225000"
// RTL Simulation : 715 / 1166 [0.00%] @ "3682375000"
// RTL Simulation : 716 / 1166 [0.00%] @ "3687525000"
// RTL Simulation : 717 / 1166 [0.00%] @ "3692675000"
// RTL Simulation : 718 / 1166 [0.00%] @ "3697825000"
// RTL Simulation : 719 / 1166 [0.00%] @ "3702975000"
// RTL Simulation : 720 / 1166 [0.00%] @ "3708125000"
// RTL Simulation : 721 / 1166 [0.00%] @ "3713275000"
// RTL Simulation : 722 / 1166 [0.00%] @ "3718425000"
// RTL Simulation : 723 / 1166 [0.00%] @ "3723575000"
// RTL Simulation : 724 / 1166 [0.00%] @ "3728725000"
// RTL Simulation : 725 / 1166 [0.00%] @ "3733875000"
// RTL Simulation : 726 / 1166 [0.00%] @ "3739025000"
// RTL Simulation : 727 / 1166 [0.00%] @ "3744175000"
// RTL Simulation : 728 / 1166 [0.00%] @ "3749325000"
// RTL Simulation : 729 / 1166 [0.00%] @ "3754475000"
// RTL Simulation : 730 / 1166 [0.00%] @ "3759625000"
// RTL Simulation : 731 / 1166 [0.00%] @ "3764775000"
// RTL Simulation : 732 / 1166 [0.00%] @ "3769925000"
// RTL Simulation : 733 / 1166 [0.00%] @ "3775075000"
// RTL Simulation : 734 / 1166 [0.00%] @ "3780225000"
// RTL Simulation : 735 / 1166 [0.00%] @ "3785375000"
// RTL Simulation : 736 / 1166 [0.00%] @ "3790525000"
// RTL Simulation : 737 / 1166 [0.00%] @ "3795675000"
// RTL Simulation : 738 / 1166 [0.00%] @ "3800825000"
// RTL Simulation : 739 / 1166 [0.00%] @ "3805975000"
// RTL Simulation : 740 / 1166 [0.00%] @ "3811125000"
// RTL Simulation : 741 / 1166 [0.00%] @ "3816275000"
// RTL Simulation : 742 / 1166 [0.00%] @ "3821425000"
// RTL Simulation : 743 / 1166 [0.00%] @ "3826575000"
// RTL Simulation : 744 / 1166 [0.00%] @ "3831725000"
// RTL Simulation : 745 / 1166 [0.00%] @ "3836875000"
// RTL Simulation : 746 / 1166 [0.00%] @ "3842025000"
// RTL Simulation : 747 / 1166 [0.00%] @ "3847175000"
// RTL Simulation : 748 / 1166 [0.00%] @ "3852325000"
// RTL Simulation : 749 / 1166 [0.00%] @ "3857475000"
// RTL Simulation : 750 / 1166 [0.00%] @ "3862625000"
// RTL Simulation : 751 / 1166 [0.00%] @ "3867775000"
// RTL Simulation : 752 / 1166 [0.00%] @ "3872925000"
// RTL Simulation : 753 / 1166 [0.00%] @ "3878075000"
// RTL Simulation : 754 / 1166 [0.00%] @ "3883225000"
// RTL Simulation : 755 / 1166 [0.00%] @ "3888375000"
// RTL Simulation : 756 / 1166 [0.00%] @ "3893525000"
// RTL Simulation : 757 / 1166 [0.00%] @ "3898675000"
// RTL Simulation : 758 / 1166 [0.00%] @ "3903825000"
// RTL Simulation : 759 / 1166 [0.00%] @ "3908975000"
// RTL Simulation : 760 / 1166 [0.00%] @ "3914125000"
// RTL Simulation : 761 / 1166 [0.00%] @ "3919275000"
// RTL Simulation : 762 / 1166 [0.00%] @ "3924425000"
// RTL Simulation : 763 / 1166 [0.00%] @ "3929575000"
// RTL Simulation : 764 / 1166 [0.00%] @ "3934725000"
// RTL Simulation : 765 / 1166 [0.00%] @ "3939875000"
// RTL Simulation : 766 / 1166 [0.00%] @ "3945025000"
// RTL Simulation : 767 / 1166 [0.00%] @ "3950175000"
// RTL Simulation : 768 / 1166 [0.00%] @ "3955325000"
// RTL Simulation : 769 / 1166 [0.00%] @ "3960475000"
// RTL Simulation : 770 / 1166 [0.00%] @ "3965625000"
// RTL Simulation : 771 / 1166 [0.00%] @ "3970775000"
// RTL Simulation : 772 / 1166 [0.00%] @ "3975925000"
// RTL Simulation : 773 / 1166 [0.00%] @ "3981075000"
// RTL Simulation : 774 / 1166 [0.00%] @ "3986225000"
// RTL Simulation : 775 / 1166 [0.00%] @ "3991375000"
// RTL Simulation : 776 / 1166 [0.00%] @ "3996525000"
// RTL Simulation : 777 / 1166 [0.00%] @ "4001675000"
// RTL Simulation : 778 / 1166 [0.00%] @ "4006825000"
// RTL Simulation : 779 / 1166 [0.00%] @ "4011975000"
// RTL Simulation : 780 / 1166 [0.00%] @ "4017125000"
// RTL Simulation : 781 / 1166 [0.00%] @ "4022275000"
// RTL Simulation : 782 / 1166 [0.00%] @ "4027425000"
// RTL Simulation : 783 / 1166 [0.00%] @ "4032575000"
// RTL Simulation : 784 / 1166 [0.00%] @ "4037725000"
// RTL Simulation : 785 / 1166 [0.00%] @ "4042875000"
// RTL Simulation : 786 / 1166 [0.00%] @ "4048025000"
// RTL Simulation : 787 / 1166 [0.00%] @ "4053175000"
// RTL Simulation : 788 / 1166 [0.00%] @ "4058325000"
// RTL Simulation : 789 / 1166 [0.00%] @ "4063475000"
// RTL Simulation : 790 / 1166 [0.00%] @ "4068625000"
// RTL Simulation : 791 / 1166 [0.00%] @ "4073775000"
// RTL Simulation : 792 / 1166 [0.00%] @ "4078925000"
// RTL Simulation : 793 / 1166 [0.00%] @ "4084075000"
// RTL Simulation : 794 / 1166 [0.00%] @ "4089225000"
// RTL Simulation : 795 / 1166 [0.00%] @ "4094375000"
// RTL Simulation : 796 / 1166 [0.00%] @ "4099525000"
// RTL Simulation : 797 / 1166 [0.00%] @ "4104675000"
// RTL Simulation : 798 / 1166 [0.00%] @ "4109825000"
// RTL Simulation : 799 / 1166 [0.00%] @ "4114975000"
// RTL Simulation : 800 / 1166 [0.00%] @ "4120125000"
// RTL Simulation : 801 / 1166 [0.00%] @ "4125275000"
// RTL Simulation : 802 / 1166 [0.00%] @ "4130425000"
// RTL Simulation : 803 / 1166 [0.00%] @ "4135575000"
// RTL Simulation : 804 / 1166 [0.00%] @ "4140725000"
// RTL Simulation : 805 / 1166 [0.00%] @ "4145875000"
// RTL Simulation : 806 / 1166 [0.00%] @ "4151025000"
// RTL Simulation : 807 / 1166 [0.00%] @ "4156175000"
// RTL Simulation : 808 / 1166 [0.00%] @ "4161325000"
// RTL Simulation : 809 / 1166 [0.00%] @ "4166475000"
// RTL Simulation : 810 / 1166 [0.00%] @ "4171625000"
// RTL Simulation : 811 / 1166 [0.00%] @ "4176775000"
// RTL Simulation : 812 / 1166 [0.00%] @ "4181925000"
// RTL Simulation : 813 / 1166 [0.00%] @ "4187075000"
// RTL Simulation : 814 / 1166 [0.00%] @ "4192225000"
// RTL Simulation : 815 / 1166 [0.00%] @ "4197375000"
// RTL Simulation : 816 / 1166 [0.00%] @ "4202525000"
// RTL Simulation : 817 / 1166 [0.00%] @ "4207675000"
// RTL Simulation : 818 / 1166 [0.00%] @ "4212825000"
// RTL Simulation : 819 / 1166 [0.00%] @ "4217975000"
// RTL Simulation : 820 / 1166 [0.00%] @ "4223125000"
// RTL Simulation : 821 / 1166 [0.00%] @ "4228275000"
// RTL Simulation : 822 / 1166 [0.00%] @ "4233425000"
// RTL Simulation : 823 / 1166 [0.00%] @ "4238575000"
// RTL Simulation : 824 / 1166 [0.00%] @ "4243725000"
// RTL Simulation : 825 / 1166 [0.00%] @ "4248875000"
// RTL Simulation : 826 / 1166 [0.00%] @ "4254025000"
// RTL Simulation : 827 / 1166 [0.00%] @ "4259175000"
// RTL Simulation : 828 / 1166 [0.00%] @ "4264325000"
// RTL Simulation : 829 / 1166 [0.00%] @ "4269475000"
// RTL Simulation : 830 / 1166 [0.00%] @ "4274625000"
// RTL Simulation : 831 / 1166 [0.00%] @ "4279775000"
// RTL Simulation : 832 / 1166 [0.00%] @ "4284925000"
// RTL Simulation : 833 / 1166 [0.00%] @ "4290075000"
// RTL Simulation : 834 / 1166 [0.00%] @ "4295225000"
// RTL Simulation : 835 / 1166 [0.00%] @ "4300375000"
// RTL Simulation : 836 / 1166 [0.00%] @ "4305525000"
// RTL Simulation : 837 / 1166 [0.00%] @ "4310675000"
// RTL Simulation : 838 / 1166 [0.00%] @ "4315825000"
// RTL Simulation : 839 / 1166 [0.00%] @ "4320975000"
// RTL Simulation : 840 / 1166 [0.00%] @ "4326125000"
// RTL Simulation : 841 / 1166 [0.00%] @ "4331275000"
// RTL Simulation : 842 / 1166 [0.00%] @ "4336425000"
// RTL Simulation : 843 / 1166 [0.00%] @ "4341575000"
// RTL Simulation : 844 / 1166 [0.00%] @ "4346725000"
// RTL Simulation : 845 / 1166 [0.00%] @ "4351875000"
// RTL Simulation : 846 / 1166 [0.00%] @ "4357025000"
// RTL Simulation : 847 / 1166 [0.00%] @ "4362175000"
// RTL Simulation : 848 / 1166 [0.00%] @ "4367325000"
// RTL Simulation : 849 / 1166 [0.00%] @ "4372475000"
// RTL Simulation : 850 / 1166 [0.00%] @ "4377625000"
// RTL Simulation : 851 / 1166 [0.00%] @ "4382775000"
// RTL Simulation : 852 / 1166 [0.00%] @ "4387925000"
// RTL Simulation : 853 / 1166 [0.00%] @ "4393075000"
// RTL Simulation : 854 / 1166 [0.00%] @ "4398225000"
// RTL Simulation : 855 / 1166 [0.00%] @ "4403375000"
// RTL Simulation : 856 / 1166 [0.00%] @ "4408525000"
// RTL Simulation : 857 / 1166 [0.00%] @ "4413675000"
// RTL Simulation : 858 / 1166 [0.00%] @ "4418825000"
// RTL Simulation : 859 / 1166 [0.00%] @ "4423975000"
// RTL Simulation : 860 / 1166 [0.00%] @ "4429125000"
// RTL Simulation : 861 / 1166 [0.00%] @ "4434275000"
// RTL Simulation : 862 / 1166 [0.00%] @ "4439425000"
// RTL Simulation : 863 / 1166 [0.00%] @ "4444575000"
// RTL Simulation : 864 / 1166 [0.00%] @ "4449725000"
// RTL Simulation : 865 / 1166 [0.00%] @ "4454875000"
// RTL Simulation : 866 / 1166 [0.00%] @ "4460025000"
// RTL Simulation : 867 / 1166 [0.00%] @ "4465175000"
// RTL Simulation : 868 / 1166 [0.00%] @ "4470325000"
// RTL Simulation : 869 / 1166 [0.00%] @ "4475475000"
// RTL Simulation : 870 / 1166 [0.00%] @ "4480625000"
// RTL Simulation : 871 / 1166 [0.00%] @ "4485775000"
// RTL Simulation : 872 / 1166 [0.00%] @ "4490925000"
// RTL Simulation : 873 / 1166 [0.00%] @ "4496075000"
// RTL Simulation : 874 / 1166 [0.00%] @ "4501225000"
// RTL Simulation : 875 / 1166 [0.00%] @ "4506375000"
// RTL Simulation : 876 / 1166 [0.00%] @ "4511525000"
// RTL Simulation : 877 / 1166 [0.00%] @ "4516675000"
// RTL Simulation : 878 / 1166 [0.00%] @ "4521825000"
// RTL Simulation : 879 / 1166 [0.00%] @ "4526975000"
// RTL Simulation : 880 / 1166 [0.00%] @ "4532125000"
// RTL Simulation : 881 / 1166 [0.00%] @ "4537275000"
// RTL Simulation : 882 / 1166 [0.00%] @ "4542425000"
// RTL Simulation : 883 / 1166 [0.00%] @ "4547575000"
// RTL Simulation : 884 / 1166 [0.00%] @ "4552725000"
// RTL Simulation : 885 / 1166 [0.00%] @ "4557875000"
// RTL Simulation : 886 / 1166 [0.00%] @ "4563025000"
// RTL Simulation : 887 / 1166 [0.00%] @ "4568175000"
// RTL Simulation : 888 / 1166 [0.00%] @ "4573325000"
// RTL Simulation : 889 / 1166 [0.00%] @ "4578475000"
// RTL Simulation : 890 / 1166 [0.00%] @ "4583625000"
// RTL Simulation : 891 / 1166 [0.00%] @ "4588775000"
// RTL Simulation : 892 / 1166 [0.00%] @ "4593925000"
// RTL Simulation : 893 / 1166 [0.00%] @ "4599075000"
// RTL Simulation : 894 / 1166 [0.00%] @ "4604225000"
// RTL Simulation : 895 / 1166 [0.00%] @ "4609375000"
// RTL Simulation : 896 / 1166 [0.00%] @ "4614525000"
// RTL Simulation : 897 / 1166 [0.00%] @ "4619675000"
// RTL Simulation : 898 / 1166 [0.00%] @ "4624825000"
// RTL Simulation : 899 / 1166 [0.00%] @ "4629975000"
// RTL Simulation : 900 / 1166 [0.00%] @ "4635125000"
// RTL Simulation : 901 / 1166 [0.00%] @ "4640275000"
// RTL Simulation : 902 / 1166 [0.00%] @ "4645425000"
// RTL Simulation : 903 / 1166 [0.00%] @ "4650575000"
// RTL Simulation : 904 / 1166 [0.00%] @ "4655725000"
// RTL Simulation : 905 / 1166 [0.00%] @ "4660875000"
// RTL Simulation : 906 / 1166 [0.00%] @ "4666025000"
// RTL Simulation : 907 / 1166 [0.00%] @ "4671175000"
// RTL Simulation : 908 / 1166 [0.00%] @ "4676325000"
// RTL Simulation : 909 / 1166 [0.00%] @ "4681475000"
// RTL Simulation : 910 / 1166 [0.00%] @ "4686625000"
// RTL Simulation : 911 / 1166 [0.00%] @ "4691775000"
// RTL Simulation : 912 / 1166 [0.00%] @ "4696925000"
// RTL Simulation : 913 / 1166 [0.00%] @ "4702075000"
// RTL Simulation : 914 / 1166 [0.00%] @ "4707225000"
// RTL Simulation : 915 / 1166 [0.00%] @ "4712375000"
// RTL Simulation : 916 / 1166 [0.00%] @ "4717525000"
// RTL Simulation : 917 / 1166 [0.00%] @ "4722675000"
// RTL Simulation : 918 / 1166 [0.00%] @ "4727825000"
// RTL Simulation : 919 / 1166 [0.00%] @ "4732975000"
// RTL Simulation : 920 / 1166 [0.00%] @ "4738125000"
// RTL Simulation : 921 / 1166 [0.00%] @ "4743275000"
// RTL Simulation : 922 / 1166 [0.00%] @ "4748425000"
// RTL Simulation : 923 / 1166 [0.00%] @ "4753575000"
// RTL Simulation : 924 / 1166 [0.00%] @ "4758725000"
// RTL Simulation : 925 / 1166 [0.00%] @ "4763875000"
// RTL Simulation : 926 / 1166 [0.00%] @ "4769025000"
// RTL Simulation : 927 / 1166 [0.00%] @ "4774175000"
// RTL Simulation : 928 / 1166 [0.00%] @ "4779325000"
// RTL Simulation : 929 / 1166 [0.00%] @ "4784475000"
// RTL Simulation : 930 / 1166 [0.00%] @ "4789625000"
// RTL Simulation : 931 / 1166 [0.00%] @ "4794775000"
// RTL Simulation : 932 / 1166 [0.00%] @ "4799925000"
// RTL Simulation : 933 / 1166 [0.00%] @ "4805075000"
// RTL Simulation : 934 / 1166 [0.00%] @ "4810225000"
// RTL Simulation : 935 / 1166 [0.00%] @ "4815375000"
// RTL Simulation : 936 / 1166 [0.00%] @ "4820525000"
// RTL Simulation : 937 / 1166 [0.00%] @ "4825675000"
// RTL Simulation : 938 / 1166 [0.00%] @ "4830825000"
// RTL Simulation : 939 / 1166 [0.00%] @ "4835975000"
// RTL Simulation : 940 / 1166 [0.00%] @ "4841125000"
// RTL Simulation : 941 / 1166 [0.00%] @ "4846275000"
// RTL Simulation : 942 / 1166 [0.00%] @ "4851425000"
// RTL Simulation : 943 / 1166 [0.00%] @ "4856575000"
// RTL Simulation : 944 / 1166 [0.00%] @ "4861725000"
// RTL Simulation : 945 / 1166 [0.00%] @ "4866875000"
// RTL Simulation : 946 / 1166 [0.00%] @ "4872025000"
// RTL Simulation : 947 / 1166 [0.00%] @ "4877175000"
// RTL Simulation : 948 / 1166 [0.00%] @ "4882325000"
// RTL Simulation : 949 / 1166 [0.00%] @ "4887475000"
// RTL Simulation : 950 / 1166 [0.00%] @ "4892625000"
// RTL Simulation : 951 / 1166 [0.00%] @ "4897775000"
// RTL Simulation : 952 / 1166 [0.00%] @ "4902925000"
// RTL Simulation : 953 / 1166 [0.00%] @ "4908075000"
// RTL Simulation : 954 / 1166 [0.00%] @ "4913225000"
// RTL Simulation : 955 / 1166 [0.00%] @ "4918375000"
// RTL Simulation : 956 / 1166 [0.00%] @ "4923525000"
// RTL Simulation : 957 / 1166 [0.00%] @ "4928675000"
// RTL Simulation : 958 / 1166 [0.00%] @ "4933825000"
// RTL Simulation : 959 / 1166 [0.00%] @ "4938975000"
// RTL Simulation : 960 / 1166 [0.00%] @ "4944125000"
// RTL Simulation : 961 / 1166 [0.00%] @ "4949275000"
// RTL Simulation : 962 / 1166 [0.00%] @ "4954425000"
// RTL Simulation : 963 / 1166 [0.00%] @ "4959575000"
// RTL Simulation : 964 / 1166 [0.00%] @ "4964725000"
// RTL Simulation : 965 / 1166 [0.00%] @ "4969875000"
// RTL Simulation : 966 / 1166 [0.00%] @ "4975025000"
// RTL Simulation : 967 / 1166 [0.00%] @ "4980175000"
// RTL Simulation : 968 / 1166 [0.00%] @ "4985325000"
// RTL Simulation : 969 / 1166 [0.00%] @ "4990475000"
// RTL Simulation : 970 / 1166 [0.00%] @ "4995625000"
// RTL Simulation : 971 / 1166 [0.00%] @ "5000775000"
// RTL Simulation : 972 / 1166 [0.00%] @ "5005925000"
// RTL Simulation : 973 / 1166 [0.00%] @ "5011075000"
// RTL Simulation : 974 / 1166 [0.00%] @ "5016225000"
// RTL Simulation : 975 / 1166 [0.00%] @ "5021375000"
// RTL Simulation : 976 / 1166 [0.00%] @ "5026525000"
// RTL Simulation : 977 / 1166 [0.00%] @ "5031675000"
// RTL Simulation : 978 / 1166 [0.00%] @ "5036825000"
// RTL Simulation : 979 / 1166 [0.00%] @ "5041975000"
// RTL Simulation : 980 / 1166 [0.00%] @ "5047125000"
// RTL Simulation : 981 / 1166 [0.00%] @ "5052275000"
// RTL Simulation : 982 / 1166 [0.00%] @ "5057425000"
// RTL Simulation : 983 / 1166 [0.00%] @ "5062575000"
// RTL Simulation : 984 / 1166 [0.00%] @ "5067725000"
// RTL Simulation : 985 / 1166 [0.00%] @ "5072875000"
// RTL Simulation : 986 / 1166 [0.00%] @ "5078025000"
// RTL Simulation : 987 / 1166 [0.00%] @ "5083175000"
// RTL Simulation : 988 / 1166 [0.00%] @ "5088325000"
// RTL Simulation : 989 / 1166 [0.00%] @ "5093475000"
// RTL Simulation : 990 / 1166 [0.00%] @ "5098625000"
// RTL Simulation : 991 / 1166 [0.00%] @ "5103775000"
// RTL Simulation : 992 / 1166 [0.00%] @ "5108925000"
// RTL Simulation : 993 / 1166 [0.00%] @ "5114075000"
// RTL Simulation : 994 / 1166 [0.00%] @ "5119225000"
// RTL Simulation : 995 / 1166 [0.00%] @ "5124375000"
// RTL Simulation : 996 / 1166 [0.00%] @ "5129525000"
// RTL Simulation : 997 / 1166 [0.00%] @ "5134675000"
// RTL Simulation : 998 / 1166 [0.00%] @ "5139825000"
// RTL Simulation : 999 / 1166 [0.00%] @ "5144975000"
// RTL Simulation : 1000 / 1166 [0.00%] @ "5150125000"
// RTL Simulation : 1001 / 1166 [0.00%] @ "5155275000"
// RTL Simulation : 1002 / 1166 [0.00%] @ "5160425000"
// RTL Simulation : 1003 / 1166 [0.00%] @ "5165575000"
// RTL Simulation : 1004 / 1166 [0.00%] @ "5170725000"
// RTL Simulation : 1005 / 1166 [0.00%] @ "5175875000"
// RTL Simulation : 1006 / 1166 [0.00%] @ "5181025000"
// RTL Simulation : 1007 / 1166 [0.00%] @ "5186175000"
// RTL Simulation : 1008 / 1166 [0.00%] @ "5191325000"
// RTL Simulation : 1009 / 1166 [0.00%] @ "5196475000"
// RTL Simulation : 1010 / 1166 [0.00%] @ "5201625000"
// RTL Simulation : 1011 / 1166 [0.00%] @ "5206775000"
// RTL Simulation : 1012 / 1166 [0.00%] @ "5211925000"
// RTL Simulation : 1013 / 1166 [0.00%] @ "5217075000"
// RTL Simulation : 1014 / 1166 [0.00%] @ "5222225000"
// RTL Simulation : 1015 / 1166 [0.00%] @ "5227375000"
// RTL Simulation : 1016 / 1166 [0.00%] @ "5232525000"
// RTL Simulation : 1017 / 1166 [0.00%] @ "5237675000"
// RTL Simulation : 1018 / 1166 [0.00%] @ "5242825000"
// RTL Simulation : 1019 / 1166 [0.00%] @ "5247975000"
// RTL Simulation : 1020 / 1166 [0.00%] @ "5253125000"
// RTL Simulation : 1021 / 1166 [0.00%] @ "5258275000"
// RTL Simulation : 1022 / 1166 [0.00%] @ "5263425000"
// RTL Simulation : 1023 / 1166 [0.00%] @ "5268575000"
// RTL Simulation : 1024 / 1166 [0.00%] @ "5273725000"
// RTL Simulation : 1025 / 1166 [0.00%] @ "5278875000"
// RTL Simulation : 1026 / 1166 [0.00%] @ "5284025000"
// RTL Simulation : 1027 / 1166 [0.00%] @ "5289175000"
// RTL Simulation : 1028 / 1166 [0.00%] @ "5294325000"
// RTL Simulation : 1029 / 1166 [0.00%] @ "5299475000"
// RTL Simulation : 1030 / 1166 [0.00%] @ "5304625000"
// RTL Simulation : 1031 / 1166 [0.00%] @ "5309775000"
// RTL Simulation : 1032 / 1166 [0.00%] @ "5314925000"
// RTL Simulation : 1033 / 1166 [0.00%] @ "5320075000"
// RTL Simulation : 1034 / 1166 [0.00%] @ "5325225000"
// RTL Simulation : 1035 / 1166 [0.00%] @ "5330375000"
// RTL Simulation : 1036 / 1166 [0.00%] @ "5335525000"
// RTL Simulation : 1037 / 1166 [0.00%] @ "5340675000"
// RTL Simulation : 1038 / 1166 [0.00%] @ "5345825000"
// RTL Simulation : 1039 / 1166 [0.00%] @ "5350975000"
// RTL Simulation : 1040 / 1166 [0.00%] @ "5356125000"
// RTL Simulation : 1041 / 1166 [0.00%] @ "5361275000"
// RTL Simulation : 1042 / 1166 [0.00%] @ "5366425000"
// RTL Simulation : 1043 / 1166 [0.00%] @ "5371575000"
// RTL Simulation : 1044 / 1166 [0.00%] @ "5376725000"
// RTL Simulation : 1045 / 1166 [0.00%] @ "5381875000"
// RTL Simulation : 1046 / 1166 [0.00%] @ "5387025000"
// RTL Simulation : 1047 / 1166 [0.00%] @ "5392175000"
// RTL Simulation : 1048 / 1166 [0.00%] @ "5397325000"
// RTL Simulation : 1049 / 1166 [0.00%] @ "5402475000"
// RTL Simulation : 1050 / 1166 [0.00%] @ "5407625000"
// RTL Simulation : 1051 / 1166 [0.00%] @ "5412775000"
// RTL Simulation : 1052 / 1166 [0.00%] @ "5417925000"
// RTL Simulation : 1053 / 1166 [0.00%] @ "5423075000"
// RTL Simulation : 1054 / 1166 [0.00%] @ "5428225000"
// RTL Simulation : 1055 / 1166 [0.00%] @ "5433375000"
// RTL Simulation : 1056 / 1166 [0.00%] @ "5438525000"
// RTL Simulation : 1057 / 1166 [0.00%] @ "5443675000"
// RTL Simulation : 1058 / 1166 [0.00%] @ "5448825000"
// RTL Simulation : 1059 / 1166 [0.00%] @ "5453975000"
// RTL Simulation : 1060 / 1166 [0.00%] @ "5459125000"
// RTL Simulation : 1061 / 1166 [0.00%] @ "5464275000"
// RTL Simulation : 1062 / 1166 [0.00%] @ "5469425000"
// RTL Simulation : 1063 / 1166 [0.00%] @ "5474575000"
// RTL Simulation : 1064 / 1166 [0.00%] @ "5479725000"
// RTL Simulation : 1065 / 1166 [0.00%] @ "5484875000"
// RTL Simulation : 1066 / 1166 [0.00%] @ "5490025000"
// RTL Simulation : 1067 / 1166 [0.00%] @ "5495175000"
// RTL Simulation : 1068 / 1166 [0.00%] @ "5500325000"
// RTL Simulation : 1069 / 1166 [0.00%] @ "5505475000"
// RTL Simulation : 1070 / 1166 [0.00%] @ "5510625000"
// RTL Simulation : 1071 / 1166 [0.00%] @ "5515775000"
// RTL Simulation : 1072 / 1166 [0.00%] @ "5520925000"
// RTL Simulation : 1073 / 1166 [0.00%] @ "5526075000"
// RTL Simulation : 1074 / 1166 [0.00%] @ "5531225000"
// RTL Simulation : 1075 / 1166 [0.00%] @ "5536375000"
// RTL Simulation : 1076 / 1166 [0.00%] @ "5541525000"
// RTL Simulation : 1077 / 1166 [0.00%] @ "5546675000"
// RTL Simulation : 1078 / 1166 [0.00%] @ "5551825000"
// RTL Simulation : 1079 / 1166 [0.00%] @ "5556975000"
// RTL Simulation : 1080 / 1166 [0.00%] @ "5562125000"
// RTL Simulation : 1081 / 1166 [0.00%] @ "5567275000"
// RTL Simulation : 1082 / 1166 [0.00%] @ "5572425000"
// RTL Simulation : 1083 / 1166 [0.00%] @ "5577575000"
// RTL Simulation : 1084 / 1166 [0.00%] @ "5582725000"
// RTL Simulation : 1085 / 1166 [0.00%] @ "5587875000"
// RTL Simulation : 1086 / 1166 [0.00%] @ "5593025000"
// RTL Simulation : 1087 / 1166 [0.00%] @ "5598175000"
// RTL Simulation : 1088 / 1166 [0.00%] @ "5603325000"
// RTL Simulation : 1089 / 1166 [0.00%] @ "5608475000"
// RTL Simulation : 1090 / 1166 [0.00%] @ "5613625000"
// RTL Simulation : 1091 / 1166 [0.00%] @ "5618775000"
// RTL Simulation : 1092 / 1166 [0.00%] @ "5623925000"
// RTL Simulation : 1093 / 1166 [0.00%] @ "5629075000"
// RTL Simulation : 1094 / 1166 [0.00%] @ "5634225000"
// RTL Simulation : 1095 / 1166 [0.00%] @ "5639375000"
// RTL Simulation : 1096 / 1166 [0.00%] @ "5644525000"
// RTL Simulation : 1097 / 1166 [0.00%] @ "5649675000"
// RTL Simulation : 1098 / 1166 [0.00%] @ "5654825000"
// RTL Simulation : 1099 / 1166 [0.00%] @ "5659975000"
// RTL Simulation : 1100 / 1166 [0.00%] @ "5665125000"
// RTL Simulation : 1101 / 1166 [0.00%] @ "5670275000"
// RTL Simulation : 1102 / 1166 [0.00%] @ "5675425000"
// RTL Simulation : 1103 / 1166 [0.00%] @ "5680575000"
// RTL Simulation : 1104 / 1166 [0.00%] @ "5685725000"
// RTL Simulation : 1105 / 1166 [0.00%] @ "5690875000"
// RTL Simulation : 1106 / 1166 [0.00%] @ "5696025000"
// RTL Simulation : 1107 / 1166 [0.00%] @ "5701175000"
// RTL Simulation : 1108 / 1166 [0.00%] @ "5706325000"
// RTL Simulation : 1109 / 1166 [0.00%] @ "5711475000"
// RTL Simulation : 1110 / 1166 [0.00%] @ "5716625000"
// RTL Simulation : 1111 / 1166 [0.00%] @ "5721775000"
// RTL Simulation : 1112 / 1166 [0.00%] @ "5726925000"
// RTL Simulation : 1113 / 1166 [0.00%] @ "5732075000"
// RTL Simulation : 1114 / 1166 [0.00%] @ "5737225000"
// RTL Simulation : 1115 / 1166 [0.00%] @ "5742375000"
// RTL Simulation : 1116 / 1166 [0.00%] @ "5747525000"
// RTL Simulation : 1117 / 1166 [0.00%] @ "5752675000"
// RTL Simulation : 1118 / 1166 [0.00%] @ "5757825000"
// RTL Simulation : 1119 / 1166 [0.00%] @ "5762975000"
// RTL Simulation : 1120 / 1166 [0.00%] @ "5768125000"
// RTL Simulation : 1121 / 1166 [0.00%] @ "5773275000"
// RTL Simulation : 1122 / 1166 [0.00%] @ "5778425000"
// RTL Simulation : 1123 / 1166 [0.00%] @ "5783575000"
// RTL Simulation : 1124 / 1166 [0.00%] @ "5788725000"
// RTL Simulation : 1125 / 1166 [0.00%] @ "5793875000"
// RTL Simulation : 1126 / 1166 [0.00%] @ "5799025000"
// RTL Simulation : 1127 / 1166 [0.00%] @ "5804175000"
// RTL Simulation : 1128 / 1166 [0.00%] @ "5809325000"
// RTL Simulation : 1129 / 1166 [0.00%] @ "5814475000"
// RTL Simulation : 1130 / 1166 [0.00%] @ "5819625000"
// RTL Simulation : 1131 / 1166 [0.00%] @ "5824775000"
// RTL Simulation : 1132 / 1166 [0.00%] @ "5829925000"
// RTL Simulation : 1133 / 1166 [0.00%] @ "5835075000"
// RTL Simulation : 1134 / 1166 [0.00%] @ "5840225000"
// RTL Simulation : 1135 / 1166 [0.00%] @ "5845375000"
// RTL Simulation : 1136 / 1166 [0.00%] @ "5850525000"
// RTL Simulation : 1137 / 1166 [0.00%] @ "5855675000"
// RTL Simulation : 1138 / 1166 [0.00%] @ "5860825000"
// RTL Simulation : 1139 / 1166 [0.00%] @ "5865975000"
// RTL Simulation : 1140 / 1166 [0.00%] @ "5871125000"
// RTL Simulation : 1141 / 1166 [0.00%] @ "5876275000"
// RTL Simulation : 1142 / 1166 [0.00%] @ "5881425000"
// RTL Simulation : 1143 / 1166 [0.00%] @ "5886575000"
// RTL Simulation : 1144 / 1166 [0.00%] @ "5891725000"
// RTL Simulation : 1145 / 1166 [0.00%] @ "5896875000"
// RTL Simulation : 1146 / 1166 [0.00%] @ "5902025000"
// RTL Simulation : 1147 / 1166 [0.00%] @ "5907175000"
// RTL Simulation : 1148 / 1166 [0.00%] @ "5912325000"
// RTL Simulation : 1149 / 1166 [0.00%] @ "5917475000"
// RTL Simulation : 1150 / 1166 [0.00%] @ "5922625000"
// RTL Simulation : 1151 / 1166 [0.00%] @ "5927775000"
// RTL Simulation : 1152 / 1166 [0.00%] @ "5932925000"
// RTL Simulation : 1153 / 1166 [0.00%] @ "5938075000"
// RTL Simulation : 1154 / 1166 [0.00%] @ "5943225000"
// RTL Simulation : 1155 / 1166 [0.00%] @ "5948375000"
// RTL Simulation : 1156 / 1166 [0.00%] @ "5953525000"
// RTL Simulation : 1157 / 1166 [0.00%] @ "5958675000"
// RTL Simulation : 1158 / 1166 [0.00%] @ "5963825000"
// RTL Simulation : 1159 / 1166 [0.00%] @ "5968975000"
// RTL Simulation : 1160 / 1166 [0.00%] @ "5974125000"
// RTL Simulation : 1161 / 1166 [0.00%] @ "5979275000"
// RTL Simulation : 1162 / 1166 [0.00%] @ "5984425000"
// RTL Simulation : 1163 / 1166 [0.00%] @ "5989575000"
// RTL Simulation : 1164 / 1166 [0.00%] @ "5994725000"
// RTL Simulation : 1165 / 1166 [0.00%] @ "5999875000"
// RTL Simulation : 1166 / 1166 [0.00%] @ "6005025000"
////////////////////////////////////////////////////////////////////////////////////
$finish called at time : 6005065 ns : File "/home/alex/Documents/RFNoCFrameSynchHWAccel/matchedRee/solution1/sim/verilog/matchFilter.autotb.v" Line 220
run: Time (s): cpu = 00:00:07 ; elapsed = 00:00:08 . Memory (MB): peak = 1030.082 ; gain = 0.000 ; free physical = 6567 ; free virtual = 11344
## quit
INFO: [Common 17-206] Exiting xsim at Fri Mar 22 15:47:06 2019...
WARNING: [SIM 212-201] RTL produces unknown value 'X' on port 'out_data_V', possible cause: There are uninitialized variables in the C design.
WARNING: [SIM 212-201] RTL produces unknown value 'X' on port 'out_data_V', possible cause: There are uninitialized variables in the C design.
WARNING: [SIM 212-201] RTL produces unknown value 'X' on port 'out_data_V', possible cause: There are uninitialized variables in the C design.
WARNING: [SIM 212-201] RTL produces unknown value 'X' on port 'out_data_V', possible cause: There are uninitialized variables in the C design.
WARNING: [SIM 212-201] RTL produces unknown value 'X' on port 'out_data_V', possible cause: There are uninitialized variables in the C design.
WARNING: [SIM 212-201] RTL produces unknown value 'X' on port 'out_data_V', possible cause: There are uninitialized variables in the C design.
WARNING: [SIM 212-201] RTL produces unknown value 'X' on port 'out_data_V', possible cause: There are uninitialized variables in the C design.
WARNING: [SIM 212-201] RTL produces unknown value 'X' on port 'out_data_V', possible cause: There are uninitialized variables in the C design.
WARNING: [SIM 212-201] RTL produces unknown value 'X' on port 'out_data_V', possible cause: There are uninitialized variables in the C design.
WARNING: [SIM 212-201] RTL produces unknown value 'X' on port 'out_data_V', possible cause: There are uninitialized variables in the C design.
WARNING: [SIM 212-201] RTL produces unknown value 'X' on port 'out_data_V', possible cause: There are uninitialized variables in the C design.
WARNING: [SIM 212-201] RTL produces unknown value 'X' on port 'out_data_V', possible cause: There are uninitialized variables in the C design.
WARNING: [SIM 212-201] RTL produces unknown value 'X' on port 'out_data_V', possible cause: There are uninitialized variables in the C design.
WARNING: [SIM 212-201] RTL produces unknown value 'X' on port 'out_data_V', possible cause: There are uninitialized variables in the C design.
WARNING: [SIM 212-201] RTL produces unknown value 'X' on port 'out_data_V', possible cause: There are uninitialized variables in the C design.
WARNING: [SIM 212-201] RTL produces unknown value 'X' on port 'out_data_V', possible cause: There are uninitialized variables in the C design.
WARNING: [SIM 212-201] RTL produces unknown value 'X' on port 'out_data_V', possible cause: There are uninitialized variables in the C design.
WARNING: [SIM 212-201] RTL produces unknown value 'X' on port 'out_data_V', possible cause: There are uninitialized variables in the C design.
WARNING: [SIM 212-201] RTL produces unknown value 'X' on port 'out_data_V', possible cause: There are uninitialized variables in the C design.
WARNING: [SIM 212-201] RTL produces unknown value 'X' on port 'out_data_V', possible cause: There are uninitialized variables in the C design.
WARNING: [SIM 212-201] RTL produces unknown value 'X' on port 'out_data_V', possible cause: There are uninitialized variables in the C design.
WARNING: [SIM 212-201] RTL produces unknown value 'X' on port 'out_data_V', possible cause: There are uninitialized variables in the C design.
WARNING: [SIM 212-201] RTL produces unknown value 'X' on port 'out_data_V', possible cause: There are uninitialized variables in the C design.
WARNING: [SIM 212-201] RTL produces unknown value 'X' on port 'out_data_V', possible cause: There are uninitialized variables in the C design.
WARNING: [SIM 212-201] RTL produces unknown value 'X' on port 'out_data_V', possible cause: There are uninitialized variables in the C design.
WARNING: [SIM 212-201] RTL produces unknown value 'X' on port 'out_data_V', possible cause: There are uninitialized variables in the C design.
WARNING: [SIM 212-201] RTL produces unknown value 'X' on port 'out_data_V', possible cause: There are uninitialized variables in the C design.
WARNING: [SIM 212-201] RTL produces unknown value 'X' on port 'out_data_V', possible cause: There are uninitialized variables in the C design.
WARNING: [SIM 212-201] RTL produces unknown value 'X' on port 'out_data_V', possible cause: There are uninitialized variables in the C design.
WARNING: [SIM 212-201] RTL produces unknown value 'X' on port 'out_data_V', possible cause: There are uninitialized variables in the C design.
WARNING: [SIM 212-201] RTL produces unknown value 'X' on port 'out_data_V', possible cause: There are uninitialized variables in the C design.
WARNING: [SIM 212-201] RTL produces unknown value 'X' on port 'out_data_V', possible cause: There are uninitialized variables in the C design.
WARNING: [SIM 212-201] RTL produces unknown value 'X' on port 'out_data_V', possible cause: There are uninitialized variables in the C design.
WARNING: [SIM 212-201] RTL produces unknown value 'X' on port 'out_data_V', possible cause: There are uninitialized variables in the C design.
WARNING: [SIM 212-201] RTL produces unknown value 'X' on port 'out_data_V', possible cause: There are uninitialized variables in the C design.
WARNING: [SIM 212-201] RTL produces unknown value 'X' on port 'out_data_V', possible cause: There are uninitialized variables in the C design.
WARNING: [SIM 212-201] RTL produces unknown value 'X' on port 'out_data_V', possible cause: There are uninitialized variables in the C design.
WARNING: [SIM 212-201] RTL produces unknown value 'X' on port 'out_data_V', possible cause: There are uninitialized variables in the C design.
WARNING: [SIM 212-201] RTL produces unknown value 'X' on port 'out_data_V', possible cause: There are uninitialized variables in the C design.
WARNING: [SIM 212-201] RTL produces unknown value 'X' on port 'out_data_V', possible cause: There are uninitialized variables in the C design.
WARNING: [SIM 212-201] RTL produces unknown value 'X' on port 'out_data_V', possible cause: There are uninitialized variables in the C design.
WARNING: [SIM 212-201] RTL produces unknown value 'X' on port 'out_data_V', possible cause: There are uninitialized variables in the C design.
WARNING: [SIM 212-201] RTL produces unknown value 'X' on port 'out_data_V', possible cause: There are uninitialized variables in the C design.
WARNING: [SIM 212-201] RTL produces unknown value 'X' on port 'out_data_V', possible cause: There are uninitialized variables in the C design.
WARNING: [SIM 212-201] RTL produces unknown value 'X' on port 'out_data_V', possible cause: There are uninitialized variables in the C design.
WARNING: [SIM 212-201] RTL produces unknown value 'X' on port 'out_data_V', possible cause: There are uninitialized variables in the C design.
WARNING: [SIM 212-201] RTL produces unknown value 'X' on port 'out_data_V', possible cause: There are uninitialized variables in the C design.
WARNING: [SIM 212-201] RTL produces unknown value 'X' on port 'out_data_V', possible cause: There are uninitialized variables in the C design.
WARNING: [SIM 212-201] RTL produces unknown value 'X' on port 'out_data_V', possible cause: There are uninitialized variables in the C design.
WARNING: [SIM 212-201] RTL produces unknown value 'X' on port 'out_data_V', possible cause: There are uninitialized variables in the C design.
WARNING: [SIM 212-201] RTL produces unknown value 'X' on port 'out_data_V', possible cause: There are uninitialized variables in the C design.
WARNING: [SIM 212-201] RTL produces unknown value 'X' on port 'out_data_V', possible cause: There are uninitialized variables in the C design.
WARNING: [SIM 212-201] RTL produces unknown value 'X' on port 'out_data_V', possible cause: There are uninitialized variables in the C design.
WARNING: [SIM 212-201] RTL produces unknown value 'X' on port 'out_data_V', possible cause: There are uninitialized variables in the C design.
WARNING: [SIM 212-201] RTL produces unknown value 'X' on port 'out_data_V', possible cause: There are uninitialized variables in the C design.
WARNING: [SIM 212-201] RTL produces unknown value 'X' on port 'out_data_V', possible cause: There are uninitialized variables in the C design.
WARNING: [SIM 212-201] RTL produces unknown value 'X' on port 'out_data_V', possible cause: There are uninitialized variables in the C design.
WARNING: [SIM 212-201] RTL produces unknown value 'X' on port 'out_data_V', possible cause: There are uninitialized variables in the C design.
WARNING: [SIM 212-201] RTL produces unknown value 'X' on port 'out_data_V', possible cause: There are uninitialized variables in the C design.
WARNING: [SIM 212-201] RTL produces unknown value 'X' on port 'out_data_V', possible cause: There are uninitialized variables in the C design.
WARNING: [SIM 212-201] RTL produces unknown value 'X' on port 'out_data_V', possible cause: There are uninitialized variables in the C design.
WARNING: [SIM 212-201] RTL produces unknown value 'X' on port 'out_data_V', possible cause: There are uninitialized variables in the C design.
WARNING: [SIM 212-201] RTL produces unknown value 'X' on port 'out_data_V', possible cause: There are uninitialized variables in the C design.
WARNING: [SIM 212-201] RTL produces unknown value 'X' on port 'out_data_V', possible cause: There are uninitialized variables in the C design.
WARNING: [SIM 212-201] RTL produces unknown value 'X' on port 'out_data_V', possible cause: There are uninitialized variables in the C design.
WARNING: [SIM 212-201] RTL produces unknown value 'X' on port 'out_data_V', possible cause: There are uninitialized variables in the C design.
WARNING: [SIM 212-201] RTL produces unknown value 'X' on port 'out_data_V', possible cause: There are uninitialized variables in the C design.
WARNING: [SIM 212-201] RTL produces unknown value 'X' on port 'out_data_V', possible cause: There are uninitialized variables in the C design.
WARNING: [SIM 212-201] RTL produces unknown value 'X' on port 'out_data_V', possible cause: There are uninitialized variables in the C design.
WARNING: [SIM 212-201] RTL produces unknown value 'X' on port 'out_data_V', possible cause: There are uninitialized variables in the C design.
WARNING: [SIM 212-201] RTL produces unknown value 'X' on port 'out_data_V', possible cause: There are uninitialized variables in the C design.
WARNING: [SIM 212-201] RTL produces unknown value 'X' on port 'out_data_V', possible cause: There are uninitialized variables in the C design.
WARNING: [SIM 212-201] RTL produces unknown value 'X' on port 'out_data_V', possible cause: There are uninitialized variables in the C design.
WARNING: [SIM 212-201] RTL produces unknown value 'X' on port 'out_data_V', possible cause: There are uninitialized variables in the C design.
WARNING: [SIM 212-201] RTL produces unknown value 'X' on port 'out_data_V', possible cause: There are uninitialized variables in the C design.
WARNING: [SIM 212-201] RTL produces unknown value 'X' on port 'out_data_V', possible cause: There are uninitialized variables in the C design.
WARNING: [SIM 212-201] RTL produces unknown value 'X' on port 'out_data_V', possible cause: There are uninitialized variables in the C design.
WARNING: [SIM 212-201] RTL produces unknown value 'X' on port 'out_data_V', possible cause: There are uninitialized variables in the C design.
WARNING: [SIM 212-201] RTL produces unknown value 'X' on port 'out_data_V', possible cause: There are uninitialized variables in the C design.
WARNING: [SIM 212-201] RTL produces unknown value 'X' on port 'out_data_V', possible cause: There are uninitialized variables in the C design.
WARNING: [SIM 212-201] RTL produces unknown value 'X' on port 'out_data_V', possible cause: There are uninitialized variables in the C design.
WARNING: [SIM 212-201] RTL produces unknown value 'X' on port 'out_data_V', possible cause: There are uninitialized variables in the C design.
WARNING: [SIM 212-201] RTL produces unknown value 'X' on port 'out_data_V', possible cause: There are uninitialized variables in the C design.
WARNING: [SIM 212-201] RTL produces unknown value 'X' on port 'out_data_V', possible cause: There are uninitialized variables in the C design.
WARNING: [SIM 212-201] RTL produces unknown value 'X' on port 'out_data_V', possible cause: There are uninitialized variables in the C design.
WARNING: [SIM 212-201] RTL produces unknown value 'X' on port 'out_data_V', possible cause: There are uninitialized variables in the C design.
WARNING: [SIM 212-201] RTL produces unknown value 'X' on port 'out_data_V', possible cause: There are uninitialized variables in the C design.
WARNING: [SIM 212-201] RTL produces unknown value 'X' on port 'out_data_V', possible cause: There are uninitialized variables in the C design.
WARNING: [SIM 212-201] RTL produces unknown value 'X' on port 'out_data_V', possible cause: There are uninitialized variables in the C design.
WARNING: [SIM 212-201] RTL produces unknown value 'X' on port 'out_data_V', possible cause: There are uninitialized variables in the C design.
WARNING: [SIM 212-201] RTL produces unknown value 'X' on port 'out_data_V', possible cause: There are uninitialized variables in the C design.
WARNING: [SIM 212-201] RTL produces unknown value 'X' on port 'out_data_V', possible cause: There are uninitialized variables in the C design.
WARNING: [SIM 212-201] RTL produces unknown value 'X' on port 'out_data_V', possible cause: There are uninitialized variables in the C design.
WARNING: [SIM 212-201] RTL produces unknown value 'X' on port 'out_data_V', possible cause: There are uninitialized variables in the C design.
WARNING: [SIM 212-201] RTL produces unknown value 'X' on port 'out_data_V', possible cause: There are uninitialized variables in the C design.
WARNING: [SIM 212-201] RTL produces unknown value 'X' on port 'out_data_V', possible cause: There are uninitialized variables in the C design.
WARNING: [SIM 212-201] RTL produces unknown value 'X' on port 'out_data_V', possible cause: There are uninitialized variables in the C design.
WARNING: [SIM 212-201] RTL produces unknown value 'X' on port 'out_data_V', possible cause: There are uninitialized variables in the C design.
WARNING: [SIM 212-201] RTL produces unknown value 'X' on port 'out_data_V', possible cause: There are uninitialized variables in the C design.
WARNING: [SIM 212-201] RTL produces unknown value 'X' on port 'out_data_V', possible cause: There are uninitialized variables in the C design.
WARNING: [SIM 212-201] RTL produces unknown value 'X' on port 'out_data_V', possible cause: There are uninitialized variables in the C design.
WARNING: [SIM 212-201] RTL produces unknown value 'X' on port 'out_data_V', possible cause: There are uninitialized variables in the C design.
WARNING: [SIM 212-201] RTL produces unknown value 'X' on port 'out_data_V', possible cause: There are uninitialized variables in the C design.
WARNING: [SIM 212-201] RTL produces unknown value 'X' on port 'out_data_V', possible cause: There are uninitialized variables in the C design.
WARNING: [SIM 212-201] RTL produces unknown value 'X' on port 'out_data_V', possible cause: There are uninitialized variables in the C design.
WARNING: [SIM 212-201] RTL produces unknown value 'X' on port 'out_data_V', possible cause: There are uninitialized variables in the C design.
WARNING: [SIM 212-201] RTL produces unknown value 'X' on port 'out_data_V', possible cause: There are uninitialized variables in the C design.
WARNING: [SIM 212-201] RTL produces unknown value 'X' on port 'out_data_V', possible cause: There are uninitialized variables in the C design.
WARNING: [SIM 212-201] RTL produces unknown value 'X' on port 'out_data_V', possible cause: There are uninitialized variables in the C design.
WARNING: [SIM 212-201] RTL produces unknown value 'X' on port 'out_data_V', possible cause: There are uninitialized variables in the C design.
WARNING: [SIM 212-201] RTL produces unknown value 'X' on port 'out_data_V', possible cause: There are uninitialized variables in the C design.
WARNING: [SIM 212-201] RTL produces unknown value 'X' on port 'out_data_V', possible cause: There are uninitialized variables in the C design.
WARNING: [SIM 212-201] RTL produces unknown value 'X' on port 'out_data_V', possible cause: There are uninitialized variables in the C design.
WARNING: [SIM 212-201] RTL produces unknown value 'X' on port 'out_data_V', possible cause: There are uninitialized variables in the C design.
WARNING: [SIM 212-201] RTL produces unknown value 'X' on port 'out_data_V', possible cause: There are uninitialized variables in the C design.
WARNING: [SIM 212-201] RTL produces unknown value 'X' on port 'out_data_V', possible cause: There are uninitialized variables in the C design.
WARNING: [SIM 212-201] RTL produces unknown value 'X' on port 'out_data_V', possible cause: There are uninitialized variables in the C design.
WARNING: [SIM 212-201] RTL produces unknown value 'X' on port 'out_data_V', possible cause: There are uninitialized variables in the C design.
WARNING: [SIM 212-201] RTL produces unknown value 'X' on port 'out_data_V', possible cause: There are uninitialized variables in the C design.
WARNING: [SIM 212-201] RTL produces unknown value 'X' on port 'out_data_V', possible cause: There are uninitialized variables in the C design.
WARNING: [SIM 212-201] RTL produces unknown value 'X' on port 'out_data_V', possible cause: There are uninitialized variables in the C design.
WARNING: [SIM 212-201] RTL produces unknown value 'X' on port 'out_data_V', possible cause: There are uninitialized variables in the C design.
WARNING: [SIM 212-201] RTL produces unknown value 'X' on port 'out_data_V', possible cause: There are uninitialized variables in the C design.
WARNING: [SIM 212-201] RTL produces unknown value 'X' on port 'out_data_V', possible cause: There are uninitialized variables in the C design.
WARNING: [SIM 212-201] RTL produces unknown value 'X' on port 'out_data_V', possible cause: There are uninitialized variables in the C design.
WARNING: [SIM 212-201] RTL produces unknown value 'X' on port 'out_data_V', possible cause: There are uninitialized variables in the C design.
WARNING: [SIM 212-201] RTL produces unknown value 'X' on port 'out_data_V', possible cause: There are uninitialized variables in the C design.
@I [SIM-1000] *** C/RTL co-simulation finished: PASS ***
