

================================================================
== Vivado HLS Report for 'ItoZero'
================================================================
* Date:           Sat Feb 16 17:21:35 2019

* Version:        2017.4 (Build 2086221 on Fri Dec 15 21:13:33 MST 2017)
* Project:        correlator
* Solution:       solution1
* Product family: kintex7
* Target device:  xc7k160tfbg484-1


================================================================
== Performance Estimates
================================================================
+ Timing (ns): 
    * Summary: 
    +--------+-------+----------+------------+
    |  Clock | Target| Estimated| Uncertainty|
    +--------+-------+----------+------------+
    |ap_clk  |   5.00|      0.48|        0.62|
    +--------+-------+----------+------------+

+ Latency (clock cycles): 
    * Summary: 
    +-----+-----+-----+-----+----------+
    |  Latency  |  Interval | Pipeline |
    | min | max | min | max |   Type   |
    +-----+-----+-----+-----+----------+
    |    2|    2|    1|    1| function |
    +-----+-----+-----+-----+----------+

    + Detail: 
        * Instance: 
        N/A

        * Loop: 
        N/A

============================================================
+ Verbose Summary: Synthesis Manager
============================================================
InlineROM: 1
ExposeGlobal: 0
============================================================
+ Verbose Summary: CDFG Model
============================================================
IsTopModel: 1
ResetActiveHigh: 1
IsCombinational: 0
IsDatapathOnly: 0
HasWiredReturn: 1
HasMFsm: 2
HasVarLatency: 0
IsPipeline: 1
IsRtlPipelined: 1
IsInstanceOverlapped: 0
IsDontTouch: 0
HasImplIP: 0
IsGatedGlobalClock: 0

+ Individual pipeline summary: 
  * Pipeline-0: initiation interval (II) = 1, depth = 3


============================================================
+ Verbose Summary: Schedule
============================================================
* Number of FSM states : 3
* Pipeline : 1
  Pipeline-0 : II = 1, D = 3, States = { 1 2 3 }
* Dataflow Pipeline: 0

* FSM state transitions: 
1 --> 
	2  / true
2 --> 
	3  / true
3 --> 

* FSM state operations: 

 <State 1> : 0.48ns
ST_1 : Operation 4 [1/1] (0.00ns)   --->   "%start_V_read = call i1 @_ssdm_op_Read.ap_auto.i1(i1 %start_V)"
ST_1 : Operation 5 [1/1] (0.00ns)   --->   "%currentState_load = load i1* @currentState, align 1" [ItoZero.cpp:62]
ST_1 : Operation 6 [1/1] (0.00ns)   --->   "br i1 %currentState_load, label %2, label %0" [ItoZero.cpp:69]
ST_1 : Operation 7 [1/1] (0.00ns)   --->   "br i1 %start_V_read, label %1, label %._crit_edge56" [ItoZero.cpp:71]
ST_1 : Operation 8 [1/1] (0.00ns)   --->   "store i1 true, i1* @currentState, align 1" [ItoZero.cpp:72]
ST_1 : Operation 9 [2/2] (0.00ns)   --->   "%empty = call { i32, i1 } @_ssdm_op_Read.axis.volatile.i32P.i1P(i32* %i_data_V_data_V, i1* %i_data_V_last_V)" [ItoZero.cpp:77]   --->   Core 5 'AXI4Stream' <Latency = 0> <II = 1> <Delay = 1.00> <Adapter> <Opcode : >

 <State 2> : 0.00ns
ST_2 : Operation 10 [1/2] (0.00ns)   --->   "%empty = call { i32, i1 } @_ssdm_op_Read.axis.volatile.i32P.i1P(i32* %i_data_V_data_V, i1* %i_data_V_last_V)" [ItoZero.cpp:77]   --->   Core 5 'AXI4Stream' <Latency = 0> <II = 1> <Delay = 1.00> <Adapter> <Opcode : >
ST_2 : Operation 11 [1/1] (0.00ns)   --->   "%tmp_data_V = extractvalue { i32, i1 } %empty, 0" [ItoZero.cpp:77]
ST_2 : Operation 12 [1/1] (0.00ns)   --->   "%tmp_last_V = extractvalue { i32, i1 } %empty, 1" [ItoZero.cpp:77]
ST_2 : Operation 13 [2/2] (0.00ns)   --->   "call void @_ssdm_op_Write.axis.volatile.i32P.i1P(i32* %o_data_V_data_V, i1* %o_data_V_last_V, i32 %tmp_data_V, i1 %tmp_last_V)" [ItoZero.cpp:83]   --->   Core 5 'AXI4Stream' <Latency = 0> <II = 1> <Delay = 1.00> <Adapter> <Opcode : >

 <State 3> : 0.00ns
ST_3 : Operation 14 [1/1] (0.00ns)   --->   "call void (...)* @_ssdm_op_SpecBitsMap(i32* %i_data_V_data_V), !map !41"
ST_3 : Operation 15 [1/1] (0.00ns)   --->   "call void (...)* @_ssdm_op_SpecBitsMap(i1* %i_data_V_last_V), !map !45"
ST_3 : Operation 16 [1/1] (0.00ns)   --->   "call void (...)* @_ssdm_op_SpecBitsMap(i32* %o_data_V_data_V), !map !49"
ST_3 : Operation 17 [1/1] (0.00ns)   --->   "call void (...)* @_ssdm_op_SpecBitsMap(i1* %o_data_V_last_V), !map !53"
ST_3 : Operation 18 [1/1] (0.00ns)   --->   "call void (...)* @_ssdm_op_SpecBitsMap(i1 %start_V), !map !57"
ST_3 : Operation 19 [1/1] (0.00ns)   --->   "call void (...)* @_ssdm_op_SpecTopModule([8 x i8]* @ItoZero_str) nounwind"
ST_3 : Operation 20 [1/1] (0.00ns)   --->   "call void (...)* @_ssdm_op_SpecResource(i32* %o_data_V_data_V, i1* %o_data_V_last_V, [1 x i8]* @p_str, [1 x i8]* @p_str, [1 x i8]* @p_str, i32 1, [1 x i8]* @p_str, [1 x i8]* @p_str, [1 x i8]* @p_str, [1 x i8]* @p_str, [1 x i8]* @p_str)" [ItoZero.cpp:35]
ST_3 : Operation 21 [1/1] (0.00ns)   --->   "call void (...)* @_ssdm_op_SpecInterface(i32 0, [13 x i8]* @p_str1, i32 0, i32 0, [1 x i8]* @p_str, i32 0, i32 0, [1 x i8]* @p_str, [1 x i8]* @p_str, [1 x i8]* @p_str, i32 0, i32 0, i32 0, i32 0, [1 x i8]* @p_str, [1 x i8]* @p_str) nounwind" [ItoZero.cpp:37]
ST_3 : Operation 22 [1/1] (0.00ns)   --->   "call void (...)* @_ssdm_op_SpecInterface(i32* %o_data_V_data_V, i1* %o_data_V_last_V, [5 x i8]* @p_str2, i32 1, i32 1, [5 x i8]* @p_str3, i32 0, i32 0, [1 x i8]* @p_str, [1 x i8]* @p_str, [1 x i8]* @p_str, i32 0, i32 0, i32 0, i32 0, [1 x i8]* @p_str, [1 x i8]* @p_str) nounwind" [ItoZero.cpp:38]
ST_3 : Operation 23 [1/1] (0.00ns)   --->   "call void (...)* @_ssdm_op_SpecInterface(i32* %i_data_V_data_V, i1* %i_data_V_last_V, [5 x i8]* @p_str2, i32 1, i32 1, [5 x i8]* @p_str3, i32 0, i32 0, [1 x i8]* @p_str, [1 x i8]* @p_str, [1 x i8]* @p_str, i32 0, i32 0, i32 0, i32 0, [1 x i8]* @p_str, [1 x i8]* @p_str) nounwind" [ItoZero.cpp:39]
ST_3 : Operation 24 [1/1] (0.00ns)   --->   "call void (...)* @_ssdm_op_SpecPipeline(i32 1, i32 1, i32 1, i32 0, [1 x i8]* @p_str) nounwind" [ItoZero.cpp:40]
ST_3 : Operation 25 [1/1] (0.00ns)   --->   "call void (...)* @_ssdm_op_SpecReset(i32 1, [1 x i8]* @p_str)" [ItoZero.cpp:42]
ST_3 : Operation 26 [1/1] (0.00ns)   --->   "call void (...)* @_ssdm_op_SpecReset(i32 1, [1 x i8]* @p_str)" [ItoZero.cpp:45]
ST_3 : Operation 27 [1/1] (0.00ns)   --->   "call void (...)* @_ssdm_op_SpecReset(i32 1, [1 x i8]* @p_str) nounwind" [ItoZero.cpp:50]
ST_3 : Operation 28 [1/1] (0.00ns)   --->   "call void (...)* @_ssdm_op_SpecReset(i32 1, [1 x i8]* @p_str) nounwind" [ItoZero.cpp:52]
ST_3 : Operation 29 [1/1] (0.00ns)   --->   "call void (...)* @_ssdm_op_SpecReset(i1* @currentState, i32 1, [1 x i8]* @p_str) nounwind" [ItoZero.cpp:62]
ST_3 : Operation 30 [1/1] (0.00ns)   --->   "call void (...)* @_ssdm_op_SpecReset(i32 0, i32 1, [1 x i8]* @p_str) nounwind" [ItoZero.cpp:66]
ST_3 : Operation 31 [1/1] (0.00ns)   --->   "br label %._crit_edge56" [ItoZero.cpp:74]
ST_3 : Operation 32 [1/1] (0.00ns)   --->   "br label %._crit_edge55" [ItoZero.cpp:75]
ST_3 : Operation 33 [1/2] (0.00ns)   --->   "call void @_ssdm_op_Write.axis.volatile.i32P.i1P(i32* %o_data_V_data_V, i1* %o_data_V_last_V, i32 %tmp_data_V, i1 %tmp_last_V)" [ItoZero.cpp:83]   --->   Core 5 'AXI4Stream' <Latency = 0> <II = 1> <Delay = 1.00> <Adapter> <Opcode : >
ST_3 : Operation 34 [1/1] (0.00ns)   --->   "br label %._crit_edge55" [ItoZero.cpp:84]
ST_3 : Operation 35 [1/1] (0.00ns)   --->   "ret void" [ItoZero.cpp:87]


============================================================
+ Verbose Summary: Binding
============================================================
STG Binding: 
---------------- STG Properties BEGIN ----------------
- Is combinational: 0
- Is one-state seq: 0
- Is datapath-only: 0
- Is pipelined: 1
- Is top level: 1
Port [ Return ] is wired: 1; IO mode=ap_ctrl_none:ce=0
Port [ i_data_V_data_V]:  wired=1; compound=1; hidden=0; nouse=0; global=0; static=0; extern=0; dir=0; type=0; pingpong=0; private_global=0; IO mode=axis:ce=0
Port [ i_data_V_last_V]:  wired=1; compound=1; hidden=0; nouse=0; global=0; static=0; extern=0; dir=0; type=0; pingpong=0; private_global=0; IO mode=axis:ce=0
Port [ o_data_V_data_V]:  wired=1; compound=1; hidden=0; nouse=0; global=0; static=0; extern=0; dir=1; type=0; pingpong=0; private_global=0; IO mode=axis:ce=0
Port [ o_data_V_last_V]:  wired=1; compound=1; hidden=0; nouse=0; global=0; static=0; extern=0; dir=1; type=0; pingpong=0; private_global=0; IO mode=axis:ce=0
Port [ start_V]:  wired=1; compound=0; hidden=0; nouse=0; global=0; static=0; extern=0; dir=0; type=0; pingpong=0; private_global=0; IO mode=ap_none:ce=0
Port [ currentState]:  wired=0; compound=0; hidden=1; nouse=0; global=1; static=1; extern=0; dir=2; type=0; pingpong=0; private_global=1; linkage=7; visibility=0; IO mode=ap_ovld:ce=0
---------------- STG Properties END ------------------

---------------- Datapath Model BEGIN ----------------

<LifeTime>
<method=bitvector/>
start_V_read      (read         ) [ 0111]
currentState_load (load         ) [ 0111]
StgValue_6        (br           ) [ 0000]
StgValue_7        (br           ) [ 0000]
StgValue_8        (store        ) [ 0000]
empty             (read         ) [ 0000]
tmp_data_V        (extractvalue ) [ 0101]
tmp_last_V        (extractvalue ) [ 0101]
StgValue_14       (specbitsmap  ) [ 0000]
StgValue_15       (specbitsmap  ) [ 0000]
StgValue_16       (specbitsmap  ) [ 0000]
StgValue_17       (specbitsmap  ) [ 0000]
StgValue_18       (specbitsmap  ) [ 0000]
StgValue_19       (spectopmodule) [ 0000]
StgValue_20       (specresource ) [ 0000]
StgValue_21       (specinterface) [ 0000]
StgValue_22       (specinterface) [ 0000]
StgValue_23       (specinterface) [ 0000]
StgValue_24       (specpipeline ) [ 0000]
StgValue_25       (specreset    ) [ 0000]
StgValue_26       (specreset    ) [ 0000]
StgValue_27       (specreset    ) [ 0000]
StgValue_28       (specreset    ) [ 0000]
StgValue_29       (specreset    ) [ 0000]
StgValue_30       (specreset    ) [ 0000]
StgValue_31       (br           ) [ 0000]
StgValue_32       (br           ) [ 0000]
StgValue_33       (write        ) [ 0000]
StgValue_34       (br           ) [ 0000]
StgValue_35       (ret          ) [ 0000]
</LifeTime>

<model>

<comp_list>
<comp id="0" class="1000" name="i_data_V_data_V">
<pin_list>
<pin id="1" dir="1" index="0" bw="1" slack="0"/>
</pin_list>
<bind>
<StgValue><ssdm name="i_data_V_data_V"/></StgValue>
</bind>
</comp>

<comp id="2" class="1000" name="i_data_V_last_V">
<pin_list>
<pin id="3" dir="1" index="0" bw="1" slack="0"/>
</pin_list>
<bind>
<StgValue><ssdm name="i_data_V_last_V"/></StgValue>
</bind>
</comp>

<comp id="4" class="1000" name="o_data_V_data_V">
<pin_list>
<pin id="5" dir="1" index="0" bw="1" slack="0"/>
</pin_list>
<bind>
<StgValue><ssdm name="o_data_V_data_V"/></StgValue>
</bind>
</comp>

<comp id="6" class="1000" name="o_data_V_last_V">
<pin_list>
<pin id="7" dir="1" index="0" bw="1" slack="0"/>
</pin_list>
<bind>
<StgValue><ssdm name="o_data_V_last_V"/></StgValue>
</bind>
</comp>

<comp id="8" class="1000" name="start_V">
<pin_list>
<pin id="9" dir="1" index="0" bw="1" slack="0"/>
</pin_list>
<bind>
<StgValue><ssdm name="start_V"/></StgValue>
</bind>
</comp>

<comp id="10" class="1000" name="currentState">
<pin_list>
<pin id="11" dir="1" index="0" bw="1" slack="0"/>
</pin_list>
<bind>
<StgValue><ssdm name="currentState"/></StgValue>
</bind>
</comp>

<comp id="12" class="1001" name="const_12">
<pin_list>
<pin id="13" dir="1" index="0" bw="1" slack="0"/>
</pin_list>
<bind>
<StgValue><ssdm name="_ssdm_op_Read.ap_auto.i1"/></StgValue>
</bind>
</comp>

<comp id="14" class="1001" name="const_14">
<pin_list>
<pin id="15" dir="1" index="0" bw="1" slack="0"/>
</pin_list>
<bind>
<StgValue><ssdm name=""/></StgValue>
</bind>
</comp>

<comp id="16" class="1001" name="const_16">
<pin_list>
<pin id="17" dir="1" index="0" bw="1" slack="0"/>
</pin_list>
<bind>
<StgValue><ssdm name="_ssdm_op_Read.axis.volatile.i32P.i1P"/></StgValue>
</bind>
</comp>

<comp id="18" class="1001" name="const_18">
<pin_list>
<pin id="19" dir="1" index="0" bw="1" slack="0"/>
</pin_list>
<bind>
<StgValue><ssdm name="_ssdm_op_Write.axis.volatile.i32P.i1P"/></StgValue>
</bind>
</comp>

<comp id="20" class="1001" name="const_20">
<pin_list>
<pin id="21" dir="1" index="0" bw="1" slack="2147483647"/>
</pin_list>
<bind>
<StgValue><ssdm name="_ssdm_op_SpecBitsMap"/></StgValue>
</bind>
</comp>

<comp id="22" class="1001" name="const_22">
<pin_list>
<pin id="23" dir="1" index="0" bw="1" slack="2147483647"/>
</pin_list>
<bind>
<StgValue><ssdm name="_ssdm_op_SpecTopModule"/></StgValue>
</bind>
</comp>

<comp id="24" class="1001" name="const_24">
<pin_list>
<pin id="25" dir="1" index="0" bw="1" slack="2147483647"/>
</pin_list>
<bind>
<StgValue><ssdm name="ItoZero_str"/></StgValue>
</bind>
</comp>

<comp id="26" class="1001" name="const_26">
<pin_list>
<pin id="27" dir="1" index="0" bw="1" slack="2147483647"/>
</pin_list>
<bind>
<StgValue><ssdm name="_ssdm_op_SpecResource"/></StgValue>
</bind>
</comp>

<comp id="28" class="1001" name="const_28">
<pin_list>
<pin id="29" dir="1" index="0" bw="1" slack="2147483647"/>
</pin_list>
<bind>
<StgValue><ssdm name="p_str"/></StgValue>
</bind>
</comp>

<comp id="30" class="1001" name="const_30">
<pin_list>
<pin id="31" dir="1" index="0" bw="1" slack="2147483647"/>
</pin_list>
<bind>
<StgValue><ssdm name=""/></StgValue>
</bind>
</comp>

<comp id="32" class="1001" name="const_32">
<pin_list>
<pin id="33" dir="1" index="0" bw="1" slack="2147483647"/>
</pin_list>
<bind>
<StgValue><ssdm name="_ssdm_op_SpecInterface"/></StgValue>
</bind>
</comp>

<comp id="34" class="1001" name="const_34">
<pin_list>
<pin id="35" dir="1" index="0" bw="1" slack="2147483647"/>
</pin_list>
<bind>
<StgValue><ssdm name=""/></StgValue>
</bind>
</comp>

<comp id="36" class="1001" name="const_36">
<pin_list>
<pin id="37" dir="1" index="0" bw="1" slack="2147483647"/>
</pin_list>
<bind>
<StgValue><ssdm name="p_str1"/></StgValue>
</bind>
</comp>

<comp id="38" class="1001" name="const_38">
<pin_list>
<pin id="39" dir="1" index="0" bw="1" slack="2147483647"/>
</pin_list>
<bind>
<StgValue><ssdm name="p_str2"/></StgValue>
</bind>
</comp>

<comp id="40" class="1001" name="const_40">
<pin_list>
<pin id="41" dir="1" index="0" bw="1" slack="2147483647"/>
</pin_list>
<bind>
<StgValue><ssdm name="p_str3"/></StgValue>
</bind>
</comp>

<comp id="42" class="1001" name="const_42">
<pin_list>
<pin id="43" dir="1" index="0" bw="1" slack="2147483647"/>
</pin_list>
<bind>
<StgValue><ssdm name="_ssdm_op_SpecPipeline"/></StgValue>
</bind>
</comp>

<comp id="44" class="1001" name="const_44">
<pin_list>
<pin id="45" dir="1" index="0" bw="1" slack="2147483647"/>
</pin_list>
<bind>
<StgValue><ssdm name="_ssdm_op_SpecReset"/></StgValue>
</bind>
</comp>

<comp id="46" class="1004" name="start_V_read_read_fu_46">
<pin_list>
<pin id="47" dir="0" index="0" bw="1" slack="0"/>
<pin id="48" dir="0" index="1" bw="1" slack="0"/>
<pin id="49" dir="1" index="2" bw="1" slack="2"/>
</pin_list>
<bind>
<opcode="read(1150) " fcode="read"/>
<opset="start_V_read/1 "/>
</bind>
</comp>

<comp id="52" class="1004" name="grp_read_fu_52">
<pin_list>
<pin id="53" dir="0" index="0" bw="33" slack="0"/>
<pin id="54" dir="0" index="1" bw="32" slack="0"/>
<pin id="55" dir="0" index="2" bw="1" slack="0"/>
<pin id="56" dir="1" index="3" bw="33" slack="0"/>
</pin_list>
<bind>
<opcode="read(1150) " fcode="read"/>
<opset="empty/1 "/>
</bind>
</comp>

<comp id="60" class="1004" name="grp_write_fu_60">
<pin_list>
<pin id="61" dir="0" index="0" bw="0" slack="0"/>
<pin id="62" dir="0" index="1" bw="32" slack="0"/>
<pin id="63" dir="0" index="2" bw="1" slack="0"/>
<pin id="64" dir="0" index="3" bw="32" slack="0"/>
<pin id="65" dir="0" index="4" bw="1" slack="0"/>
<pin id="66" dir="1" index="5" bw="0" slack="2147483647"/>
</pin_list>
<bind>
<opcode="write(1151) " fcode="write"/>
<opset="StgValue_13/2 "/>
</bind>
</comp>

<comp id="70" class="1004" name="currentState_load_load_fu_70">
<pin_list>
<pin id="71" dir="0" index="0" bw="1" slack="0"/>
<pin id="72" dir="1" index="1" bw="1" slack="1"/>
</pin_list>
<bind>
<opcode="load(27) " fcode="load"/>
<opset="currentState_load/1 "/>
</bind>
</comp>

<comp id="74" class="1004" name="StgValue_8_store_fu_74">
<pin_list>
<pin id="75" dir="0" index="0" bw="1" slack="0"/>
<pin id="76" dir="0" index="1" bw="1" slack="0"/>
<pin id="77" dir="1" index="2" bw="0" slack="2147483647"/>
</pin_list>
<bind>
<opcode="store(28) " fcode="store"/>
<opset="StgValue_8/1 "/>
</bind>
</comp>

<comp id="80" class="1004" name="tmp_data_V_fu_80">
<pin_list>
<pin id="81" dir="0" index="0" bw="33" slack="0"/>
<pin id="82" dir="1" index="1" bw="32" slack="0"/>
</pin_list>
<bind>
<opcode="extractvalue(56) " fcode="extractvalue"/>
<opset="tmp_data_V/2 "/>
</bind>
</comp>

<comp id="85" class="1004" name="tmp_last_V_fu_85">
<pin_list>
<pin id="86" dir="0" index="0" bw="33" slack="0"/>
<pin id="87" dir="1" index="1" bw="1" slack="0"/>
</pin_list>
<bind>
<opcode="extractvalue(56) " fcode="extractvalue"/>
<opset="tmp_last_V/2 "/>
</bind>
</comp>

<comp id="90" class="1005" name="start_V_read_reg_90">
<pin_list>
<pin id="91" dir="0" index="0" bw="1" slack="2"/>
<pin id="92" dir="1" index="1" bw="1" slack="2147483647"/>
</pin_list>
<bind>
<opset="start_V_read "/>
</bind>
</comp>

<comp id="94" class="1005" name="currentState_load_reg_94">
<pin_list>
<pin id="95" dir="0" index="0" bw="1" slack="1"/>
<pin id="96" dir="1" index="1" bw="1" slack="2147483647"/>
</pin_list>
<bind>
<opset="currentState_load "/>
</bind>
</comp>

<comp id="98" class="1005" name="tmp_data_V_reg_98">
<pin_list>
<pin id="99" dir="0" index="0" bw="32" slack="1"/>
<pin id="100" dir="1" index="1" bw="32" slack="1"/>
</pin_list>
<bind>
<opset="tmp_data_V "/>
</bind>
</comp>

<comp id="103" class="1005" name="tmp_last_V_reg_103">
<pin_list>
<pin id="104" dir="0" index="0" bw="1" slack="1"/>
<pin id="105" dir="1" index="1" bw="1" slack="1"/>
</pin_list>
<bind>
<opset="tmp_last_V "/>
</bind>
</comp>

</comp_list>

<net_list>
<net id="50"><net_src comp="12" pin="0"/><net_sink comp="46" pin=0"/></net>

<net id="51"><net_src comp="8" pin="0"/><net_sink comp="46" pin=1"/></net>

<net id="57"><net_src comp="16" pin="0"/><net_sink comp="52" pin=0"/></net>

<net id="58"><net_src comp="0" pin="0"/><net_sink comp="52" pin=1"/></net>

<net id="59"><net_src comp="2" pin="0"/><net_sink comp="52" pin=2"/></net>

<net id="67"><net_src comp="18" pin="0"/><net_sink comp="60" pin=0"/></net>

<net id="68"><net_src comp="4" pin="0"/><net_sink comp="60" pin=1"/></net>

<net id="69"><net_src comp="6" pin="0"/><net_sink comp="60" pin=2"/></net>

<net id="73"><net_src comp="10" pin="0"/><net_sink comp="70" pin=0"/></net>

<net id="78"><net_src comp="14" pin="0"/><net_sink comp="74" pin=0"/></net>

<net id="79"><net_src comp="10" pin="0"/><net_sink comp="74" pin=1"/></net>

<net id="83"><net_src comp="52" pin="3"/><net_sink comp="80" pin=0"/></net>

<net id="84"><net_src comp="80" pin="1"/><net_sink comp="60" pin=3"/></net>

<net id="88"><net_src comp="52" pin="3"/><net_sink comp="85" pin=0"/></net>

<net id="89"><net_src comp="85" pin="1"/><net_sink comp="60" pin=4"/></net>

<net id="93"><net_src comp="46" pin="2"/><net_sink comp="90" pin=0"/></net>

<net id="97"><net_src comp="70" pin="1"/><net_sink comp="94" pin=0"/></net>

<net id="101"><net_src comp="80" pin="1"/><net_sink comp="98" pin=0"/></net>

<net id="102"><net_src comp="98" pin="1"/><net_sink comp="60" pin=3"/></net>

<net id="106"><net_src comp="85" pin="1"/><net_sink comp="103" pin=0"/></net>

<net id="107"><net_src comp="103" pin="1"/><net_sink comp="60" pin=4"/></net>

</net_list>

</model> 
---------------- Datapath Model END ------------------

* FSMD analyzer results:
  - Output states:
	Port: o_data_V_data_V | {3 }
	Port: o_data_V_last_V | {3 }
	Port: currentState | {1 }
 - Input state : 
	Port: ItoZero : i_data_V_data_V | {1 }
	Port: ItoZero : i_data_V_last_V | {1 }
	Port: ItoZero : start_V | {1 }
	Port: ItoZero : currentState | {1 }
  - Chain level:
	State 1
		StgValue_6 : 1
	State 2
		StgValue_13 : 1
	State 3


============================================================
+ Verbose Summary: Datapath Resource usage 
============================================================

* Functional unit list:
|----------|-------------------------|
| Operation|     Functional Unit     |
|----------|-------------------------|
|   read   | start_V_read_read_fu_46 |
|          |      grp_read_fu_52     |
|----------|-------------------------|
|   write  |     grp_write_fu_60     |
|----------|-------------------------|
|extractvalue|     tmp_data_V_fu_80    |
|          |     tmp_last_V_fu_85    |
|----------|-------------------------|
|   Total  |                         |
|----------|-------------------------|

Memories:
N/A

* Register list:
+------------------------+--------+
|                        |   FF   |
+------------------------+--------+
|currentState_load_reg_94|    1   |
|   start_V_read_reg_90  |    1   |
|    tmp_data_V_reg_98   |   32   |
|   tmp_last_V_reg_103   |    1   |
+------------------------+--------+
|          Total         |   35   |
+------------------------+--------+

* Multiplexer (MUX) list: 
|-----------------|------|------|------|--------||---------||---------|
|       Comp      |  Pin | Size |  BW  | S x BW ||  Delay  ||   LUT   |
|-----------------|------|------|------|--------||---------||---------|
| grp_write_fu_60 |  p3  |   2  |  32  |   64   ||    9    |
| grp_write_fu_60 |  p4  |   2  |   1  |    2   ||    9    |
|-----------------|------|------|------|--------||---------||---------|
|      Total      |      |      |      |   66   ||  2.122  ||    18   |
|-----------------|------|------|------|--------||---------||---------|



* Summary:
+-----------+--------+--------+--------+
|           |  Delay |   FF   |   LUT  |
+-----------+--------+--------+--------+
|  Function |    -   |    -   |    -   |
|   Memory  |    -   |    -   |    -   |
|Multiplexer|    2   |    -   |   18   |
|  Register |    -   |   35   |    -   |
+-----------+--------+--------+--------+
|   Total   |    2   |   35   |   18   |
+-----------+--------+--------+--------+
