

================================================================
== Vivado HLS Report for 'ItoZero'
================================================================
* Date:           Sun Feb 10 11:27:06 2019

* Version:        2017.4 (Build 2086221 on Fri Dec 15 21:13:33 MST 2017)
* Project:        correlator
* Solution:       solution1
* Product family: kintex7
* Target device:  xc7k160tfbg484-1


================================================================
== Performance Estimates
================================================================
+ Timing (ns): 
    * Summary: 
    +--------+-------+----------+------------+
    |  Clock | Target| Estimated| Uncertainty|
    +--------+-------+----------+------------+
    |ap_clk  |   5.00|      1.43|        0.62|
    +--------+-------+----------+------------+

+ Latency (clock cycles): 
    * Summary: 
    +-----+-----+-----+-----+----------+
    |  Latency  |  Interval | Pipeline |
    | min | max | min | max |   Type   |
    +-----+-----+-----+-----+----------+
    |   15|   15|   16|   16| function |
    +-----+-----+-----+-----+----------+

    + Detail: 
        * Instance: 
        N/A

        * Loop: 
        N/A

============================================================
+ Verbose Summary: Synthesis Manager
============================================================
InlineROM: 1
ExposeGlobal: 0
============================================================
+ Verbose Summary: CDFG Model
============================================================
IsTopModel: 1
ResetActiveHigh: 1
IsCombinational: 0
IsDatapathOnly: 0
HasWiredReturn: 1
HasMFsm: 2
HasVarLatency: 0
IsPipeline: 1
IsRtlPipelined: 0
IsInstanceOverlapped: 0
IsDontTouch: 0
HasImplIP: 0
IsGatedGlobalClock: 0

+ Individual pipeline summary: 
  * Pipeline-0: initiation interval (II) = 16, depth = 16


============================================================
+ Verbose Summary: Schedule
============================================================
* Number of FSM states : 16
* Pipeline : 1
  Pipeline-0 : II = 16, D = 16, States = { 1 2 3 4 5 6 7 8 9 10 11 12 13 14 15 16 }
* Dataflow Pipeline: 0

* FSM state transitions: 
1 --> 
	2  / true
2 --> 
	3  / true
3 --> 
	4  / true
4 --> 
	5  / true
5 --> 
	6  / true
6 --> 
	7  / true
7 --> 
	8  / true
8 --> 
	9  / true
9 --> 
	10  / true
10 --> 
	11  / true
11 --> 
	12  / true
12 --> 
	13  / true
13 --> 
	14  / true
14 --> 
	15  / true
15 --> 
	16  / true
16 --> 

* FSM state operations: 

 <State 1> : 1.43ns
ST_1 : Operation 17 [1/1] (0.00ns)   --->   "call void (...)* @_ssdm_op_SpecBitsMap(i32* %i_data_V_data_V), !map !79"
ST_1 : Operation 18 [1/1] (0.00ns)   --->   "call void (...)* @_ssdm_op_SpecBitsMap(i1* %i_data_V_last_V), !map !83"
ST_1 : Operation 19 [1/1] (0.00ns)   --->   "call void (...)* @_ssdm_op_SpecBitsMap(i32* %o_data_V_data_V), !map !87"
ST_1 : Operation 20 [1/1] (0.00ns)   --->   "call void (...)* @_ssdm_op_SpecBitsMap(i1* %o_data_V_last_V), !map !91"
ST_1 : Operation 21 [1/1] (0.00ns)   --->   "call void (...)* @_ssdm_op_SpecBitsMap(i1 %start_V), !map !95"
ST_1 : Operation 22 [1/1] (0.00ns)   --->   "call void (...)* @_ssdm_op_SpecTopModule([8 x i8]* @ItoZero_str) nounwind"
ST_1 : Operation 23 [1/1] (0.00ns)   --->   "%start_V_read = call i1 @_ssdm_op_Read.ap_auto.i1(i1 %start_V)"
ST_1 : Operation 24 [1/1] (0.00ns)   --->   "call void (...)* @_ssdm_op_SpecResource(i32* %o_data_V_data_V, i1* %o_data_V_last_V, [1 x i8]* @p_str, [1 x i8]* @p_str, [1 x i8]* @p_str, i32 1, [1 x i8]* @p_str, [1 x i8]* @p_str, [1 x i8]* @p_str, [1 x i8]* @p_str, [1 x i8]* @p_str)" [ItoZero.cpp:37]
ST_1 : Operation 25 [1/1] (0.00ns)   --->   "call void (...)* @_ssdm_op_SpecInterface(i32 0, [13 x i8]* @p_str1, i32 0, i32 0, [1 x i8]* @p_str, i32 0, i32 0, [1 x i8]* @p_str, [1 x i8]* @p_str, [1 x i8]* @p_str, i32 0, i32 0, i32 0, i32 0, [1 x i8]* @p_str, [1 x i8]* @p_str) nounwind" [ItoZero.cpp:39]
ST_1 : Operation 26 [1/1] (0.00ns)   --->   "call void (...)* @_ssdm_op_SpecInterface(i32* %o_data_V_data_V, i1* %o_data_V_last_V, [5 x i8]* @p_str2, i32 1, i32 1, [5 x i8]* @p_str3, i32 0, i32 0, [1 x i8]* @p_str, [1 x i8]* @p_str, [1 x i8]* @p_str, i32 0, i32 0, i32 0, i32 0, [1 x i8]* @p_str, [1 x i8]* @p_str) nounwind" [ItoZero.cpp:40]
ST_1 : Operation 27 [1/1] (0.00ns)   --->   "call void (...)* @_ssdm_op_SpecInterface(i32* %i_data_V_data_V, i1* %i_data_V_last_V, [5 x i8]* @p_str2, i32 1, i32 1, [5 x i8]* @p_str3, i32 0, i32 0, [1 x i8]* @p_str, [1 x i8]* @p_str, [1 x i8]* @p_str, i32 0, i32 0, i32 0, i32 0, [1 x i8]* @p_str, [1 x i8]* @p_str) nounwind" [ItoZero.cpp:41]
ST_1 : Operation 28 [1/1] (0.00ns)   --->   "call void (...)* @_ssdm_op_SpecPipeline(i32 1, i32 1, i32 1, i32 0, [1 x i8]* @p_str) nounwind" [ItoZero.cpp:42]
ST_1 : Operation 29 [1/1] (0.00ns)   --->   "call void (...)* @_ssdm_op_SpecReset(i16* @data_reg_i_V_0, i1* @data_reg_i_V_1, i1* @data_reg_i_V_2, i1* @data_reg_i_V_3, i1* @data_reg_i_V_4, i1* @data_reg_i_V_5, i1* @data_reg_i_V_6, i1* @data_reg_i_V_7, i1* @data_reg_i_V_8, i1* @data_reg_i_V_9, i1* @data_reg_i_V_10, i1* @data_reg_i_V_11, i1* @data_reg_i_V_12, i1* @data_reg_i_V_13, i1* @data_reg_i_V_14, i1* @data_reg_i_V_15, i32 1, [1 x i8]* @p_str) nounwind" [ItoZero.cpp:44]
ST_1 : Operation 30 [1/1] (0.00ns)   --->   "call void (...)* @_ssdm_op_SpecReset([16 x i16]* @data_reg_q_V, i32 1, [1 x i8]* @p_str) nounwind" [ItoZero.cpp:47]
ST_1 : Operation 31 [1/1] (0.00ns)   --->   "call void (...)* @_ssdm_op_SpecReset(i32 1, [1 x i8]* @p_str) nounwind" [ItoZero.cpp:52]
ST_1 : Operation 32 [1/1] (0.00ns)   --->   "call void (...)* @_ssdm_op_SpecReset(i1* @firstLoad_V, i32 1, [1 x i8]* @p_str) nounwind" [ItoZero.cpp:54]
ST_1 : Operation 33 [1/1] (0.00ns)   --->   "call void (...)* @_ssdm_op_SpecReset(i1* @currentState, i32 1, [1 x i8]* @p_str) nounwind" [ItoZero.cpp:62]
ST_1 : Operation 34 [1/1] (0.00ns)   --->   "%currentwrState_load = load i1* @currentwrState, align 1" [ItoZero.cpp:66]
ST_1 : Operation 35 [1/1] (0.00ns)   --->   "call void (...)* @_ssdm_op_SpecReset(i1* @currentwrState, i32 1, [1 x i8]* @p_str) nounwind" [ItoZero.cpp:66]
ST_1 : Operation 36 [1/1] (0.00ns)   --->   "%p_Val2_s = load i24* @data_valid_reg_V, align 4" [ItoZero.cpp:78]
ST_1 : Operation 37 [1/1] (0.00ns)   --->   "%tmp_1 = call i1 @_ssdm_op_BitSelect.i1.i24.i32(i24 %p_Val2_s, i32 12)" [ItoZero.cpp:78]
ST_1 : Operation 38 [1/1] (0.00ns)   --->   "br i1 %currentwrState_load, label %2, label %0" [ItoZero.cpp:72]
ST_1 : Operation 39 [1/1] (0.00ns)   --->   "br i1 %tmp_1, label %1, label %._crit_edge193" [ItoZero.cpp:74]
ST_1 : Operation 40 [1/1] (1.06ns)   --->   "store i1 true, i1* @currentwrState, align 1" [ItoZero.cpp:75]
ST_1 : Operation 41 [1/1] (0.00ns)   --->   "br label %._crit_edge193" [ItoZero.cpp:75]
ST_1 : Operation 42 [1/1] (0.00ns)   --->   "br label %._crit_edge192" [ItoZero.cpp:76]
ST_1 : Operation 43 [1/1] (1.06ns)   --->   "store i1 %tmp_1, i1* @currentwrState, align 1" [ItoZero.cpp:81]
ST_1 : Operation 44 [2/2] (1.42ns)   --->   "%data_reg_q_V_load = load i16* getelementptr inbounds ([16 x i16]* @data_reg_q_V, i64 0, i64 12), align 8" [ItoZero.cpp:84]   --->   Core 37 'RAM' <Latency = 1> <II = 1> <Delay = 1.42> <Storage> <Opcode : 'load' 'store'> <Ports = 2> <Width = 16> <Depth = 16> <RAM>
ST_1 : Operation 45 [1/1] (0.00ns)   --->   "%tmp_2 = trunc i24 %p_Val2_s to i23" [ItoZero.cpp:91]
ST_1 : Operation 46 [1/1] (0.00ns)   --->   "%p_Result_5 = call i24 @llvm.part.set.i24.i23(i24 %p_Val2_s, i23 %tmp_2, i32 1, i32 23)" [ItoZero.cpp:91]
ST_1 : Operation 47 [1/1] (0.00ns)   --->   "%currentState_load = load i1* @currentState, align 1" [ItoZero.cpp:94]
ST_1 : Operation 48 [1/1] (0.00ns)   --->   "br i1 %currentState_load, label %5, label %3" [ItoZero.cpp:94]
ST_1 : Operation 49 [1/1] (0.00ns)   --->   "br i1 %start_V_read, label %4, label %._crit_edge195" [ItoZero.cpp:96]
ST_1 : Operation 50 [1/1] (0.00ns)   --->   "%firstLoad_V_load = load i1* @firstLoad_V, align 1" [ItoZero.cpp:102]
ST_1 : Operation 51 [1/1] (0.00ns)   --->   "br i1 %firstLoad_V_load, label %.loopexit, label %.preheader.0" [ItoZero.cpp:102]
ST_1 : Operation 52 [1/1] (0.00ns)   --->   "store i1 false, i1* @data_reg_i_V_15, align 1" [ItoZero.cpp:105]
ST_1 : Operation 53 [2/2] (1.42ns)   --->   "%data_reg_q_V_load_1 = load i16* getelementptr inbounds ([16 x i16]* @data_reg_q_V, i64 0, i64 14), align 4" [ItoZero.cpp:106]   --->   Core 37 'RAM' <Latency = 1> <II = 1> <Delay = 1.42> <Storage> <Opcode : 'load' 'store'> <Ports = 2> <Width = 16> <Depth = 16> <RAM>
ST_1 : Operation 54 [1/1] (0.00ns)   --->   "store i1 false, i1* @data_reg_i_V_14, align 1" [ItoZero.cpp:105]
ST_1 : Operation 55 [1/1] (0.00ns)   --->   "store i1 false, i1* @data_reg_i_V_13, align 1" [ItoZero.cpp:105]
ST_1 : Operation 56 [1/1] (0.00ns)   --->   "store i1 false, i1* @data_reg_i_V_11, align 1" [ItoZero.cpp:105]
ST_1 : Operation 57 [1/1] (0.00ns)   --->   "store i1 false, i1* @data_reg_i_V_10, align 1" [ItoZero.cpp:105]
ST_1 : Operation 58 [1/1] (0.00ns)   --->   "store i1 false, i1* @data_reg_i_V_9, align 1" [ItoZero.cpp:105]
ST_1 : Operation 59 [1/1] (0.00ns)   --->   "store i1 false, i1* @data_reg_i_V_8, align 1" [ItoZero.cpp:105]
ST_1 : Operation 60 [1/1] (0.00ns)   --->   "store i1 false, i1* @data_reg_i_V_7, align 1" [ItoZero.cpp:105]
ST_1 : Operation 61 [1/1] (0.00ns)   --->   "store i1 false, i1* @data_reg_i_V_6, align 1" [ItoZero.cpp:105]
ST_1 : Operation 62 [1/1] (0.00ns)   --->   "store i1 false, i1* @data_reg_i_V_5, align 1" [ItoZero.cpp:105]
ST_1 : Operation 63 [1/1] (0.00ns)   --->   "store i1 false, i1* @data_reg_i_V_4, align 1" [ItoZero.cpp:105]
ST_1 : Operation 64 [1/1] (0.00ns)   --->   "store i1 false, i1* @data_reg_i_V_3, align 1" [ItoZero.cpp:105]
ST_1 : Operation 65 [1/1] (0.00ns)   --->   "store i1 false, i1* @data_reg_i_V_2, align 1" [ItoZero.cpp:105]
ST_1 : Operation 66 [1/1] (0.00ns)   --->   "store i1 false, i1* @data_reg_i_V_1, align 1" [ItoZero.cpp:105]

 <State 2> : 1.43ns
ST_2 : Operation 67 [1/1] (0.00ns)   --->   "%data_reg_i_V_12_load = load i1* @data_reg_i_V_12, align 1"
ST_2 : Operation 68 [1/2] (1.42ns)   --->   "%data_reg_q_V_load = load i16* getelementptr inbounds ([16 x i16]* @data_reg_q_V, i64 0, i64 12), align 8" [ItoZero.cpp:84]   --->   Core 37 'RAM' <Latency = 1> <II = 1> <Delay = 1.42> <Storage> <Opcode : 'load' 'store'> <Ports = 2> <Width = 16> <Depth = 16> <RAM>
ST_2 : Operation 69 [1/1] (0.00ns)   --->   "%tmp = call i17 @_ssdm_op_BitConcatenate.i17.i1.i16(i1 %data_reg_i_V_12_load, i16 %data_reg_q_V_load)" [ItoZero.cpp:84]
ST_2 : Operation 70 [1/1] (0.00ns)   --->   "%p_Result_4 = zext i17 %tmp to i32" [ItoZero.cpp:84]
ST_2 : Operation 71 [2/2] (0.00ns)   --->   "call void @_ssdm_op_Write.axis.volatile.i32P.i1P(i32* %o_data_V_data_V, i1* %o_data_V_last_V, i32 %p_Result_4, i1 undef)" [ItoZero.cpp:85]   --->   Core 5 'AXI4Stream' <Latency = 0> <II = 1> <Delay = 1.00> <Adapter> <Opcode : >
ST_2 : Operation 72 [1/2] (1.42ns)   --->   "%data_reg_q_V_load_1 = load i16* getelementptr inbounds ([16 x i16]* @data_reg_q_V, i64 0, i64 14), align 4" [ItoZero.cpp:106]   --->   Core 37 'RAM' <Latency = 1> <II = 1> <Delay = 1.42> <Storage> <Opcode : 'load' 'store'> <Ports = 2> <Width = 16> <Depth = 16> <RAM>
ST_2 : Operation 73 [2/2] (1.42ns)   --->   "%data_reg_q_V_load_2 = load i16* getelementptr inbounds ([16 x i16]* @data_reg_q_V, i64 0, i64 13), align 2" [ItoZero.cpp:106]   --->   Core 37 'RAM' <Latency = 1> <II = 1> <Delay = 1.42> <Storage> <Opcode : 'load' 'store'> <Ports = 2> <Width = 16> <Depth = 16> <RAM>
ST_2 : Operation 74 [2/2] (1.42ns)   --->   "%data_reg_q_V_load_3 = load i16* getelementptr inbounds ([16 x i16]* @data_reg_q_V, i64 0, i64 12), align 8" [ItoZero.cpp:106]   --->   Core 37 'RAM' <Latency = 1> <II = 1> <Delay = 1.42> <Storage> <Opcode : 'load' 'store'> <Ports = 2> <Width = 16> <Depth = 16> <RAM>
ST_2 : Operation 75 [1/1] (0.00ns)   --->   "store i1 false, i1* @data_reg_i_V_12, align 1" [ItoZero.cpp:105]

 <State 3> : 1.43ns
ST_3 : Operation 76 [1/2] (0.00ns)   --->   "call void @_ssdm_op_Write.axis.volatile.i32P.i1P(i32* %o_data_V_data_V, i1* %o_data_V_last_V, i32 %p_Result_4, i1 undef)" [ItoZero.cpp:85]   --->   Core 5 'AXI4Stream' <Latency = 0> <II = 1> <Delay = 1.00> <Adapter> <Opcode : >
ST_3 : Operation 77 [1/2] (1.42ns)   --->   "%data_reg_q_V_load_2 = load i16* getelementptr inbounds ([16 x i16]* @data_reg_q_V, i64 0, i64 13), align 2" [ItoZero.cpp:106]   --->   Core 37 'RAM' <Latency = 1> <II = 1> <Delay = 1.42> <Storage> <Opcode : 'load' 'store'> <Ports = 2> <Width = 16> <Depth = 16> <RAM>
ST_3 : Operation 78 [1/2] (1.42ns)   --->   "%data_reg_q_V_load_3 = load i16* getelementptr inbounds ([16 x i16]* @data_reg_q_V, i64 0, i64 12), align 8" [ItoZero.cpp:106]   --->   Core 37 'RAM' <Latency = 1> <II = 1> <Delay = 1.42> <Storage> <Opcode : 'load' 'store'> <Ports = 2> <Width = 16> <Depth = 16> <RAM>
ST_3 : Operation 79 [2/2] (1.42ns)   --->   "%data_reg_q_V_load_4 = load i16* getelementptr inbounds ([16 x i16]* @data_reg_q_V, i64 0, i64 11), align 2" [ItoZero.cpp:106]   --->   Core 37 'RAM' <Latency = 1> <II = 1> <Delay = 1.42> <Storage> <Opcode : 'load' 'store'> <Ports = 2> <Width = 16> <Depth = 16> <RAM>
ST_3 : Operation 80 [2/2] (1.42ns)   --->   "%data_reg_q_V_load_5 = load i16* getelementptr inbounds ([16 x i16]* @data_reg_q_V, i64 0, i64 10), align 4" [ItoZero.cpp:106]   --->   Core 37 'RAM' <Latency = 1> <II = 1> <Delay = 1.42> <Storage> <Opcode : 'load' 'store'> <Ports = 2> <Width = 16> <Depth = 16> <RAM>

 <State 4> : 1.43ns
ST_4 : Operation 81 [1/2] (1.42ns)   --->   "%data_reg_q_V_load_4 = load i16* getelementptr inbounds ([16 x i16]* @data_reg_q_V, i64 0, i64 11), align 2" [ItoZero.cpp:106]   --->   Core 37 'RAM' <Latency = 1> <II = 1> <Delay = 1.42> <Storage> <Opcode : 'load' 'store'> <Ports = 2> <Width = 16> <Depth = 16> <RAM>
ST_4 : Operation 82 [1/2] (1.42ns)   --->   "%data_reg_q_V_load_5 = load i16* getelementptr inbounds ([16 x i16]* @data_reg_q_V, i64 0, i64 10), align 4" [ItoZero.cpp:106]   --->   Core 37 'RAM' <Latency = 1> <II = 1> <Delay = 1.42> <Storage> <Opcode : 'load' 'store'> <Ports = 2> <Width = 16> <Depth = 16> <RAM>
ST_4 : Operation 83 [2/2] (1.42ns)   --->   "%data_reg_q_V_load_6 = load i16* getelementptr inbounds ([16 x i16]* @data_reg_q_V, i64 0, i64 9), align 2" [ItoZero.cpp:106]   --->   Core 37 'RAM' <Latency = 1> <II = 1> <Delay = 1.42> <Storage> <Opcode : 'load' 'store'> <Ports = 2> <Width = 16> <Depth = 16> <RAM>
ST_4 : Operation 84 [2/2] (1.42ns)   --->   "%data_reg_q_V_load_7 = load i16* getelementptr inbounds ([16 x i16]* @data_reg_q_V, i64 0, i64 8), align 16" [ItoZero.cpp:106]   --->   Core 37 'RAM' <Latency = 1> <II = 1> <Delay = 1.42> <Storage> <Opcode : 'load' 'store'> <Ports = 2> <Width = 16> <Depth = 16> <RAM>

 <State 5> : 1.43ns
ST_5 : Operation 85 [1/2] (1.42ns)   --->   "%data_reg_q_V_load_6 = load i16* getelementptr inbounds ([16 x i16]* @data_reg_q_V, i64 0, i64 9), align 2" [ItoZero.cpp:106]   --->   Core 37 'RAM' <Latency = 1> <II = 1> <Delay = 1.42> <Storage> <Opcode : 'load' 'store'> <Ports = 2> <Width = 16> <Depth = 16> <RAM>
ST_5 : Operation 86 [1/2] (1.42ns)   --->   "%data_reg_q_V_load_7 = load i16* getelementptr inbounds ([16 x i16]* @data_reg_q_V, i64 0, i64 8), align 16" [ItoZero.cpp:106]   --->   Core 37 'RAM' <Latency = 1> <II = 1> <Delay = 1.42> <Storage> <Opcode : 'load' 'store'> <Ports = 2> <Width = 16> <Depth = 16> <RAM>
ST_5 : Operation 87 [2/2] (1.42ns)   --->   "%data_reg_q_V_load_8 = load i16* getelementptr inbounds ([16 x i16]* @data_reg_q_V, i64 0, i64 7), align 2" [ItoZero.cpp:106]   --->   Core 37 'RAM' <Latency = 1> <II = 1> <Delay = 1.42> <Storage> <Opcode : 'load' 'store'> <Ports = 2> <Width = 16> <Depth = 16> <RAM>
ST_5 : Operation 88 [2/2] (1.42ns)   --->   "%data_reg_q_V_load_9 = load i16* getelementptr inbounds ([16 x i16]* @data_reg_q_V, i64 0, i64 6), align 4" [ItoZero.cpp:106]   --->   Core 37 'RAM' <Latency = 1> <II = 1> <Delay = 1.42> <Storage> <Opcode : 'load' 'store'> <Ports = 2> <Width = 16> <Depth = 16> <RAM>

 <State 6> : 1.43ns
ST_6 : Operation 89 [1/2] (1.42ns)   --->   "%data_reg_q_V_load_8 = load i16* getelementptr inbounds ([16 x i16]* @data_reg_q_V, i64 0, i64 7), align 2" [ItoZero.cpp:106]   --->   Core 37 'RAM' <Latency = 1> <II = 1> <Delay = 1.42> <Storage> <Opcode : 'load' 'store'> <Ports = 2> <Width = 16> <Depth = 16> <RAM>
ST_6 : Operation 90 [1/2] (1.42ns)   --->   "%data_reg_q_V_load_9 = load i16* getelementptr inbounds ([16 x i16]* @data_reg_q_V, i64 0, i64 6), align 4" [ItoZero.cpp:106]   --->   Core 37 'RAM' <Latency = 1> <II = 1> <Delay = 1.42> <Storage> <Opcode : 'load' 'store'> <Ports = 2> <Width = 16> <Depth = 16> <RAM>
ST_6 : Operation 91 [2/2] (1.42ns)   --->   "%data_reg_q_V_load_10 = load i16* getelementptr inbounds ([16 x i16]* @data_reg_q_V, i64 0, i64 5), align 2" [ItoZero.cpp:106]   --->   Core 37 'RAM' <Latency = 1> <II = 1> <Delay = 1.42> <Storage> <Opcode : 'load' 'store'> <Ports = 2> <Width = 16> <Depth = 16> <RAM>
ST_6 : Operation 92 [2/2] (1.42ns)   --->   "%data_reg_q_V_load_11 = load i16* getelementptr inbounds ([16 x i16]* @data_reg_q_V, i64 0, i64 4), align 8" [ItoZero.cpp:106]   --->   Core 37 'RAM' <Latency = 1> <II = 1> <Delay = 1.42> <Storage> <Opcode : 'load' 'store'> <Ports = 2> <Width = 16> <Depth = 16> <RAM>

 <State 7> : 1.43ns
ST_7 : Operation 93 [1/2] (1.42ns)   --->   "%data_reg_q_V_load_10 = load i16* getelementptr inbounds ([16 x i16]* @data_reg_q_V, i64 0, i64 5), align 2" [ItoZero.cpp:106]   --->   Core 37 'RAM' <Latency = 1> <II = 1> <Delay = 1.42> <Storage> <Opcode : 'load' 'store'> <Ports = 2> <Width = 16> <Depth = 16> <RAM>
ST_7 : Operation 94 [1/2] (1.42ns)   --->   "%data_reg_q_V_load_11 = load i16* getelementptr inbounds ([16 x i16]* @data_reg_q_V, i64 0, i64 4), align 8" [ItoZero.cpp:106]   --->   Core 37 'RAM' <Latency = 1> <II = 1> <Delay = 1.42> <Storage> <Opcode : 'load' 'store'> <Ports = 2> <Width = 16> <Depth = 16> <RAM>
ST_7 : Operation 95 [2/2] (1.42ns)   --->   "%data_reg_q_V_load_12 = load i16* getelementptr inbounds ([16 x i16]* @data_reg_q_V, i64 0, i64 3), align 2" [ItoZero.cpp:106]   --->   Core 37 'RAM' <Latency = 1> <II = 1> <Delay = 1.42> <Storage> <Opcode : 'load' 'store'> <Ports = 2> <Width = 16> <Depth = 16> <RAM>
ST_7 : Operation 96 [2/2] (1.42ns)   --->   "%data_reg_q_V_load_13 = load i16* getelementptr inbounds ([16 x i16]* @data_reg_q_V, i64 0, i64 2), align 4" [ItoZero.cpp:106]   --->   Core 37 'RAM' <Latency = 1> <II = 1> <Delay = 1.42> <Storage> <Opcode : 'load' 'store'> <Ports = 2> <Width = 16> <Depth = 16> <RAM>

 <State 8> : 1.43ns
ST_8 : Operation 97 [1/2] (1.42ns)   --->   "%data_reg_q_V_load_12 = load i16* getelementptr inbounds ([16 x i16]* @data_reg_q_V, i64 0, i64 3), align 2" [ItoZero.cpp:106]   --->   Core 37 'RAM' <Latency = 1> <II = 1> <Delay = 1.42> <Storage> <Opcode : 'load' 'store'> <Ports = 2> <Width = 16> <Depth = 16> <RAM>
ST_8 : Operation 98 [1/2] (1.42ns)   --->   "%data_reg_q_V_load_13 = load i16* getelementptr inbounds ([16 x i16]* @data_reg_q_V, i64 0, i64 2), align 4" [ItoZero.cpp:106]   --->   Core 37 'RAM' <Latency = 1> <II = 1> <Delay = 1.42> <Storage> <Opcode : 'load' 'store'> <Ports = 2> <Width = 16> <Depth = 16> <RAM>
ST_8 : Operation 99 [2/2] (1.42ns)   --->   "%data_reg_q_V_load_14 = load i16* getelementptr inbounds ([16 x i16]* @data_reg_q_V, i64 0, i64 1), align 2" [ItoZero.cpp:106]   --->   Core 37 'RAM' <Latency = 1> <II = 1> <Delay = 1.42> <Storage> <Opcode : 'load' 'store'> <Ports = 2> <Width = 16> <Depth = 16> <RAM>
ST_8 : Operation 100 [2/2] (1.42ns)   --->   "%data_reg_q_V_load_15 = load i16* getelementptr inbounds ([16 x i16]* @data_reg_q_V, i64 0, i64 0), align 16" [ItoZero.cpp:106]   --->   Core 37 'RAM' <Latency = 1> <II = 1> <Delay = 1.42> <Storage> <Opcode : 'load' 'store'> <Ports = 2> <Width = 16> <Depth = 16> <RAM>

 <State 9> : 1.43ns
ST_9 : Operation 101 [1/1] (1.42ns)   --->   "store i16 %data_reg_q_V_load_1, i16* getelementptr inbounds ([16 x i16]* @data_reg_q_V, i64 0, i64 15), align 2" [ItoZero.cpp:106]   --->   Core 37 'RAM' <Latency = 1> <II = 1> <Delay = 1.42> <Storage> <Opcode : 'load' 'store'> <Ports = 2> <Width = 16> <Depth = 16> <RAM>
ST_9 : Operation 102 [1/1] (1.42ns)   --->   "store i16 %data_reg_q_V_load_2, i16* getelementptr inbounds ([16 x i16]* @data_reg_q_V, i64 0, i64 14), align 4" [ItoZero.cpp:106]   --->   Core 37 'RAM' <Latency = 1> <II = 1> <Delay = 1.42> <Storage> <Opcode : 'load' 'store'> <Ports = 2> <Width = 16> <Depth = 16> <RAM>
ST_9 : Operation 103 [1/2] (1.42ns)   --->   "%data_reg_q_V_load_14 = load i16* getelementptr inbounds ([16 x i16]* @data_reg_q_V, i64 0, i64 1), align 2" [ItoZero.cpp:106]   --->   Core 37 'RAM' <Latency = 1> <II = 1> <Delay = 1.42> <Storage> <Opcode : 'load' 'store'> <Ports = 2> <Width = 16> <Depth = 16> <RAM>
ST_9 : Operation 104 [1/2] (1.42ns)   --->   "%data_reg_q_V_load_15 = load i16* getelementptr inbounds ([16 x i16]* @data_reg_q_V, i64 0, i64 0), align 16" [ItoZero.cpp:106]   --->   Core 37 'RAM' <Latency = 1> <II = 1> <Delay = 1.42> <Storage> <Opcode : 'load' 'store'> <Ports = 2> <Width = 16> <Depth = 16> <RAM>

 <State 10> : 1.43ns
ST_10 : Operation 105 [1/1] (1.42ns)   --->   "store i16 %data_reg_q_V_load_3, i16* getelementptr inbounds ([16 x i16]* @data_reg_q_V, i64 0, i64 13), align 2" [ItoZero.cpp:106]   --->   Core 37 'RAM' <Latency = 1> <II = 1> <Delay = 1.42> <Storage> <Opcode : 'load' 'store'> <Ports = 2> <Width = 16> <Depth = 16> <RAM>
ST_10 : Operation 106 [1/1] (1.42ns)   --->   "store i16 %data_reg_q_V_load_4, i16* getelementptr inbounds ([16 x i16]* @data_reg_q_V, i64 0, i64 12), align 8" [ItoZero.cpp:106]   --->   Core 37 'RAM' <Latency = 1> <II = 1> <Delay = 1.42> <Storage> <Opcode : 'load' 'store'> <Ports = 2> <Width = 16> <Depth = 16> <RAM>

 <State 11> : 1.43ns
ST_11 : Operation 107 [1/1] (1.42ns)   --->   "store i16 %data_reg_q_V_load_5, i16* getelementptr inbounds ([16 x i16]* @data_reg_q_V, i64 0, i64 11), align 2" [ItoZero.cpp:106]   --->   Core 37 'RAM' <Latency = 1> <II = 1> <Delay = 1.42> <Storage> <Opcode : 'load' 'store'> <Ports = 2> <Width = 16> <Depth = 16> <RAM>
ST_11 : Operation 108 [1/1] (1.42ns)   --->   "store i16 %data_reg_q_V_load_6, i16* getelementptr inbounds ([16 x i16]* @data_reg_q_V, i64 0, i64 10), align 4" [ItoZero.cpp:106]   --->   Core 37 'RAM' <Latency = 1> <II = 1> <Delay = 1.42> <Storage> <Opcode : 'load' 'store'> <Ports = 2> <Width = 16> <Depth = 16> <RAM>

 <State 12> : 1.43ns
ST_12 : Operation 109 [1/1] (1.42ns)   --->   "store i16 %data_reg_q_V_load_7, i16* getelementptr inbounds ([16 x i16]* @data_reg_q_V, i64 0, i64 9), align 2" [ItoZero.cpp:106]   --->   Core 37 'RAM' <Latency = 1> <II = 1> <Delay = 1.42> <Storage> <Opcode : 'load' 'store'> <Ports = 2> <Width = 16> <Depth = 16> <RAM>
ST_12 : Operation 110 [1/1] (1.42ns)   --->   "store i16 %data_reg_q_V_load_8, i16* getelementptr inbounds ([16 x i16]* @data_reg_q_V, i64 0, i64 8), align 16" [ItoZero.cpp:106]   --->   Core 37 'RAM' <Latency = 1> <II = 1> <Delay = 1.42> <Storage> <Opcode : 'load' 'store'> <Ports = 2> <Width = 16> <Depth = 16> <RAM>

 <State 13> : 1.43ns
ST_13 : Operation 111 [1/1] (1.42ns)   --->   "store i16 %data_reg_q_V_load_9, i16* getelementptr inbounds ([16 x i16]* @data_reg_q_V, i64 0, i64 7), align 2" [ItoZero.cpp:106]   --->   Core 37 'RAM' <Latency = 1> <II = 1> <Delay = 1.42> <Storage> <Opcode : 'load' 'store'> <Ports = 2> <Width = 16> <Depth = 16> <RAM>
ST_13 : Operation 112 [1/1] (1.42ns)   --->   "store i16 %data_reg_q_V_load_10, i16* getelementptr inbounds ([16 x i16]* @data_reg_q_V, i64 0, i64 6), align 4" [ItoZero.cpp:106]   --->   Core 37 'RAM' <Latency = 1> <II = 1> <Delay = 1.42> <Storage> <Opcode : 'load' 'store'> <Ports = 2> <Width = 16> <Depth = 16> <RAM>

 <State 14> : 1.43ns
ST_14 : Operation 113 [1/1] (1.42ns)   --->   "store i16 %data_reg_q_V_load_11, i16* getelementptr inbounds ([16 x i16]* @data_reg_q_V, i64 0, i64 5), align 2" [ItoZero.cpp:106]   --->   Core 37 'RAM' <Latency = 1> <II = 1> <Delay = 1.42> <Storage> <Opcode : 'load' 'store'> <Ports = 2> <Width = 16> <Depth = 16> <RAM>
ST_14 : Operation 114 [1/1] (1.42ns)   --->   "store i16 %data_reg_q_V_load_12, i16* getelementptr inbounds ([16 x i16]* @data_reg_q_V, i64 0, i64 4), align 8" [ItoZero.cpp:106]   --->   Core 37 'RAM' <Latency = 1> <II = 1> <Delay = 1.42> <Storage> <Opcode : 'load' 'store'> <Ports = 2> <Width = 16> <Depth = 16> <RAM>

 <State 15> : 1.43ns
ST_15 : Operation 115 [1/1] (0.00ns)   --->   "store i1 true, i1* @currentState, align 1" [ItoZero.cpp:97]
ST_15 : Operation 116 [1/1] (0.00ns)   --->   "br label %._crit_edge195" [ItoZero.cpp:97]
ST_15 : Operation 117 [1/1] (1.06ns)   --->   "br label %._crit_edge194" [ItoZero.cpp:99]
ST_15 : Operation 118 [1/1] (1.42ns)   --->   "store i16 %data_reg_q_V_load_13, i16* getelementptr inbounds ([16 x i16]* @data_reg_q_V, i64 0, i64 3), align 2" [ItoZero.cpp:106]   --->   Core 37 'RAM' <Latency = 1> <II = 1> <Delay = 1.42> <Storage> <Opcode : 'load' 'store'> <Ports = 2> <Width = 16> <Depth = 16> <RAM>
ST_15 : Operation 119 [1/1] (1.42ns)   --->   "store i16 %data_reg_q_V_load_14, i16* getelementptr inbounds ([16 x i16]* @data_reg_q_V, i64 0, i64 2), align 4" [ItoZero.cpp:106]   --->   Core 37 'RAM' <Latency = 1> <II = 1> <Delay = 1.42> <Storage> <Opcode : 'load' 'store'> <Ports = 2> <Width = 16> <Depth = 16> <RAM>
ST_15 : Operation 120 [2/2] (0.00ns)   --->   "%empty = call { i32, i1 } @_ssdm_op_Read.axis.volatile.i32P.i1P(i32* %i_data_V_data_V, i1* %i_data_V_last_V)" [ItoZero.cpp:108]   --->   Core 5 'AXI4Stream' <Latency = 0> <II = 1> <Delay = 1.00> <Adapter> <Opcode : >

 <State 16> : 1.43ns
ST_16 : Operation 121 [1/1] (0.00ns)   --->   "br label %._crit_edge192" [ItoZero.cpp:86]
ST_16 : Operation 122 [1/1] (1.42ns)   --->   "store i16 %data_reg_q_V_load_15, i16* getelementptr inbounds ([16 x i16]* @data_reg_q_V, i64 0, i64 1), align 2" [ItoZero.cpp:106]   --->   Core 37 'RAM' <Latency = 1> <II = 1> <Delay = 1.42> <Storage> <Opcode : 'load' 'store'> <Ports = 2> <Width = 16> <Depth = 16> <RAM>
ST_16 : Operation 123 [1/1] (0.00ns)   --->   "br label %.loopexit"
ST_16 : Operation 124 [1/2] (0.00ns)   --->   "%empty = call { i32, i1 } @_ssdm_op_Read.axis.volatile.i32P.i1P(i32* %i_data_V_data_V, i1* %i_data_V_last_V)" [ItoZero.cpp:108]   --->   Core 5 'AXI4Stream' <Latency = 0> <II = 1> <Delay = 1.00> <Adapter> <Opcode : >
ST_16 : Operation 125 [1/1] (0.00ns)   --->   "%tmp_data_V = extractvalue { i32, i1 } %empty, 0" [ItoZero.cpp:108]
ST_16 : Operation 126 [1/1] (0.00ns)   --->   "%tmp_3 = trunc i32 %tmp_data_V to i16" [ItoZero.cpp:109]
ST_16 : Operation 127 [1/1] (1.42ns)   --->   "store i16 %tmp_3, i16* getelementptr inbounds ([16 x i16]* @data_reg_q_V, i64 0, i64 0), align 16" [ItoZero.cpp:109]   --->   Core 37 'RAM' <Latency = 1> <II = 1> <Delay = 1.42> <Storage> <Opcode : 'load' 'store'> <Ports = 2> <Width = 16> <Depth = 16> <RAM>
ST_16 : Operation 128 [1/1] (0.00ns)   --->   "%p_Result_3 = call i16 @_ssdm_op_PartSelect.i16.i32.i32.i32(i32 %tmp_data_V, i32 16, i32 31)" [ItoZero.cpp:110]
ST_16 : Operation 129 [1/1] (0.00ns)   --->   "store i16 %p_Result_3, i16* @data_reg_i_V_0, align 16" [ItoZero.cpp:110]
ST_16 : Operation 130 [1/1] (0.00ns)   --->   "%p_Result_s = call i24 @_ssdm_op_BitConcatenate.i24.i23.i1(i23 %tmp_2, i1 true)" [ItoZero.cpp:111]
ST_16 : Operation 131 [1/1] (1.06ns)   --->   "br label %._crit_edge194" [ItoZero.cpp:117]
ST_16 : Operation 132 [1/1] (0.00ns)   --->   "%data_valid_reg_V_new = phi i24 [ %p_Result_s, %.loopexit ], [ %p_Result_5, %._crit_edge195 ]"
ST_16 : Operation 133 [1/1] (0.00ns)   --->   "%storemerge = phi i1 [ false, %.loopexit ], [ true, %._crit_edge195 ]"
ST_16 : Operation 134 [1/1] (0.00ns)   --->   "store i1 %storemerge, i1* @firstLoad_V, align 1" [ItoZero.cpp:112]
ST_16 : Operation 135 [1/1] (0.00ns)   --->   "store i24 %data_valid_reg_V_new, i24* @data_valid_reg_V, align 4" [ItoZero.cpp:91]
ST_16 : Operation 136 [1/1] (0.00ns)   --->   "ret void" [ItoZero.cpp:120]


============================================================
+ Verbose Summary: Timing violations
============================================================
Target clock period: 5ns, clock uncertainty: 0.625ns.

 <State 1>: 1.43ns
The critical path consists of the following:
	'load' operation ('data_reg_q_V_load', ItoZero.cpp:84) on array 'data_reg_q_V' [58]  (1.43 ns)

 <State 2>: 1.43ns
The critical path consists of the following:
	'load' operation ('data_reg_q_V_load', ItoZero.cpp:84) on array 'data_reg_q_V' [58]  (1.43 ns)

 <State 3>: 1.43ns
The critical path consists of the following:
	'load' operation ('data_reg_q_V_load_2', ItoZero.cpp:106) on array 'data_reg_q_V' [83]  (1.43 ns)

 <State 4>: 1.43ns
The critical path consists of the following:
	'load' operation ('data_reg_q_V_load_4', ItoZero.cpp:106) on array 'data_reg_q_V' [89]  (1.43 ns)

 <State 5>: 1.43ns
The critical path consists of the following:
	'load' operation ('data_reg_q_V_load_6', ItoZero.cpp:106) on array 'data_reg_q_V' [95]  (1.43 ns)

 <State 6>: 1.43ns
The critical path consists of the following:
	'load' operation ('data_reg_q_V_load_8', ItoZero.cpp:106) on array 'data_reg_q_V' [101]  (1.43 ns)

 <State 7>: 1.43ns
The critical path consists of the following:
	'load' operation ('data_reg_q_V_load_10', ItoZero.cpp:106) on array 'data_reg_q_V' [107]  (1.43 ns)

 <State 8>: 1.43ns
The critical path consists of the following:
	'load' operation ('data_reg_q_V_load_12', ItoZero.cpp:106) on array 'data_reg_q_V' [113]  (1.43 ns)

 <State 9>: 1.43ns
The critical path consists of the following:
	'store' operation (ItoZero.cpp:106) of variable 'data_reg_q_V_load_1', ItoZero.cpp:106 on array 'data_reg_q_V' [81]  (1.43 ns)

 <State 10>: 1.43ns
The critical path consists of the following:
	'store' operation (ItoZero.cpp:106) of variable 'data_reg_q_V_load_3', ItoZero.cpp:106 on array 'data_reg_q_V' [87]  (1.43 ns)

 <State 11>: 1.43ns
The critical path consists of the following:
	'store' operation (ItoZero.cpp:106) of variable 'data_reg_q_V_load_5', ItoZero.cpp:106 on array 'data_reg_q_V' [93]  (1.43 ns)

 <State 12>: 1.43ns
The critical path consists of the following:
	'store' operation (ItoZero.cpp:106) of variable 'data_reg_q_V_load_7', ItoZero.cpp:106 on array 'data_reg_q_V' [99]  (1.43 ns)

 <State 13>: 1.43ns
The critical path consists of the following:
	'store' operation (ItoZero.cpp:106) of variable 'data_reg_q_V_load_9', ItoZero.cpp:106 on array 'data_reg_q_V' [105]  (1.43 ns)

 <State 14>: 1.43ns
The critical path consists of the following:
	'store' operation (ItoZero.cpp:106) of variable 'data_reg_q_V_load_11', ItoZero.cpp:106 on array 'data_reg_q_V' [111]  (1.43 ns)

 <State 15>: 1.43ns
The critical path consists of the following:
	'store' operation (ItoZero.cpp:106) of variable 'data_reg_q_V_load_13', ItoZero.cpp:106 on array 'data_reg_q_V' [117]  (1.43 ns)

 <State 16>: 1.43ns
The critical path consists of the following:
	'store' operation (ItoZero.cpp:106) of variable 'data_reg_q_V_load_15', ItoZero.cpp:106 on array 'data_reg_q_V' [123]  (1.43 ns)


============================================================
+ Verbose Summary: Binding
============================================================
N/A
* FSMD analyzer results:
  - Output states:
 - Input state : 
  - Chain level:
	State 1
	State 2
	State 3
	State 4
	State 5
	State 6
	State 7
	State 8
	State 9
	State 10
	State 11
	State 12
	State 13
	State 14
	State 15
	State 16


============================================================
+ Verbose Summary: Datapath Resource usage 
============================================================
N/A
