

================================================================
== Vivado HLS Report for 'convol'
================================================================
* Date:           Sat Apr  6 15:21:58 2019

* Version:        2017.2 (Build 1909853 on Thu Jun 15 18:55:24 MDT 2017)
* Project:        matchedRee
* Solution:       solution1
* Product family: kintex7
* Target device:  xc7k160tfbg484-1


================================================================
== Performance Estimates
================================================================
+ Timing (ns): 
    * Summary: 
    +--------+-------+----------+------------+
    |  Clock | Target| Estimated| Uncertainty|
    +--------+-------+----------+------------+
    |ap_clk  |   5.00|      4.35|        0.63|
    +--------+-------+----------+------------+

+ Latency (clock cycles): 
    * Summary: 
    +-----+-----+-----+-----+---------+
    |  Latency  |  Interval | Pipeline|
    | min | max | min | max |   Type  |
    +-----+-----+-----+-----+---------+
    |  121|  121|  121|  121|   none  |
    +-----+-----+-----+-----+---------+

    + Detail: 
        * Instance: 
        N/A

        * Loop: 
        N/A



================================================================
== Utilization Estimates
================================================================
* Summary: 
+-----------------+---------+-------+--------+--------+
|       Name      | BRAM_18K| DSP48E|   FF   |   LUT  |
+-----------------+---------+-------+--------+--------+
|DSP              |        -|    194|       -|       -|
|Expression       |        -|      -|    7524|    3608|
|FIFO             |        -|      -|       -|       -|
|Instance         |        -|      -|       -|       -|
|Memory           |        -|      -|       -|       -|
|Multiplexer      |        -|      -|       -|     647|
|Register         |        -|      -|    6088|       -|
+-----------------+---------+-------+--------+--------+
|Total            |        0|    194|   13612|    4255|
+-----------------+---------+-------+--------+--------+
|Available        |      650|    600|  202800|  101400|
+-----------------+---------+-------+--------+--------+
|Utilization (%)  |        0|     32|       6|       4|
+-----------------+---------+-------+--------+--------+

+ Detail: 
    * Instance: 
    N/A

    * DSP48: 
    +---------------------------+----------------------+--------------+
    |          Instance         |        Module        |  Expression  |
    +---------------------------+----------------------+--------------+
    |matchTop_mac_mulacud_U260  |matchTop_mac_mulacud  | i0 * i1 + i2 |
    |matchTop_mac_mulacud_U261  |matchTop_mac_mulacud  | i0 * i1 + i2 |
    |matchTop_mac_muladEe_U262  |matchTop_mac_muladEe  | i0 * i1 + i2 |
    |matchTop_mac_muladEe_U263  |matchTop_mac_muladEe  | i0 * i1 + i2 |
    |matchTop_mac_mulaeOg_U264  |matchTop_mac_mulaeOg  | i0 * i1 + i2 |
    |matchTop_mac_mulaeOg_U265  |matchTop_mac_mulaeOg  | i0 * i1 + i2 |
    |matchTop_mac_mulaeOg_U276  |matchTop_mac_mulaeOg  | i0 * i1 + i2 |
    |matchTop_mac_mulaeOg_U277  |matchTop_mac_mulaeOg  | i0 * i1 + i2 |
    |matchTop_mac_mulaeOg_U286  |matchTop_mac_mulaeOg  | i0 * i1 + i2 |
    |matchTop_mac_mulaeOg_U287  |matchTop_mac_mulaeOg  | i0 * i1 + i2 |
    |matchTop_mac_mulaeOg_U424  |matchTop_mac_mulaeOg  | i0 * i1 + i2 |
    |matchTop_mac_mulaeOg_U425  |matchTop_mac_mulaeOg  | i0 * i1 + i2 |
    |matchTop_mac_mulaeOg_U434  |matchTop_mac_mulaeOg  | i0 * i1 + i2 |
    |matchTop_mac_mulaeOg_U435  |matchTop_mac_mulaeOg  | i0 * i1 + i2 |
    |matchTop_mac_mulaeOg_U446  |matchTop_mac_mulaeOg  | i0 * i1 + i2 |
    |matchTop_mac_mulaeOg_U447  |matchTop_mac_mulaeOg  | i0 * i1 + i2 |
    |matchTop_mac_mulafYi_U266  |matchTop_mac_mulafYi  | i0 * i1 + i2 |
    |matchTop_mac_mulafYi_U267  |matchTop_mac_mulafYi  | i0 * i1 + i2 |
    |matchTop_mac_mulafYi_U268  |matchTop_mac_mulafYi  | i0 * i1 + i2 |
    |matchTop_mac_mulafYi_U269  |matchTop_mac_mulafYi  | i0 * i1 + i2 |
    |matchTop_mac_mulafYi_U270  |matchTop_mac_mulafYi  | i0 * i1 + i2 |
    |matchTop_mac_mulafYi_U271  |matchTop_mac_mulafYi  | i0 * i1 + i2 |
    |matchTop_mac_mulafYi_U272  |matchTop_mac_mulafYi  | i0 * i1 + i2 |
    |matchTop_mac_mulafYi_U273  |matchTop_mac_mulafYi  | i0 * i1 + i2 |
    |matchTop_mac_mulafYi_U438  |matchTop_mac_mulafYi  | i0 * i1 + i2 |
    |matchTop_mac_mulafYi_U439  |matchTop_mac_mulafYi  | i0 * i1 + i2 |
    |matchTop_mac_mulafYi_U440  |matchTop_mac_mulafYi  | i0 * i1 + i2 |
    |matchTop_mac_mulafYi_U441  |matchTop_mac_mulafYi  | i0 * i1 + i2 |
    |matchTop_mac_mulafYi_U442  |matchTop_mac_mulafYi  | i0 * i1 + i2 |
    |matchTop_mac_mulafYi_U443  |matchTop_mac_mulafYi  | i0 * i1 + i2 |
    |matchTop_mac_mulafYi_U444  |matchTop_mac_mulafYi  | i0 * i1 + i2 |
    |matchTop_mac_mulafYi_U445  |matchTop_mac_mulafYi  | i0 * i1 + i2 |
    |matchTop_mac_mulag8j_U274  |matchTop_mac_mulag8j  | i0 * i1 + i2 |
    |matchTop_mac_mulag8j_U275  |matchTop_mac_mulag8j  | i0 * i1 + i2 |
    |matchTop_mac_mulag8j_U288  |matchTop_mac_mulag8j  | i0 * i1 + i2 |
    |matchTop_mac_mulag8j_U289  |matchTop_mac_mulag8j  | i0 * i1 + i2 |
    |matchTop_mac_mulag8j_U422  |matchTop_mac_mulag8j  | i0 * i1 + i2 |
    |matchTop_mac_mulag8j_U423  |matchTop_mac_mulag8j  | i0 * i1 + i2 |
    |matchTop_mac_mulag8j_U436  |matchTop_mac_mulag8j  | i0 * i1 + i2 |
    |matchTop_mac_mulag8j_U437  |matchTop_mac_mulag8j  | i0 * i1 + i2 |
    |matchTop_mac_mulahbi_U278  |matchTop_mac_mulahbi  | i0 * i1 + i2 |
    |matchTop_mac_mulahbi_U279  |matchTop_mac_mulahbi  | i0 * i1 + i2 |
    |matchTop_mac_mulahbi_U284  |matchTop_mac_mulahbi  | i0 * i1 + i2 |
    |matchTop_mac_mulahbi_U285  |matchTop_mac_mulahbi  | i0 * i1 + i2 |
    |matchTop_mac_mulahbi_U312  |matchTop_mac_mulahbi  | i0 * i1 + i2 |
    |matchTop_mac_mulahbi_U313  |matchTop_mac_mulahbi  | i0 * i1 + i2 |
    |matchTop_mac_mulahbi_U398  |matchTop_mac_mulahbi  | i0 * i1 + i2 |
    |matchTop_mac_mulahbi_U399  |matchTop_mac_mulahbi  | i0 * i1 + i2 |
    |matchTop_mac_mulahbi_U426  |matchTop_mac_mulahbi  | i0 * i1 + i2 |
    |matchTop_mac_mulahbi_U427  |matchTop_mac_mulahbi  | i0 * i1 + i2 |
    |matchTop_mac_mulahbi_U432  |matchTop_mac_mulahbi  | i0 * i1 + i2 |
    |matchTop_mac_mulahbi_U433  |matchTop_mac_mulahbi  | i0 * i1 + i2 |
    |matchTop_mac_mulahbi_U448  |matchTop_mac_mulahbi  | i0 * i1 + i2 |
    |matchTop_mac_mulahbi_U449  |matchTop_mac_mulahbi  | i0 * i1 + i2 |
    |matchTop_mac_mulahbi_U450  |matchTop_mac_mulahbi  | i0 * i1 + i2 |
    |matchTop_mac_mulahbi_U451  |matchTop_mac_mulahbi  | i0 * i1 + i2 |
    |matchTop_mac_mulaibs_U280  |matchTop_mac_mulaibs  | i0 * i1 + i2 |
    |matchTop_mac_mulaibs_U281  |matchTop_mac_mulaibs  | i0 * i1 + i2 |
    |matchTop_mac_mulaibs_U282  |matchTop_mac_mulaibs  | i0 * i1 + i2 |
    |matchTop_mac_mulaibs_U283  |matchTop_mac_mulaibs  | i0 * i1 + i2 |
    |matchTop_mac_mulaibs_U428  |matchTop_mac_mulaibs  | i0 * i1 + i2 |
    |matchTop_mac_mulaibs_U429  |matchTop_mac_mulaibs  | i0 * i1 + i2 |
    |matchTop_mac_mulaibs_U430  |matchTop_mac_mulaibs  | i0 * i1 + i2 |
    |matchTop_mac_mulaibs_U431  |matchTop_mac_mulaibs  | i0 * i1 + i2 |
    |matchTop_mac_mulajbC_U290  |matchTop_mac_mulajbC  | i0 * i1 + i2 |
    |matchTop_mac_mulajbC_U291  |matchTop_mac_mulajbC  | i0 * i1 + i2 |
    |matchTop_mac_mulajbC_U300  |matchTop_mac_mulajbC  | i0 * i1 + i2 |
    |matchTop_mac_mulajbC_U301  |matchTop_mac_mulajbC  | i0 * i1 + i2 |
    |matchTop_mac_mulajbC_U410  |matchTop_mac_mulajbC  | i0 * i1 + i2 |
    |matchTop_mac_mulajbC_U411  |matchTop_mac_mulajbC  | i0 * i1 + i2 |
    |matchTop_mac_mulajbC_U420  |matchTop_mac_mulajbC  | i0 * i1 + i2 |
    |matchTop_mac_mulajbC_U421  |matchTop_mac_mulajbC  | i0 * i1 + i2 |
    |matchTop_mac_mulakbM_U292  |matchTop_mac_mulakbM  | i0 * i1 + i2 |
    |matchTop_mac_mulakbM_U293  |matchTop_mac_mulakbM  | i0 * i1 + i2 |
    |matchTop_mac_mulakbM_U294  |matchTop_mac_mulakbM  | i0 * i1 + i2 |
    |matchTop_mac_mulakbM_U295  |matchTop_mac_mulakbM  | i0 * i1 + i2 |
    |matchTop_mac_mulakbM_U296  |matchTop_mac_mulakbM  | i0 * i1 + i2 |
    |matchTop_mac_mulakbM_U297  |matchTop_mac_mulakbM  | i0 * i1 + i2 |
    |matchTop_mac_mulakbM_U298  |matchTop_mac_mulakbM  | i0 * i1 + i2 |
    |matchTop_mac_mulakbM_U299  |matchTop_mac_mulakbM  | i0 * i1 + i2 |
    |matchTop_mac_mulakbM_U314  |matchTop_mac_mulakbM  | i0 * i1 + i2 |
    |matchTop_mac_mulakbM_U315  |matchTop_mac_mulakbM  | i0 * i1 + i2 |
    |matchTop_mac_mulakbM_U396  |matchTop_mac_mulakbM  | i0 * i1 + i2 |
    |matchTop_mac_mulakbM_U397  |matchTop_mac_mulakbM  | i0 * i1 + i2 |
    |matchTop_mac_mulakbM_U412  |matchTop_mac_mulakbM  | i0 * i1 + i2 |
    |matchTop_mac_mulakbM_U413  |matchTop_mac_mulakbM  | i0 * i1 + i2 |
    |matchTop_mac_mulakbM_U414  |matchTop_mac_mulakbM  | i0 * i1 + i2 |
    |matchTop_mac_mulakbM_U415  |matchTop_mac_mulakbM  | i0 * i1 + i2 |
    |matchTop_mac_mulakbM_U416  |matchTop_mac_mulakbM  | i0 * i1 + i2 |
    |matchTop_mac_mulakbM_U417  |matchTop_mac_mulakbM  | i0 * i1 + i2 |
    |matchTop_mac_mulakbM_U418  |matchTop_mac_mulakbM  | i0 * i1 + i2 |
    |matchTop_mac_mulakbM_U419  |matchTop_mac_mulakbM  | i0 * i1 + i2 |
    |matchTop_mac_mulalbW_U302  |matchTop_mac_mulalbW  | i0 * i1 + i2 |
    |matchTop_mac_mulalbW_U303  |matchTop_mac_mulalbW  | i0 * i1 + i2 |
    |matchTop_mac_mulalbW_U304  |matchTop_mac_mulalbW  | i0 * i1 + i2 |
    |matchTop_mac_mulalbW_U305  |matchTop_mac_mulalbW  | i0 * i1 + i2 |
    |matchTop_mac_mulalbW_U306  |matchTop_mac_mulalbW  | i0 * i1 + i2 |
    |matchTop_mac_mulalbW_U307  |matchTop_mac_mulalbW  | i0 * i1 + i2 |
    |matchTop_mac_mulalbW_U308  |matchTop_mac_mulalbW  | i0 * i1 + i2 |
    |matchTop_mac_mulalbW_U309  |matchTop_mac_mulalbW  | i0 * i1 + i2 |
    |matchTop_mac_mulalbW_U310  |matchTop_mac_mulalbW  | i0 * i1 + i2 |
    |matchTop_mac_mulalbW_U311  |matchTop_mac_mulalbW  | i0 * i1 + i2 |
    |matchTop_mac_mulalbW_U400  |matchTop_mac_mulalbW  | i0 * i1 + i2 |
    |matchTop_mac_mulalbW_U401  |matchTop_mac_mulalbW  | i0 * i1 + i2 |
    |matchTop_mac_mulalbW_U402  |matchTop_mac_mulalbW  | i0 * i1 + i2 |
    |matchTop_mac_mulalbW_U403  |matchTop_mac_mulalbW  | i0 * i1 + i2 |
    |matchTop_mac_mulalbW_U404  |matchTop_mac_mulalbW  | i0 * i1 + i2 |
    |matchTop_mac_mulalbW_U405  |matchTop_mac_mulalbW  | i0 * i1 + i2 |
    |matchTop_mac_mulalbW_U406  |matchTop_mac_mulalbW  | i0 * i1 + i2 |
    |matchTop_mac_mulalbW_U407  |matchTop_mac_mulalbW  | i0 * i1 + i2 |
    |matchTop_mac_mulalbW_U408  |matchTop_mac_mulalbW  | i0 * i1 + i2 |
    |matchTop_mac_mulalbW_U409  |matchTop_mac_mulalbW  | i0 * i1 + i2 |
    |matchTop_mac_mulamb6_U316  |matchTop_mac_mulamb6  | i0 * i1 + i2 |
    |matchTop_mac_mulamb6_U317  |matchTop_mac_mulamb6  | i0 * i1 + i2 |
    |matchTop_mac_mulamb6_U330  |matchTop_mac_mulamb6  | i0 * i1 + i2 |
    |matchTop_mac_mulamb6_U331  |matchTop_mac_mulamb6  | i0 * i1 + i2 |
    |matchTop_mac_mulamb6_U380  |matchTop_mac_mulamb6  | i0 * i1 + i2 |
    |matchTop_mac_mulamb6_U381  |matchTop_mac_mulamb6  | i0 * i1 + i2 |
    |matchTop_mac_mulamb6_U394  |matchTop_mac_mulamb6  | i0 * i1 + i2 |
    |matchTop_mac_mulamb6_U395  |matchTop_mac_mulamb6  | i0 * i1 + i2 |
    |matchTop_mac_mulancg_U318  |matchTop_mac_mulancg  | i0 * i1 + i2 |
    |matchTop_mac_mulancg_U319  |matchTop_mac_mulancg  | i0 * i1 + i2 |
    |matchTop_mac_mulancg_U320  |matchTop_mac_mulancg  | i0 * i1 + i2 |
    |matchTop_mac_mulancg_U321  |matchTop_mac_mulancg  | i0 * i1 + i2 |
    |matchTop_mac_mulancg_U322  |matchTop_mac_mulancg  | i0 * i1 + i2 |
    |matchTop_mac_mulancg_U323  |matchTop_mac_mulancg  | i0 * i1 + i2 |
    |matchTop_mac_mulancg_U324  |matchTop_mac_mulancg  | i0 * i1 + i2 |
    |matchTop_mac_mulancg_U325  |matchTop_mac_mulancg  | i0 * i1 + i2 |
    |matchTop_mac_mulancg_U326  |matchTop_mac_mulancg  | i0 * i1 + i2 |
    |matchTop_mac_mulancg_U327  |matchTop_mac_mulancg  | i0 * i1 + i2 |
    |matchTop_mac_mulancg_U328  |matchTop_mac_mulancg  | i0 * i1 + i2 |
    |matchTop_mac_mulancg_U329  |matchTop_mac_mulancg  | i0 * i1 + i2 |
    |matchTop_mac_mulancg_U382  |matchTop_mac_mulancg  | i0 * i1 + i2 |
    |matchTop_mac_mulancg_U383  |matchTop_mac_mulancg  | i0 * i1 + i2 |
    |matchTop_mac_mulancg_U384  |matchTop_mac_mulancg  | i0 * i1 + i2 |
    |matchTop_mac_mulancg_U385  |matchTop_mac_mulancg  | i0 * i1 + i2 |
    |matchTop_mac_mulancg_U386  |matchTop_mac_mulancg  | i0 * i1 + i2 |
    |matchTop_mac_mulancg_U387  |matchTop_mac_mulancg  | i0 * i1 + i2 |
    |matchTop_mac_mulancg_U388  |matchTop_mac_mulancg  | i0 * i1 + i2 |
    |matchTop_mac_mulancg_U389  |matchTop_mac_mulancg  | i0 * i1 + i2 |
    |matchTop_mac_mulancg_U390  |matchTop_mac_mulancg  | i0 * i1 + i2 |
    |matchTop_mac_mulancg_U391  |matchTop_mac_mulancg  | i0 * i1 + i2 |
    |matchTop_mac_mulancg_U392  |matchTop_mac_mulancg  | i0 * i1 + i2 |
    |matchTop_mac_mulancg_U393  |matchTop_mac_mulancg  | i0 * i1 + i2 |
    |matchTop_mac_mulaocq_U332  |matchTop_mac_mulaocq  | i0 * i1 + i2 |
    |matchTop_mac_mulaocq_U333  |matchTop_mac_mulaocq  | i0 * i1 + i2 |
    |matchTop_mac_mulaocq_U378  |matchTop_mac_mulaocq  | i0 * i1 + i2 |
    |matchTop_mac_mulaocq_U379  |matchTop_mac_mulaocq  | i0 * i1 + i2 |
    |matchTop_mac_mulapcA_U334  |matchTop_mac_mulapcA  | i0 * i1 + i2 |
    |matchTop_mac_mulapcA_U335  |matchTop_mac_mulapcA  | i0 * i1 + i2 |
    |matchTop_mac_mulapcA_U336  |matchTop_mac_mulapcA  | i0 * i1 + i2 |
    |matchTop_mac_mulapcA_U337  |matchTop_mac_mulapcA  | i0 * i1 + i2 |
    |matchTop_mac_mulapcA_U374  |matchTop_mac_mulapcA  | i0 * i1 + i2 |
    |matchTop_mac_mulapcA_U375  |matchTop_mac_mulapcA  | i0 * i1 + i2 |
    |matchTop_mac_mulapcA_U376  |matchTop_mac_mulapcA  | i0 * i1 + i2 |
    |matchTop_mac_mulapcA_U377  |matchTop_mac_mulapcA  | i0 * i1 + i2 |
    |matchTop_mac_mulaqcK_U338  |matchTop_mac_mulaqcK  | i0 * i1 + i2 |
    |matchTop_mac_mulaqcK_U339  |matchTop_mac_mulaqcK  | i0 * i1 + i2 |
    |matchTop_mac_mulaqcK_U340  |matchTop_mac_mulaqcK  | i0 * i1 + i2 |
    |matchTop_mac_mulaqcK_U341  |matchTop_mac_mulaqcK  | i0 * i1 + i2 |
    |matchTop_mac_mulaqcK_U370  |matchTop_mac_mulaqcK  | i0 * i1 + i2 |
    |matchTop_mac_mulaqcK_U371  |matchTop_mac_mulaqcK  | i0 * i1 + i2 |
    |matchTop_mac_mulaqcK_U372  |matchTop_mac_mulaqcK  | i0 * i1 + i2 |
    |matchTop_mac_mulaqcK_U373  |matchTop_mac_mulaqcK  | i0 * i1 + i2 |
    |matchTop_mac_mularcU_U342  |matchTop_mac_mularcU  | i0 * i1 + i2 |
    |matchTop_mac_mularcU_U343  |matchTop_mac_mularcU  | i0 * i1 + i2 |
    |matchTop_mac_mularcU_U344  |matchTop_mac_mularcU  | i0 * i1 + i2 |
    |matchTop_mac_mularcU_U345  |matchTop_mac_mularcU  | i0 * i1 + i2 |
    |matchTop_mac_mularcU_U346  |matchTop_mac_mularcU  | i0 * i1 + i2 |
    |matchTop_mac_mularcU_U347  |matchTop_mac_mularcU  | i0 * i1 + i2 |
    |matchTop_mac_mularcU_U348  |matchTop_mac_mularcU  | i0 * i1 + i2 |
    |matchTop_mac_mularcU_U349  |matchTop_mac_mularcU  | i0 * i1 + i2 |
    |matchTop_mac_mularcU_U350  |matchTop_mac_mularcU  | i0 * i1 + i2 |
    |matchTop_mac_mularcU_U351  |matchTop_mac_mularcU  | i0 * i1 + i2 |
    |matchTop_mac_mularcU_U352  |matchTop_mac_mularcU  | i0 * i1 + i2 |
    |matchTop_mac_mularcU_U353  |matchTop_mac_mularcU  | i0 * i1 + i2 |
    |matchTop_mac_mularcU_U354  |matchTop_mac_mularcU  | i0 * i1 + i2 |
    |matchTop_mac_mularcU_U355  |matchTop_mac_mularcU  | i0 * i1 + i2 |
    |matchTop_mac_mularcU_U356  |matchTop_mac_mularcU  | i0 * i1 + i2 |
    |matchTop_mac_mularcU_U357  |matchTop_mac_mularcU  | i0 * i1 + i2 |
    |matchTop_mac_mularcU_U358  |matchTop_mac_mularcU  | i0 * i1 + i2 |
    |matchTop_mac_mularcU_U359  |matchTop_mac_mularcU  | i0 * i1 + i2 |
    |matchTop_mac_mularcU_U360  |matchTop_mac_mularcU  | i0 * i1 + i2 |
    |matchTop_mac_mularcU_U361  |matchTop_mac_mularcU  | i0 * i1 + i2 |
    |matchTop_mac_mularcU_U362  |matchTop_mac_mularcU  | i0 * i1 + i2 |
    |matchTop_mac_mularcU_U363  |matchTop_mac_mularcU  | i0 * i1 + i2 |
    |matchTop_mac_mularcU_U364  |matchTop_mac_mularcU  | i0 * i1 + i2 |
    |matchTop_mac_mularcU_U365  |matchTop_mac_mularcU  | i0 * i1 + i2 |
    |matchTop_mac_mularcU_U366  |matchTop_mac_mularcU  | i0 * i1 + i2 |
    |matchTop_mac_mularcU_U367  |matchTop_mac_mularcU  | i0 * i1 + i2 |
    |matchTop_mac_mularcU_U368  |matchTop_mac_mularcU  | i0 * i1 + i2 |
    |matchTop_mac_mularcU_U369  |matchTop_mac_mularcU  | i0 * i1 + i2 |
    |matchTop_mul_mul_bkb_U258  |matchTop_mul_mul_bkb  |    i0 * i1   |
    |matchTop_mul_mul_bkb_U259  |matchTop_mul_mul_bkb  |    i0 * i1   |
    +---------------------------+----------------------+--------------+

    * Memory: 
    N/A

    * FIFO: 
    N/A

    * Expression: 
    +-------------------------+----------+-------+----+----+------------+------------+
    |      Variable Name      | Operation| DSP48E| FF | LUT| Bitwidth P0| Bitwidth P1|
    +-------------------------+----------+-------+----+----+------------+------------+
    |p_Val2_5_108_fu_7194_p2  |     +    |      0|  74|  28|          23|          23|
    |p_Val2_5_109_fu_7328_p2  |     +    |      0|  74|  28|          23|          23|
    |p_Val2_5_123_fu_8396_p2  |     +    |      0|  65|  25|          20|          20|
    |p_Val2_5_17_fu_1936_p2   |     +    |      0|  74|  28|          23|          23|
    |p_Val2_5_18_fu_2070_p2   |     +    |      0|  74|  28|          23|          23|
    |p_Val2_5_4_fu_886_p2     |     +    |      0|  65|  25|          20|          20|
    |p_Val2_6_103_fu_6931_p2  |     +    |      0|  92|  34|          29|          29|
    |p_Val2_6_108_fu_7278_p2  |     +    |      0|  92|  34|          29|          29|
    |p_Val2_6_109_fu_7356_p2  |     +    |      0|  92|  34|          29|          29|
    |p_Val2_6_113_fu_7611_p2  |     +    |      0|  92|  34|          29|          29|
    |p_Val2_6_117_fu_7884_p2  |     +    |      0|  92|  34|          29|          29|
    |p_Val2_6_118_fu_7960_p2  |     +    |      0|  92|  34|          29|          29|
    |p_Val2_6_121_fu_8171_p2  |     +    |      0|  92|  34|          29|          29|
    |p_Val2_6_122_fu_8354_p2  |     +    |      0|  92|  34|          29|          29|
    |p_Val2_6_123_fu_8424_p2  |     +    |      0|  92|  34|          29|          29|
    |p_Val2_6_13_fu_1743_p2   |     +    |      0|  92|  34|          29|          29|
    |p_Val2_6_17_fu_2020_p2   |     +    |      0|  92|  34|          29|          29|
    |p_Val2_6_18_fu_2098_p2   |     +    |      0|  92|  34|          29|          29|
    |p_Val2_6_23_fu_2423_p2   |     +    |      0|  92|  34|          29|          29|
    |p_Val2_6_29_fu_2791_p2   |     +    |      0|  92|  34|          29|          29|
    |p_Val2_6_31_fu_2943_p2   |     +    |      0|  92|  34|          29|          29|
    |p_Val2_6_32_fu_3051_p2   |     +    |      0|   0|  20|          29|          29|
    |p_Val2_6_33_fu_3124_p2   |     +    |      0|   0|  20|          29|          29|
    |p_Val2_6_40_fu_3493_p2   |     +    |      0|  92|  34|          29|          29|
    |p_Val2_6_4_fu_903_p2     |     +    |      0|  92|  34|          29|          29|
    |p_Val2_6_50_fu_4035_p2   |     +    |      0|  92|  34|          29|          29|
    |p_Val2_6_5_fu_1078_p2    |     +    |      0|  92|  34|          29|          29|
    |p_Val2_6_63_fu_4695_p2   |     +    |      0|  92|  34|          29|          29|
    |p_Val2_6_6_fu_1156_p2    |     +    |      0|  92|  34|          29|          29|
    |p_Val2_6_76_fu_5321_p2   |     +    |      0|  92|  34|          29|          29|
    |p_Val2_6_86_fu_5863_p2   |     +    |      0|  92|  34|          29|          29|
    |p_Val2_6_93_fu_6257_p2   |     +    |      0|  92|  34|          29|          29|
    |p_Val2_6_94_fu_6346_p2   |     +    |      0|   0|  20|          29|          29|
    |p_Val2_6_95_fu_6402_p2   |     +    |      0|   0|  20|          29|          29|
    |p_Val2_6_97_fu_6563_p2   |     +    |      0|  92|  34|          29|          29|
    |p_Val2_6_9_fu_1414_p2    |     +    |      0|  92|  34|          29|          29|
    |p_Val2_6_s_fu_1490_p2    |     +    |      0|  92|  34|          29|          29|
    |p_Val2_8_108_fu_7237_p2  |     +    |      0|  74|  28|          23|          23|
    |p_Val2_8_109_fu_7390_p2  |     +    |      0|  74|  28|          23|          23|
    |p_Val2_8_123_fu_8450_p2  |     +    |      0|  65|  25|          20|          20|
    |p_Val2_8_17_fu_1979_p2   |     +    |      0|  74|  28|          23|          23|
    |p_Val2_8_18_fu_2132_p2   |     +    |      0|  74|  28|          23|          23|
    |p_Val2_8_4_fu_929_p2     |     +    |      0|  65|  25|          20|          20|
    |p_Val2_9_103_fu_6982_p2  |     +    |      0|  92|  34|          29|          29|
    |p_Val2_9_108_fu_7294_p2  |     +    |      0|  92|  34|          29|          29|
    |p_Val2_9_109_fu_7418_p2  |     +    |      0|  92|  34|          29|          29|
    |p_Val2_9_113_fu_7640_p2  |     +    |      0|  92|  34|          29|          29|
    |p_Val2_9_117_fu_7900_p2  |     +    |      0|  92|  34|          29|          29|
    |p_Val2_9_118_fu_8020_p2  |     +    |      0|  92|  34|          29|          29|
    |p_Val2_9_121_fu_8222_p2  |     +    |      0|  92|  34|          29|          29|
    |p_Val2_9_122_fu_8370_p2  |     +    |      0|  92|  34|          29|          29|
    |p_Val2_9_123_fu_8478_p2  |     +    |      0|  92|  34|          29|          29|
    |p_Val2_9_13_fu_1772_p2   |     +    |      0|  92|  34|          29|          29|
    |p_Val2_9_17_fu_2036_p2   |     +    |      0|  92|  34|          29|          29|
    |p_Val2_9_18_fu_2160_p2   |     +    |      0|  92|  34|          29|          29|
    |p_Val2_9_23_fu_2474_p2   |     +    |      0|  92|  34|          29|          29|
    |p_Val2_9_29_fu_2848_p2   |     +    |      0|  92|  34|          29|          29|
    |p_Val2_9_31_fu_2986_p2   |     +    |      0|  92|  34|          29|          29|
    |p_Val2_9_32_fu_3080_p2   |     +    |      0|   0|  20|          29|          29|
    |p_Val2_9_33_fu_3168_p2   |     +    |      0|   0|  20|          29|          29|
    |p_Val2_9_40_fu_3544_p2   |     +    |      0|  92|  34|          29|          29|
    |p_Val2_9_4_fu_946_p2     |     +    |      0|  92|  34|          29|          29|
    |p_Val2_9_50_fu_4074_p2   |     +    |      0|  92|  34|          29|          29|
    |p_Val2_9_5_fu_1094_p2    |     +    |      0|  92|  34|          29|          29|
    |p_Val2_9_63_fu_4720_p2   |     +    |      0|  92|  34|          29|          29|
    |p_Val2_9_6_fu_1218_p2    |     +    |      0|  92|  34|          29|          29|
    |p_Val2_9_76_fu_5360_p2   |     +    |      0|  92|  34|          29|          29|
    |p_Val2_9_86_fu_5914_p2   |     +    |      0|  92|  34|          29|          29|
    |p_Val2_9_93_fu_6308_p2   |     +    |      0|  92|  34|          29|          29|
    |p_Val2_9_94_fu_6367_p2   |     +    |      0|   0|  20|          29|          29|
    |p_Val2_9_95_fu_6438_p2   |     +    |      0|   0|  20|          29|          29|
    |p_Val2_9_97_fu_6620_p2   |     +    |      0|  92|  34|          29|          29|
    |p_Val2_9_9_fu_1430_p2    |     +    |      0|  92|  34|          29|          29|
    |p_Val2_9_s_fu_1550_p2    |     +    |      0|  92|  34|          29|          29|
    |p_Val2_5_103_fu_6914_p2  |     -    |      0|  74|  28|          23|          23|
    |p_Val2_5_117_fu_7802_p2  |     -    |      0|   0|  20|          23|          23|
    |p_Val2_5_118_fu_7932_p2  |     -    |      0|   0|  20|          23|          23|
    |p_Val2_5_121_fu_8154_p2  |     -    |      0|  71|  27|          22|          22|
    |p_Val2_5_122_fu_8262_p2  |     -    |      0|   0|  20|          20|          20|
    |p_Val2_5_23_fu_2406_p2   |     -    |      0|  74|  28|          23|          23|
    |p_Val2_5_29_fu_2774_p2   |     -    |      0|   0|  20|          24|          24|
    |p_Val2_5_31_fu_2926_p2   |     -    |      0|  71|  27|          22|          22|
    |p_Val2_5_33_fu_3114_p2   |     -    |      0|  77|  29|          24|          24|
    |p_Val2_5_40_fu_3476_p2   |     -    |      0|  74|  28|          23|          23|
    |p_Val2_5_50_fu_4018_p2   |     -    |      0|  59|  23|           1|          18|
    |p_Val2_5_5_fu_986_p2     |     -    |      0|   0|  20|          20|          20|
    |p_Val2_5_6_fu_1128_p2    |     -    |      0|  71|  27|          22|          22|
    |p_Val2_5_76_fu_5304_p2   |     -    |      0|  59|  23|           1|          18|
    |p_Val2_5_86_fu_5846_p2   |     -    |      0|  74|  28|          23|          23|
    |p_Val2_5_93_fu_6240_p2   |     -    |      0|  77|  29|          24|          24|
    |p_Val2_5_95_fu_6392_p2   |     -    |      0|  71|  27|          22|          22|
    |p_Val2_5_97_fu_6546_p2   |     -    |      0|   0|  20|          24|          24|
    |p_Val2_5_9_fu_1332_p2    |     -    |      0|   0|  20|          23|          23|
    |p_Val2_5_s_fu_1462_p2    |     -    |      0|   0|  20|          23|          23|
    |p_Val2_8_103_fu_6965_p2  |     -    |      0|  74|  28|          23|          23|
    |p_Val2_8_117_fu_7843_p2  |     -    |      0|   0|  20|          23|          23|
    |p_Val2_8_118_fu_7992_p2  |     -    |      0|   0|  20|          23|          23|
    |p_Val2_8_121_fu_8205_p2  |     -    |      0|  71|  27|          22|          22|
    |p_Val2_8_122_fu_8312_p2  |     -    |      0|   0|  20|          20|          20|
    |p_Val2_8_23_fu_2457_p2   |     -    |      0|  74|  28|          23|          23|
    |p_Val2_8_29_fu_2831_p2   |     -    |      0|   0|  20|          24|          24|
    |p_Val2_8_31_fu_2969_p2   |     -    |      0|  71|  27|          22|          22|
    |p_Val2_8_33_fu_3158_p2   |     -    |      0|  77|  29|          24|          24|
    |p_Val2_8_40_fu_3527_p2   |     -    |      0|  74|  28|          23|          23|
    |p_Val2_8_50_fu_4057_p2   |     -    |      0|  59|  23|           1|          18|
    |p_Val2_8_5_fu_1036_p2    |     -    |      0|   0|  20|          20|          20|
    |p_Val2_8_6_fu_1190_p2    |     -    |      0|  71|  27|          22|          22|
    |p_Val2_8_76_fu_5343_p2   |     -    |      0|  59|  23|           1|          18|
    |p_Val2_8_86_fu_5897_p2   |     -    |      0|  74|  28|          23|          23|
    |p_Val2_8_93_fu_6291_p2   |     -    |      0|  77|  29|          24|          24|
    |p_Val2_8_95_fu_6428_p2   |     -    |      0|  71|  27|          22|          22|
    |p_Val2_8_97_fu_6603_p2   |     -    |      0|   0|  20|          24|          24|
    |p_Val2_8_9_fu_1373_p2    |     -    |      0|   0|  20|          23|          23|
    |p_Val2_8_s_fu_1522_p2    |     -    |      0|   0|  20|          23|          23|
    |p_neg10_fu_6585_p2       |     -    |      0|   0|  20|           1|          24|
    |p_neg11_fu_7796_p2       |     -    |      0|   0|  20|           1|          23|
    |p_neg12_fu_7837_p2       |     -    |      0|   0|  20|           1|          23|
    |p_neg13_fu_7926_p2       |     -    |      0|   0|  20|           1|          23|
    |p_neg14_fu_7986_p2       |     -    |      0|   0|  20|           1|          23|
    |p_neg15_fu_8244_p2       |     -    |      0|   0|  20|           1|          20|
    |p_neg1_fu_968_p2         |     -    |      0|   0|  20|           1|          20|
    |p_neg2_fu_1018_p2        |     -    |      0|   0|  20|           1|          20|
    |p_neg3_fu_1326_p2        |     -    |      0|   0|  20|           1|          23|
    |p_neg4_fu_1367_p2        |     -    |      0|   0|  20|           1|          23|
    |p_neg5_fu_1456_p2        |     -    |      0|   0|  20|           1|          23|
    |p_neg6_fu_1516_p2        |     -    |      0|   0|  20|           1|          23|
    |p_neg7_fu_2756_p2        |     -    |      0|   0|  20|           1|          24|
    |p_neg8_fu_2813_p2        |     -    |      0|   0|  20|           1|          24|
    |p_neg9_fu_6528_p2        |     -    |      0|   0|  20|           1|          24|
    |p_neg_fu_8294_p2         |     -    |      0|   0|  20|           1|          20|
    +-------------------------+----------+-------+----+----+------------+------------+
    |Total                    |          |      0|7524|3608|        2898|        3310|
    +-------------------------+----------+-------+----+----+------------+------------+

    * Multiplexer: 
    +-----------+-----+-----------+-----+-----------+
    |    Name   | LUT | Input Size| Bits| Total Bits|
    +-----------+-----+-----------+-----+-----------+
    |ap_NS_fsm  |  638|        123|    1|        123|
    |ap_return  |    9|          2|   32|         64|
    +-----------+-----+-----------+-----+-----------+
    |Total      |  647|        125|   33|        187|
    +-----------+-----+-----------+-----+-----------+

    * Register: 
    +------------------------+-----+----+-----+-----------+
    |          Name          |  FF | LUT| Bits| Const Bits|
    +------------------------+-----+----+-----+-----------+
    |ap_CS_fsm               |  122|   0|  122|          0|
    |ap_return_preg          |   32|   0|   32|          0|
    |p_Val2_5_108_reg_12298  |   19|   0|   23|          4|
    |p_Val2_5_117_reg_12448  |   23|   0|   23|          0|
    |p_Val2_5_122_reg_12518  |   19|   0|   20|          1|
    |p_Val2_5_17_reg_10668   |   19|   0|   23|          4|
    |p_Val2_5_5_reg_10458    |   19|   0|   20|          1|
    |p_Val2_5_9_reg_10518    |   23|   0|   23|          0|
    |p_Val2_6_33_reg_10938   |   24|   0|   29|          5|
    |p_Val2_6_63_reg_11508   |   24|   0|   29|          5|
    |p_Val2_6_93_reg_12068   |   24|   0|   29|          5|
    |p_Val2_8_108_reg_12308  |   19|   0|   23|          4|
    |p_Val2_8_117_reg_12458  |   23|   0|   23|          0|
    |p_Val2_8_122_reg_12528  |   19|   0|   20|          1|
    |p_Val2_8_17_reg_10678   |   19|   0|   23|          4|
    |p_Val2_8_5_reg_10468    |   19|   0|   20|          1|
    |p_Val2_8_9_reg_10528    |   23|   0|   23|          0|
    |p_Val2_9_33_reg_10943   |   24|   0|   29|          5|
    |p_Val2_9_63_reg_11513   |   24|   0|   29|          5|
    |p_Val2_9_93_reg_12073   |   24|   0|   29|          5|
    |tmp_100_reg_11243       |   24|   0|   24|          0|
    |tmp_101_reg_11258       |   24|   0|   24|          0|
    |tmp_102_reg_11263       |   24|   0|   24|          0|
    |tmp_103_reg_11278       |   24|   0|   24|          0|
    |tmp_104_reg_11283       |   24|   0|   24|          0|
    |tmp_105_reg_11298       |   24|   0|   24|          0|
    |tmp_106_reg_11303       |   24|   0|   24|          0|
    |tmp_107_reg_11318       |   24|   0|   24|          0|
    |tmp_108_reg_11323       |   24|   0|   24|          0|
    |tmp_109_reg_11338       |   24|   0|   24|          0|
    |tmp_10_reg_10473        |   24|   0|   24|          0|
    |tmp_110_reg_11343       |   24|   0|   24|          0|
    |tmp_111_reg_11358       |   24|   0|   24|          0|
    |tmp_112_reg_11363       |   24|   0|   24|          0|
    |tmp_113_reg_11378       |   24|   0|   24|          0|
    |tmp_114_reg_11383       |   24|   0|   24|          0|
    |tmp_115_reg_11398       |   24|   0|   24|          0|
    |tmp_116_reg_11403       |   24|   0|   24|          0|
    |tmp_117_reg_11418       |   24|   0|   24|          0|
    |tmp_118_reg_11423       |   24|   0|   24|          0|
    |tmp_119_reg_11438       |   24|   0|   24|          0|
    |tmp_120_reg_11443       |   24|   0|   24|          0|
    |tmp_121_reg_11458       |   24|   0|   24|          0|
    |tmp_122_reg_11463       |   24|   0|   24|          0|
    |tmp_123_reg_11478       |   24|   0|   24|          0|
    |tmp_124_reg_11483       |   24|   0|   24|          0|
    |tmp_125_reg_11488       |   24|   0|   24|          0|
    |tmp_126_reg_11493       |   24|   0|   24|          0|
    |tmp_127_reg_11528       |   24|   0|   24|          0|
    |tmp_128_reg_11533       |   24|   0|   24|          0|
    |tmp_129_reg_11548       |   24|   0|   24|          0|
    |tmp_130_reg_11553       |   24|   0|   24|          0|
    |tmp_131_reg_11568       |   24|   0|   24|          0|
    |tmp_132_reg_11573       |   24|   0|   24|          0|
    |tmp_133_reg_11588       |   24|   0|   24|          0|
    |tmp_134_reg_11593       |   24|   0|   24|          0|
    |tmp_135_reg_11608       |   24|   0|   24|          0|
    |tmp_136_reg_11613       |   24|   0|   24|          0|
    |tmp_137_reg_11628       |   24|   0|   24|          0|
    |tmp_138_reg_11633       |   24|   0|   24|          0|
    |tmp_139_reg_11648       |   24|   0|   24|          0|
    |tmp_13_reg_10488        |   24|   0|   24|          0|
    |tmp_140_reg_11653       |   24|   0|   24|          0|
    |tmp_141_reg_11668       |   24|   0|   24|          0|
    |tmp_142_reg_11673       |   24|   0|   24|          0|
    |tmp_143_reg_11688       |   24|   0|   24|          0|
    |tmp_144_reg_11693       |   24|   0|   24|          0|
    |tmp_145_reg_11708       |   24|   0|   24|          0|
    |tmp_146_reg_11713       |   24|   0|   24|          0|
    |tmp_147_reg_11728       |   24|   0|   24|          0|
    |tmp_148_reg_11733       |   24|   0|   24|          0|
    |tmp_149_reg_11738       |   24|   0|   24|          0|
    |tmp_14_reg_10493        |   24|   0|   24|          0|
    |tmp_150_reg_11743       |   24|   0|   24|          0|
    |tmp_151_reg_11758       |   24|   0|   24|          0|
    |tmp_152_reg_11763       |   24|   0|   24|          0|
    |tmp_153_reg_11778       |   24|   0|   24|          0|
    |tmp_154_reg_11783       |   24|   0|   24|          0|
    |tmp_155_reg_11798       |   24|   0|   24|          0|
    |tmp_156_reg_11803       |   24|   0|   24|          0|
    |tmp_157_reg_11818       |   24|   0|   24|          0|
    |tmp_158_reg_11823       |   24|   0|   24|          0|
    |tmp_159_reg_11838       |   24|   0|   24|          0|
    |tmp_15_reg_10508        |   24|   0|   24|          0|
    |tmp_160_reg_11843       |   24|   0|   24|          0|
    |tmp_161_reg_11858       |   24|   0|   24|          0|
    |tmp_162_reg_11863       |   24|   0|   24|          0|
    |tmp_163_reg_11878       |   24|   0|   24|          0|
    |tmp_164_reg_11883       |   24|   0|   24|          0|
    |tmp_165_reg_11898       |   24|   0|   24|          0|
    |tmp_166_reg_11903       |   24|   0|   24|          0|
    |tmp_167_reg_11918       |   24|   0|   24|          0|
    |tmp_168_reg_11923       |   24|   0|   24|          0|
    |tmp_169_reg_11928       |   24|   0|   24|          0|
    |tmp_16_reg_10513        |   24|   0|   24|          0|
    |tmp_170_reg_11933       |   24|   0|   24|          0|
    |tmp_171_reg_11948       |   24|   0|   24|          0|
    |tmp_172_reg_11953       |   24|   0|   24|          0|
    |tmp_173_reg_11968       |   24|   0|   24|          0|
    |tmp_174_reg_11973       |   24|   0|   24|          0|
    |tmp_175_reg_11988       |   24|   0|   24|          0|
    |tmp_176_reg_11993       |   24|   0|   24|          0|
    |tmp_177_reg_12008       |   24|   0|   24|          0|
    |tmp_178_reg_12013       |   24|   0|   24|          0|
    |tmp_179_reg_12028       |   24|   0|   24|          0|
    |tmp_17_reg_10523        |   24|   0|   24|          0|
    |tmp_180_reg_12033       |   24|   0|   24|          0|
    |tmp_181_reg_12048       |   24|   0|   24|          0|
    |tmp_182_reg_12053       |   24|   0|   24|          0|
    |tmp_183_reg_12058       |   24|   0|   24|          0|
    |tmp_184_reg_12063       |   24|   0|   24|          0|
    |tmp_187_reg_12088       |   24|   0|   24|          0|
    |tmp_188_reg_12093       |   24|   0|   24|          0|
    |tmp_189_reg_12098       |   24|   0|   24|          0|
    |tmp_18_reg_10533        |   24|   0|   24|          0|
    |tmp_190_reg_12103       |   24|   0|   24|          0|
    |tmp_191_reg_12118       |   24|   0|   24|          0|
    |tmp_192_reg_12123       |   24|   0|   24|          0|
    |tmp_193_reg_12138       |   24|   0|   24|          0|
    |tmp_194_reg_12143       |   24|   0|   24|          0|
    |tmp_195_reg_12158       |   24|   0|   24|          0|
    |tmp_196_reg_12163       |   24|   0|   24|          0|
    |tmp_197_reg_12178       |   24|   0|   24|          0|
    |tmp_198_reg_12183       |   24|   0|   24|          0|
    |tmp_199_reg_12198       |   24|   0|   24|          0|
    |tmp_200_reg_12203       |   24|   0|   24|          0|
    |tmp_201_reg_12208       |   24|   0|   24|          0|
    |tmp_202_reg_12213       |   24|   0|   24|          0|
    |tmp_203_reg_12228       |   24|   0|   24|          0|
    |tmp_204_reg_12233       |   24|   0|   24|          0|
    |tmp_205_reg_12248       |   24|   0|   24|          0|
    |tmp_206_reg_12253       |   24|   0|   24|          0|
    |tmp_207_reg_12268       |   24|   0|   24|          0|
    |tmp_208_reg_12273       |   24|   0|   24|          0|
    |tmp_209_reg_12288       |   24|   0|   24|          0|
    |tmp_210_reg_12293       |   24|   0|   24|          0|
    |tmp_211_reg_12303       |   24|   0|   24|          0|
    |tmp_212_reg_12313       |   24|   0|   24|          0|
    |tmp_215_reg_12328       |   24|   0|   24|          0|
    |tmp_216_reg_12333       |   24|   0|   24|          0|
    |tmp_217_reg_12348       |   24|   0|   24|          0|
    |tmp_218_reg_12353       |   24|   0|   24|          0|
    |tmp_219_reg_12368       |   24|   0|   24|          0|
    |tmp_21_reg_10548        |   24|   0|   24|          0|
    |tmp_220_reg_12373       |   24|   0|   24|          0|
    |tmp_221_reg_12378       |   24|   0|   24|          0|
    |tmp_222_reg_12383       |   24|   0|   24|          0|
    |tmp_223_reg_12398       |   24|   0|   24|          0|
    |tmp_224_reg_12403       |   24|   0|   24|          0|
    |tmp_225_reg_12418       |   24|   0|   24|          0|
    |tmp_226_reg_12423       |   24|   0|   24|          0|
    |tmp_227_reg_12438       |   24|   0|   24|          0|
    |tmp_228_reg_12443       |   24|   0|   24|          0|
    |tmp_229_reg_12453       |   24|   0|   24|          0|
    |tmp_22_reg_10553        |   24|   0|   24|          0|
    |tmp_230_reg_12463       |   24|   0|   24|          0|
    |tmp_233_reg_12478       |   24|   0|   24|          0|
    |tmp_234_reg_12483       |   24|   0|   24|          0|
    |tmp_235_reg_12498       |   24|   0|   24|          0|
    |tmp_236_reg_12503       |   24|   0|   24|          0|
    |tmp_237_reg_12508       |   24|   0|   24|          0|
    |tmp_238_reg_12513       |   24|   0|   24|          0|
    |tmp_239_reg_12523       |   24|   0|   24|          0|
    |tmp_23_reg_10568        |   24|   0|   24|          0|
    |tmp_240_reg_12533       |   24|   0|   24|          0|
    |tmp_243_reg_12548       |   24|   0|   24|          0|
    |tmp_244_reg_12553       |   24|   0|   24|          0|
    |tmp_245_reg_12568       |   24|   0|   24|          0|
    |tmp_246_reg_12573       |   24|   0|   24|          0|
    |tmp_247_reg_12588       |   24|   0|   24|          0|
    |tmp_248_reg_12593       |   24|   0|   24|          0|
    |tmp_24_reg_10573        |   24|   0|   24|          0|
    |tmp_250_reg_10423       |   19|   0|   19|          0|
    |tmp_25_reg_10588        |   24|   0|   24|          0|
    |tmp_26_reg_10593        |   24|   0|   24|          0|
    |tmp_27_reg_10598        |   24|   0|   24|          0|
    |tmp_28_reg_10603        |   24|   0|   24|          0|
    |tmp_29_reg_10618        |   24|   0|   24|          0|
    |tmp_2_reg_10403         |   18|   0|   18|          0|
    |tmp_30_reg_10623        |   24|   0|   24|          0|
    |tmp_31_reg_10638        |   24|   0|   24|          0|
    |tmp_32_reg_10643        |   24|   0|   24|          0|
    |tmp_33_reg_10658        |   24|   0|   24|          0|
    |tmp_34_reg_10663        |   24|   0|   24|          0|
    |tmp_35_reg_10673        |   24|   0|   24|          0|
    |tmp_36_reg_10683        |   24|   0|   24|          0|
    |tmp_39_reg_10698        |   24|   0|   24|          0|
    |tmp_40_reg_10703        |   24|   0|   24|          0|
    |tmp_41_reg_10718        |   24|   0|   24|          0|
    |tmp_42_reg_10723        |   24|   0|   24|          0|
    |tmp_43_reg_10738        |   24|   0|   24|          0|
    |tmp_44_reg_10743        |   24|   0|   24|          0|
    |tmp_45_reg_10758        |   24|   0|   24|          0|
    |tmp_46_reg_10763        |   24|   0|   24|          0|
    |tmp_47_reg_10768        |   24|   0|   24|          0|
    |tmp_48_reg_10773        |   24|   0|   24|          0|
    |tmp_49_reg_10788        |   24|   0|   24|          0|
    |tmp_4_reg_10418         |   19|   0|   19|          0|
    |tmp_50_reg_10793        |   24|   0|   24|          0|
    |tmp_51_reg_10808        |   24|   0|   24|          0|
    |tmp_52_reg_10813        |   24|   0|   24|          0|
    |tmp_53_reg_10828        |   24|   0|   24|          0|
    |tmp_54_reg_10833        |   24|   0|   24|          0|
    |tmp_55_reg_10848        |   24|   0|   24|          0|
    |tmp_56_reg_10853        |   24|   0|   24|          0|
    |tmp_57_reg_10868        |   24|   0|   24|          0|
    |tmp_58_reg_10873        |   24|   0|   24|          0|
    |tmp_59_reg_10878        |   24|   0|   24|          0|
    |tmp_60_reg_10883        |   24|   0|   24|          0|
    |tmp_61_reg_10898        |   24|   0|   24|          0|
    |tmp_62_reg_10903        |   24|   0|   24|          0|
    |tmp_64_reg_10908        |   24|   0|   24|          0|
    |tmp_66_reg_10913        |   24|   0|   24|          0|
    |tmp_67_reg_10918        |   24|   0|   24|          0|
    |tmp_68_reg_10923        |   24|   0|   24|          0|
    |tmp_69_reg_10958        |   24|   0|   24|          0|
    |tmp_6_reg_10438         |   24|   0|   24|          0|
    |tmp_70_reg_10963        |   24|   0|   24|          0|
    |tmp_71_reg_10978        |   24|   0|   24|          0|
    |tmp_72_reg_10983        |   24|   0|   24|          0|
    |tmp_73_reg_10998        |   24|   0|   24|          0|
    |tmp_74_reg_11003        |   24|   0|   24|          0|
    |tmp_75_reg_11018        |   24|   0|   24|          0|
    |tmp_76_reg_11023        |   24|   0|   24|          0|
    |tmp_77_reg_11038        |   24|   0|   24|          0|
    |tmp_78_reg_11043        |   24|   0|   24|          0|
    |tmp_79_reg_11048        |   24|   0|   24|          0|
    |tmp_7_reg_10443         |   24|   0|   24|          0|
    |tmp_80_reg_11053        |   24|   0|   24|          0|
    |tmp_81_reg_11068        |   24|   0|   24|          0|
    |tmp_82_reg_11073        |   24|   0|   24|          0|
    |tmp_83_reg_11088        |   24|   0|   24|          0|
    |tmp_84_reg_11093        |   24|   0|   24|          0|
    |tmp_85_reg_11108        |   24|   0|   24|          0|
    |tmp_86_reg_11113        |   24|   0|   24|          0|
    |tmp_87_reg_11128        |   24|   0|   24|          0|
    |tmp_88_reg_11133        |   24|   0|   24|          0|
    |tmp_89_reg_11148        |   24|   0|   24|          0|
    |tmp_8_reg_10448         |   24|   0|   24|          0|
    |tmp_90_reg_11153        |   24|   0|   24|          0|
    |tmp_91_reg_11168        |   24|   0|   24|          0|
    |tmp_92_reg_11173        |   24|   0|   24|          0|
    |tmp_93_reg_11188        |   24|   0|   24|          0|
    |tmp_94_reg_11193        |   24|   0|   24|          0|
    |tmp_95_reg_11208        |   24|   0|   24|          0|
    |tmp_96_reg_11213        |   24|   0|   24|          0|
    |tmp_97_reg_11228        |   24|   0|   24|          0|
    |tmp_98_reg_11233        |   24|   0|   24|          0|
    |tmp_99_reg_11238        |   24|   0|   24|          0|
    |tmp_9_reg_10453         |   24|   0|   24|          0|
    |tmp_reg_10398           |   18|   0|   18|          0|
    |tmp_s_reg_10463         |   24|   0|   24|          0|
    +------------------------+-----+----+-----+-----------+
    |Total                   | 6088|   0| 6138|         50|
    +------------------------+-----+----+-----+-----------+



================================================================
== Interface
================================================================
* Summary: 
+--------------------------+-----+-----+------------+--------------------------+--------------+
|         RTL Ports        | Dir | Bits|  Protocol  |       Source Object      |    C Type    |
+--------------------------+-----+-----+------------+--------------------------+--------------+
|ap_clk                    |  in |    1| ap_ctrl_hs |          convol          | return value |
|ap_rst                    |  in |    1| ap_ctrl_hs |          convol          | return value |
|ap_start                  |  in |    1| ap_ctrl_hs |          convol          | return value |
|ap_done                   | out |    1| ap_ctrl_hs |          convol          | return value |
|ap_idle                   | out |    1| ap_ctrl_hs |          convol          | return value |
|ap_ready                  | out |    1| ap_ctrl_hs |          convol          | return value |
|ap_return                 | out |   32| ap_ctrl_hs |          convol          | return value |
|match_matchBufferQ_V      |  in |   16|   ap_none  |   match_matchBufferQ_V   |    pointer   |
|match_matchBufferI_V      |  in |   16|   ap_none  |   match_matchBufferI_V   |    pointer   |
|match_matchBufferQ_V_1    |  in |   16|   ap_none  |  match_matchBufferQ_V_1  |    pointer   |
|match_matchBufferI_V_1    |  in |   16|   ap_none  |  match_matchBufferI_V_1  |    pointer   |
|match_matchBufferQ_V_2    |  in |   16|   ap_none  |  match_matchBufferQ_V_2  |    pointer   |
|match_matchBufferI_V_2    |  in |   16|   ap_none  |  match_matchBufferI_V_2  |    pointer   |
|match_matchBufferQ_V_3    |  in |   16|   ap_none  |  match_matchBufferQ_V_3  |    pointer   |
|match_matchBufferI_V_3    |  in |   16|   ap_none  |  match_matchBufferI_V_3  |    pointer   |
|match_matchBufferQ_V_4    |  in |   16|   ap_none  |  match_matchBufferQ_V_4  |    pointer   |
|match_matchBufferI_V_4    |  in |   16|   ap_none  |  match_matchBufferI_V_4  |    pointer   |
|match_matchBufferQ_V_5    |  in |   16|   ap_none  |  match_matchBufferQ_V_5  |    pointer   |
|match_matchBufferI_V_5    |  in |   16|   ap_none  |  match_matchBufferI_V_5  |    pointer   |
|match_matchBufferQ_V_6    |  in |   16|   ap_none  |  match_matchBufferQ_V_6  |    pointer   |
|match_matchBufferI_V_6    |  in |   16|   ap_none  |  match_matchBufferI_V_6  |    pointer   |
|match_matchBufferQ_V_7    |  in |   16|   ap_none  |  match_matchBufferQ_V_7  |    pointer   |
|match_matchBufferI_V_7    |  in |   16|   ap_none  |  match_matchBufferI_V_7  |    pointer   |
|match_matchBufferQ_V_8    |  in |   16|   ap_none  |  match_matchBufferQ_V_8  |    pointer   |
|match_matchBufferI_V_8    |  in |   16|   ap_none  |  match_matchBufferI_V_8  |    pointer   |
|match_matchBufferQ_V_9    |  in |   16|   ap_none  |  match_matchBufferQ_V_9  |    pointer   |
|match_matchBufferI_V_9    |  in |   16|   ap_none  |  match_matchBufferI_V_9  |    pointer   |
|match_matchBufferQ_V_10   |  in |   16|   ap_none  |  match_matchBufferQ_V_10 |    pointer   |
|match_matchBufferI_V_10   |  in |   16|   ap_none  |  match_matchBufferI_V_10 |    pointer   |
|match_matchBufferQ_V_11   |  in |   16|   ap_none  |  match_matchBufferQ_V_11 |    pointer   |
|match_matchBufferI_V_11   |  in |   16|   ap_none  |  match_matchBufferI_V_11 |    pointer   |
|match_matchBufferQ_V_12   |  in |   16|   ap_none  |  match_matchBufferQ_V_12 |    pointer   |
|match_matchBufferI_V_12   |  in |   16|   ap_none  |  match_matchBufferI_V_12 |    pointer   |
|match_matchBufferQ_V_13   |  in |   16|   ap_none  |  match_matchBufferQ_V_13 |    pointer   |
|match_matchBufferI_V_13   |  in |   16|   ap_none  |  match_matchBufferI_V_13 |    pointer   |
|match_matchBufferQ_V_14   |  in |   16|   ap_none  |  match_matchBufferQ_V_14 |    pointer   |
|match_matchBufferI_V_14   |  in |   16|   ap_none  |  match_matchBufferI_V_14 |    pointer   |
|match_matchBufferQ_V_15   |  in |   16|   ap_none  |  match_matchBufferQ_V_15 |    pointer   |
|match_matchBufferI_V_15   |  in |   16|   ap_none  |  match_matchBufferI_V_15 |    pointer   |
|match_matchBufferQ_V_16   |  in |   16|   ap_none  |  match_matchBufferQ_V_16 |    pointer   |
|match_matchBufferI_V_16   |  in |   16|   ap_none  |  match_matchBufferI_V_16 |    pointer   |
|match_matchBufferQ_V_17   |  in |   16|   ap_none  |  match_matchBufferQ_V_17 |    pointer   |
|match_matchBufferI_V_17   |  in |   16|   ap_none  |  match_matchBufferI_V_17 |    pointer   |
|match_matchBufferQ_V_18   |  in |   16|   ap_none  |  match_matchBufferQ_V_18 |    pointer   |
|match_matchBufferI_V_18   |  in |   16|   ap_none  |  match_matchBufferI_V_18 |    pointer   |
|match_matchBufferQ_V_19   |  in |   16|   ap_none  |  match_matchBufferQ_V_19 |    pointer   |
|match_matchBufferI_V_19   |  in |   16|   ap_none  |  match_matchBufferI_V_19 |    pointer   |
|match_matchBufferQ_V_20   |  in |   16|   ap_none  |  match_matchBufferQ_V_20 |    pointer   |
|match_matchBufferI_V_20   |  in |   16|   ap_none  |  match_matchBufferI_V_20 |    pointer   |
|match_matchBufferQ_V_21   |  in |   16|   ap_none  |  match_matchBufferQ_V_21 |    pointer   |
|match_matchBufferI_V_21   |  in |   16|   ap_none  |  match_matchBufferI_V_21 |    pointer   |
|match_matchBufferQ_V_22   |  in |   16|   ap_none  |  match_matchBufferQ_V_22 |    pointer   |
|match_matchBufferI_V_22   |  in |   16|   ap_none  |  match_matchBufferI_V_22 |    pointer   |
|match_matchBufferQ_V_23   |  in |   16|   ap_none  |  match_matchBufferQ_V_23 |    pointer   |
|match_matchBufferI_V_23   |  in |   16|   ap_none  |  match_matchBufferI_V_23 |    pointer   |
|match_matchBufferQ_V_24   |  in |   16|   ap_none  |  match_matchBufferQ_V_24 |    pointer   |
|match_matchBufferI_V_24   |  in |   16|   ap_none  |  match_matchBufferI_V_24 |    pointer   |
|match_matchBufferQ_V_25   |  in |   16|   ap_none  |  match_matchBufferQ_V_25 |    pointer   |
|match_matchBufferI_V_25   |  in |   16|   ap_none  |  match_matchBufferI_V_25 |    pointer   |
|match_matchBufferQ_V_26   |  in |   16|   ap_none  |  match_matchBufferQ_V_26 |    pointer   |
|match_matchBufferI_V_26   |  in |   16|   ap_none  |  match_matchBufferI_V_26 |    pointer   |
|match_matchBufferQ_V_27   |  in |   16|   ap_none  |  match_matchBufferQ_V_27 |    pointer   |
|match_matchBufferI_V_27   |  in |   16|   ap_none  |  match_matchBufferI_V_27 |    pointer   |
|match_matchBufferQ_V_28   |  in |   16|   ap_none  |  match_matchBufferQ_V_28 |    pointer   |
|match_matchBufferI_V_28   |  in |   16|   ap_none  |  match_matchBufferI_V_28 |    pointer   |
|match_matchBufferQ_V_29   |  in |   16|   ap_none  |  match_matchBufferQ_V_29 |    pointer   |
|match_matchBufferI_V_29   |  in |   16|   ap_none  |  match_matchBufferI_V_29 |    pointer   |
|match_matchBufferQ_V_30   |  in |   16|   ap_none  |  match_matchBufferQ_V_30 |    pointer   |
|match_matchBufferI_V_30   |  in |   16|   ap_none  |  match_matchBufferI_V_30 |    pointer   |
|match_matchBufferQ_V_31   |  in |   16|   ap_none  |  match_matchBufferQ_V_31 |    pointer   |
|match_matchBufferI_V_31   |  in |   16|   ap_none  |  match_matchBufferI_V_31 |    pointer   |
|match_matchBufferQ_V_32   |  in |   16|   ap_none  |  match_matchBufferQ_V_32 |    pointer   |
|match_matchBufferI_V_32   |  in |   16|   ap_none  |  match_matchBufferI_V_32 |    pointer   |
|match_matchBufferQ_V_33   |  in |   16|   ap_none  |  match_matchBufferQ_V_33 |    pointer   |
|match_matchBufferI_V_33   |  in |   16|   ap_none  |  match_matchBufferI_V_33 |    pointer   |
|match_matchBufferQ_V_34   |  in |   16|   ap_none  |  match_matchBufferQ_V_34 |    pointer   |
|match_matchBufferI_V_34   |  in |   16|   ap_none  |  match_matchBufferI_V_34 |    pointer   |
|match_matchBufferQ_V_35   |  in |   16|   ap_none  |  match_matchBufferQ_V_35 |    pointer   |
|match_matchBufferI_V_35   |  in |   16|   ap_none  |  match_matchBufferI_V_35 |    pointer   |
|match_matchBufferQ_V_36   |  in |   16|   ap_none  |  match_matchBufferQ_V_36 |    pointer   |
|match_matchBufferI_V_36   |  in |   16|   ap_none  |  match_matchBufferI_V_36 |    pointer   |
|match_matchBufferQ_V_37   |  in |   16|   ap_none  |  match_matchBufferQ_V_37 |    pointer   |
|match_matchBufferI_V_37   |  in |   16|   ap_none  |  match_matchBufferI_V_37 |    pointer   |
|match_matchBufferQ_V_38   |  in |   16|   ap_none  |  match_matchBufferQ_V_38 |    pointer   |
|match_matchBufferI_V_38   |  in |   16|   ap_none  |  match_matchBufferI_V_38 |    pointer   |
|match_matchBufferQ_V_39   |  in |   16|   ap_none  |  match_matchBufferQ_V_39 |    pointer   |
|match_matchBufferI_V_39   |  in |   16|   ap_none  |  match_matchBufferI_V_39 |    pointer   |
|match_matchBufferQ_V_40   |  in |   16|   ap_none  |  match_matchBufferQ_V_40 |    pointer   |
|match_matchBufferI_V_40   |  in |   16|   ap_none  |  match_matchBufferI_V_40 |    pointer   |
|match_matchBufferQ_V_41   |  in |   16|   ap_none  |  match_matchBufferQ_V_41 |    pointer   |
|match_matchBufferI_V_41   |  in |   16|   ap_none  |  match_matchBufferI_V_41 |    pointer   |
|match_matchBufferQ_V_42   |  in |   16|   ap_none  |  match_matchBufferQ_V_42 |    pointer   |
|match_matchBufferI_V_42   |  in |   16|   ap_none  |  match_matchBufferI_V_42 |    pointer   |
|match_matchBufferQ_V_43   |  in |   16|   ap_none  |  match_matchBufferQ_V_43 |    pointer   |
|match_matchBufferI_V_43   |  in |   16|   ap_none  |  match_matchBufferI_V_43 |    pointer   |
|match_matchBufferQ_V_44   |  in |   16|   ap_none  |  match_matchBufferQ_V_44 |    pointer   |
|match_matchBufferI_V_44   |  in |   16|   ap_none  |  match_matchBufferI_V_44 |    pointer   |
|match_matchBufferQ_V_45   |  in |   16|   ap_none  |  match_matchBufferQ_V_45 |    pointer   |
|match_matchBufferI_V_45   |  in |   16|   ap_none  |  match_matchBufferI_V_45 |    pointer   |
|match_matchBufferQ_V_46   |  in |   16|   ap_none  |  match_matchBufferQ_V_46 |    pointer   |
|match_matchBufferI_V_46   |  in |   16|   ap_none  |  match_matchBufferI_V_46 |    pointer   |
|match_matchBufferQ_V_47   |  in |   16|   ap_none  |  match_matchBufferQ_V_47 |    pointer   |
|match_matchBufferI_V_47   |  in |   16|   ap_none  |  match_matchBufferI_V_47 |    pointer   |
|match_matchBufferQ_V_48   |  in |   16|   ap_none  |  match_matchBufferQ_V_48 |    pointer   |
|match_matchBufferI_V_48   |  in |   16|   ap_none  |  match_matchBufferI_V_48 |    pointer   |
|match_matchBufferQ_V_49   |  in |   16|   ap_none  |  match_matchBufferQ_V_49 |    pointer   |
|match_matchBufferI_V_49   |  in |   16|   ap_none  |  match_matchBufferI_V_49 |    pointer   |
|match_matchBufferQ_V_50   |  in |   16|   ap_none  |  match_matchBufferQ_V_50 |    pointer   |
|match_matchBufferI_V_50   |  in |   16|   ap_none  |  match_matchBufferI_V_50 |    pointer   |
|match_matchBufferQ_V_51   |  in |   16|   ap_none  |  match_matchBufferQ_V_51 |    pointer   |
|match_matchBufferI_V_51   |  in |   16|   ap_none  |  match_matchBufferI_V_51 |    pointer   |
|match_matchBufferQ_V_52   |  in |   16|   ap_none  |  match_matchBufferQ_V_52 |    pointer   |
|match_matchBufferI_V_52   |  in |   16|   ap_none  |  match_matchBufferI_V_52 |    pointer   |
|match_matchBufferQ_V_53   |  in |   16|   ap_none  |  match_matchBufferQ_V_53 |    pointer   |
|match_matchBufferI_V_53   |  in |   16|   ap_none  |  match_matchBufferI_V_53 |    pointer   |
|match_matchBufferQ_V_54   |  in |   16|   ap_none  |  match_matchBufferQ_V_54 |    pointer   |
|match_matchBufferI_V_54   |  in |   16|   ap_none  |  match_matchBufferI_V_54 |    pointer   |
|match_matchBufferQ_V_55   |  in |   16|   ap_none  |  match_matchBufferQ_V_55 |    pointer   |
|match_matchBufferI_V_55   |  in |   16|   ap_none  |  match_matchBufferI_V_55 |    pointer   |
|match_matchBufferQ_V_56   |  in |   16|   ap_none  |  match_matchBufferQ_V_56 |    pointer   |
|match_matchBufferI_V_56   |  in |   16|   ap_none  |  match_matchBufferI_V_56 |    pointer   |
|match_matchBufferQ_V_57   |  in |   16|   ap_none  |  match_matchBufferQ_V_57 |    pointer   |
|match_matchBufferI_V_57   |  in |   16|   ap_none  |  match_matchBufferI_V_57 |    pointer   |
|match_matchBufferQ_V_58   |  in |   16|   ap_none  |  match_matchBufferQ_V_58 |    pointer   |
|match_matchBufferI_V_58   |  in |   16|   ap_none  |  match_matchBufferI_V_58 |    pointer   |
|match_matchBufferQ_V_59   |  in |   16|   ap_none  |  match_matchBufferQ_V_59 |    pointer   |
|match_matchBufferI_V_59   |  in |   16|   ap_none  |  match_matchBufferI_V_59 |    pointer   |
|match_matchBufferQ_V_60   |  in |   16|   ap_none  |  match_matchBufferQ_V_60 |    pointer   |
|match_matchBufferI_V_60   |  in |   16|   ap_none  |  match_matchBufferI_V_60 |    pointer   |
|match_matchBufferQ_V_61   |  in |   16|   ap_none  |  match_matchBufferQ_V_61 |    pointer   |
|match_matchBufferI_V_61   |  in |   16|   ap_none  |  match_matchBufferI_V_61 |    pointer   |
|match_matchBufferQ_V_62   |  in |   16|   ap_none  |  match_matchBufferQ_V_62 |    pointer   |
|match_matchBufferI_V_62   |  in |   16|   ap_none  |  match_matchBufferI_V_62 |    pointer   |
|match_matchBufferQ_V_63   |  in |   16|   ap_none  |  match_matchBufferQ_V_63 |    pointer   |
|match_matchBufferI_V_63   |  in |   16|   ap_none  |  match_matchBufferI_V_63 |    pointer   |
|match_matchBufferQ_V_64   |  in |   16|   ap_none  |  match_matchBufferQ_V_64 |    pointer   |
|match_matchBufferI_V_64   |  in |   16|   ap_none  |  match_matchBufferI_V_64 |    pointer   |
|match_matchBufferQ_V_65   |  in |   16|   ap_none  |  match_matchBufferQ_V_65 |    pointer   |
|match_matchBufferI_V_65   |  in |   16|   ap_none  |  match_matchBufferI_V_65 |    pointer   |
|match_matchBufferQ_V_66   |  in |   16|   ap_none  |  match_matchBufferQ_V_66 |    pointer   |
|match_matchBufferI_V_66   |  in |   16|   ap_none  |  match_matchBufferI_V_66 |    pointer   |
|match_matchBufferQ_V_67   |  in |   16|   ap_none  |  match_matchBufferQ_V_67 |    pointer   |
|match_matchBufferI_V_67   |  in |   16|   ap_none  |  match_matchBufferI_V_67 |    pointer   |
|match_matchBufferQ_V_68   |  in |   16|   ap_none  |  match_matchBufferQ_V_68 |    pointer   |
|match_matchBufferI_V_68   |  in |   16|   ap_none  |  match_matchBufferI_V_68 |    pointer   |
|match_matchBufferQ_V_69   |  in |   16|   ap_none  |  match_matchBufferQ_V_69 |    pointer   |
|match_matchBufferI_V_69   |  in |   16|   ap_none  |  match_matchBufferI_V_69 |    pointer   |
|match_matchBufferQ_V_70   |  in |   16|   ap_none  |  match_matchBufferQ_V_70 |    pointer   |
|match_matchBufferI_V_70   |  in |   16|   ap_none  |  match_matchBufferI_V_70 |    pointer   |
|match_matchBufferQ_V_71   |  in |   16|   ap_none  |  match_matchBufferQ_V_71 |    pointer   |
|match_matchBufferI_V_71   |  in |   16|   ap_none  |  match_matchBufferI_V_71 |    pointer   |
|match_matchBufferQ_V_72   |  in |   16|   ap_none  |  match_matchBufferQ_V_72 |    pointer   |
|match_matchBufferI_V_72   |  in |   16|   ap_none  |  match_matchBufferI_V_72 |    pointer   |
|match_matchBufferQ_V_73   |  in |   16|   ap_none  |  match_matchBufferQ_V_73 |    pointer   |
|match_matchBufferI_V_73   |  in |   16|   ap_none  |  match_matchBufferI_V_73 |    pointer   |
|match_matchBufferQ_V_74   |  in |   16|   ap_none  |  match_matchBufferQ_V_74 |    pointer   |
|match_matchBufferI_V_74   |  in |   16|   ap_none  |  match_matchBufferI_V_74 |    pointer   |
|match_matchBufferQ_V_75   |  in |   16|   ap_none  |  match_matchBufferQ_V_75 |    pointer   |
|match_matchBufferI_V_75   |  in |   16|   ap_none  |  match_matchBufferI_V_75 |    pointer   |
|match_matchBufferQ_V_76   |  in |   16|   ap_none  |  match_matchBufferQ_V_76 |    pointer   |
|match_matchBufferI_V_76   |  in |   16|   ap_none  |  match_matchBufferI_V_76 |    pointer   |
|match_matchBufferQ_V_77   |  in |   16|   ap_none  |  match_matchBufferQ_V_77 |    pointer   |
|match_matchBufferI_V_77   |  in |   16|   ap_none  |  match_matchBufferI_V_77 |    pointer   |
|match_matchBufferQ_V_78   |  in |   16|   ap_none  |  match_matchBufferQ_V_78 |    pointer   |
|match_matchBufferI_V_78   |  in |   16|   ap_none  |  match_matchBufferI_V_78 |    pointer   |
|match_matchBufferQ_V_79   |  in |   16|   ap_none  |  match_matchBufferQ_V_79 |    pointer   |
|match_matchBufferI_V_79   |  in |   16|   ap_none  |  match_matchBufferI_V_79 |    pointer   |
|match_matchBufferQ_V_80   |  in |   16|   ap_none  |  match_matchBufferQ_V_80 |    pointer   |
|match_matchBufferI_V_80   |  in |   16|   ap_none  |  match_matchBufferI_V_80 |    pointer   |
|match_matchBufferQ_V_81   |  in |   16|   ap_none  |  match_matchBufferQ_V_81 |    pointer   |
|match_matchBufferI_V_81   |  in |   16|   ap_none  |  match_matchBufferI_V_81 |    pointer   |
|match_matchBufferQ_V_82   |  in |   16|   ap_none  |  match_matchBufferQ_V_82 |    pointer   |
|match_matchBufferI_V_82   |  in |   16|   ap_none  |  match_matchBufferI_V_82 |    pointer   |
|match_matchBufferQ_V_83   |  in |   16|   ap_none  |  match_matchBufferQ_V_83 |    pointer   |
|match_matchBufferI_V_83   |  in |   16|   ap_none  |  match_matchBufferI_V_83 |    pointer   |
|match_matchBufferQ_V_84   |  in |   16|   ap_none  |  match_matchBufferQ_V_84 |    pointer   |
|match_matchBufferI_V_84   |  in |   16|   ap_none  |  match_matchBufferI_V_84 |    pointer   |
|match_matchBufferQ_V_85   |  in |   16|   ap_none  |  match_matchBufferQ_V_85 |    pointer   |
|match_matchBufferI_V_85   |  in |   16|   ap_none  |  match_matchBufferI_V_85 |    pointer   |
|match_matchBufferQ_V_86   |  in |   16|   ap_none  |  match_matchBufferQ_V_86 |    pointer   |
|match_matchBufferI_V_86   |  in |   16|   ap_none  |  match_matchBufferI_V_86 |    pointer   |
|match_matchBufferQ_V_87   |  in |   16|   ap_none  |  match_matchBufferQ_V_87 |    pointer   |
|match_matchBufferI_V_87   |  in |   16|   ap_none  |  match_matchBufferI_V_87 |    pointer   |
|match_matchBufferQ_V_88   |  in |   16|   ap_none  |  match_matchBufferQ_V_88 |    pointer   |
|match_matchBufferI_V_88   |  in |   16|   ap_none  |  match_matchBufferI_V_88 |    pointer   |
|match_matchBufferQ_V_89   |  in |   16|   ap_none  |  match_matchBufferQ_V_89 |    pointer   |
|match_matchBufferI_V_89   |  in |   16|   ap_none  |  match_matchBufferI_V_89 |    pointer   |
|match_matchBufferQ_V_90   |  in |   16|   ap_none  |  match_matchBufferQ_V_90 |    pointer   |
|match_matchBufferI_V_90   |  in |   16|   ap_none  |  match_matchBufferI_V_90 |    pointer   |
|match_matchBufferQ_V_91   |  in |   16|   ap_none  |  match_matchBufferQ_V_91 |    pointer   |
|match_matchBufferI_V_91   |  in |   16|   ap_none  |  match_matchBufferI_V_91 |    pointer   |
|match_matchBufferQ_V_92   |  in |   16|   ap_none  |  match_matchBufferQ_V_92 |    pointer   |
|match_matchBufferI_V_92   |  in |   16|   ap_none  |  match_matchBufferI_V_92 |    pointer   |
|match_matchBufferQ_V_93   |  in |   16|   ap_none  |  match_matchBufferQ_V_93 |    pointer   |
|match_matchBufferI_V_93   |  in |   16|   ap_none  |  match_matchBufferI_V_93 |    pointer   |
|match_matchBufferQ_V_94   |  in |   16|   ap_none  |  match_matchBufferQ_V_94 |    pointer   |
|match_matchBufferI_V_94   |  in |   16|   ap_none  |  match_matchBufferI_V_94 |    pointer   |
|match_matchBufferQ_V_95   |  in |   16|   ap_none  |  match_matchBufferQ_V_95 |    pointer   |
|match_matchBufferI_V_95   |  in |   16|   ap_none  |  match_matchBufferI_V_95 |    pointer   |
|match_matchBufferQ_V_96   |  in |   16|   ap_none  |  match_matchBufferQ_V_96 |    pointer   |
|match_matchBufferI_V_96   |  in |   16|   ap_none  |  match_matchBufferI_V_96 |    pointer   |
|match_matchBufferQ_V_97   |  in |   16|   ap_none  |  match_matchBufferQ_V_97 |    pointer   |
|match_matchBufferI_V_97   |  in |   16|   ap_none  |  match_matchBufferI_V_97 |    pointer   |
|match_matchBufferQ_V_98   |  in |   16|   ap_none  |  match_matchBufferQ_V_98 |    pointer   |
|match_matchBufferI_V_98   |  in |   16|   ap_none  |  match_matchBufferI_V_98 |    pointer   |
|match_matchBufferQ_V_99   |  in |   16|   ap_none  |  match_matchBufferQ_V_99 |    pointer   |
|match_matchBufferI_V_99   |  in |   16|   ap_none  |  match_matchBufferI_V_99 |    pointer   |
|match_matchBufferQ_V_100  |  in |   16|   ap_none  | match_matchBufferQ_V_100 |    pointer   |
|match_matchBufferI_V_100  |  in |   16|   ap_none  | match_matchBufferI_V_100 |    pointer   |
|match_matchBufferQ_V_101  |  in |   16|   ap_none  | match_matchBufferQ_V_101 |    pointer   |
|match_matchBufferI_V_101  |  in |   16|   ap_none  | match_matchBufferI_V_101 |    pointer   |
|match_matchBufferQ_V_102  |  in |   16|   ap_none  | match_matchBufferQ_V_102 |    pointer   |
|match_matchBufferI_V_102  |  in |   16|   ap_none  | match_matchBufferI_V_102 |    pointer   |
|match_matchBufferQ_V_103  |  in |   16|   ap_none  | match_matchBufferQ_V_103 |    pointer   |
|match_matchBufferI_V_103  |  in |   16|   ap_none  | match_matchBufferI_V_103 |    pointer   |
|match_matchBufferQ_V_104  |  in |   16|   ap_none  | match_matchBufferQ_V_104 |    pointer   |
|match_matchBufferI_V_104  |  in |   16|   ap_none  | match_matchBufferI_V_104 |    pointer   |
|match_matchBufferQ_V_105  |  in |   16|   ap_none  | match_matchBufferQ_V_105 |    pointer   |
|match_matchBufferI_V_105  |  in |   16|   ap_none  | match_matchBufferI_V_105 |    pointer   |
|match_matchBufferQ_V_106  |  in |   16|   ap_none  | match_matchBufferQ_V_106 |    pointer   |
|match_matchBufferI_V_106  |  in |   16|   ap_none  | match_matchBufferI_V_106 |    pointer   |
|match_matchBufferQ_V_107  |  in |   16|   ap_none  | match_matchBufferQ_V_107 |    pointer   |
|match_matchBufferI_V_107  |  in |   16|   ap_none  | match_matchBufferI_V_107 |    pointer   |
|match_matchBufferQ_V_108  |  in |   16|   ap_none  | match_matchBufferQ_V_108 |    pointer   |
|match_matchBufferI_V_108  |  in |   16|   ap_none  | match_matchBufferI_V_108 |    pointer   |
|match_matchBufferQ_V_109  |  in |   16|   ap_none  | match_matchBufferQ_V_109 |    pointer   |
|match_matchBufferI_V_109  |  in |   16|   ap_none  | match_matchBufferI_V_109 |    pointer   |
|match_matchBufferQ_V_110  |  in |   16|   ap_none  | match_matchBufferQ_V_110 |    pointer   |
|match_matchBufferI_V_110  |  in |   16|   ap_none  | match_matchBufferI_V_110 |    pointer   |
|match_matchBufferQ_V_111  |  in |   16|   ap_none  | match_matchBufferQ_V_111 |    pointer   |
|match_matchBufferI_V_111  |  in |   16|   ap_none  | match_matchBufferI_V_111 |    pointer   |
|match_matchBufferQ_V_112  |  in |   16|   ap_none  | match_matchBufferQ_V_112 |    pointer   |
|match_matchBufferI_V_112  |  in |   16|   ap_none  | match_matchBufferI_V_112 |    pointer   |
|match_matchBufferQ_V_113  |  in |   16|   ap_none  | match_matchBufferQ_V_113 |    pointer   |
|match_matchBufferI_V_113  |  in |   16|   ap_none  | match_matchBufferI_V_113 |    pointer   |
|match_matchBufferQ_V_114  |  in |   16|   ap_none  | match_matchBufferQ_V_114 |    pointer   |
|match_matchBufferI_V_114  |  in |   16|   ap_none  | match_matchBufferI_V_114 |    pointer   |
|match_matchBufferQ_V_115  |  in |   16|   ap_none  | match_matchBufferQ_V_115 |    pointer   |
|match_matchBufferI_V_115  |  in |   16|   ap_none  | match_matchBufferI_V_115 |    pointer   |
|match_matchBufferQ_V_116  |  in |   16|   ap_none  | match_matchBufferQ_V_116 |    pointer   |
|match_matchBufferI_V_116  |  in |   16|   ap_none  | match_matchBufferI_V_116 |    pointer   |
|match_matchBufferQ_V_117  |  in |   16|   ap_none  | match_matchBufferQ_V_117 |    pointer   |
|match_matchBufferI_V_117  |  in |   16|   ap_none  | match_matchBufferI_V_117 |    pointer   |
|match_matchBufferQ_V_118  |  in |   16|   ap_none  | match_matchBufferQ_V_118 |    pointer   |
|match_matchBufferI_V_118  |  in |   16|   ap_none  | match_matchBufferI_V_118 |    pointer   |
|match_matchBufferQ_V_119  |  in |   16|   ap_none  | match_matchBufferQ_V_119 |    pointer   |
|match_matchBufferI_V_119  |  in |   16|   ap_none  | match_matchBufferI_V_119 |    pointer   |
|match_matchBufferQ_V_120  |  in |   16|   ap_none  | match_matchBufferQ_V_120 |    pointer   |
|match_matchBufferI_V_120  |  in |   16|   ap_none  | match_matchBufferI_V_120 |    pointer   |
|match_matchBufferQ_V_121  |  in |   16|   ap_none  | match_matchBufferQ_V_121 |    pointer   |
|match_matchBufferI_V_121  |  in |   16|   ap_none  | match_matchBufferI_V_121 |    pointer   |
|match_matchBufferQ_V_122  |  in |   16|   ap_none  | match_matchBufferQ_V_122 |    pointer   |
|match_matchBufferI_V_122  |  in |   16|   ap_none  | match_matchBufferI_V_122 |    pointer   |
|match_matchBufferQ_V_123  |  in |   16|   ap_none  | match_matchBufferQ_V_123 |    pointer   |
|match_matchBufferI_V_123  |  in |   16|   ap_none  | match_matchBufferI_V_123 |    pointer   |
|match_matchBufferQ_V_124  |  in |   16|   ap_none  | match_matchBufferQ_V_124 |    pointer   |
|match_matchBufferI_V_124  |  in |   16|   ap_none  | match_matchBufferI_V_124 |    pointer   |
|match_matchBufferQ_V_125  |  in |   16|   ap_none  | match_matchBufferQ_V_125 |    pointer   |
|match_matchBufferI_V_125  |  in |   16|   ap_none  | match_matchBufferI_V_125 |    pointer   |
|match_matchBufferQ_V_126  |  in |   16|   ap_none  | match_matchBufferQ_V_126 |    pointer   |
|match_matchBufferI_V_126  |  in |   16|   ap_none  | match_matchBufferI_V_126 |    pointer   |
|match_matchBufferQ_V_127  |  in |   16|   ap_none  | match_matchBufferQ_V_127 |    pointer   |
|match_matchBufferI_V_127  |  in |   16|   ap_none  | match_matchBufferI_V_127 |    pointer   |
+--------------------------+-----+-----+------------+--------------------------+--------------+

