

================================================================
== Vivado HLS Report for 'matchFilter'
================================================================
* Date:           Thu Mar 14 15:32:13 2019

* Version:        2017.2 (Build 1909853 on Thu Jun 15 18:55:24 MDT 2017)
* Project:        matchedRee
* Solution:       solution1
* Product family: kintex7
* Target device:  xc7k160tfbg484-1


================================================================
== Performance Estimates
================================================================
+ Timing (ns): 
    * Summary: 
    +--------+-------+----------+------------+
    |  Clock | Target| Estimated| Uncertainty|
    +--------+-------+----------+------------+
    |ap_clk  |  10.00|      5.33|        1.25|
    +--------+-------+----------+------------+

+ Latency (clock cycles): 
    * Summary: 
    +-----+-----+-----+-----+---------+
    |  Latency  |  Interval | Pipeline|
    | min | max | min | max |   Type  |
    +-----+-----+-----+-----+---------+
    |  514|  514|  515|  515|   none  |
    +-----+-----+-----+-----+---------+

    + Detail: 
        * Instance: 
        N/A

        * Loop: 
        +----------+-----+-----+----------+-----------+-----------+------+----------+
        |          |  Latency  | Iteration|  Initiation Interval  | Trip |          |
        | Loop Name| min | max |  Latency |  achieved |   target  | Count| Pipelined|
        +----------+-----+-----+----------+-----------+-----------+------+----------+
        |- Loop 1  |  254|  254|         2|          -|          -|   127|    no    |
        |- Loop 2  |  256|  256|         2|          -|          -|   128|    no    |
        +----------+-----+-----+----------+-----------+-----------+------+----------+



================================================================
== Utilization Estimates
================================================================
* Summary: 
+-----------------+---------+-------+--------+--------+
|       Name      | BRAM_18K| DSP48E|   FF   |   LUT  |
+-----------------+---------+-------+--------+--------+
|DSP              |        -|      -|       -|       -|
|Expression       |        -|      -|     237|     180|
|FIFO             |        -|      -|       -|       -|
|Instance         |        -|      -|       -|       -|
|Memory           |        1|      -|       2|       2|
|Multiplexer      |        -|      -|       -|     269|
|Register         |        -|      -|     225|       -|
+-----------------+---------+-------+--------+--------+
|Total            |        1|      0|     464|     451|
+-----------------+---------+-------+--------+--------+
|Available        |      650|    600|  202800|  101400|
+-----------------+---------+-------+--------+--------+
|Utilization (%)  |    ~0   |      0|   ~0   |   ~0   |
+-----------------+---------+-------+--------+--------+

+ Detail: 
    * Instance: 
    N/A

    * DSP48: 
    N/A

    * Memory: 
    +-----------------+----------------------+---------+---+----+------+-----+------+-------------+
    |      Memory     |        Module        | BRAM_18K| FF| LUT| Words| Bits| Banks| W*Bits*Banks|
    +-----------------+----------------------+---------+---+----+------+-----+------+-------------+
    |buffIn_data_V_U  |matchFilter_buffIbkb  |        1|  0|   0|   128|   32|     1|         4096|
    |buffIn_last_V_U  |matchFilter_buffIcud  |        0|  2|   2|   128|    1|     1|          128|
    +-----------------+----------------------+---------+---+----+------+-----+------+-------------+
    |Total            |                      |        1|  2|   2|   256|   33|     2|         4224|
    +-----------------+----------------------+---------+---+----+------+-----+------+-------------+

    * FIFO: 
    N/A

    * Expression: 
    +-----------------------------+----------+-------+----+----+------------+------------+
    |        Variable Name        | Operation| DSP48E| FF | LUT| Bitwidth P0| Bitwidth P1|
    +-----------------------------+----------+-------+----+----+------------+------------+
    |a_1_fu_215_p2                |     +    |      0|  26|  12|           7|           2|
    |b_fu_248_p2                  |     +    |      0|  29|  13|           8|           1|
    |ret_V_1_fu_282_p2            |     +    |      0|  38|  16|           1|          11|
    |ret_V_3_fu_332_p2            |     +    |      0|  38|  16|           1|          11|
    |tempI_V_fu_401_p2            |     +    |      0|  53|  21|          16|          16|
    |tempQ_V_fu_407_p2            |     +    |      0|  53|  21|          16|          16|
    |ap_block_state5_io           |    and   |      0|   0|   2|           1|           1|
    |in_data_V_0_load_A           |    and   |      0|   0|   2|           1|           1|
    |in_data_V_0_load_B           |    and   |      0|   0|   2|           1|           1|
    |in_last_V_0_load_A           |    and   |      0|   0|   2|           1|           1|
    |in_last_V_0_load_B           |    and   |      0|   0|   2|           1|           1|
    |out_data_V_1_load_A          |    and   |      0|   0|   2|           1|           1|
    |out_data_V_1_load_B          |    and   |      0|   0|   2|           1|           1|
    |out_last_V_1_load_A          |    and   |      0|   0|   2|           1|           1|
    |out_last_V_1_load_B          |    and   |      0|   0|   2|           1|           1|
    |exitcond_i_fu_242_p2         |   icmp   |      0|   0|   5|           8|           9|
    |in_data_V_0_state_cmp_full   |   icmp   |      0|   0|   1|           2|           1|
    |in_last_V_0_state_cmp_full   |   icmp   |      0|   0|   1|           2|           1|
    |out_data_V_1_state_cmp_full  |   icmp   |      0|   0|   1|           2|           1|
    |out_last_V_1_state_cmp_full  |   icmp   |      0|   0|   1|           2|           1|
    |tmp_8_i_fu_276_p2            |   icmp   |      0|   0|   2|           5|           1|
    |tmp_fu_209_p2                |   icmp   |      0|   0|   4|           7|           1|
    |tmp_i_fu_326_p2              |   icmp   |      0|   0|   2|           5|           1|
    |ap_block_state7              |    or    |      0|   0|   2|           1|           1|
    |p_1_i_fu_338_p3              |  select  |      0|   0|  11|           1|          11|
    |p_2_i_fu_296_p3              |  select  |      0|   0|  11|           1|          11|
    |p_3_i_fu_346_p3              |  select  |      0|   0|  11|           1|          11|
    |p_i_fu_288_p3                |  select  |      0|   0|  11|           1|          11|
    +-----------------------------+----------+-------+----+----+------------+------------+
    |Total                        |          |      0| 237| 180|          96|         127|
    +-----------------------------+----------+-------+----+----+------------+------------+

    * Multiplexer: 
    +------------------------+----+-----------+-----+-----------+
    |          Name          | LUT| Input Size| Bits| Total Bits|
    +------------------------+----+-----------+-----+-----------+
    |a_reg_159               |   9|          2|    7|         14|
    |ap_NS_fsm               |  41|          8|    1|          8|
    |b_i_reg_194             |   9|          2|    8|         16|
    |buffIn_data_V_address0  |  27|          5|    7|         35|
    |buffIn_data_V_d0        |  15|          3|   32|         96|
    |buffIn_last_V_address0  |  21|          4|    7|         28|
    |buffIn_last_V_d0        |  15|          3|    1|          3|
    |in_data_V_0_data_out    |   9|          2|   32|         64|
    |in_data_V_0_state       |  15|          3|    2|          6|
    |in_last_V_0_data_out    |   9|          2|    1|          2|
    |in_last_V_0_state       |  15|          3|    2|          6|
    |in_r_TDATA_blk_n        |   9|          2|    1|          2|
    |out_data_V_1_data_out   |   9|          2|   32|         64|
    |out_data_V_1_state      |  15|          3|    2|          6|
    |out_last_V_1_data_out   |   9|          2|    1|          2|
    |out_last_V_1_state      |  15|          3|    2|          6|
    |out_r_TDATA_blk_n       |   9|          2|    1|          2|
    |p_Val2_1_reg_170        |   9|          2|   16|         32|
    |p_Val2_s_reg_182        |   9|          2|   16|         32|
    +------------------------+----+-----------+-----+-----------+
    |Total                   | 269|         55|  171|        424|
    +------------------------+----+-----------+-----+-----------+

    * Register: 
    +------------------------+----+----+-----+-----------+
    |          Name          | FF | LUT| Bits| Const Bits|
    +------------------------+----+----+-----+-----------+
    |a_1_reg_422             |   7|   0|    7|          0|
    |a_cast2_reg_413         |   7|   0|   32|         25|
    |a_reg_159               |   7|   0|    7|          0|
    |ap_CS_fsm               |   7|   0|    7|          0|
    |b_i_reg_194             |   8|   0|    8|          0|
    |b_reg_445               |   8|   0|    8|          0|
    |in_data_V_0_payload_A   |  32|   0|   32|          0|
    |in_data_V_0_payload_B   |  32|   0|   32|          0|
    |in_data_V_0_sel_rd      |   1|   0|    1|          0|
    |in_data_V_0_sel_wr      |   1|   0|    1|          0|
    |in_data_V_0_state       |   2|   0|    2|          0|
    |in_last_V_0_payload_A   |   1|   0|    1|          0|
    |in_last_V_0_payload_B   |   1|   0|    1|          0|
    |in_last_V_0_sel_rd      |   1|   0|    1|          0|
    |in_last_V_0_sel_wr      |   1|   0|    1|          0|
    |in_last_V_0_state       |   2|   0|    2|          0|
    |out_data_V_1_payload_A  |  32|   0|   32|          0|
    |out_data_V_1_payload_B  |  32|   0|   32|          0|
    |out_data_V_1_sel_rd     |   1|   0|    1|          0|
    |out_data_V_1_sel_wr     |   1|   0|    1|          0|
    |out_data_V_1_state      |   2|   0|    2|          0|
    |out_last_V_1_payload_A  |   1|   0|    1|          0|
    |out_last_V_1_payload_B  |   1|   0|    1|          0|
    |out_last_V_1_reg_437    |   1|   0|    1|          0|
    |out_last_V_1_sel_rd     |   1|   0|    1|          0|
    |out_last_V_1_sel_wr     |   1|   0|    1|          0|
    |out_last_V_1_state      |   2|   0|    2|          0|
    |p_Val2_1_reg_170        |  16|   0|   16|          0|
    |p_Val2_s_reg_182        |  16|   0|   16|          0|
    +------------------------+----+----+-----+-----------+
    |Total                   | 225|   0|  250|         25|
    +------------------------+----+----+-----+-----------+



================================================================
== Interface
================================================================
* Summary: 
+--------------+-----+-----+--------------+--------------+--------------+
|   RTL Ports  | Dir | Bits|   Protocol   | Source Object|    C Type    |
+--------------+-----+-----+--------------+--------------+--------------+
|ap_clk        |  in |    1| ap_ctrl_none |  matchFilter | return value |
|ap_rst_n      |  in |    1| ap_ctrl_none |  matchFilter | return value |
|in_r_TDATA    |  in |   32|     axis     |   in_data_V  |    pointer   |
|in_r_TVALID   |  in |    1|     axis     |   in_last_V  |    pointer   |
|in_r_TREADY   | out |    1|     axis     |   in_last_V  |    pointer   |
|in_r_TLAST    |  in |    1|     axis     |   in_last_V  |    pointer   |
|out_r_TDATA   | out |   32|     axis     |  out_data_V  |    pointer   |
|out_r_TVALID  | out |    1|     axis     |  out_last_V  |    pointer   |
|out_r_TREADY  |  in |    1|     axis     |  out_last_V  |    pointer   |
|out_r_TLAST   | out |    1|     axis     |  out_last_V  |    pointer   |
+--------------+-----+-----+--------------+--------------+--------------+

